Línea 19: la clase CLBLISSEAO.BGAOButton del control HeadPJ no era una clase de control cargada.
Línea 189: la clase CLBLISSEAO.BGAOButton del control HeadPJ no era una clase de control cargada.
Línea 212: la clase CLBLISSEAO.BGAOButton del control DirPJ no era una clase de control cargada.
Línea 235: la clase CLBLISSEAO.BGAOButton del control DirPJ no era una clase de control cargada.
Línea 258: la clase CLBLISSEAO.BGAOButton del control imgVolver no era una clase de control cargada.
Línea 279: la clase CLBLISSEAO.BGAOButton del control imgCrear no era una clase de control cargada.
Línea 301: la clase CLBLISSEAO.BGAOButton del control hogarChange no era una clase de control cargada.
Línea 324: la clase CLBLISSEAO.BGAOButton del control hogarChange no era una clase de control cargada.
Línea 347: la clase CLBLISSEAO.BGAOButton del control razaChange no era una clase de control cargada.
Línea 369: la clase CLBLISSEAO.BGAOButton del control razaChange no era una clase de control cargada.
Línea 391: la clase CLBLISSEAO.BGAOButton del control claseChange no era una clase de control cargada.
Línea 413: la clase CLBLISSEAO.BGAOButton del control claseChange no era una clase de control cargada.
Línea 435: la clase CLBLISSEAO.BGAOButton del control sexoChange no era una clase de control cargada.
Línea 457: la clase CLBLISSEAO.BGAOButton del control sexoChange no era una clase de control cargada.
Línea 27: el nombre de la propiedad _ExtentX de HeadPJ no es válido.
Línea 28: el nombre de la propiedad _ExtentY de HeadPJ no es válido.
Línea 29: el nombre de la propiedad Caption de HeadPJ no es válido.
Línea 197: el nombre de la propiedad _ExtentX de HeadPJ no es válido.
Línea 198: el nombre de la propiedad _ExtentY de HeadPJ no es válido.
Línea 199: el nombre de la propiedad Caption de HeadPJ no es válido.
Línea 220: el nombre de la propiedad _ExtentX de DirPJ no es válido.
Línea 221: el nombre de la propiedad _ExtentY de DirPJ no es válido.
Línea 222: el nombre de la propiedad Caption de DirPJ no es válido.
Línea 243: el nombre de la propiedad _ExtentX de DirPJ no es válido.
Línea 244: el nombre de la propiedad _ExtentY de DirPJ no es válido.
Línea 245: el nombre de la propiedad Caption de DirPJ no es válido.
Línea 264: el nombre de la propiedad _ExtentX de imgVolver no es válido.
Línea 265: el nombre de la propiedad _ExtentY de imgVolver no es válido.
Línea 266: el nombre de la propiedad Caption de imgVolver no es válido.
Línea 286: el nombre de la propiedad _ExtentX de imgCrear no es válido.
Línea 287: el nombre de la propiedad _ExtentY de imgCrear no es válido.
Línea 288: el nombre de la propiedad Caption de imgCrear no es válido.
Línea 309: el nombre de la propiedad _ExtentX de hogarChange no es válido.
Línea 310: el nombre de la propiedad _ExtentY de hogarChange no es válido.
Línea 311: el nombre de la propiedad Caption de hogarChange no es válido.
Línea 332: el nombre de la propiedad _ExtentX de hogarChange no es válido.
Línea 333: el nombre de la propiedad _ExtentY de hogarChange no es válido.
Línea 334: el nombre de la propiedad Caption de hogarChange no es válido.
Línea 354: el nombre de la propiedad _ExtentX de razaChange no es válido.
Línea 355: el nombre de la propiedad _ExtentY de razaChange no es válido.
Línea 356: el nombre de la propiedad Caption de razaChange no es válido.
Línea 376: el nombre de la propiedad _ExtentX de razaChange no es válido.
Línea 377: el nombre de la propiedad _ExtentY de razaChange no es válido.
Línea 378: el nombre de la propiedad Caption de razaChange no es válido.
Línea 398: el nombre de la propiedad _ExtentX de claseChange no es válido.
Línea 399: el nombre de la propiedad _ExtentY de claseChange no es válido.
Línea 400: el nombre de la propiedad Caption de claseChange no es válido.
Línea 420: el nombre de la propiedad _ExtentX de claseChange no es válido.
Línea 421: el nombre de la propiedad _ExtentY de claseChange no es válido.
Línea 422: el nombre de la propiedad Caption de claseChange no es válido.
Línea 442: el nombre de la propiedad _ExtentX de sexoChange no es válido.
Línea 443: el nombre de la propiedad _ExtentY de sexoChange no es válido.
Línea 444: el nombre de la propiedad Caption de sexoChange no es válido.
Línea 464: el nombre de la propiedad _ExtentX de sexoChange no es válido.
Línea 465: el nombre de la propiedad _ExtentY de sexoChange no es válido.
Línea 466: el nombre de la propiedad Caption de sexoChange no es válido.
