15/03/2011 11:07:06 p.m. Se conecto con ip:127.0.0.1
15/03/2011 11:07:22 p.m. Se conecto con ip:127.0.0.1
15/03/2011 11:07:28 p.m. /MOD EXP 999999  asen
15/03/2011 11:07:34 p.m. /MOD EXP 9999999  asen
15/03/2011 11:22:06 p.m. Se conecto con ip:127.0.0.1
15/03/2011 11:23:49 p.m. Se conecto con ip:127.0.0.1
15/03/2011 11:24:03 p.m. Transportó a asen hacia Mapa10 X:48 Y:50
15/03/2011 11:24:24 p.m. Se conecto con ip:127.0.0.1
08/12/2011 01:55:26 p.m. Se conecto con ip:127.0.0.1
08/12/2011 01:58:35 p.m. Se conecto con ip:127.0.0.1
08/12/2011 01:58:52 p.m. Transportó a asen hacia Mapa1 X:50 Y:50
08/12/2011 01:58:55 p.m. Transportó a asen hacia Mapa45 X:50 Y:50
08/12/2011 01:58:57 p.m. Transportó a asen hacia Mapa45 X:49 Y:56
08/12/2011 01:58:58 p.m. Transportó a asen hacia Mapa45 X:50 Y:61
08/12/2011 01:58:58 p.m. Transportó a asen hacia Mapa45 X:47 Y:86
08/12/2011 01:59:01 p.m. Transportó a asen hacia Mapa45 X:49 Y:90
08/12/2011 02:00:43 p.m. Transportó a asen hacia Mapa45 X:70 Y:81
08/12/2011 02:00:45 p.m. Transportó a asen hacia Mapa45 X:63 Y:80
08/12/2011 02:00:56 p.m. Se conecto con ip:127.0.0.1
08/12/2011 02:02:29 p.m. Se conecto con ip:127.0.0.1
08/12/2011 02:05:39 p.m. Se conecto con ip:127.0.0.1
08/12/2011 02:09:09 p.m. Se conecto con ip:127.0.0.1
08/12/2011 02:10:29 p.m. Sumoneó a Centinela en mapa 45
08/12/2011 02:10:32 p.m. Sumoneó a Thorkis en mapa 45
08/12/2011 02:10:34 p.m. Sumoneó a Conejo en mapa 45
08/12/2011 02:10:35 p.m. Sumoneó a Centinela en mapa 45
08/12/2011 02:10:38 p.m. Sumoneó a Gobernador en mapa 45
08/12/2011 02:10:40 p.m. Sumoneó a Lilith en mapa 45
08/12/2011 02:10:59 p.m. /MOD ORO 999999  asen
08/12/2011 02:11:05 p.m. /MASSKILL
08/12/2011 02:11:17 p.m. Transportó a asen hacia Mapa47 X:50 Y:50
08/12/2011 02:11:46 p.m. Transportó a asen hacia Mapa47 X:51 Y:51
08/12/2011 02:12:05 p.m. Transportó a asen hacia Mapa28 X:50 Y:50
08/12/2011 02:12:07 p.m. Transportó a asen hacia Mapa28 X:59 Y:46
08/12/2011 02:12:14 p.m. Transportó a asen hacia Mapa28 X:68 Y:45
08/12/2011 02:12:15 p.m. Transportó a asen hacia Mapa28 X:72 Y:50
08/12/2011 02:12:16 p.m. Transportó a asen hacia Mapa28 X:77 Y:51
08/12/2011 02:12:16 p.m. Transportó a asen hacia Mapa28 X:76 Y:55
08/12/2011 02:12:16 p.m. Transportó a asen hacia Mapa28 X:73 Y:61
08/12/2011 02:12:17 p.m. Transportó a asen hacia Mapa28 X:68 Y:63
08/12/2011 02:12:17 p.m. Transportó a asen hacia Mapa28 X:64 Y:64
08/12/2011 02:12:18 p.m. Transportó a asen hacia Mapa28 X:60 Y:64
08/12/2011 02:12:18 p.m. Transportó a asen hacia Mapa28 X:57 Y:63
08/12/2011 02:12:18 p.m. Transportó a asen hacia Mapa28 X:53 Y:60
08/12/2011 02:12:19 p.m. Transportó a asen hacia Mapa28 X:48 Y:58
08/12/2011 02:12:19 p.m. Transportó a asen hacia Mapa28 X:47 Y:53
08/12/2011 02:12:19 p.m. Transportó a asen hacia Mapa28 X:52 Y:49
08/12/2011 02:12:20 p.m. Transportó a asen hacia Mapa28 X:57 Y:47
08/12/2011 02:12:20 p.m. Transportó a asen hacia Mapa28 X:61 Y:46
08/12/2011 02:12:23 p.m. Transportó a asen hacia Mapa28 X:63 Y:42
08/12/2011 22:45:46 Se conecto con ip:127.0.0.1
08/12/2011 22:45:50 Transportó a asen hacia Mapa28 X:70 Y:45
08/12/2011 22:45:52 Transportó a asen hacia Mapa28 X:70 Y:49
08/12/2011 22:45:52 Transportó a asen hacia Mapa28 X:70 Y:54
08/12/2011 22:45:53 Transportó a asen hacia Mapa28 X:65 Y:53
08/12/2011 22:45:54 Transportó a asen hacia Mapa28 X:61 Y:48
08/12/2011 22:45:56 Transportó a asen hacia Mapa28 X:60 Y:49
08/12/2011 22:45:56 Transportó a asen hacia Mapa28 X:60 Y:52
08/12/2011 22:45:56 Transportó a asen hacia Mapa28 X:60 Y:56
08/12/2011 22:45:57 Transportó a asen hacia Mapa28 X:60 Y:62
08/12/2011 22:45:59 Transportó a asen hacia Mapa28 X:62 Y:55
08/12/2011 22:46:03 Sumoneó a Golem en mapa 28
08/12/2011 22:46:05 Transportó a asen hacia Mapa28 X:63 Y:52
08/12/2011 22:46:05 Transportó a asen hacia Mapa28 X:60 Y:47
08/12/2011 22:46:15 Transportó a asen hacia Mapa1 X:50 Y:50
08/12/2011 22:46:19 Transportó a asen hacia Mapa2 X:50 Y:50
08/12/2011 22:46:22 Transportó a asen hacia Mapa3 X:50 Y:50
08/12/2011 22:46:25 Transportó a asen hacia Mapa4 X:50 Y:50
08/12/2011 22:46:28 Transportó a asen hacia Mapa20 X:25 Y:50
08/12/2011 22:47:17 Transportó a asen hacia Mapa32 X:50 Y:50
08/12/2011 22:47:21 Transportó a asen hacia Mapa32 X:42 Y:53
08/12/2011 22:47:21 Transportó a asen hacia Mapa32 X:40 Y:55
08/12/2011 22:47:22 Transportó a asen hacia Mapa32 X:37 Y:57
08/12/2011 22:47:23 Transportó a asen hacia Mapa32 X:42 Y:55
08/12/2011 22:47:24 Transportó a asen hacia Mapa32 X:40 Y:51
08/12/2011 22:47:24 Transportó a asen hacia Mapa32 X:37 Y:48
08/12/2011 22:47:25 Transportó a asen hacia Mapa32 X:39 Y:44
08/12/2011 22:47:32 Transportó a asen hacia Mapa32 X:25 Y:51
08/12/2011 22:47:33 Transportó a asen hacia Mapa32 X:22 Y:55
08/12/2011 22:47:34 Transportó a asen hacia Mapa32 X:24 Y:66
08/12/2011 22:47:35 Transportó a asen hacia Mapa32 X:26 Y:70
08/12/2011 22:47:35 Transportó a asen hacia Mapa32 X:28 Y:76
08/12/2011 22:47:35 Transportó a asen hacia Mapa32 X:30 Y:81
08/12/2011 22:47:37 Transportó a asen hacia Mapa32 X:35 Y:78
08/12/2011 22:47:37 Transportó a asen hacia Mapa32 X:38 Y:75
08/12/2011 22:48:18 Transportó a asen hacia Mapa32 X:54 Y:62
08/12/2011 22:48:19 Transportó a asen hacia Mapa32 X:45 Y:36
08/12/2011 22:48:21 Transportó a asen hacia Mapa32 X:63 Y:40
08/12/2011 22:48:24 Transportó a asen hacia Mapa32 X:58 Y:45
08/12/2011 22:49:05 Transportó a asen hacia Mapa32 X:52 Y:44
08/12/2011 22:49:18 Transportó a asen hacia Mapa32 X:46 Y:40
08/12/2011 22:50:52 Se conecto con ip:127.0.0.1
08/12/2011 22:50:55 Transportó a asen hacia Mapa32 X:46 Y:36
08/12/2011 22:51:00 Transportó a asen hacia Mapa32 X:50 Y:33
08/12/2011 22:51:02 Sumoneó a Golem en mapa 32
08/12/2011 22:51:18 Transportó a asen hacia Mapa32 X:43 Y:34
08/12/2011 22:51:28 /CI: 996
08/12/2011 22:51:29 Agarro:100 Objeto:Vestimentas Olímpicas (H)
08/12/2011 22:51:32 /CI: 1000
08/12/2011 22:51:33 Agarro:100 Objeto:Antorcha Olímpica de Mano
08/12/2011 22:51:36 /CI: 1600
08/12/2011 22:51:40 /CI: 1100
08/12/2011 22:51:42 /CI: 1050
08/12/2011 22:51:43 Agarro:100 Objeto:Flauta Élfica
08/12/2011 22:51:48 /CI: 1055
08/12/2011 22:51:52 /CI: 1060
08/12/2011 22:51:55 /CI: 1061
08/12/2011 22:51:57 Agarro:100 Objeto:Nudillos de plata
08/12/2011 22:51:59 Agarro:100 Objeto:Nudillos de hierro
08/12/2011 22:52:08 /CI: 1064
08/12/2011 22:52:09 Agarro:100 Objeto:Excalibur
08/12/2011 22:52:13 /CI: 1065
08/12/2011 22:52:14 Agarro:100 Objeto:Escudo magico
08/12/2011 22:52:17 /CI: 1066
08/12/2011 22:52:19 /CI: 1077
08/12/2011 22:52:20 Agarro:100 Objeto:Escudo ancla
08/12/2011 22:52:23 /CI: 1077
08/12/2011 22:52:24 Agarro:100 Objeto:Tunica endemoniada [E/G]
08/12/2011 22:52:27 /CI: 1078
08/12/2011 22:52:28 Agarro:100 Objeto:Tunica endemoniada
08/12/2011 22:52:32 /CI: 1069
08/12/2011 22:52:37 /CI: 1070
08/12/2011 22:52:38 Agarro:100 Objeto:Escudo torre reforzado
08/12/2011 22:52:38 Agarro:100 Objeto:Escudo naranja
08/12/2011 22:52:44 /CI: 1090
08/12/2011 22:52:46 /CI: 1088
08/12/2011 22:52:49 /CI: 1081
08/12/2011 22:52:54 /CI: 1085
08/12/2011 22:52:55 Agarro:100 Objeto:Bastón del dragon
08/12/2011 22:52:59 /CI: 1083
08/12/2011 22:53:00 Agarro:100 Objeto:Montura negra
08/12/2011 22:53:09 /CI: 1086
08/12/2011 22:53:10 Agarro:100 Objeto:Draco Dominatión
08/12/2011 22:53:26 Transportó a asen hacia Mapa32 X:47 Y:35
08/12/2011 22:53:27 Transportó a asen hacia Mapa32 X:46 Y:38
08/12/2011 22:53:52 Se conecto con ip:127.0.0.1
08/12/2011 22:54:30 /LLUVIA
08/12/2011 22:54:31 /LLUVIA
08/12/2011 22:54:32 /LLUVIA
08/12/2011 22:55:12 /CT 86,50,50,0
08/12/2011 22:55:22 /CT 86,50,50,6
08/12/2011 22:55:28 /CT 86,50,50,1
08/12/2011 22:55:34 Transportó a asen hacia Mapa32 X:47 Y:35
08/12/2011 22:55:35 Transportó a asen hacia Mapa32 X:47 Y:32
08/12/2011 22:55:42 Transportó a asen hacia Mapa56 X:50 Y:50
08/12/2011 22:55:44 Transportó a asen hacia Mapa56 X:48 Y:45
08/12/2011 22:55:44 Transportó a asen hacia Mapa56 X:45 Y:42
08/12/2011 22:55:45 Transportó a asen hacia Mapa56 X:48 Y:40
08/12/2011 22:55:45 Transportó a asen hacia Mapa56 X:53 Y:39
08/12/2011 22:55:45 Transportó a asen hacia Mapa56 X:60 Y:39
08/12/2011 22:55:47 Transportó a asen hacia Mapa56 X:65 Y:46
08/12/2011 22:55:47 Transportó a asen hacia Mapa56 X:67 Y:50
08/12/2011 22:55:47 Transportó a asen hacia Mapa56 X:70 Y:54
08/12/2011 22:55:47 Transportó a asen hacia Mapa56 X:75 Y:58
08/12/2011 22:55:48 Transportó a asen hacia Mapa56 X:79 Y:62
08/12/2011 22:55:48 Transportó a asen hacia Mapa56 X:76 Y:66
08/12/2011 22:55:48 Transportó a asen hacia Mapa56 X:70 Y:68
08/12/2011 22:55:48 Transportó a asen hacia Mapa56 X:64 Y:66
08/12/2011 22:55:48 Transportó a asen hacia Mapa56 X:58 Y:64
08/12/2011 22:55:48 Transportó a asen hacia Mapa56 X:52 Y:63
08/12/2011 22:55:49 Transportó a asen hacia Mapa56 X:50 Y:62
08/12/2011 22:55:49 Transportó a asen hacia Mapa56 X:49 Y:61
08/12/2011 22:55:49 Transportó a asen hacia Mapa56 X:44 Y:58
08/12/2011 22:55:51 Transportó a asen hacia Mapa56 X:42 Y:62
08/12/2011 22:55:51 Transportó a asen hacia Mapa56 X:40 Y:65
08/12/2011 22:55:51 Transportó a asen hacia Mapa56 X:37 Y:61
08/12/2011 22:55:52 Transportó a asen hacia Mapa56 X:37 Y:56
08/12/2011 22:57:09 Se conecto con ip:127.0.0.1
08/12/2011 22:57:31 Se conecto con ip:127.0.0.1
08/12/2011 22:57:56 Se conecto con ip:127.0.0.1
08/12/2011 22:58:29 Transportó a asen hacia Mapa56 X:45 Y:61
08/12/2011 22:58:29 Transportó a asen hacia Mapa56 X:43 Y:60
08/12/2011 22:59:43 Transportó a asen hacia Mapa56 X:37 Y:61
08/12/2011 23:01:03 Se conecto con ip:127.0.0.1
08/12/2011 23:01:05 Transportó a asen hacia Mapa56 X:31 Y:71
08/12/2011 23:03:57 Se conecto con ip:127.0.0.1
08/12/2011 23:04:24 Se conecto con ip:127.0.0.1
08/12/2011 23:06:06 Se conecto con ip:127.0.0.1
08/12/2011 23:06:39 Se conecto con ip:127.0.0.1
08/12/2011 23:08:08 /CT 28,50,50,3
08/12/2011 23:08:12 Transportó a asen hacia Mapa56 X:25 Y:58
08/12/2011 23:08:13 Transportó a asen hacia Mapa28 X:53 Y:53
08/12/2011 23:08:13 Transportó a asen hacia Mapa28 X:57 Y:55
08/12/2011 23:08:13 Transportó a asen hacia Mapa28 X:61 Y:57
08/12/2011 23:08:14 Transportó a asen hacia Mapa28 X:65 Y:59
08/12/2011 23:08:14 Transportó a asen hacia Mapa28 X:63 Y:57
08/12/2011 23:08:14 Transportó a asen hacia Mapa28 X:61 Y:55
08/12/2011 23:08:15 Transportó a asen hacia Mapa28 X:60 Y:51
08/12/2011 23:08:16 Transportó a asen hacia Mapa28 X:59 Y:47
08/12/2011 23:08:17 Transportó a asen hacia Mapa28 X:61 Y:50
08/12/2011 23:08:17 Transportó a asen hacia Mapa28 X:64 Y:54
08/12/2011 23:08:18 Transportó a asen hacia Mapa28 X:65 Y:58
08/12/2011 23:08:18 Transportó a asen hacia Mapa28 X:66 Y:62
08/12/2011 23:08:18 Transportó a asen hacia Mapa28 X:62 Y:64
08/12/2011 23:08:19 Transportó a asen hacia Mapa28 X:64 Y:65
08/12/2011 23:08:19 Transportó a asen hacia Mapa28 X:66 Y:67
08/12/2011 23:08:19 Transportó a asen hacia Mapa28 X:67 Y:70
08/12/2011 23:08:19 Transportó a asen hacia Mapa28 X:68 Y:74
08/12/2011 23:08:19 Transportó a asen hacia Mapa28 X:67 Y:78
08/12/2011 23:08:20 Transportó a asen hacia Mapa28 X:65 Y:83
08/12/2011 23:08:20 Transportó a asen hacia Mapa28 X:63 Y:87
08/12/2011 23:08:20 Transportó a asen hacia Mapa28 X:64 Y:91
08/12/2011 23:08:21 Transportó a asen hacia Mapa28 X:65 Y:94
08/12/2011 23:08:49 Se conecto con ip:127.0.0.1
08/12/2011 23:08:53 Sumoneó a Golem en mapa 26
08/12/2011 23:08:54 Transportó a asen hacia Mapa26 X:68 Y:16
08/12/2011 23:10:27 Se conecto con ip:127.0.0.1
08/12/2011 23:10:35 Transportó a asen hacia Mapa80 X:50 Y:50
08/12/2011 23:10:38 Transportó a asen hacia Mapa86 X:50 Y:50
08/12/2011 23:12:34 Transportó a asen hacia Mapa86 X:52 Y:51
08/12/2011 23:12:34 Transportó a asen hacia Mapa86 X:54 Y:53
08/12/2011 23:12:34 Transportó a asen hacia Mapa86 X:56 Y:55
08/12/2011 23:12:34 Transportó a asen hacia Mapa86 X:58 Y:58
08/12/2011 23:12:35 Transportó a asen hacia Mapa86 X:52 Y:57
08/12/2011 23:12:35 Transportó a asen hacia Mapa86 X:47 Y:55
08/12/2011 23:12:35 Transportó a asen hacia Mapa86 X:42 Y:53
08/12/2011 23:12:35 Transportó a asen hacia Mapa86 X:38 Y:51
08/12/2011 23:12:39 Transportó a asen hacia Mapa86 X:47 Y:48
08/12/2011 23:12:39 Transportó a asen hacia Mapa86 X:50 Y:45
08/12/2011 23:12:39 Transportó a asen hacia Mapa86 X:51 Y:40
08/12/2011 23:12:40 Transportó a asen hacia Mapa86 X:52 Y:36
08/12/2011 23:12:40 Transportó a asen hacia Mapa86 X:48 Y:34
08/12/2011 23:12:41 Transportó a asen hacia Mapa86 X:53 Y:35
08/12/2011 23:12:41 Transportó a asen hacia Mapa86 X:59 Y:36
08/12/2011 23:12:41 Transportó a asen hacia Mapa86 X:64 Y:37
08/12/2011 23:12:41 Transportó a asen hacia Mapa86 X:68 Y:38
08/12/2011 23:12:43 Transportó a asen hacia Mapa86 X:69 Y:42
08/12/2011 23:12:43 Transportó a asen hacia Mapa86 X:71 Y:47
08/12/2011 23:12:44 Transportó a asen hacia Mapa86 X:70 Y:44
08/12/2011 23:12:45 Transportó a asen hacia Mapa86 X:70 Y:38
08/12/2011 23:12:46 Transportó a asen hacia Mapa86 X:67 Y:40
08/12/2011 23:12:46 Transportó a asen hacia Mapa86 X:64 Y:44
08/12/2011 23:12:46 Transportó a asen hacia Mapa86 X:60 Y:48
08/12/2011 23:12:46 Transportó a asen hacia Mapa86 X:57 Y:52
08/12/2011 23:12:47 Transportó a asen hacia Mapa86 X:54 Y:56
08/12/2011 23:12:47 Transportó a asen hacia Mapa86 X:53 Y:60
08/12/2011 23:12:47 Transportó a asen hacia Mapa86 X:52 Y:63
08/12/2011 23:12:47 Transportó a asen hacia Mapa86 X:48 Y:65
08/12/2011 23:12:47 Transportó a asen hacia Mapa86 X:44 Y:65
08/12/2011 23:12:47 Transportó a asen hacia Mapa86 X:40 Y:63
08/12/2011 23:12:48 Transportó a asen hacia Mapa86 X:39 Y:61
08/12/2011 23:12:48 Transportó a asen hacia Mapa86 X:37 Y:58
08/12/2011 23:12:48 Transportó a asen hacia Mapa86 X:37 Y:56
08/12/2011 23:12:48 Transportó a asen hacia Mapa86 X:37 Y:55
08/12/2011 23:12:48 Transportó a asen hacia Mapa86 X:37 Y:54
08/12/2011 23:12:49 Transportó a asen hacia Mapa86 X:36 Y:53
08/12/2011 23:12:49 Transportó a asen hacia Mapa86 X:34 Y:55
08/12/2011 23:12:49 Transportó a asen hacia Mapa86 X:30 Y:57
08/12/2011 23:12:49 Transportó a asen hacia Mapa86 X:27 Y:58
08/12/2011 23:12:49 Transportó a asen hacia Mapa86 X:25 Y:58
08/12/2011 23:12:50 Transportó a asen hacia Mapa86 X:27 Y:55
08/12/2011 23:12:50 Transportó a asen hacia Mapa86 X:29 Y:53
08/12/2011 23:12:50 Transportó a asen hacia Mapa86 X:34 Y:51
08/12/2011 23:12:50 Transportó a asen hacia Mapa86 X:40 Y:51
08/12/2011 23:13:07 Transportó a asen hacia Mapa73 X:50 Y:50
08/12/2011 23:13:08 Transportó a asen hacia Mapa73 X:51 Y:45
08/12/2011 23:13:09 Transportó a asen hacia Mapa73 X:52 Y:38
08/12/2011 23:13:09 Transportó a asen hacia Mapa73 X:51 Y:37
08/12/2011 23:13:10 Transportó a asen hacia Mapa73 X:49 Y:39
08/12/2011 23:13:10 Transportó a asen hacia Mapa73 X:48 Y:42
08/12/2011 23:13:10 Transportó a asen hacia Mapa73 X:48 Y:45
08/12/2011 23:13:10 Transportó a asen hacia Mapa73 X:49 Y:48
08/12/2011 23:13:11 Transportó a asen hacia Mapa73 X:50 Y:53
08/12/2011 23:13:11 Transportó a asen hacia Mapa73 X:51 Y:58
08/12/2011 23:13:11 Transportó a asen hacia Mapa73 X:48 Y:60
08/12/2011 23:13:12 Transportó a asen hacia Mapa73 X:44 Y:56
08/12/2011 23:13:12 Transportó a asen hacia Mapa73 X:41 Y:52
08/12/2011 23:13:12 Transportó a asen hacia Mapa73 X:38 Y:49
08/12/2011 23:13:13 Transportó a asen hacia Mapa73 X:36 Y:47
08/12/2011 23:13:13 Transportó a asen hacia Mapa73 X:33 Y:48
08/12/2011 23:13:13 Transportó a asen hacia Mapa73 X:31 Y:51
08/12/2011 23:13:13 Transportó a asen hacia Mapa73 X:28 Y:47
08/12/2011 23:13:14 Transportó a asen hacia Mapa73 X:27 Y:43
08/12/2011 23:13:16 Transportó a asen hacia Mapa23 X:50 Y:50
08/12/2011 23:13:18 Transportó a asen hacia Mapa23 X:48 Y:52
08/12/2011 23:13:18 Transportó a asen hacia Mapa23 X:47 Y:54
08/12/2011 23:13:18 Transportó a asen hacia Mapa23 X:47 Y:58
08/12/2011 23:13:18 Transportó a asen hacia Mapa23 X:47 Y:61
08/12/2011 23:13:35 Transportó a asen hacia Mapa32 X:50 Y:50
08/12/2011 23:13:37 Transportó a asen hacia Mapa32 X:46 Y:55
08/12/2011 23:13:37 Transportó a asen hacia Mapa32 X:43 Y:57
08/12/2011 23:13:37 Transportó a asen hacia Mapa32 X:40 Y:59
08/12/2011 23:13:38 Transportó a asen hacia Mapa32 X:37 Y:61
08/12/2011 23:13:39 Transportó a asen hacia Mapa32 X:33 Y:66
08/12/2011 23:13:39 Transportó a asen hacia Mapa32 X:31 Y:68
08/12/2011 23:13:43 Transportó a asen hacia Mapa32 X:33 Y:63
08/12/2011 23:13:45 Transportó a asen hacia Mapa32 X:38 Y:56
08/12/2011 23:13:45 Transportó a asen hacia Mapa32 X:43 Y:53
08/12/2011 23:14:07 Sumoneó a Golem en mapa 32
08/12/2011 23:14:17 Transportó a asen hacia Mapa32 X:53 Y:52
08/12/2011 23:14:18 Transportó a asen hacia Mapa32 X:52 Y:48
08/12/2011 23:14:19 Transportó a asen hacia Mapa32 X:49 Y:44
08/12/2011 23:15:05 Transportó a asen hacia Mapa32 X:51 Y:41
08/12/2011 23:15:06 Transportó a asen hacia Mapa32 X:55 Y:38
08/12/2011 23:15:07 Transportó a asen hacia Mapa32 X:56 Y:35
08/12/2011 23:15:07 Transportó a asen hacia Mapa32 X:52 Y:34
08/12/2011 23:15:07 Transportó a asen hacia Mapa32 X:51 Y:38
08/12/2011 23:15:08 Transportó a asen hacia Mapa32 X:50 Y:41
08/12/2011 23:15:09 Transportó a asen hacia Mapa32 X:43 Y:44
08/12/2011 23:15:10 Transportó a asen hacia Mapa32 X:40 Y:43
08/12/2011 23:15:12 Transportó a asen hacia Mapa32 X:37 Y:45
08/12/2011 23:15:13 Transportó a asen hacia Mapa32 X:37 Y:47
08/12/2011 23:15:14 Transportó a asen hacia Mapa32 X:37 Y:50
08/12/2011 23:15:14 Transportó a asen hacia Mapa32 X:41 Y:49
08/12/2011 23:15:14 Transportó a asen hacia Mapa32 X:47 Y:47
08/12/2011 23:15:25 Transportó a asen hacia Mapa32 X:46 Y:50
08/12/2011 23:15:25 Transportó a asen hacia Mapa32 X:42 Y:54
08/12/2011 23:15:26 Transportó a asen hacia Mapa32 X:42 Y:56
08/12/2011 23:15:26 Transportó a asen hacia Mapa32 X:43 Y:59
08/12/2011 23:15:27 Transportó a asen hacia Mapa32 X:43 Y:55
08/12/2011 23:15:52 Transportó a asen hacia Mapa32 X:37 Y:54
08/12/2011 23:15:52 Transportó a asen hacia Mapa32 X:39 Y:51
08/12/2011 23:15:52 Transportó a asen hacia Mapa32 X:40 Y:47
08/12/2011 23:15:52 Transportó a asen hacia Mapa32 X:39 Y:44
08/12/2011 23:15:54 Transportó a asen hacia Mapa32 X:39 Y:46
08/12/2011 23:15:54 Transportó a asen hacia Mapa32 X:38 Y:50
08/12/2011 23:15:56 Sumoneó a Mago Malvado en mapa 32
08/12/2011 23:16:01 /MATA 
08/12/2011 23:16:03 Transportó a asen hacia Mapa32 X:37 Y:58
08/12/2011 23:16:04 Transportó a asen hacia Mapa32 X:37 Y:62
08/12/2011 23:16:04 Transportó a asen hacia Mapa32 X:37 Y:65
08/12/2011 23:16:04 Transportó a asen hacia Mapa32 X:37 Y:69
08/12/2011 23:16:05 Transportó a asen hacia Mapa32 X:37 Y:65
08/12/2011 23:16:05 Transportó a asen hacia Mapa32 X:37 Y:60
08/12/2011 23:16:05 Transportó a asen hacia Mapa32 X:37 Y:54
08/12/2011 23:16:05 Transportó a asen hacia Mapa32 X:37 Y:49
08/12/2011 23:16:06 Transportó a asen hacia Mapa32 X:38 Y:45
08/12/2011 23:16:09 Transportó a asen hacia Mapa60 X:50 Y:50
08/12/2011 23:16:12 Transportó a asen hacia Mapa50 X:50 Y:50
08/12/2011 23:16:15 Transportó a asen hacia Mapa36 X:50 Y:50
08/12/2011 23:16:16 Transportó a asen hacia Mapa36 X:53 Y:52
08/12/2011 23:16:17 Transportó a asen hacia Mapa36 X:59 Y:56
08/12/2011 23:16:17 Transportó a asen hacia Mapa36 X:57 Y:58
08/12/2011 23:16:17 Transportó a asen hacia Mapa36 X:58 Y:60
08/12/2011 23:16:17 Transportó a asen hacia Mapa36 X:59 Y:58
08/12/2011 23:16:19 /LLUVIA
09/12/2011 11:07:20 Se conecto con ip:127.0.0.1
09/12/2011 11:07:25 Transportó a asen hacia Mapa36 X:61 Y:59
09/12/2011 11:07:29 Transportó a asen hacia Mapa38 X:50 Y:50
09/12/2011 11:07:36 Transportó a asen hacia Mapa38 X:50 Y:65
09/12/2011 11:07:37 Transportó a asen hacia Mapa38 X:46 Y:68
09/12/2011 11:07:44 Transportó a asen hacia Mapa38 X:47 Y:68
09/12/2011 11:08:29 Se conecto con ip:127.0.0.1
09/12/2011 11:08:43 Transportó a asen hacia Mapa36 X:50 Y:50
09/12/2011 11:08:51 /CT 32,50,50,0
09/12/2011 11:08:53 Transportó a asen hacia Mapa32 X:46 Y:49
09/12/2011 11:08:54 Transportó a asen hacia Mapa32 X:44 Y:50
09/12/2011 11:11:55 Se conecto con ip:127.0.0.1
09/12/2011 11:12:07 Transportó a asen hacia Mapa32 X:38 Y:53
09/12/2011 11:12:12 Transportó a asen hacia Mapa32 X:50 Y:50
09/12/2011 11:12:22 Transportó a asen hacia Mapa32 X:46 Y:52
09/12/2011 11:12:32 Se conecto con ip:127.0.0.1
09/12/2011 11:12:50 Se conecto con ip:127.0.0.1
09/12/2011 11:13:19 Se conecto con ip:127.0.0.1
09/12/2011 11:13:42 Se conecto con ip:127.0.0.1
28/12/2011 02:40:09 p.m. Se conecto con ip:127.0.0.1
28/12/2011 02:40:40 p.m. Transportó a asen hacia Mapa1 X:50 Y:50
28/12/2011 02:40:44 p.m. Transportó a asen hacia Mapa19 X:50 Y:50
28/12/2011 02:40:55 p.m. Transportó a asen hacia Mapa28 X:50 Y:50
05/11/2012 02:29:35 p.m. Se conecto con ip:186.108.95.99
05/11/2012 02:30:02 p.m. Se conecto con ip:186.108.95.99
05/11/2012 02:31:28 p.m. Se conecto con ip:186.108.95.99
05/11/2012 02:33:45 p.m. Se conecto con ip:186.108.95.99
05/11/2012 02:34:20 p.m. /MOD HEAD 4  asen
05/11/2012 02:34:29 p.m. /MOD BODY 140  asen
05/11/2012 02:39:33 p.m. /LLUVIA
05/11/2012 02:41:19 p.m. Sumoneó a Lilith en mapa 1
05/11/2012 02:41:33 p.m. /MATA 
05/11/2012 02:46:16 p.m. Sumoneo Oso Pardo
05/11/2012 02:46:19 p.m. /MATA 
05/11/2012 02:46:24 p.m. Sumoneó a Sacerdote en mapa 1
05/11/2012 02:46:29 p.m. Tiró cantidad:10000 Objeto:Monedas de Oro
05/11/2012 02:46:31 p.m. Tiró cantidad:10000 Objeto:Monedas de Oro
05/11/2012 02:46:33 p.m. Tiró cantidad:10000 Objeto:Monedas de Oro
05/11/2012 02:46:34 p.m. Tiró cantidad:10000 Objeto:Monedas de Oro
05/11/2012 02:48:19 p.m. /SUM standelf jr Map:1 X:77 Y:45
05/11/2012 02:48:55 p.m. /MOD BODY 140  asen
05/11/2012 02:48:57 p.m. /MOD BODY 99  asen
05/11/2012 02:48:59 p.m. /MOD HEAD 0  asen
05/11/2012 02:50:17 p.m. /MOD BODY 180  asen
05/11/2012 02:50:20 p.m. /MOD HEAD 2  asen
05/11/2012 02:50:27 p.m. /MOD HEAD 22  asen
05/11/2012 02:50:42 p.m. /MOD HEAD 22  asen
05/11/2012 02:51:23 p.m. /MOD HEAD 0  ASEN
05/11/2012 02:53:09 p.m. /MOD BODY 250  ASEN
05/11/2012 02:53:17 p.m. /MOD BODY 290  ASEN
05/11/2012 02:53:20 p.m. /MOD BODY 129  ASEN
05/11/2012 02:53:25 p.m. /MOD BODY 125  ASEN
05/11/2012 02:53:27 p.m. /MOD BODY 125  ASEN
05/11/2012 02:53:30 p.m. /MOD BODY 66  ASEN
05/11/2012 02:53:35 p.m. /MOD BODY 164  ASEN
05/11/2012 02:53:39 p.m. /MOD BODY 99  ASEN
05/11/2012 02:53:43 p.m. /MOD BODY 141  ASEN
05/11/2012 02:55:05 p.m. /MOD BODY 259  asen
05/11/2012 02:55:09 p.m. /MOD BODY 320  asen
05/11/2012 02:55:14 p.m. /MOD BODY 5  asen
05/11/2012 02:56:29 p.m. Transportó a Asen hacia Mapa1 X:77 Y:34
05/11/2012 02:57:50 p.m. Se conecto con ip:186.108.95.99
08/11/2012 01:37:13 p.m. Se conecto con ip:186.108.90.70
08/11/2012 01:38:23 p.m. /CI: 24
08/11/2012 01:38:25 p.m. /DEST
08/11/2012 01:38:26 p.m. /CI: 21
08/11/2012 01:38:27 p.m. Agarro:100 Objeto:Porción de Tarta
08/11/2012 01:38:30 p.m. /CI: 51
08/11/2012 01:38:32 p.m. /DEST
08/11/2012 01:38:35 p.m. /CI: 30
08/11/2012 01:38:36 p.m. Agarro:100 Objeto:Armadura de Cuero
08/11/2012 01:38:38 p.m. /CI: 40
08/11/2012 01:38:39 p.m. Agarro:100 Objeto:Atlas Argentum
08/11/2012 01:38:40 p.m. /CI: 50
08/11/2012 01:38:56 p.m. /BLOQ
08/11/2012 01:40:30 p.m. Sumoneo Asesino
08/11/2012 01:40:33 p.m. /MATA 
08/11/2012 01:40:43 p.m. Mensaje Broadcast:asen manda
08/11/2012 01:40:52 p.m. /SUM standelf jr Map:1 X:52 Y:34
08/11/2012 01:41:00 p.m. /SUM standelf jr Map:1 X:54 Y:34
08/11/2012 01:41:03 p.m. /SUM standelf jr Map:1 X:54 Y:34
08/11/2012 01:41:14 p.m. /SUM standelf jr Map:1 X:54 Y:31
08/11/2012 01:41:26 p.m. Sumoneo Araña Gigante
08/11/2012 01:42:31 p.m. Transportó a Asen hacia Mapa1 X:50 Y:29
08/11/2012 01:42:46 p.m. Sumoneo Lobo
08/11/2012 01:42:47 p.m. Sumoneo Lobo
08/11/2012 01:42:47 p.m. Sumoneo Lobo
08/11/2012 01:42:48 p.m. Sumoneo Lobo
08/11/2012 01:42:48 p.m. Sumoneo Lobo
08/11/2012 01:42:48 p.m. Sumoneo Lobo
08/11/2012 01:42:48 p.m. Sumoneo Lobo
08/11/2012 01:42:48 p.m. Sumoneo Lobo
08/11/2012 01:42:49 p.m. Sumoneo Lobo
08/11/2012 01:42:49 p.m. Sumoneo Lobo
08/11/2012 01:42:49 p.m. Sumoneo Lobo
08/11/2012 01:42:49 p.m. Sumoneo Lobo
08/11/2012 01:42:49 p.m. Sumoneo Lobo
08/11/2012 01:42:49 p.m. Sumoneo Lobo
08/11/2012 01:42:49 p.m. Sumoneo Lobo
08/11/2012 01:42:49 p.m. Sumoneo Lobo
08/11/2012 01:42:49 p.m. Sumoneo Lobo
08/11/2012 01:42:49 p.m. Sumoneo Lobo
08/11/2012 01:42:49 p.m. Sumoneo Lobo
08/11/2012 01:42:49 p.m. Sumoneo Lobo
08/11/2012 01:43:28 p.m. Agarro:1 Objeto:Piel Lobo
08/11/2012 01:43:29 p.m. Agarro:1 Objeto:Piel Lobo
08/11/2012 01:43:29 p.m. Agarro:2 Objeto:Piel Lobo
08/11/2012 01:43:30 p.m. Agarro:3 Objeto:Chuleta
08/11/2012 01:43:31 p.m. Agarro:1 Objeto:Piel Lobo
08/11/2012 01:43:31 p.m. Agarro:1 Objeto:Piel Lobo
08/11/2012 01:43:33 p.m. Agarro:1 Objeto:Piel Lobo
08/11/2012 01:43:33 p.m. Agarro:1 Objeto:Piel Lobo
08/11/2012 01:43:34 p.m. Agarro:1 Objeto:Piel Lobo
08/11/2012 01:43:34 p.m. Agarro:1 Objeto:Piel Lobo
08/11/2012 01:43:35 p.m. Agarro:1 Objeto:Piel Lobo
08/11/2012 01:43:40 p.m. Agarro:1 Objeto:Piel Lobo
08/11/2012 01:44:00 p.m. Agarro:1 Objeto:Piel Lobo
08/11/2012 01:44:02 p.m. Agarro:1 Objeto:Piel Lobo
08/11/2012 01:44:06 p.m. Transportó a Asen hacia Mapa1 X:54 Y:31
08/11/2012 01:44:07 p.m. Transportó a Asen hacia Mapa1 X:54 Y:31
08/11/2012 01:44:08 p.m. Transportó a Asen hacia Mapa1 X:54 Y:32
08/11/2012 01:44:08 p.m. Agarro:4 Objeto:Piel Lobo
08/11/2012 01:44:08 p.m. Transportó a Asen hacia Mapa1 X:50 Y:30
08/11/2012 01:44:32 p.m. Transportó a Asen hacia Mapa1 X:50 Y:30
08/11/2012 01:45:41 p.m. Agarro:1 Objeto:Alforja
08/11/2012 01:46:24 p.m. Transportó a Asen hacia Mapa1 X:54 Y:30
08/11/2012 01:46:26 p.m. Agarro:3 Objeto:Poción Negra
08/11/2012 01:47:42 p.m. /MOD RAZA A  asen
08/11/2012 01:47:46 p.m. /MOD RAZA GNOMO  asen
08/11/2012 01:47:56 p.m. Se conecto con ip:186.108.90.70
08/11/2012 01:49:58 p.m. ¡¡ Inició una Invasion !! Sumoneó a 20  en el mapa 1
08/11/2012 01:50:11 p.m. ¡¡ Inició una Invasion !! Sumoneó a 20  en el mapa 1
08/11/2012 01:50:14 p.m. /MASSKILL
08/11/2012 01:50:36 p.m. Transportó a Asen hacia Mapa1 X:55 Y:32
08/11/2012 01:52:30 p.m. Echó a standelf
08/11/2012 01:52:33 p.m. Transportó a Asen hacia Mapa1 X:72 Y:26
08/11/2012 01:52:58 p.m. Transportó a Asen hacia Mapa1 X:77 Y:20
08/11/2012 01:53:08 p.m. Transportó a Asen hacia Mapa1 X:74 Y:19
08/11/2012 01:53:22 p.m. Transportó a Asen hacia Mapa1 X:61 Y:33
08/11/2012 01:53:23 p.m. Transportó a Asen hacia Mapa1 X:53 Y:29
08/11/2012 01:53:33 p.m. Sumoneó a Sacerdote en mapa 1
08/11/2012 01:54:27 p.m. /CONDEN standelf jr
08/11/2012 01:54:35 p.m. Intento perdonar un personaje de nivel avanzado.
08/11/2012 01:54:52 p.m. Trigger 6 en mapa 1 49,34
08/11/2012 01:54:54 p.m. Transportó a Asen hacia Mapa1 X:50 Y:32
08/11/2012 01:54:57 p.m. Trigger 6 en mapa 1 50,34
08/11/2012 01:54:58 p.m. Transportó a Asen hacia Mapa1 X:51 Y:33
08/11/2012 01:55:02 p.m. Trigger 6 en mapa 1 51,34
08/11/2012 01:55:07 p.m. /SUM standelf jr Map:1 X:49 Y:33
08/11/2012 02:11:26 p.m. Se conecto con ip:186.109.17.46
08/11/2012 02:11:32 p.m. Mensaje Broadcast:toy
08/11/2012 02:11:40 p.m. /IRA standelf jr Mapa:1 X:74 Y:35
08/11/2012 02:18:24 p.m. Se conecto con ip:186.109.17.46
08/11/2012 02:23:54 p.m. Tiró cantidad:1 Objeto:Inmovilizar
08/11/2012 02:23:56 p.m. Tiró cantidad:1 Objeto:Inmovilizar
08/11/2012 02:23:57 p.m. Tiró cantidad:1 Objeto:Inmovilizar
08/11/2012 02:23:59 p.m. Tiró cantidad:1 Objeto:Inmovilizar
08/11/2012 02:24:00 p.m. Tiró cantidad:1 Objeto:Inmovilizar
08/11/2012 02:24:02 p.m. Tiró cantidad:1 Objeto:Inmovilizar
08/11/2012 02:24:03 p.m. Tiró cantidad:1 Objeto:Inmovilizar
08/11/2012 02:24:04 p.m. Tiró cantidad:1 Objeto:Inmovilizar
08/11/2012 02:24:06 p.m. Tiró cantidad:1 Objeto:Inmovilizar
08/11/2012 02:24:07 p.m. Tiró cantidad:1 Objeto:Inmovilizar
08/11/2012 02:24:22 p.m. Tiró cantidad:1 Objeto:Inmovilizar
08/11/2012 02:24:23 p.m. Tiró cantidad:1 Objeto:Inmovilizar
08/11/2012 02:24:25 p.m. Tiró cantidad:1 Objeto:Inmovilizar
08/11/2012 02:24:28 p.m. Tiró cantidad:1 Objeto:Inmovilizar
08/11/2012 02:24:29 p.m. Tiró cantidad:1 Objeto:Inmovilizar
08/11/2012 02:24:30 p.m. Tiró cantidad:1 Objeto:Inmovilizar
08/11/2012 02:24:31 p.m. Tiró cantidad:1 Objeto:Inmovilizar
08/11/2012 02:24:32 p.m. Tiró cantidad:1 Objeto:Inmovilizar
08/11/2012 02:24:34 p.m. Tiró cantidad:1 Objeto:Inmovilizar
08/11/2012 02:24:35 p.m. Tiró cantidad:1 Objeto:Inmovilizar
08/11/2012 02:24:36 p.m. Tiró cantidad:1 Objeto:Inmovilizar
08/11/2012 02:24:38 p.m. Tiró cantidad:1 Objeto:Inmovilizar
08/11/2012 02:24:40 p.m. Tiró cantidad:1 Objeto:Inmovilizar
08/11/2012 02:24:41 p.m. Tiró cantidad:1 Objeto:Inmovilizar
08/11/2012 02:24:42 p.m. Tiró cantidad:1 Objeto:Inmovilizar
08/11/2012 02:24:43 p.m. Tiró cantidad:1 Objeto:Inmovilizar
08/11/2012 02:24:55 p.m. Agarro:1 Objeto:Inmovilizar
08/11/2012 02:24:55 p.m. Agarro:1 Objeto:Inmovilizar
08/11/2012 02:24:56 p.m. Agarro:1 Objeto:Inmovilizar
08/11/2012 02:24:56 p.m. Agarro:1 Objeto:Inmovilizar
08/11/2012 02:24:57 p.m. Agarro:1 Objeto:Inmovilizar
08/11/2012 02:24:57 p.m. Agarro:1 Objeto:Inmovilizar
08/11/2012 02:24:58 p.m. Agarro:1 Objeto:Inmovilizar
08/11/2012 02:24:58 p.m. Agarro:1 Objeto:Inmovilizar
08/11/2012 02:24:58 p.m. Agarro:1 Objeto:Inmovilizar
08/11/2012 02:24:59 p.m. Agarro:1 Objeto:Inmovilizar
08/11/2012 02:25:40 p.m. Tiró cantidad:1 Objeto:Inmovilizar
08/11/2012 02:25:42 p.m. Tiró cantidad:1 Objeto:Inmovilizar
