26/05/2010 15:10:43
26/05/2010 18:11:22
28/05/2010 20:35:51
05/06/2010 0:24:28
12/06/2010 02:16:39 p.m.
12/06/2010 09:14:15 p.m.
13/06/2010 12:14:50 a.m.
13/06/2010 04:10:20 p.m.
13/06/2010 07:19:23 p.m.
13/06/2010 10:20:00 p.m.
15/06/2010 08:17:57 p.m.
15/06/2010 11:18:34 p.m.
16/06/2010 10:53:23 p.m.
17/06/2010 12:40:53 p.m.
17/06/2010 06:53:30 p.m.
17/06/2010 09:54:05 p.m.
21/07/2010 2:26:37
27/07/2010 12:44:07
27/07/2010 22:29:45
28/07/2010 15:35:41
31/07/2010 20:55:44
31/07/2010 23:56:25
14/08/2010 12:01:03
14/08/2010 15:01:43
14/08/2010 18:02:23
18/08/2010 01:48:36 p.m.
18/08/2010 04:49:16 p.m.
27/08/2010 23:22:27
28/08/2010 13:49:43
31/08/2010 21:03:13
01/09/2010 23:18:56
04/09/2010 0:55:40
05/09/2010 20:16:17
06/09/2010 22:01:03
11/09/2010 14:30:23
11/09/2010 17:31:05
28/09/2010 23:49:46
08/10/2010 16:48:18
08/10/2010 19:49:04
09/10/2010 23:53:46
10/10/2010 17:57:48
11/10/2010 13:33:42
14/10/2010 20:28:21
15/10/2010 19:04:21
16/10/2010 0:09:03
16/10/2010 14:35:21
16/10/2010 20:03:01
17/10/2010 13:21:26
17/10/2010 21:43:09
17/10/2010 22:11:34
18/10/2010 18:52:04
18/10/2010 21:52:05
19/10/2010 13:16:17
19/10/2010 16:16:17
24/10/2010 13:21:15
01/11/2010 18:57:28
05/11/2010 17:24:03
07/11/2010 12:23:40
07/11/2010 15:23:43
28/11/2010 12:26:07
28/11/2010 15:26:10
28/11/2010 18:26:13
28/11/2010 21:26:16
05/12/2010 13:07:31
05/12/2010 16:07:34
05/12/2010 19:07:37
05/12/2010 22:07:40
19/12/2010 23:05:51
20/12/2010 13:40:45
20/12/2010 16:40:48
20/12/2010 19:40:51
21/12/2010 19:15:24
21/12/2010 23:00:27
22/12/2010 13:26:15
26/12/2010 14:14:15
26/12/2010 18:00:27
26/12/2010 21:00:30
27/12/2010 00:00:32
29/12/2010 13:51:21
29/12/2010 15:51:22
02/01/2011 17:01:27
04/01/2011 14:22:02
04/01/2011 17:22:05
04/01/2011 20:22:08
07/01/2011 02:24:08
08/01/2011 12:32:32
08/01/2011 15:32:35
11/01/2011 13:28:00
11/01/2011 16:28:03
13/01/2011 22:51:44
22/01/2011 16:47:37
10/11/2012 8:16:28 AM
10/11/2012 11:16:32 AM
10/12/2012 12:17:49 PM
15/10/2012 05:01:41 p.m.
21/10/2012 03:45:06 p.m.
31/10/2012 12:25:42 p.m.
01/11/2012 11:15:49 a.m.
02/11/2012 02:39:06 p.m.
06/11/2012 12:34:58 p.m.
07/11/2012 12:08:24 p.m.
07/11/2012 04:57:30 p.m.
09/11/2012 12:16:36 p.m.
09/11/2012 04:44:07 p.m.
09/11/2012 07:44:09 p.m.
11/11/2012 01:14:02 p.m.
11/11/2012 04:14:05 p.m.
11/11/2012 07:14:07 p.m.
12/11/2012 07:03:22 p.m.
14/11/2012 07:42:52 p.m.
14/11/2012 10:45:44 p.m.
15/11/2012 11:26:48 a.m.
15/11/2012 03:17:01 p.m.
16/11/2012 12:06:14 p.m.
18/11/2012 03:47:10 p.m.
19/11/2012 01:35:45 p.m.
22/11/2012 12:59:14 p.m.
22/11/2012 04:03:30 p.m.
28/11/2012 07:29:42 p.m.
28/11/2012 10:30:14 p.m.
29/11/2012 12:09:43 p.m.
29/11/2012 03:10:05 p.m.
05/12/2012 05:58:54 p.m.
05/12/2012 08:59:15 p.m.
08/12/2012 01:38:37 p.m.
17/01/2013 10:12:34 p.m.
18/01/2013 02:38:44 a.m.
20/01/2013 01:51:06 a.m.
24/01/2013 11:45:04 a.m.
12/02/2013 12:21:06 a.m.
28/02/2013 11:50:29 p.m.
01/03/2013 01:12:42 p.m.
01/03/2013 07:44:33 p.m.
06/03/2013 11:36:39 a.m.
03/04/2014 09:59:58 p.m.
