01/11/2012 05:52:24 p.m. Stand paso a nivel 2 gano HP: 10
01/11/2012 05:52:24 p.m. Stand paso a nivel 3 gano HP: 9
01/11/2012 05:52:24 p.m. Stand paso a nivel 4 gano HP: 9
01/11/2012 05:52:24 p.m. Stand paso a nivel 5 gano HP: 10
01/11/2012 05:52:24 p.m. Stand paso a nivel 6 gano HP: 8
01/11/2012 05:52:24 p.m. Stand paso a nivel 7 gano HP: 8
01/11/2012 05:52:24 p.m. Stand paso a nivel 8 gano HP: 9
01/11/2012 05:52:24 p.m. Stand paso a nivel 9 gano HP: 9
01/11/2012 05:52:24 p.m. Stand paso a nivel 10 gano HP: 9
01/11/2012 05:52:24 p.m. Stand paso a nivel 11 gano HP: 10
01/11/2012 05:52:24 p.m. Stand paso a nivel 12 gano HP: 10
01/11/2012 05:52:24 p.m. Stand paso a nivel 13 gano HP: 9
01/11/2012 05:52:24 p.m. Stand paso a nivel 14 gano HP: 10
01/11/2012 05:52:24 p.m. Stand paso a nivel 15 gano HP: 10
01/11/2012 05:52:24 p.m. Stand paso a nivel 16 gano HP: 10
01/11/2012 05:52:24 p.m. Stand paso a nivel 17 gano HP: 8
01/11/2012 05:52:24 p.m. Stand paso a nivel 18 gano HP: 10
01/11/2012 05:52:24 p.m. Stand paso a nivel 19 gano HP: 9
01/11/2012 05:52:24 p.m. Stand paso a nivel 20 gano HP: 9
01/11/2012 05:52:24 p.m. Stand paso a nivel 21 gano HP: 10
01/11/2012 05:52:24 p.m. Stand paso a nivel 22 gano HP: 9
01/11/2012 05:52:24 p.m. Stand paso a nivel 23 gano HP: 9
01/11/2012 05:52:24 p.m. Stand paso a nivel 24 gano HP: 9
01/11/2012 05:52:24 p.m. Stand paso a nivel 25 gano HP: 10
01/11/2012 05:52:24 p.m. Stand paso a nivel 26 gano HP: 11
01/11/2012 05:52:24 p.m. Stand paso a nivel 27 gano HP: 10
01/11/2012 05:52:24 p.m. Stand paso a nivel 28 gano HP: 9
01/11/2012 05:52:24 p.m. Stand paso a nivel 29 gano HP: 11
01/11/2012 05:52:24 p.m. Stand paso a nivel 30 gano HP: 10
01/11/2012 05:52:24 p.m. Stand paso a nivel 31 gano HP: 10
01/11/2012 05:52:24 p.m. Stand paso a nivel 32 gano HP: 10
01/11/2012 05:52:24 p.m. Stand paso a nivel 33 gano HP: 10
01/11/2012 05:52:24 p.m. Stand paso a nivel 34 gano HP: 8
01/11/2012 05:52:24 p.m. Stand paso a nivel 35 gano HP: 9
01/11/2012 05:52:24 p.m. Stand paso a nivel 36 gano HP: 10
01/11/2012 05:52:24 p.m. Stand paso a nivel 37 gano HP: 10
01/11/2012 05:52:24 p.m. Stand paso a nivel 38 gano HP: 10
01/11/2012 05:52:24 p.m. Stand paso a nivel 39 gano HP: 11
01/11/2012 05:52:24 p.m. Stand paso a nivel 40 gano HP: 10
01/11/2012 05:52:24 p.m. Stand paso a nivel 41 gano HP: 10
01/11/2012 05:52:24 p.m. Stand paso a nivel 42 gano HP: 8
01/11/2012 05:52:24 p.m. Stand paso a nivel 43 gano HP: 10
01/11/2012 05:52:24 p.m. Stand paso a nivel 44 gano HP: 10
01/11/2012 05:52:24 p.m. Stand paso a nivel 45 gano HP: 9
01/11/2012 05:52:24 p.m. Stand paso a nivel 46 gano HP: 10
01/11/2012 05:52:24 p.m. Stand paso a nivel 47 gano HP: 9
01/11/2012 05:52:24 p.m. Stand paso a nivel 48 gano HP: 10
01/11/2012 05:52:24 p.m. Stand paso a nivel 49 gano HP: 10
01/11/2012 05:52:24 p.m. Stand paso a nivel 50 gano HP: 11
05/11/2012 11:35:26 a.m. Standelf paso a nivel 2 gano HP: 6
05/11/2012 11:35:26 a.m. Standelf paso a nivel 3 gano HP: 8
05/11/2012 11:35:26 a.m. Standelf paso a nivel 4 gano HP: 7
05/11/2012 11:35:26 a.m. Standelf paso a nivel 5 gano HP: 8
05/11/2012 11:35:26 a.m. Standelf paso a nivel 6 gano HP: 6
05/11/2012 11:35:26 a.m. Standelf paso a nivel 7 gano HP: 7
05/11/2012 11:35:26 a.m. Standelf paso a nivel 8 gano HP: 7
05/11/2012 11:35:26 a.m. Standelf paso a nivel 9 gano HP: 7
05/11/2012 11:35:26 a.m. Standelf paso a nivel 10 gano HP: 6
05/11/2012 11:35:26 a.m. Standelf paso a nivel 11 gano HP: 7
05/11/2012 11:35:26 a.m. Standelf paso a nivel 12 gano HP: 5
05/11/2012 11:35:26 a.m. Standelf paso a nivel 13 gano HP: 7
05/11/2012 11:35:26 a.m. Standelf paso a nivel 14 gano HP: 7
05/11/2012 11:35:26 a.m. Standelf paso a nivel 15 gano HP: 6
05/11/2012 11:35:26 a.m. Standelf paso a nivel 16 gano HP: 8
05/11/2012 11:35:26 a.m. Standelf paso a nivel 17 gano HP: 8
05/11/2012 11:35:26 a.m. Standelf paso a nivel 18 gano HP: 8
05/11/2012 11:35:26 a.m. Standelf paso a nivel 19 gano HP: 7
05/11/2012 11:35:26 a.m. Standelf paso a nivel 20 gano HP: 9
05/11/2012 11:35:26 a.m. Standelf paso a nivel 21 gano HP: 6
05/11/2012 11:35:26 a.m. Standelf paso a nivel 22 gano HP: 6
05/11/2012 11:35:26 a.m. Standelf paso a nivel 23 gano HP: 8
05/11/2012 11:35:26 a.m. Standelf paso a nivel 24 gano HP: 7
05/11/2012 11:35:26 a.m. Standelf paso a nivel 25 gano HP: 7
05/11/2012 11:35:26 a.m. Standelf paso a nivel 26 gano HP: 6
05/11/2012 11:35:26 a.m. Standelf paso a nivel 27 gano HP: 6
05/11/2012 11:35:26 a.m. Standelf paso a nivel 28 gano HP: 7
05/11/2012 11:35:26 a.m. Standelf paso a nivel 29 gano HP: 9
05/11/2012 11:35:26 a.m. Standelf paso a nivel 30 gano HP: 7
05/11/2012 11:35:26 a.m. Standelf paso a nivel 31 gano HP: 7
05/11/2012 11:35:26 a.m. Standelf paso a nivel 32 gano HP: 6
05/11/2012 11:35:26 a.m. Standelf paso a nivel 33 gano HP: 7
05/11/2012 11:35:26 a.m. Standelf paso a nivel 34 gano HP: 6
05/11/2012 11:35:26 a.m. Standelf paso a nivel 35 gano HP: 8
05/11/2012 11:35:26 a.m. Standelf paso a nivel 36 gano HP: 7
05/11/2012 11:35:26 a.m. Standelf paso a nivel 37 gano HP: 5
05/11/2012 11:35:26 a.m. Standelf paso a nivel 38 gano HP: 8
05/11/2012 11:35:26 a.m. Standelf paso a nivel 39 gano HP: 5
05/11/2012 11:35:26 a.m. Standelf paso a nivel 40 gano HP: 8
05/11/2012 11:35:26 a.m. Standelf paso a nivel 41 gano HP: 5
05/11/2012 11:35:26 a.m. Standelf paso a nivel 42 gano HP: 7
05/11/2012 11:35:26 a.m. Standelf paso a nivel 43 gano HP: 7
05/11/2012 11:35:26 a.m. Standelf paso a nivel 44 gano HP: 5
05/11/2012 11:35:26 a.m. Standelf paso a nivel 45 gano HP: 7
05/11/2012 11:35:26 a.m. Standelf paso a nivel 46 gano HP: 8
05/11/2012 11:35:26 a.m. Standelf paso a nivel 47 gano HP: 6
05/11/2012 11:35:26 a.m. Standelf paso a nivel 48 gano HP: 9
05/11/2012 11:35:26 a.m. Standelf paso a nivel 49 gano HP: 7
05/11/2012 11:35:26 a.m. Standelf paso a nivel 50 gano HP: 6
05/11/2012 02:46:55 p.m. Standelf Jr paso a nivel 2 gano HP: 8
05/11/2012 02:46:55 p.m. Standelf Jr paso a nivel 3 gano HP: 8
05/11/2012 02:46:55 p.m. Standelf Jr paso a nivel 4 gano HP: 9
05/11/2012 02:46:55 p.m. Standelf Jr paso a nivel 5 gano HP: 5
05/11/2012 02:46:55 p.m. Standelf Jr paso a nivel 6 gano HP: 7
05/11/2012 02:46:55 p.m. Standelf Jr paso a nivel 7 gano HP: 7
05/11/2012 02:46:55 p.m. Standelf Jr paso a nivel 8 gano HP: 9
05/11/2012 02:46:55 p.m. Standelf Jr paso a nivel 9 gano HP: 9
05/11/2012 02:46:55 p.m. Standelf Jr paso a nivel 10 gano HP: 5
05/11/2012 02:46:55 p.m. Standelf Jr paso a nivel 11 gano HP: 7
05/11/2012 02:46:55 p.m. Standelf Jr paso a nivel 12 gano HP: 6
05/11/2012 02:46:55 p.m. Standelf Jr paso a nivel 13 gano HP: 8
05/11/2012 02:46:55 p.m. Standelf Jr paso a nivel 14 gano HP: 7
05/11/2012 02:46:55 p.m. Standelf Jr paso a nivel 15 gano HP: 8
05/11/2012 02:46:55 p.m. Standelf Jr paso a nivel 16 gano HP: 7
05/11/2012 02:46:55 p.m. Standelf Jr paso a nivel 17 gano HP: 6
05/11/2012 02:46:55 p.m. Standelf Jr paso a nivel 18 gano HP: 7
05/11/2012 02:46:55 p.m. Standelf Jr paso a nivel 19 gano HP: 8
05/11/2012 02:46:55 p.m. Standelf Jr paso a nivel 20 gano HP: 8
05/11/2012 02:46:55 p.m. Standelf Jr paso a nivel 21 gano HP: 7
05/11/2012 02:46:55 p.m. Standelf Jr paso a nivel 22 gano HP: 7
05/11/2012 02:46:55 p.m. Standelf Jr paso a nivel 23 gano HP: 9
05/11/2012 02:46:55 p.m. Standelf Jr paso a nivel 24 gano HP: 9
05/11/2012 02:46:55 p.m. Standelf Jr paso a nivel 25 gano HP: 7
05/11/2012 02:46:55 p.m. Standelf Jr paso a nivel 26 gano HP: 9
05/11/2012 02:46:55 p.m. Standelf Jr paso a nivel 27 gano HP: 7
05/11/2012 02:46:55 p.m. Standelf Jr paso a nivel 28 gano HP: 7
05/11/2012 02:46:55 p.m. Standelf Jr paso a nivel 29 gano HP: 8
05/11/2012 02:46:55 p.m. Standelf Jr paso a nivel 30 gano HP: 9
05/11/2012 02:46:55 p.m. Standelf Jr paso a nivel 31 gano HP: 6
05/11/2012 02:46:55 p.m. Standelf Jr paso a nivel 32 gano HP: 8
05/11/2012 02:46:55 p.m. Standelf Jr paso a nivel 33 gano HP: 7
05/11/2012 02:46:55 p.m. Standelf Jr paso a nivel 34 gano HP: 7
05/11/2012 02:46:55 p.m. Standelf Jr paso a nivel 35 gano HP: 5
05/11/2012 02:46:55 p.m. Standelf Jr paso a nivel 36 gano HP: 8
05/11/2012 02:46:55 p.m. Standelf Jr paso a nivel 37 gano HP: 7
05/11/2012 02:46:55 p.m. Standelf Jr paso a nivel 38 gano HP: 6
05/11/2012 02:46:55 p.m. Standelf Jr paso a nivel 39 gano HP: 7
05/11/2012 02:46:55 p.m. Standelf Jr paso a nivel 40 gano HP: 7
05/11/2012 02:46:55 p.m. Standelf Jr paso a nivel 41 gano HP: 7
05/11/2012 02:46:55 p.m. Standelf Jr paso a nivel 42 gano HP: 7
05/11/2012 02:46:55 p.m. Standelf Jr paso a nivel 43 gano HP: 6
05/11/2012 02:46:55 p.m. Standelf Jr paso a nivel 44 gano HP: 5
05/11/2012 02:46:55 p.m. Standelf Jr paso a nivel 45 gano HP: 7
05/11/2012 02:46:55 p.m. Standelf Jr paso a nivel 46 gano HP: 9
05/11/2012 02:46:55 p.m. Standelf Jr paso a nivel 47 gano HP: 7
05/11/2012 02:46:55 p.m. Standelf Jr paso a nivel 48 gano HP: 6
05/11/2012 02:46:55 p.m. Standelf Jr paso a nivel 49 gano HP: 7
05/11/2012 02:46:55 p.m. Standelf Jr paso a nivel 50 gano HP: 8
07/11/2012 09:15:43 a.m. asdasd paso a nivel 2 gano HP: 7
07/11/2012 09:15:43 a.m. asdasd paso a nivel 3 gano HP: 7
07/11/2012 09:15:43 a.m. asdasd paso a nivel 4 gano HP: 6
07/11/2012 09:15:43 a.m. asdasd paso a nivel 5 gano HP: 8
07/11/2012 09:15:43 a.m. asdasd paso a nivel 6 gano HP: 7
07/11/2012 09:15:43 a.m. asdasd paso a nivel 7 gano HP: 7
07/11/2012 09:15:43 a.m. asdasd paso a nivel 8 gano HP: 5
07/11/2012 09:15:43 a.m. asdasd paso a nivel 9 gano HP: 8
07/11/2012 09:15:43 a.m. asdasd paso a nivel 10 gano HP: 7
07/11/2012 09:15:43 a.m. asdasd paso a nivel 11 gano HP: 7
07/11/2012 09:15:43 a.m. asdasd paso a nivel 12 gano HP: 9
07/11/2012 09:15:43 a.m. asdasd paso a nivel 13 gano HP: 8
07/11/2012 09:15:43 a.m. asdasd paso a nivel 14 gano HP: 9
07/11/2012 09:15:43 a.m. asdasd paso a nivel 15 gano HP: 7
07/11/2012 09:15:43 a.m. asdasd paso a nivel 16 gano HP: 5
07/11/2012 09:15:43 a.m. asdasd paso a nivel 17 gano HP: 7
07/11/2012 09:15:43 a.m. asdasd paso a nivel 18 gano HP: 7
07/11/2012 09:15:43 a.m. asdasd paso a nivel 19 gano HP: 5
07/11/2012 09:15:43 a.m. asdasd paso a nivel 20 gano HP: 8
07/11/2012 09:15:43 a.m. asdasd paso a nivel 21 gano HP: 7
07/11/2012 09:15:43 a.m. asdasd paso a nivel 22 gano HP: 7
07/11/2012 09:15:43 a.m. asdasd paso a nivel 23 gano HP: 8
07/11/2012 09:15:43 a.m. asdasd paso a nivel 24 gano HP: 7
07/11/2012 09:15:43 a.m. asdasd paso a nivel 25 gano HP: 8
07/11/2012 09:15:43 a.m. asdasd paso a nivel 26 gano HP: 7
07/11/2012 09:15:43 a.m. asdasd paso a nivel 27 gano HP: 5
07/11/2012 09:15:43 a.m. asdasd paso a nivel 28 gano HP: 7
07/11/2012 09:15:43 a.m. asdasd paso a nivel 29 gano HP: 5
07/11/2012 09:15:43 a.m. asdasd paso a nivel 30 gano HP: 7
07/11/2012 09:15:43 a.m. asdasd paso a nivel 31 gano HP: 7
07/11/2012 09:15:43 a.m. asdasd paso a nivel 32 gano HP: 7
07/11/2012 09:15:43 a.m. asdasd paso a nivel 33 gano HP: 9
07/11/2012 09:15:43 a.m. asdasd paso a nivel 34 gano HP: 6
07/11/2012 09:15:43 a.m. asdasd paso a nivel 35 gano HP: 7
07/11/2012 09:15:43 a.m. asdasd paso a nivel 36 gano HP: 7
07/11/2012 09:15:43 a.m. asdasd paso a nivel 37 gano HP: 8
07/11/2012 09:15:43 a.m. asdasd paso a nivel 38 gano HP: 8
07/11/2012 09:15:43 a.m. asdasd paso a nivel 39 gano HP: 7
07/11/2012 09:15:43 a.m. asdasd paso a nivel 40 gano HP: 6
07/11/2012 09:15:43 a.m. asdasd paso a nivel 41 gano HP: 9
07/11/2012 09:15:43 a.m. asdasd paso a nivel 42 gano HP: 7
07/11/2012 09:15:43 a.m. asdasd paso a nivel 43 gano HP: 6
07/11/2012 09:15:43 a.m. asdasd paso a nivel 44 gano HP: 6
07/11/2012 09:15:43 a.m. asdasd paso a nivel 45 gano HP: 7
07/11/2012 09:15:43 a.m. asdasd paso a nivel 46 gano HP: 5
07/11/2012 09:15:43 a.m. asdasd paso a nivel 47 gano HP: 6
07/11/2012 09:15:43 a.m. asdasd paso a nivel 48 gano HP: 7
07/11/2012 09:15:43 a.m. asdasd paso a nivel 49 gano HP: 5
07/11/2012 09:15:43 a.m. asdasd paso a nivel 50 gano HP: 6
08/11/2012 08:29:44 a.m. Standelf compró del NPC 1000 Poción Roja
08/11/2012 08:29:44 a.m. Standelf compró del NPC 1000 Poción Roja
08/11/2012 08:29:45 a.m. Standelf compró del NPC 1000 Poción Roja
08/11/2012 08:29:45 a.m. Standelf compró del NPC 1000 Poción Roja
08/11/2012 08:29:45 a.m. Standelf compró del NPC 1000 Poción Roja
08/11/2012 08:29:46 a.m. Standelf compró del NPC 1000 Poción Roja
08/11/2012 08:29:46 a.m. Standelf compró del NPC 1000 Poción Roja
08/11/2012 08:29:52 a.m. Standelf compró del NPC 1000 Poción Azul
08/11/2012 08:29:53 a.m. Standelf compró del NPC 1000 Poción Azul
08/11/2012 08:29:53 a.m. Standelf compró del NPC 1000 Poción Azul
08/11/2012 08:29:53 a.m. Standelf compró del NPC 1000 Poción Azul
08/11/2012 08:29:53 a.m. Standelf compró del NPC 1000 Poción Azul
08/11/2012 08:29:53 a.m. Standelf compró del NPC 1000 Poción Azul
08/11/2012 08:29:53 a.m. Standelf compró del NPC 1000 Poción Azul
08/11/2012 08:29:54 a.m. Standelf compró del NPC 1000 Poción Azul
08/11/2012 08:29:54 a.m. Standelf compró del NPC 1000 Poción Azul
08/11/2012 08:29:54 a.m. Standelf compró del NPC 1000 Poción Azul
08/11/2012 08:29:54 a.m. Standelf compró del NPC 1000 Poción Azul
08/11/2012 08:29:54 a.m. Standelf compró del NPC 1000 Poción Azul
08/11/2012 08:29:54 a.m. Standelf compró del NPC 1000 Poción Azul
08/11/2012 08:29:54 a.m. Standelf compró del NPC 1000 Poción Azul
08/11/2012 08:29:54 a.m. Standelf compró del NPC 1000 Poción Azul
08/11/2012 08:29:55 a.m. Standelf compró del NPC 1000 Poción Azul
08/11/2012 08:30:06 a.m. Standelf tiró al piso 10000 Poción Azul Mapa: 1 X: 81 Y: 83
08/11/2012 08:30:09 a.m. Standelf tiró al piso 6000 Poción Azul Mapa: 1 X: 80 Y: 82
08/11/2012 08:30:16 a.m. Standelf tiró al piso 8000 Poción Roja Mapa: 1 X: 80 Y: 83
08/11/2012 08:30:58 a.m. asdasd juntó del piso 10000 Poción Azul Mapa: 1 X: 81 Y: 83
08/11/2012 09:51:44 a.m. Standelf Jr compró del NPC 1000 Poción Roja
08/11/2012 09:51:45 a.m. Standelf Jr compró del NPC 1000 Poción Roja
08/11/2012 09:51:45 a.m. Standelf Jr compró del NPC 1000 Poción Roja
08/11/2012 09:51:45 a.m. Standelf Jr compró del NPC 1000 Poción Roja
08/11/2012 09:51:45 a.m. Standelf Jr compró del NPC 1000 Poción Roja
08/11/2012 09:51:45 a.m. Standelf Jr compró del NPC 1000 Poción Roja
08/11/2012 09:51:46 a.m. Standelf Jr compró del NPC 1000 Poción Roja
08/11/2012 01:53:01 p.m. Standelf Jr tiró al piso 6969 Poción Roja Mapa: 1 X: 73 Y: 16
08/11/2012 01:53:01 p.m. Standelf Jr tira oro. Cercanos: Standelf Jr,Asen,
08/11/2012 02:29:18 p.m. Standelf compró del NPC 1000 Poción Roja
08/11/2012 02:29:19 p.m. Standelf compró del NPC 1000 Poción Roja
08/11/2012 02:29:19 p.m. Standelf compró del NPC 1000 Poción Roja
08/11/2012 02:29:19 p.m. Standelf compró del NPC 1000 Poción Roja
08/11/2012 02:29:19 p.m. Standelf compró del NPC 1000 Poción Roja
08/11/2012 02:29:19 p.m. Standelf compró del NPC 1000 Poción Roja
08/11/2012 02:29:19 p.m. Standelf compró del NPC 1000 Poción Roja
08/11/2012 02:29:19 p.m. Standelf compró del NPC 1000 Poción Roja
08/11/2012 02:29:20 p.m. Standelf compró del NPC 1000 Poción Roja
