10/12/2011 12:55:31 Se conecto con ip:127.0.0.1
10/12/2011 12:55:37 Transportó a Dunkan hacia Mapa1 X:50 Y:50
10/12/2011 12:55:40 Transportó a Dunkan hacia Mapa36 X:50 Y:50
10/12/2011 12:55:42 Transportó a Dunkan hacia Mapa36 X:53 Y:46
10/12/2011 12:55:47 Transportó a Dunkan hacia Mapa36 X:44 Y:41
10/12/2011 12:55:54 /MOD EXP 9999999  dunkan
10/12/2011 12:55:58 /MOD EXP 9999999  dunkan
10/12/2011 12:59:25 Se conecto con ip:127.0.0.1
10/12/2011 12:59:27 Transportó a Dunkan hacia Mapa36 X:46 Y:41
10/12/2011 12:59:37 Se conecto con ip:127.0.0.1
10/12/2011 12:59:47 /MOD EXP 9999999  dunkan
10/12/2011 13:02:52 Se conecto con ip:127.0.0.1
10/12/2011 13:03:23 Se conecto con ip:127.0.0.1
10/12/2011 13:03:29 Sumoneó a Golem en mapa 36
10/12/2011 13:04:12 Se conecto con ip:127.0.0.1
10/12/2011 13:04:33 Transportó a Dunkan hacia Mapa36 X:39 Y:42
10/12/2011 13:05:36 Transportó a Dunkan hacia Mapa36 X:40 Y:43
10/12/2011 13:05:36 Transportó a Dunkan hacia Mapa36 X:40 Y:40
10/12/2011 13:05:41 /CI: 600
10/12/2011 13:05:43 /DEST
10/12/2011 13:06:34 Transportó a Dunkan hacia Mapa36 X:39 Y:40
10/12/2011 13:08:26 Se conecto con ip:127.0.0.1
10/12/2011 13:09:56 Se conecto con ip:127.0.0.1
10/12/2011 13:10:06 /CI: 1085
10/12/2011 13:10:07 Agarro:100 Objeto:Bastón del dragon
10/12/2011 13:10:17 /CI: 1080
10/12/2011 13:10:17 Agarro:100 Objeto:Tunica agenlizada 
10/12/2011 13:10:30 Se conecto con ip:127.0.0.1
10/12/2011 13:12:40 Tiró cantidad:100 Objeto:Tunica agenlizada 
10/12/2011 13:12:41 Tiró cantidad:1 Objeto:Bastón del dragon
10/12/2011 13:12:44 /DEST
10/12/2011 13:12:51 Tiró cantidad:1 Objeto:Bastón del dragon
10/12/2011 13:12:52 Tiró cantidad:1 Objeto:Bastón del dragon
10/12/2011 13:12:53 Agarro:1 Objeto:Bastón del dragon
10/12/2011 13:12:54 Agarro:1 Objeto:Bastón del dragon
10/12/2011 13:12:55 Agarro:1 Objeto:Bastón del dragon
10/12/2011 13:13:10 Tiró cantidad:1 Objeto:Bastón del dragon
10/12/2011 13:13:12 Agarro:1 Objeto:Bastón del dragon
10/12/2011 13:13:24 /CI: 1072
10/12/2011 13:13:25 Agarro:100 Objeto:Tunica alada
10/12/2011 13:13:31 /CI: 1071
10/12/2011 13:13:32 Agarro:100 Objeto:Tunica Tribal
10/12/2011 13:14:31 Transportó a Dunkan hacia Mapa36 X:40 Y:49
10/12/2011 13:14:44 /LLUVIA
10/12/2011 13:14:52 /CT 32,50,50,5
10/12/2011 13:15:00 Transportó a Dunkan hacia Mapa32 X:41 Y:53
10/12/2011 13:15:02 Transportó a Dunkan hacia Mapa32 X:35 Y:52
10/12/2011 13:15:15 Transportó a Dunkan hacia Mapa32 X:32 Y:46
10/12/2011 13:15:16 Transportó a Dunkan hacia Mapa32 X:29 Y:46
10/12/2011 13:15:16 Transportó a Dunkan hacia Mapa32 X:33 Y:46
10/12/2011 13:15:16 Transportó a Dunkan hacia Mapa32 X:38 Y:46
10/12/2011 13:15:17 Transportó a Dunkan hacia Mapa32 X:44 Y:46
10/12/2011 13:15:17 Transportó a Dunkan hacia Mapa32 X:50 Y:46
10/12/2011 13:15:17 Transportó a Dunkan hacia Mapa32 X:56 Y:46
10/12/2011 13:15:17 Transportó a Dunkan hacia Mapa32 X:59 Y:44
10/12/2011 13:15:18 Transportó a Dunkan hacia Mapa32 X:63 Y:41
10/12/2011 13:15:25 Transportó a Dunkan hacia Mapa32 X:58 Y:38
10/12/2011 13:15:25 Transportó a Dunkan hacia Mapa32 X:53 Y:34
10/12/2011 13:15:25 Transportó a Dunkan hacia Mapa32 X:49 Y:29
10/12/2011 13:15:25 Transportó a Dunkan hacia Mapa32 X:49 Y:27
10/12/2011 13:15:25 Transportó a Dunkan hacia Mapa32 X:51 Y:27
10/12/2011 13:15:26 Transportó a Dunkan hacia Mapa32 X:49 Y:25
10/12/2011 13:15:26 Transportó a Dunkan hacia Mapa32 X:45 Y:25
10/12/2011 13:15:26 Transportó a Dunkan hacia Mapa32 X:39 Y:25
10/12/2011 13:15:27 Transportó a Dunkan hacia Mapa32 X:35 Y:28
10/12/2011 13:15:27 Transportó a Dunkan hacia Mapa32 X:34 Y:31
10/12/2011 13:15:28 Transportó a Dunkan hacia Mapa32 X:33 Y:35
10/12/2011 13:15:28 Transportó a Dunkan hacia Mapa32 X:33 Y:42
10/12/2011 13:15:29 Transportó a Dunkan hacia Mapa32 X:30 Y:48
10/12/2011 13:15:31 Transportó a Dunkan hacia Mapa32 X:32 Y:52
10/12/2011 13:15:57 Se conecto con ip:127.0.0.1
10/12/2011 13:16:16 /LLUVIA
10/12/2011 13:16:19 /LLUVIA
10/12/2011 13:16:46 Transportó a Dunkan hacia Mapa32 X:38 Y:53
10/12/2011 13:17:32 Transportó a Dunkan hacia Mapa86 X:50 Y:50
10/12/2011 13:17:36 Transportó a Dunkan hacia Mapa86 X:45 Y:49
10/12/2011 13:17:40 Transportó a Dunkan hacia Mapa2 X:50 Y:50
10/12/2011 13:17:48 Transportó a Dunkan hacia Mapa73 X:50 Y:50
10/12/2011 13:17:49 Transportó a Dunkan hacia Mapa73 X:49 Y:45
10/12/2011 13:17:50 Transportó a Dunkan hacia Mapa73 X:42 Y:41
10/12/2011 13:17:50 Transportó a Dunkan hacia Mapa73 X:36 Y:39
10/12/2011 13:17:50 Transportó a Dunkan hacia Mapa73 X:32 Y:40
10/12/2011 13:17:51 Transportó a Dunkan hacia Mapa73 X:31 Y:43
10/12/2011 13:17:51 Transportó a Dunkan hacia Mapa73 X:31 Y:47
10/12/2011 13:17:51 Transportó a Dunkan hacia Mapa73 X:27 Y:50
10/12/2011 13:17:51 Transportó a Dunkan hacia Mapa73 X:22 Y:50
10/12/2011 13:17:51 Transportó a Dunkan hacia Mapa73 X:22 Y:55
10/12/2011 13:17:51 Transportó a Dunkan hacia Mapa73 X:24 Y:60
10/12/2011 13:18:03 Transportó a Dunkan hacia Mapa28 X:50 Y:50
10/12/2011 13:18:04 Transportó a Dunkan hacia Mapa28 X:54 Y:52
10/12/2011 13:18:04 Transportó a Dunkan hacia Mapa28 X:57 Y:54
10/12/2011 13:18:04 Transportó a Dunkan hacia Mapa28 X:61 Y:56
10/12/2011 13:18:04 Transportó a Dunkan hacia Mapa28 X:63 Y:59
10/12/2011 13:18:04 Transportó a Dunkan hacia Mapa28 X:61 Y:63
10/12/2011 13:18:15 Transportó a Dunkan hacia Mapa86 X:50 Y:50
10/12/2011 13:18:40 Transportó a Dunkan hacia Mapa86 X:46 Y:49
10/12/2011 13:18:42 Sumoneó a Golem en mapa 86
10/12/2011 13:18:44 Sumoneó a Golem en mapa 86
10/12/2011 13:19:50 Transportó a Dunkan hacia Mapa86 X:41 Y:51
10/12/2011 13:20:16 Se conecto con ip:127.0.0.1
10/12/2011 13:21:47 Se conecto con ip:127.0.0.1
10/12/2011 13:22:10 Transportó a Dunkan hacia Mapa86 X:50 Y:57
10/12/2011 13:22:10 Transportó a Dunkan hacia Mapa86 X:55 Y:59
10/12/2011 13:22:10 Transportó a Dunkan hacia Mapa86 X:55 Y:59
10/12/2011 13:22:11 Transportó a Dunkan hacia Mapa86 X:54 Y:59
10/12/2011 13:22:12 Transportó a Dunkan hacia Mapa86 X:50 Y:59
10/12/2011 13:22:12 Transportó a Dunkan hacia Mapa86 X:47 Y:57
10/12/2011 13:22:13 Transportó a Dunkan hacia Mapa86 X:43 Y:55
10/12/2011 13:22:31 Transportó a Dunkan hacia Mapa86 X:52 Y:50
10/12/2011 13:22:45 Transportó a Dunkan hacia Mapa86 X:49 Y:50
10/12/2011 13:22:45 Transportó a Dunkan hacia Mapa86 X:47 Y:49
10/12/2011 13:22:46 Transportó a Dunkan hacia Mapa86 X:54 Y:46
10/12/2011 13:22:46 Transportó a Dunkan hacia Mapa86 X:61 Y:46
10/12/2011 13:22:46 Transportó a Dunkan hacia Mapa86 X:63 Y:47
10/12/2011 13:22:47 Transportó a Dunkan hacia Mapa86 X:62 Y:47
10/12/2011 15:08:21 Se conecto con ip:127.0.0.1
10/12/2011 15:08:26 Transportó a Dunkan hacia Mapa86 X:59 Y:45
10/12/2011 15:08:36 /CT 36,50,50,0
10/12/2011 15:08:46 Transportó a Dunkan hacia Mapa36 X:45 Y:41
10/12/2011 15:08:50 Transportó a Dunkan hacia Mapa32 X:50 Y:50
10/12/2011 15:08:54 Transportó a Dunkan hacia Mapa32 X:48 Y:56
10/12/2011 15:08:55 Transportó a Dunkan hacia Mapa32 X:42 Y:55
10/12/2011 15:08:56 Transportó a Dunkan hacia Mapa32 X:39 Y:55
10/12/2011 15:09:00 Transportó a Dunkan hacia Mapa32 X:39 Y:44
10/12/2011 15:09:01 Transportó a Dunkan hacia Mapa32 X:40 Y:46
10/12/2011 15:09:08 Tiró cantidad:1 Objeto:Tunica Tribal
10/12/2011 15:09:13 Agarro:1 Objeto:Tunica Tribal
10/12/2011 15:09:41 Transportó a Dunkan hacia Mapa32 X:41 Y:52
10/12/2011 15:09:52 Se conecto con ip:127.0.0.1
10/12/2011 15:10:05 Sumoneó a Golem en mapa 32
10/12/2011 15:10:25 Transportó a Dunkan hacia Mapa32 X:36 Y:49
