21/10/2010 19:56:11 Se conecto con ip:190.178.169.196
21/10/2010 19:56:19 Dijo: Uff :P
21/10/2010 19:56:24 Dijo: Mortal
21/10/2010 19:56:40 Dijo: Pongo eso?
21/10/2010 19:56:51 Dijo: Ha
21/10/2010 19:56:53 Agarro:1 Objeto:Túnica Legendaria
21/10/2010 19:56:53 Agarro:1 Objeto:Báculo Engarzado
21/10/2010 19:56:56 Agarro:1 Objeto:Vara de Mago
21/10/2010 19:56:58 Agarro:1 Objeto:Sombrero de Mago
21/10/2010 19:57:00 Agarro:1 Objeto:Inmovilizar
21/10/2010 19:57:02 Agarro:1 Objeto:Descarga Eléctrica
21/10/2010 19:57:04 Agarro:1 Objeto:Paralizar
21/10/2010 19:57:06 Agarro:1 Objeto:Devolver Movilidad
21/10/2010 19:57:08 Agarro:1 Objeto:Apocalipsis
21/10/2010 19:57:10 Agarro:1 Objeto:Proyectil Mágico
21/10/2010 19:57:19 Dijo: El futuro de este MMORPG Es increíble.
21/10/2010 19:57:26 Dijo: Si
21/10/2010 19:57:27 Dijo: 154
21/10/2010 19:57:36 Dijo: Si.
21/10/2010 19:58:03 Dijo: Claro.
21/10/2010 19:59:04 Dijo: Hardware le pongo?
21/10/2010 19:59:10 Dijo: Perfécto, relogueo.
21/10/2010 19:59:28 Se conecto con ip:190.178.169.196
21/10/2010 19:59:53 Dijo: 122
21/10/2010 20:00:00 Dijo: Me anda bien.
21/10/2010 20:00:18 Transportó a Fheret hacia Mapa1 X:69 Y:25
21/10/2010 20:00:37 Se conecto con ip:190.178.169.196
21/10/2010 20:00:46 Dijo: Asd.
21/10/2010 20:00:48 Transportó a Fheret hacia Mapa1 X:69 Y:24
21/10/2010 20:00:51 Transportó a Fheret hacia Mapa1 X:72 Y:24
21/10/2010 20:00:51 Transportó a Fheret hacia Mapa1 X:70 Y:23
21/10/2010 20:00:52 Transportó a Fheret hacia Mapa1 X:70 Y:24
21/10/2010 20:00:52 Transportó a Fheret hacia Mapa1 X:68 Y:23
21/10/2010 20:00:53 Transportó a Fheret hacia Mapa1 X:68 Y:25
21/10/2010 20:00:57 Dijo: Che mortal esto.
21/10/2010 20:01:01 Dijo: La verdad, mortal.
21/10/2010 20:01:05 Dijo: Fua lagasho.
21/10/2010 20:01:09 Transportó a Fheret hacia Mapa1 X:72 Y:22
21/10/2010 20:01:10 Transportó a Fheret hacia Mapa1 X:70 Y:25
21/10/2010 20:01:15 Dijo: :P
21/10/2010 20:03:10 Se conecto con ip:190.178.169.196
21/10/2010 20:03:22 Dijo: Ya corri el mini.
21/10/2010 20:03:33 Dijo: 105
21/10/2010 20:03:45 Dijo: Fua me anda lagoso.
21/10/2010 20:03:47 Dijo: 110
21/10/2010 20:03:48 Dijo: 107
21/10/2010 20:03:50 Transportó a Fheret hacia Mapa1 X:71 Y:23
21/10/2010 20:04:15 Transportó a Fheret hacia Mapa1 X:72 Y:26
21/10/2010 20:05:34 Dijo: asd
21/10/2010 20:05:43 Se conecto con ip:190.178.169.196
21/10/2010 20:05:48 Dijo: TATA
21/10/2010 20:05:48 Dijo: TA
21/10/2010 20:06:03 Dijo: Jajaja
21/10/2010 20:06:06 Dijo: Me hace pedaso.
21/10/2010 20:06:14 Dijo: Comando no reconocido.
21/10/2010 20:06:22 Dijo: Eso me dice.
21/10/2010 20:06:31 Dijo: :/
21/10/2010 20:06:36 Dijo: No lo quiere el comando a Facu.
21/10/2010 20:06:47 Dijo:    /duelo :S
21/10/2010 20:07:01 Transportó a Fheret hacia Mapa1 X:70 Y:34
21/10/2010 20:07:10 Transportó a Fheret hacia Mapa1 X:70 Y:27
21/10/2010 20:07:35 Dijo: xD!
21/10/2010 20:07:51 Dijo: Mas vale
21/10/2010 20:07:53 Dijo: da
21/10/2010 20:07:54 Dijo: No me deja
21/10/2010 20:07:56 Dijo: :/
21/10/2010 20:07:56 Dijo:  
21/10/2010 20:08:19 Se conecto con ip:190.178.169.196
21/10/2010 20:08:27 Dijo: Nada :s
21/10/2010 20:08:42 Dijo: No me deja
21/10/2010 20:08:57 Grito: Asd
21/10/2010 20:09:15 Dijo: Ok.
21/10/2010 20:09:26 Dijo: Oka.s
21/10/2010 20:10:32 Se conecto con ip:190.178.169.196
21/10/2010 20:10:41 Dijo: Da
21/10/2010 20:10:45 Dijo: Nada
21/10/2010 20:11:00 Dijo: SI
21/10/2010 20:11:08 Dijo: Si
21/10/2010 20:11:26 Dijo: Ok
21/10/2010 20:11:54 Dijo: Hay un archivo Rar que dice "Tmp"
21/10/2010 20:12:04 Dijo: y un exe del blisse.
21/10/2010 20:12:27 Dijo: Si algo mal anda xD
21/10/2010 20:12:35 Dijo: Oka
21/10/2010 20:12:36 Dijo: Pera
21/10/2010 20:16:17 Se conecto con ip:190.178.169.196
21/10/2010 20:16:50 Dijo: Gr
21/10/2010 20:16:56 Dijo: xD
21/10/2010 20:17:18 Dijo: Facu!
21/10/2010 20:17:55 Transportó a Fheret hacia Mapa1 X:69 Y:34
21/10/2010 20:18:04 Transportó a Fheret hacia Mapa1 X:67 Y:33
21/10/2010 20:18:04 Transportó a Fheret hacia Mapa1 X:70 Y:28
21/10/2010 20:18:23 /INVISIBLE
21/10/2010 20:18:25 /INVISIBLE
21/10/2010 20:18:27 /LLUVIA
21/10/2010 20:18:32 /LLUVIA
21/10/2010 20:19:50 Transportó a Fheret hacia Mapa1 X:69 Y:34
21/10/2010 20:19:54 /LLUVIA
21/10/2010 20:19:57 Dijo: FaKu!
21/10/2010 20:20:01 /LLUVIA
21/10/2010 20:20:05 Transportó a Fheret hacia Mapa1 X:69 Y:29
21/10/2010 20:20:17 Transportó a Fheret hacia Mapa1 X:57 Y:22
21/10/2010 20:20:17 Transportó a Fheret hacia Mapa1 X:57 Y:22
21/10/2010 20:20:18 Transportó a Fheret hacia Mapa1 X:56 Y:22
21/10/2010 20:20:18 Transportó a Fheret hacia Mapa1 X:51 Y:24
21/10/2010 20:20:24 Transportó a Fheret hacia Mapa1 X:37 Y:25
21/10/2010 20:20:28 Transportó a Fheret hacia Mapa1 X:33 Y:33
21/10/2010 20:20:41 Transportó a Fheret hacia Mapa1 X:41 Y:41
21/10/2010 20:20:41 Transportó a Fheret hacia Mapa1 X:48 Y:45
21/10/2010 20:20:42 Transportó a Fheret hacia Mapa1 X:55 Y:49
21/10/2010 20:20:42 Transportó a Fheret hacia Mapa1 X:54 Y:49
21/10/2010 20:20:42 Transportó a Fheret hacia Mapa1 X:54 Y:50
21/10/2010 20:20:42 Transportó a Fheret hacia Mapa1 X:54 Y:50
21/10/2010 20:20:43 Transportó a Fheret hacia Mapa1 X:59 Y:47
21/10/2010 20:20:45 Transportó a Fheret hacia Mapa1 X:63 Y:40
21/10/2010 20:20:45 Transportó a Fheret hacia Mapa1 X:65 Y:35
21/10/2010 20:20:46 Transportó a Fheret hacia Mapa1 X:65 Y:30
21/10/2010 20:20:47 Transportó a Fheret hacia Mapa1 X:68 Y:24
21/10/2010 20:21:17 Dijo: xD
21/10/2010 20:21:25 Dijo: Todavia no lo puse
21/10/2010 20:21:27 Dijo: Esta cargando.
21/10/2010 20:21:30 Dijo: Che
21/10/2010 20:21:38 Dijo: Esto se va a inundar de usuarios en su apertura.
21/10/2010 20:21:53 Dijo: El futuro que le veo dios mio.
21/10/2010 20:22:06 Dijo: Aceptas clan?
21/10/2010 20:22:08 Dijo: O que paso.
21/10/2010 20:22:15 Dijo: xD
21/10/2010 20:22:26 Dijo: Ahi me llego, ya entro
21/10/2010 20:28:05 Se conecto con ip:190.178.169.196
21/10/2010 20:28:34 Dijo: No tengo potas jaja
21/10/2010 20:28:38 Dijo: 0 Potas
21/10/2010 20:28:47 Dijo: Wa
21/10/2010 20:28:49 Dijo: Aparecen re lejos
21/10/2010 20:28:50 Agarro:1000 Objeto:Poción Roja
21/10/2010 20:28:50 Agarro:1000 Objeto:Poción Azul
21/10/2010 20:28:55 Dijo: Esta mortal.
21/10/2010 20:29:09 Dijo: Se puso oscuro
21/10/2010 20:29:14 Dijo:  
21/10/2010 20:29:24 Dijo:  
21/10/2010 20:29:27 Dijo:  
21/10/2010 20:29:57 Resucito a fheret
21/10/2010 20:29:58 Dijo: Jajaja
21/10/2010 20:30:00 Dijo: Me la puso Midraks
21/10/2010 20:30:56 Mensaje a Gms:Voy a recorrer el mundo, se puede?
21/10/2010 20:31:06 Transportó a Fheret hacia Mapa1 X:62 Y:33
21/10/2010 20:31:07 Transportó a Fheret hacia Mapa1 X:55 Y:37
21/10/2010 20:31:08 Transportó a Fheret hacia Mapa1 X:51 Y:32
21/10/2010 20:31:08 Transportó a Fheret hacia Mapa1 X:49 Y:27
21/10/2010 20:31:21 Mensaje a Gms:Ok.
21/10/2010 20:31:22 Transportó a Fheret hacia Mapa1 X:47 Y:16
21/10/2010 20:31:22 Transportó a Fheret hacia Mapa1 X:47 Y:16
21/10/2010 20:31:23 Transportó a Fheret hacia Mapa1 X:44 Y:20
21/10/2010 20:31:23 Transportó a Fheret hacia Mapa1 X:40 Y:24
21/10/2010 20:31:23 Transportó a Fheret hacia Mapa1 X:39 Y:24
21/10/2010 20:31:23 Transportó a Fheret hacia Mapa1 X:35 Y:28
21/10/2010 20:31:23 Transportó a Fheret hacia Mapa1 X:38 Y:29
21/10/2010 20:31:24 Transportó a Fheret hacia Mapa1 X:35 Y:33
21/10/2010 20:31:24 Transportó a Fheret hacia Mapa1 X:39 Y:35
21/10/2010 20:31:24 Transportó a Fheret hacia Mapa1 X:38 Y:35
21/10/2010 20:31:24 Transportó a Fheret hacia Mapa1 X:35 Y:39
21/10/2010 20:31:24 Transportó a Fheret hacia Mapa1 X:38 Y:41
21/10/2010 20:31:25 Transportó a Fheret hacia Mapa1 X:37 Y:47
21/10/2010 20:31:25 Transportó a Fheret hacia Mapa1 X:35 Y:46
21/10/2010 20:31:25 Transportó a Fheret hacia Mapa1 X:34 Y:46
21/10/2010 20:31:25 Transportó a Fheret hacia Mapa1 X:30 Y:50
21/10/2010 20:31:27 Transportó a Fheret hacia Mapa1 X:29 Y:55
21/10/2010 20:32:02 Transportó a Fheret hacia Mapa1 X:27 Y:72
21/10/2010 20:32:08 Transportó a Fheret hacia Mapa1 X:39 Y:81
21/10/2010 20:32:09 Transportó a Fheret hacia Mapa1 X:46 Y:83
21/10/2010 20:32:41 Dijo: Piola veo nublado
21/10/2010 20:32:55 Dijo: AWEEEEEEE
21/10/2010 20:32:57 Dijo: MORTAAL!!
21/10/2010 20:34:05 Dijo: Jajaja
21/10/2010 20:34:06 Transportó a Fheret hacia Mapa1 X:63 Y:74
21/10/2010 20:34:13 Dijo: Me nuble mi estilo
21/10/2010 20:34:15 Dijo: xD
21/10/2010 20:34:24 Dijo: Woah
21/10/2010 20:34:36 Dijo: Da
21/10/2010 20:34:39 Dijo: QUiero esa aurita
21/10/2010 20:34:53 Dijo: Listo
21/10/2010 20:35:04 Dijo: Dame esa ropita?
21/10/2010 20:35:33 Dijo: Genial
21/10/2010 20:35:35 Dijo: Muy genial.
21/10/2010 20:35:42 Dijo: Esa aura la podemos tener?
21/10/2010 20:35:48 Dijo: Sos un maestro.
21/10/2010 20:36:00 Dijo: Que es
21/10/2010 20:36:03 Dijo: Un item?
21/10/2010 20:36:04 Dijo: Una ropa?
21/10/2010 20:36:18 Dijo: Es una ropa ?
21/10/2010 20:36:31 Agarro:1 Objeto:Túnica de Mago del Imperio
21/10/2010 20:36:37 Dijo: uFUFUF
21/10/2010 20:36:44 Dijo: Fotito
21/10/2010 20:36:51 Dijo: Jjaajja
21/10/2010 20:37:01 Dijo: No me gusta el medio
21/10/2010 20:37:07 Dijo: Jajjaa
21/10/2010 20:37:18 Dijo: < feo
21/10/2010 20:37:19 Dijo:  
21/10/2010 20:37:37 Dijo: Y el aura verde de la imagen de la pagina que es?
21/10/2010 20:37:47 Dijo: Ah
21/10/2010 20:38:34 Dijo: Hay items nuevos¿
21/10/2010 20:38:49 Dijo: Mostrame alguno
21/10/2010 20:39:00 Dijo: Ah
21/10/2010 20:39:50 Dijo: Dios mio
21/10/2010 20:39:55 Dijo: Este juego se va a llenar de gente.
21/10/2010 20:40:00 Dijo: El fututo que uno le ve es increible
21/10/2010 20:40:12 Dijo: Sarpan en programion
21/10/2010 20:40:15 Dijo: Si que cagaso!
21/10/2010 20:40:23 Dijo: Tenia el sonido full
21/10/2010 20:40:25 Dijo: xD
21/10/2010 20:40:32 Dijo: Que edad tenes
21/10/2010 20:40:38 Dijo: AAAH
21/10/2010 20:40:39 Dijo:  
21/10/2010 20:41:02 Dijo: Yo tengo 88
21/10/2010 20:41:20 Dijo: xD!
21/10/2010 20:41:41 Transportó a Fheret hacia Mapa1 X:71 Y:87
21/10/2010 20:41:46 Dijo: Uh genial
21/10/2010 20:41:59 Dijo: Fotito para mi MSN
21/10/2010 20:42:19 Dijo: Facu!
21/10/2010 20:43:21 Dijo: jajaja parece
21/10/2010 20:43:48 Dijo: Si talcual
21/10/2010 20:43:51 Dijo: Quien lo hizo
21/10/2010 20:43:52 Dijo: Mortal
21/10/2010 20:45:09 Dijo: Ulla.
21/10/2010 20:46:22 Dijo:  /Rmsg?
21/10/2010 20:46:24 Dijo: :P
21/10/2010 20:46:27 Mensaje Broadcast:Standelf.
21/10/2010 20:46:58 Tiró cantidad:10000 Objeto:Monedas de Oro
21/10/2010 20:47:20 Dijo: Ehmmm...
21/10/2010 20:47:22 Dijo: Nada mas.
21/10/2010 20:47:46 Dijo: xD
21/10/2010 20:47:51 Dijo: Aver
21/10/2010 20:47:54 Dijo: Trae un bichito que dure.
21/10/2010 20:48:28 Dijo:  
21/10/2010 20:49:24 Dijo: xD
21/10/2010 20:49:54 Dijo: 270
21/10/2010 20:49:56 Dijo: xD
21/10/2010 20:50:50 Transportó a Fheret hacia Mapa1 X:74 Y:68
21/10/2010 20:50:52 Transportó a Fheret hacia Mapa1 X:74 Y:69
21/10/2010 20:50:53 Transportó a Fheret hacia Mapa1 X:74 Y:70
21/10/2010 20:50:55 Transportó a Fheret hacia Mapa1 X:74 Y:71
21/10/2010 20:51:20 Dijo:  
21/10/2010 20:52:04 Dijo: :o
21/10/2010 20:52:06 Dijo:  
21/10/2010 20:53:22 Transportó a Fheret hacia Mapa1 X:74 Y:67
21/10/2010 20:54:26 Transportó a Fheret hacia Mapa1 X:50 Y:10
21/10/2010 20:54:36 Transportó a Fheret hacia Mapa8 X:49 Y:68
21/10/2010 20:54:36 Transportó a Fheret hacia Mapa8 X:49 Y:67
21/10/2010 20:54:36 Transportó a Fheret hacia Mapa8 X:48 Y:61
21/10/2010 20:54:36 Transportó a Fheret hacia Mapa8 X:48 Y:62
21/10/2010 20:54:36 Transportó a Fheret hacia Mapa8 X:48 Y:56
21/10/2010 20:54:37 Transportó a Fheret hacia Mapa8 X:49 Y:57
21/10/2010 20:54:37 Transportó a Fheret hacia Mapa8 X:49 Y:51
21/10/2010 20:54:37 Transportó a Fheret hacia Mapa8 X:51 Y:52
21/10/2010 20:54:37 Transportó a Fheret hacia Mapa8 X:51 Y:46
21/10/2010 20:54:37 Transportó a Fheret hacia Mapa8 X:53 Y:47
21/10/2010 20:54:37 Transportó a Fheret hacia Mapa8 X:53 Y:41
21/10/2010 20:54:38 Transportó a Fheret hacia Mapa8 X:55 Y:36
21/10/2010 20:54:38 Transportó a Fheret hacia Mapa8 X:55 Y:36
21/10/2010 20:54:38 Transportó a Fheret hacia Mapa8 X:56 Y:36
21/10/2010 20:54:39 Transportó a Fheret hacia Mapa8 X:59 Y:31
21/10/2010 20:54:39 Transportó a Fheret hacia Mapa8 X:61 Y:26
21/10/2010 20:54:40 Transportó a Fheret hacia Mapa8 X:65 Y:22
21/10/2010 20:54:51 Mensaje a Gms:Veni standelf
21/10/2010 20:55:08 Dijo: Mira pone el Mouse ahi >> alado mio dice Silla real
21/10/2010 20:55:21 Dijo: Ah
21/10/2010 20:55:40 Dijo: xD
21/10/2010 20:55:41 Dijo: Hola
21/10/2010 20:55:49 Dijo: Una túnica, jaja.
21/10/2010 20:55:56 Transportó a Fheret hacia Mapa8 X:80 Y:25
21/10/2010 20:56:12 Transportó a Fheret hacia Mapa9 X:22 Y:33
21/10/2010 20:56:12 Transportó a Fheret hacia Mapa9 X:23 Y:34
21/10/2010 20:56:12 Transportó a Fheret hacia Mapa9 X:29 Y:35
21/10/2010 20:56:12 Transportó a Fheret hacia Mapa9 X:30 Y:36
21/10/2010 20:56:13 Transportó a Fheret hacia Mapa9 X:37 Y:38
21/10/2010 20:56:13 Transportó a Fheret hacia Mapa9 X:37 Y:38
21/10/2010 20:56:13 Transportó a Fheret hacia Mapa9 X:44 Y:40
21/10/2010 20:56:13 Transportó a Fheret hacia Mapa9 X:44 Y:40
21/10/2010 20:56:13 Transportó a Fheret hacia Mapa9 X:51 Y:42
21/10/2010 20:56:13 Transportó a Fheret hacia Mapa9 X:52 Y:41
21/10/2010 20:56:14 Transportó a Fheret hacia Mapa9 X:59 Y:43
21/10/2010 20:56:14 Transportó a Fheret hacia Mapa9 X:58 Y:43
21/10/2010 20:56:14 Transportó a Fheret hacia Mapa9 X:58 Y:43
21/10/2010 20:56:14 Transportó a Fheret hacia Mapa9 X:60 Y:42
21/10/2010 20:56:14 Transportó a Fheret hacia Mapa9 X:66 Y:44
21/10/2010 20:56:15 Transportó a Fheret hacia Mapa9 X:74 Y:45
21/10/2010 20:56:15 Transportó a Fheret hacia Mapa9 X:74 Y:45
21/10/2010 20:56:15 Transportó a Fheret hacia Mapa9 X:82 Y:47
21/10/2010 20:56:15 Transportó a Fheret hacia Mapa9 X:82 Y:47
21/10/2010 20:56:16 Transportó a Fheret hacia Mapa9 X:90 Y:49
21/10/2010 20:56:20 Transportó a Fheret hacia Mapa13 X:17 Y:53
21/10/2010 20:56:20 Transportó a Fheret hacia Mapa13 X:17 Y:53
21/10/2010 20:56:20 Transportó a Fheret hacia Mapa13 X:17 Y:53
21/10/2010 20:56:20 Transportó a Fheret hacia Mapa13 X:22 Y:57
21/10/2010 20:56:20 Transportó a Fheret hacia Mapa13 X:21 Y:57
21/10/2010 20:56:20 Transportó a Fheret hacia Mapa13 X:25 Y:61
21/10/2010 20:56:20 Transportó a Fheret hacia Mapa13 X:24 Y:61
21/10/2010 20:56:21 Transportó a Fheret hacia Mapa13 X:28 Y:65
21/10/2010 20:56:21 Transportó a Fheret hacia Mapa13 X:27 Y:65
21/10/2010 20:56:22 Transportó a Fheret hacia Mapa13 X:32 Y:67
21/10/2010 20:56:22 Transportó a Fheret hacia Mapa13 X:39 Y:70
21/10/2010 20:56:32 Transportó a Fheret hacia Mapa12 X:38 Y:16
21/10/2010 20:56:33 Transportó a Fheret hacia Mapa12 X:38 Y:17
21/10/2010 20:56:33 Transportó a Fheret hacia Mapa12 X:38 Y:23
21/10/2010 20:56:33 Transportó a Fheret hacia Mapa12 X:38 Y:23
21/10/2010 20:56:33 Transportó a Fheret hacia Mapa12 X:38 Y:29
21/10/2010 20:56:34 Transportó a Fheret hacia Mapa12 X:38 Y:35
21/10/2010 20:56:34 Transportó a Fheret hacia Mapa12 X:38 Y:41
21/10/2010 20:56:34 Transportó a Fheret hacia Mapa12 X:38 Y:47
21/10/2010 20:56:35 Transportó a Fheret hacia Mapa12 X:38 Y:53
21/10/2010 20:56:35 Transportó a Fheret hacia Mapa12 X:38 Y:59
21/10/2010 20:56:36 Transportó a Fheret hacia Mapa12 X:38 Y:65
21/10/2010 20:56:36 Transportó a Fheret hacia Mapa12 X:38 Y:71
21/10/2010 20:56:36 Transportó a Fheret hacia Mapa12 X:38 Y:77
21/10/2010 20:56:37 Transportó a Fheret hacia Mapa12 X:38 Y:83
21/10/2010 20:56:39 Transportó a Fheret hacia Mapa12 X:42 Y:90
21/10/2010 20:56:41 Transportó a Fheret hacia Mapa12 X:39 Y:84
21/10/2010 20:56:53 Dijo: xD
21/10/2010 20:57:24 Dijo: Jajaja
21/10/2010 20:57:40 Dijo: Che, si estas inactivo te desconecta?
21/10/2010 21:00:44 Se conecto con ip:190.178.169.196
21/10/2010 21:06:32 Dijo: Mortal ese rayo.
21/10/2010 21:06:52 Dijo: Ni idea.
21/10/2010 21:07:09 Dijo: xD
21/10/2010 21:07:11 Dijo: y
21/10/2010 21:07:21 Dijo: Ya vengo, me voy a ponér el cinturón de Taekwondo.
21/10/2010 21:08:24 Dijo: De dónde sos?
21/10/2010 21:09:00 Dijo: Tres Arroyos, Bs.AS.
21/10/2010 21:09:25 Dijo: xD
21/10/2010 21:09:27 Agarro:1 Objeto:Poción Roja
21/10/2010 21:09:32 Tiró cantidad:964 Objeto:Poción Roja
21/10/2010 21:09:34 Agarro:964 Objeto:Poción Roja
21/10/2010 21:09:36 Tiró cantidad:1 Objeto:Poción Roja
21/10/2010 21:09:37 Agarro:1 Objeto:Poción Roja
21/10/2010 21:10:02 Transportó a Fheret hacia Mapa1 X:71 Y:26
21/10/2010 21:10:08 Transportó a Fheret hacia Mapa1 X:71 Y:25
21/10/2010 21:11:21 Dijo: Me fuí a taekwondo che, saludos, nos vemos después.
25/10/2010 15:31:24 Se conecto con ip:190.178.182.205
25/10/2010 15:32:28 Se conecto con ip:190.178.182.205
25/10/2010 15:32:59 Transportó a Fheret hacia Mapa1 X:62 Y:25
25/10/2010 15:33:00 Transportó a Fheret hacia Mapa1 X:60 Y:26
25/10/2010 15:34:11 Agarro:1 Objeto:Vara de Mago
25/10/2010 15:34:20 Transportó a Fheret hacia Mapa1 X:71 Y:61
25/10/2010 15:34:24 Transportó a Fheret hacia Mapa1 X:63 Y:59
25/10/2010 15:34:26 Tiró cantidad:1 Objeto:Vara de Mago
25/10/2010 15:34:28 Transportó a Fheret hacia Mapa1 X:62 Y:64
25/10/2010 15:34:28 Transportó a Fheret hacia Mapa1 X:62 Y:64
25/10/2010 15:34:29 Transportó a Fheret hacia Mapa1 X:61 Y:64
25/10/2010 15:34:29 Transportó a Fheret hacia Mapa1 X:61 Y:64
25/10/2010 15:34:29 Transportó a Fheret hacia Mapa1 X:58 Y:68
25/10/2010 15:34:29 Transportó a Fheret hacia Mapa1 X:59 Y:68
25/10/2010 15:34:30 Transportó a Fheret hacia Mapa1 X:62 Y:73
25/10/2010 15:34:30 Transportó a Fheret hacia Mapa1 X:64 Y:73
25/10/2010 15:34:32 Transportó a Fheret hacia Mapa1 X:68 Y:77
25/10/2010 15:34:35 Transportó a Fheret hacia Mapa1 X:64 Y:81
25/10/2010 15:34:36 Transportó a Fheret hacia Mapa1 X:56 Y:82
25/10/2010 15:34:36 Transportó a Fheret hacia Mapa1 X:56 Y:82
25/10/2010 15:34:37 Transportó a Fheret hacia Mapa1 X:48 Y:80
25/10/2010 15:35:04 Transportó a Fheret hacia Mapa34 X:50 Y:50
25/10/2010 15:35:13 Transportó a Fheret hacia Mapa8 X:50 Y:50
25/10/2010 15:35:17 Transportó a Fheret hacia Mapa54 X:50 Y:50
25/10/2010 15:35:21 Transportó a Fheret hacia Mapa55 X:50 Y:50
25/10/2010 15:35:29 Transportó a Fheret hacia Mapa24 X:50 Y:50
25/10/2010 15:35:47 Dijo: asd
25/10/2010 15:35:52 Dijo: awe
25/10/2010 15:35:53 Dijo:  
25/10/2010 15:35:59 Transportó a Fheret hacia Mapa49 X:50 Y:50
25/10/2010 15:36:06 Dijo: da
25/10/2010 15:36:11 Transportó a Fheret hacia Mapa49 X:45 Y:53
25/10/2010 15:38:42 Se conecto con ip:190.178.182.205
25/10/2010 15:38:50 Dijo: da
25/10/2010 15:39:02 Dijo: Terrible lag Jajajaja
25/10/2010 15:39:36 Dijo: "M"
25/10/2010 15:39:37 Dijo:  
25/10/2010 15:39:48 Dijo: Es de Colores.dat
25/10/2010 15:40:23 Dijo: Camarin de Ricardo Fort.
25/10/2010 15:40:39 Dijo: Okz
25/10/2010 15:40:39 Dijo:  
25/10/2010 15:40:46 Dijo: Afirmative
25/10/2010 15:41:11 Agarro:1 Objeto:Túnica de Mago Oscuro
25/10/2010 15:41:17 Dijo: Noo que piola 
25/10/2010 15:41:20 Dijo: Mortla
25/10/2010 15:41:34 Dijo: Ojala yo aprendiera a hacer estos graficos
25/10/2010 15:41:54 Dijo: xD
25/10/2010 15:41:56 Dijo: MMM
25/10/2010 15:42:28 Transportó a Fheret hacia Mapa1 X:65 Y:56
25/10/2010 15:42:31 Transportó a Fheret hacia Mapa1 X:65 Y:45
25/10/2010 15:42:33 Transportó a Fheret hacia Mapa1 X:64 Y:40
25/10/2010 15:42:37 Dijo: xD
25/10/2010 15:43:17 Dijo: Ami no xD
25/10/2010 15:43:29 Dijo: Si
25/10/2010 15:43:32 Dijo: YO lo veo de noche
25/10/2010 15:43:55 Dijo: El famoso que habla.
25/10/2010 15:43:58 Dijo:  
25/10/2010 15:44:17 Dijo:  
25/10/2010 15:44:21 Dijo: Yo apoca?
25/10/2010 15:44:32 Transportó a Fheret hacia Mapa1 X:66 Y:27
25/10/2010 15:44:37 Dijo: No me deja pegarle JAJAJAJ
25/10/2010 15:44:57 Dijo: xD
25/10/2010 15:44:59 Dijo: Sale el umito.
25/10/2010 15:45:04 Dijo:  
25/10/2010 15:45:38 Dijo:  
25/10/2010 15:52:58 Se conecto con ip:190.178.182.205
25/10/2010 15:53:29 Transportó a Fheret hacia Mapa1 X:68 Y:24
25/10/2010 15:53:53 Transportó a Fheret hacia Mapa1 X:67 Y:34
25/10/2010 15:54:08 Transportó a Fheret hacia Mapa1 X:66 Y:36
25/10/2010 15:54:08 Transportó a Fheret hacia Mapa1 X:60 Y:35
25/10/2010 15:54:09 Transportó a Fheret hacia Mapa1 X:54 Y:35
25/10/2010 15:54:09 Transportó a Fheret hacia Mapa1 X:55 Y:39
25/10/2010 15:54:10 Transportó a Fheret hacia Mapa1 X:60 Y:45
25/10/2010 15:54:10 Transportó a Fheret hacia Mapa1 X:64 Y:50
25/10/2010 15:54:11 Transportó a Fheret hacia Mapa1 X:69 Y:55
25/10/2010 15:54:11 Transportó a Fheret hacia Mapa1 X:73 Y:60
25/10/2010 15:54:13 Transportó a Fheret hacia Mapa1 X:75 Y:57
25/10/2010 15:54:15 Transportó a Fheret hacia Mapa1 X:72 Y:60
25/10/2010 15:54:17 Transportó a Fheret hacia Mapa1 X:63 Y:60
25/10/2010 15:54:21 Transportó a Fheret hacia Mapa1 X:62 Y:59
25/10/2010 15:54:24 Transportó a Fheret hacia Mapa1 X:55 Y:61
25/10/2010 15:54:25 Transportó a Fheret hacia Mapa1 X:49 Y:64
25/10/2010 15:54:25 Transportó a Fheret hacia Mapa1 X:43 Y:63
25/10/2010 15:54:26 Transportó a Fheret hacia Mapa1 X:40 Y:66
25/10/2010 15:54:29 Transportó a Fheret hacia Mapa1 X:36 Y:69
25/10/2010 15:54:29 Transportó a Fheret hacia Mapa1 X:30 Y:73
25/10/2010 15:54:39 Transportó a Fheret hacia Mapa1 X:23 Y:80
25/10/2010 15:54:39 Transportó a Fheret hacia Mapa1 X:19 Y:74
25/10/2010 15:54:39 Transportó a Fheret hacia Mapa1 X:16 Y:68
25/10/2010 15:54:40 Transportó a Fheret hacia Mapa1 X:18 Y:63
25/10/2010 15:54:41 Transportó a Fheret hacia Mapa1 X:19 Y:59
25/10/2010 15:54:43 Transportó a Fheret hacia Mapa1 X:22 Y:53
25/10/2010 15:54:43 Transportó a Fheret hacia Mapa1 X:24 Y:48
25/10/2010 15:54:44 Transportó a Fheret hacia Mapa1 X:24 Y:43
25/10/2010 15:54:45 Transportó a Fheret hacia Mapa1 X:29 Y:45
25/10/2010 15:54:46 Transportó a Fheret hacia Mapa1 X:34 Y:48
25/10/2010 15:54:51 Transportó a Fheret hacia Mapa1 X:36 Y:38
25/10/2010 15:54:51 Transportó a Fheret hacia Mapa1 X:35 Y:38
25/10/2010 15:54:51 Transportó a Fheret hacia Mapa1 X:35 Y:33
25/10/2010 15:54:52 Transportó a Fheret hacia Mapa1 X:34 Y:28
25/10/2010 15:54:55 Transportó a Fheret hacia Mapa1 X:33 Y:29
25/10/2010 15:55:03 Transportó a Fheret hacia Mapa1 X:29 Y:25
25/10/2010 15:55:10 Transportó a Fheret hacia Mapa1 X:31 Y:14
25/10/2010 15:55:11 Transportó a Fheret hacia Mapa1 X:36 Y:16
25/10/2010 15:55:12 Transportó a Fheret hacia Mapa1 X:42 Y:17
25/10/2010 15:55:12 Transportó a Fheret hacia Mapa1 X:48 Y:18
25/10/2010 15:55:13 Transportó a Fheret hacia Mapa1 X:53 Y:21
25/10/2010 15:55:13 Transportó a Fheret hacia Mapa1 X:58 Y:25
25/10/2010 15:55:16 Transportó a Fheret hacia Mapa48 X:50 Y:50
25/10/2010 15:55:46 Se conecto con ip:190.178.182.205
25/10/2010 15:58:48 Se conecto con ip:190.178.182.205
25/10/2010 15:59:11 Se conecto con ip:190.178.182.205
25/10/2010 15:59:20 Dijo: Che
25/10/2010 15:59:24 Dijo: Eso del nick se va a arreglar?
25/10/2010 15:59:31 Dijo: Que se corra un poquito mas <---
25/10/2010 15:59:43 Dijo: Ah eso era
25/10/2010 15:59:44 Dijo: :P
25/10/2010 16:02:36 Se conecto con ip:190.178.182.205
25/10/2010 16:02:45 Dijo: asd
25/10/2010 16:02:49 Transportó a Fheret hacia Mapa59 X:50 Y:50
25/10/2010 16:03:01 Transportó a Fheret hacia Mapa1 X:50 Y:50
25/10/2010 16:03:04 Transportó a Fheret hacia Mapa1 X:55 Y:40
25/10/2010 16:03:04 Transportó a Fheret hacia Mapa1 X:60 Y:35
25/10/2010 16:03:04 Transportó a Fheret hacia Mapa1 X:60 Y:35
25/10/2010 16:03:05 Transportó a Fheret hacia Mapa1 X:65 Y:30
25/10/2010 16:03:06 Transportó a Fheret hacia Mapa1 X:68 Y:26
25/10/2010 16:03:25 Dijo: Poneme la cara 501 Jajaja
25/10/2010 16:03:37 Dijo: Muajajjaja
25/10/2010 16:03:45 Se conecto con ip:190.178.182.205
25/10/2010 16:04:42 Dijo: Está rico el café.
25/10/2010 16:04:43 Dijo: xD
25/10/2010 16:05:14 Resucito a fheret
25/10/2010 16:05:18 Dijo: Como me kb.
25/10/2010 16:05:35 Mensaje a Gms:Espera acomodo una tecla
25/10/2010 16:06:03 Dijo: prea
25/10/2010 16:06:04 Dijo: no me salio
25/10/2010 16:06:06 Dijo: LAGASO
25/10/2010 16:06:20 Dijo: asd
25/10/2010 16:06:24 Dijo: 312
25/10/2010 16:06:26 Dijo: 3
25/10/2010 16:06:27 Dijo: 2
25/10/2010 16:06:30 Dijo: LAG
25/10/2010 16:06:32 Dijo: YA
25/10/2010 16:07:04 Dijo: PF
25/10/2010 16:07:05 Dijo:  
25/10/2010 16:07:57 Dijo:  
25/10/2010 16:07:59 Dijo: ajaja
25/10/2010 16:08:15 Dijo: Que aim
25/10/2010 16:08:16 Dijo: Hdp
25/10/2010 16:08:24 Dijo: Quiero ver las meditaciones :b
25/10/2010 16:08:34 Dijo: <
25/10/2010 16:08:35 Dijo:  
25/10/2010 16:10:22 Tiró cantidad:1 Objeto:Monedas de Oro
25/10/2010 16:15:52 Dijo: Mando
25/10/2010 16:16:19 Dijo: Mandé
25/10/2010 16:16:32 Dijo: Che
25/10/2010 16:16:42 Dijo: Tengo una canción para que pongas en el video, si querés, esta muy buena
25/10/2010 16:23:04 Dijo: No lo veo yo
25/10/2010 16:23:06 Dijo: :/
25/10/2010 16:23:07 Dijo: Jajja
25/10/2010 16:24:23 Dijo: Eze
25/10/2010 16:24:32 Dijo: Estás bajando la canción?
25/10/2010 16:29:34 Transportó a Fheret hacia Mapa1 X:69 Y:73
25/10/2010 16:29:36 Transportó a Fheret hacia Mapa1 X:63 Y:74
25/10/2010 16:29:36 Transportó a Fheret hacia Mapa1 X:63 Y:69
25/10/2010 16:29:37 Transportó a Fheret hacia Mapa1 X:64 Y:64
25/10/2010 16:29:37 Transportó a Fheret hacia Mapa1 X:61 Y:64
25/10/2010 16:29:37 Transportó a Fheret hacia Mapa1 X:59 Y:60
25/10/2010 16:29:38 Transportó a Fheret hacia Mapa1 X:55 Y:61
25/10/2010 16:29:38 Transportó a Fheret hacia Mapa1 X:53 Y:57
25/10/2010 16:29:38 Transportó a Fheret hacia Mapa1 X:49 Y:58
25/10/2010 16:29:38 Transportó a Fheret hacia Mapa1 X:47 Y:54
25/10/2010 16:29:38 Transportó a Fheret hacia Mapa1 X:43 Y:56
25/10/2010 16:29:39 Transportó a Fheret hacia Mapa1 X:41 Y:52
25/10/2010 16:29:40 Transportó a Fheret hacia Mapa1 X:38 Y:55
25/10/2010 16:30:06 Transportó a Fheret hacia Mapa1 X:43 Y:53
25/10/2010 16:30:07 Transportó a Fheret hacia Mapa1 X:43 Y:52
25/10/2010 16:30:07 Transportó a Fheret hacia Mapa1 X:44 Y:52
25/10/2010 16:30:07 Transportó a Fheret hacia Mapa1 X:44 Y:52
25/10/2010 16:30:08 Transportó a Fheret hacia Mapa1 X:44 Y:48
25/10/2010 16:30:10 Transportó a Fheret hacia Mapa1 X:49 Y:47
25/10/2010 16:30:16 Transportó a Fheret hacia Mapa49 X:50 Y:50
25/10/2010 16:30:20 /INVISIBLE
25/10/2010 16:30:23 /INVISIBLE
25/10/2010 16:30:37 Dijo: ADD
25/10/2010 16:31:17 Transportó a Fheret hacia Mapa1 X:50 Y:50
25/10/2010 16:31:21 Transportó a Fheret hacia Mapa1 X:51 Y:51
25/10/2010 16:31:26 Transportó a Fheret hacia Mapa1 X:61 Y:44
25/10/2010 16:31:27 Transportó a Fheret hacia Mapa1 X:58 Y:41
25/10/2010 16:31:28 Transportó a Fheret hacia Mapa1 X:51 Y:37
25/10/2010 16:31:35 Dijo: Wtf?
25/10/2010 16:31:54 Transportó a Fheret hacia Mapa1 X:50 Y:50
25/10/2010 16:31:56 Transportó a Fheret hacia Mapa1 X:45 Y:45
25/10/2010 16:31:56 Transportó a Fheret hacia Mapa1 X:48 Y:41
25/10/2010 16:31:56 Transportó a Fheret hacia Mapa1 X:49 Y:42
25/10/2010 16:31:57 Transportó a Fheret hacia Mapa1 X:54 Y:38
25/10/2010 16:31:57 Transportó a Fheret hacia Mapa1 X:61 Y:35
25/10/2010 16:31:58 Transportó a Fheret hacia Mapa1 X:65 Y:31
25/10/2010 16:31:59 Transportó a Fheret hacia Mapa1 X:67 Y:27
25/10/2010 16:32:50 Se conecto con ip:190.178.182.205
25/10/2010 16:33:29 Transportó a Fheret hacia Mapa1 X:64 Y:30
25/10/2010 16:33:30 Transportó a Fheret hacia Mapa1 X:61 Y:35
25/10/2010 16:33:31 Transportó a Fheret hacia Mapa1 X:58 Y:39
25/10/2010 16:34:51 Transportó a Fheret hacia Mapa1 X:42 Y:69
25/10/2010 16:34:51 Transportó a Fheret hacia Mapa1 X:36 Y:66
25/10/2010 16:34:54 Transportó a Fheret hacia Mapa1 X:30 Y:71
25/10/2010 16:34:57 Transportó a Fheret hacia Mapa1 X:25 Y:69
25/10/2010 16:34:58 Transportó a Fheret hacia Mapa1 X:24 Y:64
25/10/2010 16:34:58 Transportó a Fheret hacia Mapa1 X:26 Y:59
25/10/2010 16:34:59 Transportó a Fheret hacia Mapa1 X:27 Y:54
25/10/2010 16:35:03 Transportó a Fheret hacia Mapa1 X:36 Y:50
25/10/2010 16:35:03 Transportó a Fheret hacia Mapa1 X:36 Y:50
25/10/2010 16:35:04 Transportó a Fheret hacia Mapa1 X:43 Y:47
25/10/2010 16:35:04 Transportó a Fheret hacia Mapa1 X:43 Y:47
25/10/2010 16:35:04 Transportó a Fheret hacia Mapa1 X:50 Y:44
25/10/2010 16:35:04 Transportó a Fheret hacia Mapa1 X:50 Y:44
25/10/2010 16:35:04 Transportó a Fheret hacia Mapa1 X:57 Y:41
25/10/2010 16:35:04 Transportó a Fheret hacia Mapa1 X:57 Y:42
25/10/2010 16:35:04 Transportó a Fheret hacia Mapa1 X:64 Y:39
25/10/2010 16:35:05 Transportó a Fheret hacia Mapa1 X:62 Y:37
25/10/2010 16:35:05 Transportó a Fheret hacia Mapa1 X:64 Y:32
25/10/2010 16:35:05 Transportó a Fheret hacia Mapa1 X:62 Y:32
25/10/2010 16:35:05 Transportó a Fheret hacia Mapa1 X:64 Y:27
25/10/2010 16:35:06 Transportó a Fheret hacia Mapa1 X:68 Y:23
25/10/2010 16:35:49 Dijo: Ch
25/10/2010 16:35:50 Dijo: Che
25/10/2010 16:36:06 Dijo: Vos ves el opciones de ambiente?
25/10/2010 16:37:49 Transportó a Fheret hacia Mapa1 X:61 Y:34
25/10/2010 16:37:50 Transportó a Fheret hacia Mapa1 X:69 Y:31
25/10/2010 16:38:55 Transportó a Fheret hacia Mapa1 X:65 Y:30
25/10/2010 16:38:55 Transportó a Fheret hacia Mapa1 X:66 Y:30
25/10/2010 16:38:57 Transportó a Fheret hacia Mapa1 X:71 Y:27
25/10/2010 16:39:08 Dijo: Esta con la cusca 
25/10/2010 16:39:09 Dijo: xD
25/10/2010 16:39:14 Dijo: JAJAJA
25/10/2010 16:39:45 Se conecto con ip:190.178.182.205
25/10/2010 16:39:48 Dijo: Qe onda
25/10/2010 16:40:34 Dijo: Mapa de torneos cual es?
25/10/2010 16:48:25 Se conecto con ip:190.178.182.205
25/10/2010 16:49:57 Dijo: ORO!
25/10/2010 16:49:57 Dijo: :d
25/10/2010 16:57:23 Transportó a Fheret hacia Mapa1 X:71 Y:27
25/10/2010 17:08:01 Se conecto con ip:190.178.182.205
25/10/2010 17:08:05 Transportó a Fheret hacia Mapa1 X:69 Y:31
25/10/2010 17:08:05 Transportó a Fheret hacia Mapa1 X:68 Y:32
25/10/2010 17:08:05 Transportó a Fheret hacia Mapa1 X:64 Y:38
25/10/2010 17:08:05 Transportó a Fheret hacia Mapa1 X:64 Y:38
25/10/2010 17:08:06 Transportó a Fheret hacia Mapa1 X:65 Y:33
25/10/2010 17:08:07 Transportó a Fheret hacia Mapa1 X:60 Y:35
25/10/2010 17:08:07 Transportó a Fheret hacia Mapa1 X:55 Y:40
25/10/2010 17:08:07 Transportó a Fheret hacia Mapa1 X:55 Y:40
25/10/2010 17:08:08 Transportó a Fheret hacia Mapa1 X:57 Y:38
25/10/2010 17:08:08 Transportó a Fheret hacia Mapa1 X:59 Y:36
25/10/2010 17:08:09 Transportó a Fheret hacia Mapa1 X:61 Y:34
25/10/2010 17:08:09 Transportó a Fheret hacia Mapa1 X:63 Y:32
25/10/2010 17:08:09 Transportó a Fheret hacia Mapa1 X:66 Y:30
25/10/2010 17:08:09 Transportó a Fheret hacia Mapa1 X:67 Y:28
25/10/2010 17:08:18 /SUM Asderel Map:1 X:67 Y:26
25/10/2010 17:10:58 Dijo: asd
25/10/2010 17:10:59 Dijo:  
25/10/2010 17:11:16 /IRA asderel Mapa:1 X:73 Y:59
25/10/2010 17:11:29 Dijo: PONE EOS
25/10/2010 17:11:32 Dijo: xD
25/10/2010 17:12:01 Dijo: JAJAJAJJAJA
25/10/2010 17:12:05 Dijo: VENI
25/10/2010 17:12:07 Dijo:  
25/10/2010 17:12:16 /IRA ASDEREL Mapa:1 X:67 Y:24
25/10/2010 17:12:57 Dijo: Nosotros no podemos
25/10/2010 17:13:00 Dijo: Semi-Dioses no pueden
25/10/2010 17:13:21 Dijo: Yo no :/
25/10/2010 17:13:27 Dijo: Estoy poniendo /acc 5
25/10/2010 17:13:35 Dijo: Semi no puede.
25/10/2010 17:13:53 Dijo:   /talkas
25/10/2010 17:13:54 Dijo: xD
25/10/2010 17:14:05 Dijo: Me se
25/10/2010 17:14:09 Dijo: Todo los comandos Muajajja
25/10/2010 17:14:21 Dijo: Hasta numeros de bichos
25/10/2010 17:14:38 Dijo: ?
25/10/2010 17:14:54 Dijo: ¬¬
25/10/2010 17:15:13 Transportó a Fheret hacia Mapa60 X:49 Y:49
25/10/2010 17:15:22 Transportó a Fheret hacia Mapa60 X:63 Y:29
25/10/2010 17:15:23 Dijo: El mismo 
25/10/2010 17:15:25 Transportó a Fheret hacia Mapa60 X:69 Y:26
25/10/2010 17:15:28 Dijo: kjksdasldjkasdads
25/10/2010 17:15:47 Dijo: Che
25/10/2010 17:16:06 Dijo: Que ganas de que alla usuarios :/
25/10/2010 17:16:29 /LLUVIA
25/10/2010 17:16:35 /LLUVIA
25/10/2010 17:16:39 /LLUVIA
25/10/2010 17:16:52 /IRA asderel Mapa:60 X:50 Y:51
25/10/2010 17:17:07 Dijo: Guarda con los rayos X. Jajaja
25/10/2010 17:18:22 Se conecto con ip:190.178.182.205
25/10/2010 17:18:25 Transportó a Fheret hacia Mapa60 X:70 Y:32
25/10/2010 17:18:34 Dijo: HDP
25/10/2010 17:18:36 Dijo: Caigo doble
25/10/2010 17:19:01 Mensaje a Gms:JAJAJJAA
25/10/2010 17:19:33 /LLUVIA
25/10/2010 17:19:51 Dijo: HJAJAJAJA+
25/10/2010 17:19:53 Dijo: A DONDE IBAS XD
25/10/2010 17:20:40 Dijo: Espera
25/10/2010 17:20:41 Dijo: Que venga
25/10/2010 17:21:17 Transportó a Fheret hacia Mapa60 X:76 Y:25
25/10/2010 17:21:17 Transportó a Fheret hacia Mapa60 X:76 Y:24
25/10/2010 17:21:17 Transportó a Fheret hacia Mapa60 X:81 Y:25
25/10/2010 17:21:17 Transportó a Fheret hacia Mapa60 X:84 Y:24
25/10/2010 17:21:18 Transportó a Fheret hacia Mapa60 X:80 Y:22
25/10/2010 17:21:20 Resucito a fheret
25/10/2010 17:21:21 Transportó a Fheret hacia Mapa60 X:74 Y:22
25/10/2010 17:21:28 Dijo: BIGOTE!!!!!!
25/10/2010 17:21:53 Dijo: xD
25/10/2010 17:22:16 Resucito a fheret
25/10/2010 17:23:13 Dijo: Es asi
25/10/2010 17:23:17 Agarro:1 Objeto:Alforja
25/10/2010 17:23:23 Dijo: Gracias
25/10/2010 17:23:24 Dijo: xD
25/10/2010 17:23:32 Dijo: Yo l oveia rojo (JUM)
25/10/2010 17:23:36 Dijo:  
25/10/2010 17:23:40 Dijo:  
25/10/2010 17:23:45 Dijo:  
25/10/2010 17:23:49 Dijo: hdp
25/10/2010 17:23:50 Dijo: mete inmo
25/10/2010 17:23:55 Resucito a fheret
25/10/2010 17:24:04 Dijo:  
25/10/2010 17:24:08 Dijo:  
25/10/2010 17:24:19 Resucito a fheret
25/10/2010 17:24:20 Dijo: KJLADJKLJKLAS
25/10/2010 17:24:28 Dijo:  
25/10/2010 17:24:54 Dijo: Si
25/10/2010 17:25:39 Dijo: Oka.
25/10/2010 17:25:43 Dijo: Mira lo que nos encontramos!!
25/10/2010 17:25:47 Dijo: Buajajajajajaj
25/10/2010 17:25:51 Dijo: xD
25/10/2010 17:26:14 Dijo: ¡Mira lo que nos encontramos!.
25/10/2010 17:26:32 Dijo: Y quien debe ganar
25/10/2010 17:26:36 Dijo: xD
25/10/2010 17:26:50 Dijo: Que ganen ustedes
25/10/2010 17:26:58 Dijo: Vamos
25/10/2010 17:27:05 Dijo: ASI ASEN?¿
25/10/2010 17:27:07 Transportó a Fheret hacia Mapa60 X:70 Y:33
25/10/2010 17:27:29 Dijo: xD
25/10/2010 17:27:52 Dijo: ¡Mira lo que nos encontramos!.
25/10/2010 17:27:54 Dijo: xD
25/10/2010 17:28:04 Dijo: Jajjaja
25/10/2010 17:28:14 Dijo: ?
25/10/2010 17:28:28 Dijo: Ok.
25/10/2010 17:28:56 Dijo: Ah okas
25/10/2010 17:29:03 Dijo: Ahi?
25/10/2010 17:29:11 Dijo: JAJAJAJJA
25/10/2010 17:29:17 Dijo:  
25/10/2010 17:29:25 Transportó a Fheret hacia Mapa60 X:70 Y:33
25/10/2010 17:29:30 Dijo: xD
25/10/2010 17:29:54 Dijo: Nos cagamos a apocasos ajsajk
25/10/2010 17:30:12 Mensaje Broadcast:Ok.
25/10/2010 17:31:40 Dijo: ¡Mira lo que nos encontramos!.
25/10/2010 17:31:46 Dijo: SDAKJLJDAKSJKLASDKJLASD
25/10/2010 17:31:48 Dijo: ABRILA VOS
25/10/2010 17:31:58 Dijo:  
25/10/2010 17:32:26 Dijo: ¡Mira lo que nos encontramos!.
25/10/2010 17:32:33 Dijo: JÑKLSAASDKJLASDJKLAJFKLSJKLAFSKLASD
25/10/2010 17:32:35 Dijo: Quien¿?
25/10/2010 17:32:38 Dijo: Si tiene aura
25/10/2010 17:32:42 Dijo: Los 2 tenemos
25/10/2010 17:32:44 Dijo: Yo tmb
25/10/2010 17:32:55 Dijo: Decilo mas rapido bldo
25/10/2010 17:33:14 Dijo: Tenelo escrito ya
25/10/2010 17:33:34 Dijo: ¡Mira lo que nos encontramos!.
25/10/2010 17:33:53 Dijo: DKSJAJKASDLKJLASDJKLADS
25/10/2010 17:33:55 Dijo: Dejame ami eso
25/10/2010 17:33:58 Dijo: Dejame ami lo largo
25/10/2010 17:34:04 Dijo: Vos deci esto
25/10/2010 17:34:08 Dijo: ¡Mira lo que nos encontramos!.
25/10/2010 17:34:56 Dijo: Es una ciudad Neutral!
25/10/2010 17:34:56 Dijo: ¡Maldito Tiempo!
25/10/2010 17:34:56 Dijo: Es una ciudad Neutral!
25/10/2010 17:34:57 Dijo: ¡Maldito Tiempo!
25/10/2010 17:34:57 Dijo: Es una ciudad Neutral!
25/10/2010 17:34:57 Dijo: Es una ciudad Neutral!
25/10/2010 17:34:57 Dijo: Es una ciudad Neutral!
25/10/2010 17:34:58 Dijo: Es una ciudad Neutral!
25/10/2010 17:34:58 Dijo: Es una ciudad Neutral!
25/10/2010 17:34:58 Dijo: Es una ciudad Neutral!
25/10/2010 17:34:58 Dijo: Es una ciudad Neutral!
25/10/2010 17:35:00 Dijo: Ahi esta
25/10/2010 17:35:10 Dijo: Vos decis
25/10/2010 17:35:13 Dijo: PARAAAAAAAAAAAAAAA
25/10/2010 17:35:16 Dijo: Vos decis
25/10/2010 17:35:19 Dijo: ¡Mira lo que nos encontramos!.
25/10/2010 17:35:25 Dijo: Eso ponete
25/10/2010 17:35:27 Dijo: ¡Maldito Tiempo!
25/10/2010 17:35:29 Dijo: Es una ciudad Neutral!
25/10/2010 17:35:32 Dijo: Es una ciudad Neutral!
25/10/2010 17:35:32 Dijo: Es una ciudad Neutral!
25/10/2010 17:35:32 Dijo: Es una ciudad Neutral!
25/10/2010 17:35:35 Dijo: Go
25/10/2010 17:35:45 Dijo: PONETE MIRANDO PARA ADELAMTE 
25/10/2010 17:35:47 Dijo: ASÍ.
25/10/2010 17:35:53 Dijo: No diambules.
25/10/2010 17:36:04 Dijo: ¡Maldito Tiempo!
25/10/2010 17:36:06 Dijo: Es una ciudad Neutral!
25/10/2010 17:36:08 Dijo: xD
25/10/2010 17:36:08 Dijo:  
25/10/2010 17:36:19 Dijo: VENI
25/10/2010 17:36:27 Dijo: EDSPUES
25/10/2010 17:36:28 Dijo: QUE YO DIGA
25/10/2010 17:36:29 Dijo: ¡Maldito Tiempo!
25/10/2010 17:36:30 Dijo: DECIS
25/10/2010 17:36:33 Dijo: MIRA LO QUE NOS ENCONTRAMOS
25/10/2010 17:36:35 Dijo:  
25/10/2010 17:36:47 Dijo: ¡Maldito Tiempo!
25/10/2010 17:36:56 Dijo: Es una ciudad Neutral!
25/10/2010 17:37:01 Dijo: SKDLJAASJDKLJKLQKJLQWDJKLÑDÑJKAÑJKS
25/10/2010 17:37:06 Dijo: IBA BIEEEEEEEN
25/10/2010 17:37:09 Dijo: QUE OOOOOOOOONDAAAAA
25/10/2010 17:37:10 Dijo:  
25/10/2010 17:37:14 Dijo: OKA
25/10/2010 17:37:28 Dijo: la concha de m iabuela
25/10/2010 17:37:30 Resucito a fheret
25/10/2010 17:38:35 Dijo: ¡Maldito Tiempo!
25/10/2010 17:38:42 Dijo: JKASJKDSAJKLASDJKLADSKJLDAS
25/10/2010 17:38:43 Dijo: DASKJLSDALJKASDLJKDSA
25/10/2010 17:38:45 Dijo: ESTE SE ME PONE AL
25/10/2010 17:38:46 Dijo: BLDO
25/10/2010 17:38:47 Dijo: VOS ACA
25/10/2010 17:38:52 Se conecto con ip:190.178.182.205
25/10/2010 17:38:56 Dijo: VOIS ACA
25/10/2010 17:38:59 Dijo: ACA
25/10/2010 17:39:06 Dijo: AHI
25/10/2010 17:39:27 Resucito a fheret
25/10/2010 17:39:42 Dijo: < anda
25/10/2010 17:39:43 Dijo:  
25/10/2010 17:40:05 Dijo: ¡Maldito Tiempo!
25/10/2010 17:40:11 Dijo: Es una ciudad Neutral!
25/10/2010 17:40:27 Dijo: xD
25/10/2010 17:40:36 Dijo: Quedo lindo¿
25/10/2010 17:40:45 Dijo: xD
25/10/2010 17:40:47 Dijo: Jsjaskj
25/10/2010 17:40:56 Dijo: awe
25/10/2010 17:40:57 Dijo:  
25/10/2010 17:41:03 Dijo: asjasja
25/10/2010 17:41:07 Dijo: apago as
25/10/2010 17:41:07 Dijo: xD
25/10/2010 17:41:15 Mensaje Broadcast:Vale ptear.
25/10/2010 17:41:17 Mensaje Broadcast:Potear*
25/10/2010 17:41:51 Dijo: ¡Maldito Tiempo!
25/10/2010 17:41:56 Dijo: JKLSADJKLSDAJLKSDASDA
25/10/2010 17:41:58 Dijo:  
25/10/2010 17:42:15 Dijo: VENI DALE
25/10/2010 17:42:56 Dijo: SDAKLJLKDJSALJKDSALJKASDJLKDASJKLDAS
25/10/2010 17:43:06 Transportó a Fheret hacia Mapa60 X:68 Y:29
25/10/2010 17:43:08 Dijo: ZAPALLO
25/10/2010 17:43:10 Dijo: NO TIENE ENERGIA
25/10/2010 17:43:15 Dijo: COMPRA COMI
25/10/2010 17:43:25 Dijo: RE CROTO
25/10/2010 17:43:25 Dijo: XD
25/10/2010 17:43:26 Transportó a Fheret hacia Mapa60 X:68 Y:36
25/10/2010 17:43:33 Dijo: <
25/10/2010 17:43:48 Mensaje Broadcast:JJXJAS
25/10/2010 17:44:12 Dijo: JSAUSAUASJDASJAKSDJKAJKSFJKF
25/10/2010 17:44:16 Transportó a Fheret hacia Mapa60 X:69 Y:29
25/10/2010 17:44:16 Transportó a Fheret hacia Mapa60 X:69 Y:29
25/10/2010 17:44:20 Transportó a Fheret hacia Mapa60 X:69 Y:34
25/10/2010 17:44:48 Dijo: ¡Maldito Tiempo!
25/10/2010 17:44:54 Dijo: Es una ciudad Neutral!
25/10/2010 17:45:39 Resucito a fheret
25/10/2010 17:45:40 Dijo: DSDSAASD
25/10/2010 17:45:43 Dijo: Cai de 1
25/10/2010 17:46:07 Dijo: oK.
25/10/2010 17:46:14 Dijo: Sin spam.
25/10/2010 17:46:18 Dijo: Claro.
25/10/2010 17:46:26 Resucito a fheret
25/10/2010 17:46:34 Dijo: DALE ESTOS CROTOS
25/10/2010 17:46:35 Dijo: LOS MATAMOS
25/10/2010 17:46:49 Dijo: PASA UAN SECA
25/10/2010 17:46:50 Dijo: XD
25/10/2010 17:46:52 Resucito a fheret
25/10/2010 17:47:01 Resucito a asderel
25/10/2010 17:47:05 Transportó a Fheret hacia Mapa60 X:66 Y:29
25/10/2010 17:47:06 Dijo: PERA
25/10/2010 17:47:11 Transportó a Fheret hacia Mapa60 X:68 Y:35
25/10/2010 17:47:15 Dijo: Dale
25/10/2010 17:47:29 Dijo: pera
25/10/2010 17:47:31 Transportó a Fheret hacia Mapa60 X:68 Y:28
25/10/2010 17:47:33 Transportó a Fheret hacia Mapa60 X:70 Y:33
25/10/2010 17:48:02 Dijo: ¡Maldito Tiempo!
25/10/2010 17:48:24 Dijo: NO DIJO
25/10/2010 17:48:30 Dijo: LA OTRA PARTE
25/10/2010 17:48:37 Dijo:  
25/10/2010 17:48:44 Dijo: YO A STANDELF
25/10/2010 17:48:46 Mensaje Broadcast:JAJAJAJAJAJ
25/10/2010 17:49:23 Dijo: ¡Maldito Tiempo!
25/10/2010 17:49:27 Dijo: AWE
25/10/2010 17:49:29 Dijo: daadad
25/10/2010 17:49:33 Dijo: deja la CUSCA bldo
25/10/2010 17:49:38 Dijo: ma rapido
25/10/2010 17:49:44 Dijo: a paso de tortuga venis :S
25/10/2010 17:49:55 Dijo: awe
25/10/2010 17:49:57 Dijo: tas  Z ZZ z z z
25/10/2010 17:49:58 Dijo: ?
25/10/2010 17:50:04 Dijo:  -.-
25/10/2010 17:50:10 Dijo: wE
25/10/2010 17:50:10 Dijo:  
25/10/2010 17:50:15 Dijo:  
25/10/2010 17:50:28 Dijo: KJDSA
25/10/2010 17:50:54 Dijo: ¡Maldito Tiempo!
25/10/2010 17:51:02 Dijo: Es una ciudad Neutral!
25/10/2010 17:51:27 Dijo: DA
25/10/2010 17:51:37 Dijo: Pero la pu..
25/10/2010 17:51:38 Dijo: xD
25/10/2010 17:51:47 Dijo: Jajaja
25/10/2010 17:51:52 Dijo: Subilo YA
25/10/2010 17:51:54 Dijo:  
25/10/2010 17:52:02 Dijo: :O
25/10/2010 17:52:02 Dijo:  
27/10/2010 20:54:39 Se conecto con ip:190.178.129.80
27/10/2010 20:54:51 Dijo: SADADS
27/10/2010 20:55:04 /LLUVIA
27/10/2010 20:55:16 Dijo: TIENE QUE SALIR BIEN ESTA VEZ.
27/10/2010 20:55:21 Dijo:  
27/10/2010 20:55:38 Se conecto con ip:190.178.129.80
27/10/2010 20:55:47 Dijo: NO VEO LAS AURAS
27/10/2010 20:55:49 Dijo: SACANSE YP ONGANSE
27/10/2010 20:55:52 Dijo: ta
27/10/2010 20:55:56 Dijo: sacate y ponete
27/10/2010 20:55:58 Dijo: la armor
27/10/2010 20:56:01 Dijo: ta
27/10/2010 20:56:02 Dijo:  
27/10/2010 20:56:33 Dijo: Si :P
27/10/2010 20:56:36 Dijo: Vos sos Faqq?
27/10/2010 20:56:42 Dijo: ^^
27/10/2010 20:57:02 Dijo: Nose, quisiera verlas yo tambien xD
27/10/2010 20:57:13 Dijo: ?
27/10/2010 20:57:17 Dijo:  
27/10/2010 20:57:41 Dijo: No jodas soy re malisimo yo
27/10/2010 20:57:47 Dijo: Para el agite de mago
27/10/2010 20:58:31 Transportó a Fheret hacia Mapa60 X:69 Y:19
27/10/2010 20:58:34 Transportó a Fheret hacia Mapa60 X:69 Y:22
27/10/2010 20:58:42 Dijo: Me ofrezco de tabernero.
27/10/2010 20:58:51 Dijo: Claro.
27/10/2010 20:59:01 Dijo: Diganme que tengo que hacer y listo.
27/10/2010 20:59:55 /LLUVIA
27/10/2010 21:00:03 Dijo: KJDASJKSDA
27/10/2010 21:00:12 Dijo:   Dale body 8
27/10/2010 21:00:19 Dijo: Me la 
27/10/2010 21:00:24 Transportó a Fheret hacia Mapa60 X:70 Y:19
27/10/2010 21:00:29 Transportó a Fheret hacia Mapa60 X:69 Y:19
27/10/2010 21:00:59 Transportó a Fheret hacia Mapa60 X:69 Y:21
27/10/2010 21:01:13 Transportó a Fheret hacia Mapa60 X:69 Y:21
27/10/2010 21:01:45 Dijo: Es una ciudad Neutral!
27/10/2010 21:01:47 Dijo: ¡Maldito Tiempo!
27/10/2010 21:03:04 Dijo: Diga
27/10/2010 21:03:11 Dijo: No funca
27/10/2010 21:03:14 Dijo: :/
27/10/2010 21:03:17 Dijo: tmapoco
27/10/2010 21:03:23 Dijo: Ea
27/10/2010 21:03:26 Dijo: Re pro
27/10/2010 21:03:28 Dijo: Me hace dios
27/10/2010 21:03:29 Dijo: Wii
27/10/2010 21:03:45 Dijo: ¡Maldito Tiempo!
27/10/2010 21:03:45 Dijo: ¡Maldito Tiempo!
27/10/2010 21:03:45 Dijo: ¡Maldito Tiempo!
27/10/2010 21:03:56 Dijo: Es una ciudad Neutral!
27/10/2010 21:04:05 Se conecto con ip:190.178.129.80
27/10/2010 21:04:13 /MOD BODY 8  fheret
27/10/2010 21:04:20 /MOD BODY 4  fheret
27/10/2010 21:04:27 /MOD BODY 6  fheret
27/10/2010 21:04:31 /MOD BODY 13  fheret
27/10/2010 21:04:36 /MOD BODY 3  fheret
27/10/2010 21:04:47 /MOD BODY 202  fheret
27/10/2010 21:04:55 /MOD HEAD 505  fheret
27/10/2010 21:05:31 Transportó a Fheret hacia Mapa60 X:69 Y:21
27/10/2010 21:06:14 Transportó a Fheret hacia Mapa60 X:69 Y:21
27/10/2010 21:08:17 Transportó a Fheret hacia Mapa60 X:69 Y:21
27/10/2010 21:08:50 Transportó a Fheret hacia Mapa60 X:69 Y:21
27/10/2010 21:08:54 Resucito a FHERET
27/10/2010 21:08:59 /MOD BODY 202  fheret
27/10/2010 21:09:02 /MOD HEAD 505  fheret
27/10/2010 21:09:57 Transportó a Fheret hacia Mapa60 X:69 Y:21
27/10/2010 21:10:01 Resucito a fheret
27/10/2010 21:10:04 /MOD HEAD 505  fheret
27/10/2010 21:10:07 /MOD HEAD 202  fheret
27/10/2010 21:10:11 /MOD HEAD 505  fheret
27/10/2010 21:10:14 /MOD BODY 202  fheret
27/10/2010 21:10:34 Transportó a Fheret hacia Mapa60 X:69 Y:21
27/10/2010 21:11:30 Transportó a Fheret hacia Mapa60 X:69 Y:21
27/10/2010 21:12:23 Resucito a FHERET
27/10/2010 21:12:28 /MOD BODY 202  fheret
27/10/2010 21:12:30 /MOD HEAD 505  fheret
27/10/2010 21:12:32 Transportó a Fheret hacia Mapa60 X:69 Y:21
27/10/2010 21:13:53 Mensaje Broadcast::P
27/10/2010 21:15:00 Transportó a Fheret hacia Mapa60 X:69 Y:21
27/10/2010 21:16:27 Mensaje Broadcast:Dale que se me cae la bandeja.
27/10/2010 21:17:31 Transportó a Fheret hacia Mapa60 X:69 Y:21
27/10/2010 21:18:03 Mensaje Broadcast:Se.
27/10/2010 21:18:54 Transportó a Fheret hacia Mapa60 X:69 Y:21
27/10/2010 21:19:44 Mensaje Broadcast:Vivis en carpa ?        (digo asen)=
27/10/2010 21:20:35 Transportó a Fheret hacia Mapa60 X:70 Y:29
27/10/2010 21:20:41 Transportó a Fheret hacia Mapa60 X:69 Y:21
27/10/2010 21:21:23 Resucito a fheret
27/10/2010 21:21:33 /MOD BODY 202  fheret
27/10/2010 21:21:36 /MOD HEAD 505  fheret
27/10/2010 21:21:37 Transportó a Fheret hacia Mapa60 X:69 Y:21
27/10/2010 21:21:57 Transportó a Fheret hacia Mapa60 X:69 Y:17
27/10/2010 21:21:57 Transportó a Fheret hacia Mapa60 X:67 Y:17
27/10/2010 21:21:58 Transportó a Fheret hacia Mapa60 X:66 Y:13
27/10/2010 21:21:58 Transportó a Fheret hacia Mapa60 X:64 Y:13
27/10/2010 21:21:59 Transportó a Fheret hacia Mapa60 X:62 Y:9
27/10/2010 21:21:59 Transportó a Fheret hacia Mapa60 X:60 Y:10
27/10/2010 21:22:07 Transportó a Fheret hacia Mapa1 X:63 Y:13
27/10/2010 21:22:07 Transportó a Fheret hacia Mapa1 X:63 Y:15
27/10/2010 21:22:08 Transportó a Fheret hacia Mapa1 X:67 Y:18
27/10/2010 21:22:09 Transportó a Fheret hacia Mapa1 X:69 Y:20
27/10/2010 21:22:17 /IRA lazarith Mapa:60 X:70 Y:28
27/10/2010 21:23:08 /SUM nyrcou Map:1 X:67 Y:23
27/10/2010 21:23:37 /IRA standelf Mapa:1 X:27 Y:78
27/10/2010 21:23:44 Transportó a Fheret hacia Mapa1 X:39 Y:70
27/10/2010 21:23:46 Transportó a Fheret hacia Mapa1 X:44 Y:58
27/10/2010 21:23:59 Transportó a Fheret hacia Mapa1 X:53 Y:27
27/10/2010 21:24:26 Transportó a Fheret hacia Mapa1 X:64 Y:20
27/10/2010 21:24:40 /IRA lazarith Mapa:1 X:50 Y:22
27/10/2010 21:25:10 Transportó a Fheret hacia Mapa1 X:39 Y:27
27/10/2010 21:25:11 Transportó a Fheret hacia Mapa1 X:31 Y:24
27/10/2010 21:25:12 /CI: 986
27/10/2010 21:25:13 Agarro:100 Objeto:Túnica de Druida
27/10/2010 21:25:25 Tiró cantidad:100 Objeto:Túnica de Druida
27/10/2010 21:25:26 Agarro:100 Objeto:Túnica de Druida
27/10/2010 21:25:27 Transportó a Fheret hacia Mapa1 X:45 Y:22
27/10/2010 21:25:34 /MOD HEAD 501  Fheret
27/10/2010 21:26:12 Transportó a Fheret hacia Mapa1 X:54 Y:21
27/10/2010 21:26:12 Transportó a Fheret hacia Mapa1 X:60 Y:18
27/10/2010 21:26:17 Transportó a Fheret hacia Mapa1 X:65 Y:22
27/10/2010 21:26:53 /CI: 650
27/10/2010 21:26:54 Agarro:100 Objeto:Túnica Pretoriana
27/10/2010 21:26:55 Tiró cantidad:100 Objeto:Túnica Pretoriana
27/10/2010 21:26:57 /DEST
27/10/2010 21:27:22 /MOD CLASE Paladin  fheret
27/10/2010 21:28:01 Transportó a Fheret hacia Mapa60 X:50 Y:50
27/10/2010 21:28:04 Transportó a Fheret hacia Mapa60 X:56 Y:56
27/10/2010 21:28:04 Transportó a Fheret hacia Mapa60 X:62 Y:61
27/10/2010 21:28:04 Transportó a Fheret hacia Mapa60 X:62 Y:62
27/10/2010 21:28:04 Transportó a Fheret hacia Mapa60 X:62 Y:62
27/10/2010 21:28:04 Transportó a Fheret hacia Mapa60 X:68 Y:67
27/10/2010 21:28:05 Transportó a Fheret hacia Mapa60 X:67 Y:68
27/10/2010 21:28:05 Transportó a Fheret hacia Mapa60 X:70 Y:73
27/10/2010 21:28:06 Transportó a Fheret hacia Mapa60 X:75 Y:76
27/10/2010 21:28:06 Transportó a Fheret hacia Mapa60 X:77 Y:73
27/10/2010 21:28:07 Transportó a Fheret hacia Mapa60 X:73 Y:71
27/10/2010 21:28:07 Transportó a Fheret hacia Mapa60 X:77 Y:68
27/10/2010 21:28:07 Transportó a Fheret hacia Mapa60 X:72 Y:66
27/10/2010 21:28:07 Transportó a Fheret hacia Mapa60 X:75 Y:63
27/10/2010 21:28:08 Transportó a Fheret hacia Mapa60 X:69 Y:61
27/10/2010 21:28:08 Transportó a Fheret hacia Mapa60 X:70 Y:59
27/10/2010 21:28:09 Transportó a Fheret hacia Mapa60 X:70 Y:54
27/10/2010 21:28:10 Transportó a Fheret hacia Mapa60 X:70 Y:50
27/10/2010 21:28:10 Transportó a Fheret hacia Mapa60 X:72 Y:46
27/10/2010 21:28:11 Transportó a Fheret hacia Mapa60 X:73 Y:41
27/10/2010 21:28:11 Transportó a Fheret hacia Mapa60 X:73 Y:36
27/10/2010 21:28:12 Transportó a Fheret hacia Mapa60 X:71 Y:31
27/10/2010 21:28:13 Transportó a Fheret hacia Mapa60 X:69 Y:25
27/10/2010 21:29:24 Transportó a Fheret hacia Mapa60 X:68 Y:18
27/10/2010 21:29:25 Transportó a Fheret hacia Mapa60 X:65 Y:21
27/10/2010 21:36:01 Transportó a Fheret hacia Mapa60 X:69 Y:18
27/10/2010 21:36:02 Transportó a Fheret hacia Mapa60 X:68 Y:12
27/10/2010 21:36:03 Transportó a Fheret hacia Mapa60 X:63 Y:15
27/10/2010 21:36:04 Transportó a Fheret hacia Mapa60 X:57 Y:18
27/10/2010 21:36:04 Transportó a Fheret hacia Mapa60 X:49 Y:21
27/10/2010 21:36:06 Transportó a Fheret hacia Mapa60 X:46 Y:26
27/10/2010 21:36:07 Transportó a Fheret hacia Mapa60 X:45 Y:31
27/10/2010 21:36:07 Transportó a Fheret hacia Mapa60 X:47 Y:36
27/10/2010 21:36:08 Transportó a Fheret hacia Mapa60 X:49 Y:40
27/10/2010 21:36:08 Transportó a Fheret hacia Mapa60 X:53 Y:44
27/10/2010 21:36:09 Transportó a Fheret hacia Mapa60 X:60 Y:47
27/10/2010 21:36:12 Transportó a Fheret hacia Mapa60 X:54 Y:54
27/10/2010 21:36:30 Transportó a Fheret hacia Mapa60 X:47 Y:57
27/10/2010 21:36:30 Transportó a Fheret hacia Mapa60 X:48 Y:57
27/10/2010 21:36:30 Transportó a Fheret hacia Mapa60 X:41 Y:60
27/10/2010 21:36:31 Transportó a Fheret hacia Mapa60 X:42 Y:60
27/10/2010 21:36:31 Transportó a Fheret hacia Mapa60 X:38 Y:63
27/10/2010 21:36:32 Transportó a Fheret hacia Mapa60 X:40 Y:66
27/10/2010 21:36:37 Transportó a Fheret hacia Mapa60 X:34 Y:74
27/10/2010 21:37:23 /INV Standelf
27/10/2010 21:37:35 /INV asen
27/10/2010 21:37:56 /INV lazarith
27/10/2010 21:38:27 Tiró cantidad:10000 Objeto:Monedas de Oro
27/10/2010 21:39:19 /CI: 559
27/10/2010 21:39:20 Agarro:100 Objeto:Daga de Plata
02/01/2011 15:07:59 Se conecto con ip:190.178.139.17
02/01/2011 15:08:07 /CI: 400
02/01/2011 15:08:09 Agarro:100 Objeto:Vara de Mago
02/01/2011 15:08:50 Se conecto con ip:190.178.139.17
02/01/2011 15:09:02 Transportó a Fheret hacia Mapa1 X:29 Y:83
02/01/2011 15:09:03 Transportó a Fheret hacia Mapa1 X:28 Y:79
02/01/2011 15:09:49 Transportó a Fheret hacia Mapa1 X:38 Y:76
02/01/2011 15:09:49 Transportó a Fheret hacia Mapa1 X:45 Y:71
02/01/2011 15:09:50 Transportó a Fheret hacia Mapa1 X:52 Y:66
02/01/2011 15:10:01 Transportó a Fheret hacia Mapa1 X:59 Y:42
02/01/2011 15:10:01 Transportó a Fheret hacia Mapa1 X:58 Y:41
02/01/2011 15:10:03 Transportó a Fheret hacia Mapa1 X:64 Y:34
02/01/2011 15:10:04 Transportó a Fheret hacia Mapa1 X:68 Y:28
02/01/2011 15:10:27 /MOD EXP 999999  yo
02/01/2011 15:10:34 /MOD EXP 99  fheret
02/01/2011 15:10:41 Mensaje Broadcast:STANDELF.
02/01/2011 15:10:42 Transportó a Fheret hacia Mapa1 X:62 Y:28
02/01/2011 15:10:42 Transportó a Fheret hacia Mapa1 X:55 Y:32
02/01/2011 15:11:00 Transportó a Fheret hacia Mapa8 X:48 Y:82
02/01/2011 15:11:00 Transportó a Fheret hacia Mapa8 X:48 Y:81
02/01/2011 15:11:00 Transportó a Fheret hacia Mapa8 X:49 Y:81
02/01/2011 15:11:01 Transportó a Fheret hacia Mapa8 X:49 Y:76
02/01/2011 15:11:01 Transportó a Fheret hacia Mapa8 X:51 Y:71
02/01/2011 15:11:01 Transportó a Fheret hacia Mapa8 X:53 Y:71
02/01/2011 15:11:02 Transportó a Fheret hacia Mapa8 X:53 Y:65
02/01/2011 15:11:05 Transportó a Fheret hacia Mapa8 X:52 Y:70
02/01/2011 15:11:40 /MOD ORO 400000  yo
02/01/2011 15:12:14 Se conecto con ip:190.178.139.17
02/01/2011 15:13:02 Transportó a Fheret hacia Mapa1 X:36 Y:86
02/01/2011 15:13:03 Transportó a Fheret hacia Mapa1 X:29 Y:81
02/01/2011 15:13:11 Transportó a Fheret hacia Mapa1 X:31 Y:66
02/01/2011 15:13:40 /MATA 
02/01/2011 15:14:47 Transportó a Fheret hacia Mapa1 X:70 Y:28
02/01/2011 15:16:00 /LLUVIA
02/01/2011 15:16:04 Transportó a Fheret hacia Mapa1 X:70 Y:33
02/01/2011 15:16:07 Transportó a Fheret hacia Mapa1 X:70 Y:30
02/01/2011 15:17:31 Transportó a Fheret hacia Mapa1 X:68 Y:34
02/01/2011 15:19:13 Se conecto con ip:190.178.139.17
02/01/2011 15:19:34 Sumoneó con respawn Elemental de Tierra en mapa 1
02/01/2011 15:20:31 /CI: 532
02/01/2011 15:20:32 Agarro:100 Objeto:Apocalipsis
02/01/2011 15:20:39 /MATA 
02/01/2011 15:21:06 Transportó a Fheret hacia Mapa1 X:27 Y:28
02/01/2011 15:21:13 Transportó a Fheret hacia Mapa1 X:26 Y:33
02/01/2011 15:22:00 Transportó a Fheret hacia Mapa1 X:21 Y:75
02/01/2011 15:22:02 Transportó a Fheret hacia Mapa1 X:29 Y:80
02/01/2011 15:22:02 Transportó a Fheret hacia Mapa1 X:36 Y:83
02/01/2011 15:22:03 Transportó a Fheret hacia Mapa1 X:36 Y:84
02/01/2011 15:22:03 Transportó a Fheret hacia Mapa1 X:43 Y:87
02/01/2011 15:22:04 Transportó a Fheret hacia Mapa1 X:49 Y:88
02/01/2011 15:22:05 Transportó a Fheret hacia Mapa1 X:55 Y:85
02/01/2011 15:22:05 Transportó a Fheret hacia Mapa1 X:61 Y:82
02/01/2011 15:22:06 Transportó a Fheret hacia Mapa1 X:67 Y:81
02/01/2011 15:22:07 Transportó a Fheret hacia Mapa1 X:68 Y:77
02/01/2011 15:22:09 Transportó a Fheret hacia Mapa1 X:73 Y:71
02/01/2011 15:22:09 Transportó a Fheret hacia Mapa1 X:75 Y:66
02/01/2011 15:22:10 Transportó a Fheret hacia Mapa1 X:72 Y:62
02/01/2011 15:22:10 Transportó a Fheret hacia Mapa1 X:70 Y:57
02/01/2011 15:22:11 Transportó a Fheret hacia Mapa1 X:68 Y:52
02/01/2011 15:22:11 Transportó a Fheret hacia Mapa1 X:62 Y:47
02/01/2011 15:22:12 Transportó a Fheret hacia Mapa1 X:59 Y:42
02/01/2011 15:22:13 Transportó a Fheret hacia Mapa1 X:57 Y:37
02/01/2011 15:22:14 Transportó a Fheret hacia Mapa1 X:60 Y:33
02/01/2011 15:22:22 Transportó a Fheret hacia Mapa49 X:50 Y:50
02/01/2011 15:22:28 Transportó a Fheret hacia Mapa49 X:39 Y:61
02/01/2011 15:22:33 Transportó a Fheret hacia Mapa49 X:33 Y:64
02/01/2011 15:22:34 Transportó a Fheret hacia Mapa49 X:27 Y:61
02/01/2011 15:22:35 Transportó a Fheret hacia Mapa49 X:26 Y:56
02/01/2011 15:22:36 Transportó a Fheret hacia Mapa49 X:28 Y:51
02/01/2011 15:22:36 Transportó a Fheret hacia Mapa49 X:22 Y:49
02/01/2011 15:22:37 Transportó a Fheret hacia Mapa49 X:16 Y:48
02/01/2011 15:22:43 Transportó a Fheret hacia Mapa49 X:18 Y:50
02/01/2011 15:22:43 Transportó a Fheret hacia Mapa49 X:21 Y:45
02/01/2011 15:22:44 Transportó a Fheret hacia Mapa49 X:23 Y:40
02/01/2011 15:22:45 Transportó a Fheret hacia Mapa49 X:25 Y:35
02/01/2011 15:22:46 Transportó a Fheret hacia Mapa49 X:29 Y:31
02/01/2011 15:22:46 Transportó a Fheret hacia Mapa49 X:32 Y:26
02/01/2011 15:22:47 Transportó a Fheret hacia Mapa49 X:36 Y:22
02/01/2011 15:22:48 Transportó a Fheret hacia Mapa49 X:39 Y:17
