27/07/2010 1:11:35 Se conecto con ip:200.3.217.168
27/07/2010 1:11:42 Dijo: asd
27/07/2010 1:11:46 Dijo: esta buenisimo
27/07/2010 1:12:14 Se conecto con ip:200.3.217.168
27/07/2010 1:12:20 Transportó a Lazarith hacia Mapa34 X:40 Y:89
27/07/2010 1:12:28 Dijo: ?
27/07/2010 1:12:44 Dijo: 101
27/07/2010 1:13:04 Dijo: 101
27/07/2010 1:13:18 Dijo: se es verdad xD
27/07/2010 1:13:29 Dijo: Che tenes que centrar los textos
27/07/2010 1:13:43 Dijo: che no me queres hacer dios xD?
27/07/2010 1:14:04 Dijo: Se
27/07/2010 1:14:11 Transportó a Lazarith hacia Mapa34 X:38 Y:81
27/07/2010 1:14:11 Transportó a Lazarith hacia Mapa34 X:35 Y:77
27/07/2010 1:14:12 Transportó a Lazarith hacia Mapa34 X:35 Y:73
27/07/2010 1:14:13 Transportó a Lazarith hacia Mapa34 X:29 Y:70
27/07/2010 1:14:15 Transportó a Lazarith hacia Mapa34 X:34 Y:64
27/07/2010 1:14:17 Dijo: e
27/07/2010 1:14:38 Dijo: esta en moneadas
27/07/2010 1:15:01 Se conecto con ip:200.3.217.168
27/07/2010 1:15:14 /MOD EXP 20000000  lazarith
27/07/2010 1:16:03 Agarro:1 Objeto:Vestimentas Comunes
27/07/2010 1:16:30 /MOD EXP 1000000  lazarith
27/07/2010 1:16:39 Agarro:10 Objeto:Flecha
27/07/2010 1:16:39 Agarro:10 Objeto:Arco Simple
27/07/2010 1:17:09 /MOD EXP 1000000  lazarith
27/07/2010 1:17:34 /MOD EXP 20000000  lazarith
27/07/2010 1:17:36 /MOD EXP 20000000  lazarith
27/07/2010 1:17:39 /MOD EXP 20000000  lazarith
27/07/2010 1:17:42 /MOD EXP 20000000  lazarith
27/07/2010 1:17:44 /MOD EXP 20000000  lazarith
27/07/2010 1:17:45 Agarro:1 Objeto:Cuchillas
27/07/2010 1:17:56 Agarro:1 Objeto:Sombrero Pirata
27/07/2010 1:18:09 Agarro:1 Objeto:Sombrero Pirata
27/07/2010 1:18:12 Agarro:1 Objeto:Vestimentas Comunes
27/07/2010 6:19:22 /CI: 481
27/07/2010 6:19:23 Agarro:100 Objeto:Armadura de Dragón
27/07/2010 6:19:35 Tiró cantidad:1 Objeto:Arco Simple
27/07/2010 6:20:05 Agarro:1 Objeto:Apocalipsis
27/07/2010 6:20:05 Agarro:1 Objeto:Apocalipsis
27/07/2010 6:20:05 Agarro:1 Objeto:Apocalipsis
27/07/2010 6:20:06 Agarro:1 Objeto:Apocalipsis
27/07/2010 6:20:24 Sumoneo Dragón Rojo
27/07/2010 6:21:23 Agarro:1 Objeto:Flecha
27/07/2010 6:21:26 Transportó a Lazarith hacia Mapa34 X:40 Y:89
27/07/2010 6:21:27 Transportó a Lazarith hacia Mapa34 X:40 Y:91
27/07/2010 6:21:28 Transportó a Lazarith hacia Mapa34 X:35 Y:93
27/07/2010 6:21:29 Transportó a Lazarith hacia Mapa34 X:31 Y:91
27/07/2010 6:21:29 Transportó a Lazarith hacia Mapa34 X:28 Y:88
27/07/2010 6:21:30 Transportó a Lazarith hacia Mapa34 X:25 Y:83
27/07/2010 6:21:31 Transportó a Lazarith hacia Mapa34 X:22 Y:78
27/07/2010 6:21:31 Transportó a Lazarith hacia Mapa34 X:24 Y:73
27/07/2010 6:21:32 Transportó a Lazarith hacia Mapa34 X:22 Y:69
27/07/2010 6:21:33 Transportó a Lazarith hacia Mapa34 X:22 Y:64
27/07/2010 6:21:33 Transportó a Lazarith hacia Mapa34 X:25 Y:61
27/07/2010 6:21:36 Transportó a Lazarith hacia Mapa34 X:30 Y:57
27/07/2010 6:21:36 Transportó a Lazarith hacia Mapa34 X:34 Y:53
27/07/2010 6:21:56 /CI: 485
27/07/2010 6:21:57 Agarro:100 Objeto:Armadura Legendaria
27/07/2010 6:22:31 Transportó a Lazarith hacia Mapa34 X:35 Y:58
27/07/2010 6:22:32 Transportó a Lazarith hacia Mapa34 X:35 Y:64
27/07/2010 6:22:32 Transportó a Lazarith hacia Mapa34 X:34 Y:70
27/07/2010 6:22:33 Transportó a Lazarith hacia Mapa34 X:33 Y:77
27/07/2010 6:22:34 Transportó a Lazarith hacia Mapa34 X:36 Y:83
27/07/2010 6:22:35 Transportó a Lazarith hacia Mapa34 X:40 Y:88
27/07/2010 6:22:38 /MATA 
27/07/2010 6:22:42 /DEST
27/07/2010 6:22:50 /DEST
27/07/2010 6:22:53 /DEST
27/07/2010 6:22:55 /DEST
27/07/2010 6:22:56 Transportó a Lazarith hacia Mapa34 X:42 Y:85
27/07/2010 6:22:57 Agarro:1 Objeto:Arco Simple
27/07/2010 6:22:59 Agarro:1 Objeto:Arco Simple
27/07/2010 13:59:56 Se conecto con ip:200.3.217.168
27/07/2010 14:00:35 Se conecto con ip:200.3.217.168
27/07/2010 14:01:03 ¡¡ Inició una Invasion !! Sumoneó a 20 Protector de los muertos en el mapa 40
27/07/2010 14:01:34 ¡¡ Inició una Invasion !! Sumoneó a 20 Lobo en el mapa 40
27/07/2010 14:01:41 Transportó a Lazarith hacia Mapa40 X:49 Y:23
27/07/2010 14:01:51 /SUM standelf+ii Map:40 X:49 Y:23
27/07/2010 14:01:52 Transportó a Lazarith hacia Mapa40 X:54 Y:27
27/07/2010 14:02:18 /MASSKILL
27/07/2010 14:02:30 Transportó a Lazarith hacia Mapa40 X:48 Y:26
27/07/2010 14:02:57 ¡¡ Inició una Invasion !! Sumoneó a 20 Murciélago en el mapa 40
27/07/2010 14:02:59 Transportó a Lazarith hacia Mapa40 X:46 Y:35
27/07/2010 14:03:26 Se conecto con ip:200.3.217.168
27/07/2010 14:05:35 /CI: 204
27/07/2010 14:05:38 /DEST
27/07/2010 14:05:47 /CI: 553
27/07/2010 14:05:48 Agarro:100 Objeto:Flecha +3
27/07/2010 14:06:09 /IRA midraks Mapa:40 X:47 Y:34
27/07/2010 14:06:34 /IRA midraks Mapa:40 X:47 Y:34
27/07/2010 14:06:44 /IRA midraks Mapa:40 X:47 Y:34
27/07/2010 14:08:14  ejecuto a standelf+ii
27/07/2010 14:08:20 Agarro:9999 Objeto:Poción Azul
27/07/2010 14:08:20 Agarro:1922 Objeto:Poción Roja
27/07/2010 14:08:21 Agarro:1 Objeto:Sombrero de Mago
27/07/2010 14:08:22 Agarro:1 Objeto:Túnica de Druida
27/07/2010 14:08:28 Transportó a Lazarith hacia Mapa40 X:46 Y:17
27/07/2010 14:08:32 Agarro:100 Objeto:Vara de Mago
27/07/2010 14:08:34 Agarro:4 Objeto:Espada de Plata
27/07/2010 14:08:34 Transportó a Lazarith hacia Mapa40 X:46 Y:20
27/07/2010 14:08:35 Agarro:200 Objeto:Armadura Legendaria
27/07/2010 14:08:39 Transportó a Lazarith hacia Mapa40 X:47 Y:12
27/07/2010 18:09:18 /IRCERCA Debora Meltrozo Mapa:1 X:58 Y:49
27/07/2010 18:10:31  encarceló a debora meltrozo
27/07/2010 18:10:42 /IRA debora+meltrozo Mapa:66 X:75 Y:47
27/07/2010 18:11:47 ¡¡ Inició una Invasion !! Sumoneó a 20 Serpiente en el mapa 66
27/07/2010 18:11:49 Transportó a Lazarith hacia Mapa66 X:61 Y:52
27/07/2010 18:12:04 /MASSDEST
27/07/2010 18:12:10 /MASSKILL
27/07/2010 18:12:42 ¡¡ Inició una Invasion !! Sumoneó a 20 Serpiente en el mapa 66
27/07/2010 18:12:49 ¡¡ Inició una Invasion !! Sumoneó a 20 Serpiente en el mapa 66
27/07/2010 18:12:55 Transportó a Lazarith hacia Mapa66 X:60 Y:51
27/07/2010 18:13:09 ¡¡ Inició una Invasion !! Sumoneó a 20 Serpiente en el mapa 66
27/07/2010 18:13:11 Transportó a Lazarith hacia Mapa66 X:67 Y:56
27/07/2010 18:13:12 Transportó a Lazarith hacia Mapa66 X:66 Y:50
27/07/2010 18:13:14 Transportó a Lazarith hacia Mapa66 X:67 Y:56
27/07/2010 18:13:15 Transportó a Lazarith hacia Mapa66 X:66 Y:50
27/07/2010 18:13:17 Transportó a Lazarith hacia Mapa66 X:70 Y:55
27/07/2010 18:13:25 Se conecto con ip:200.3.217.168
27/07/2010 18:13:37 /MASSKILL
27/07/2010 18:15:13 Transportó a Lazarith hacia Mapa66 X:84 Y:39
27/07/2010 18:15:16 Transportó a Lazarith hacia Mapa66 X:78 Y:45
27/07/2010 18:15:42 ¡¡ Inició una Invasion !! Sumoneó a 20 Gallo Salvaje en el mapa 66
27/07/2010 18:15:47 Transportó a Lazarith hacia Mapa66 X:69 Y:52
27/07/2010 18:15:49 Transportó a Lazarith hacia Mapa66 X:70 Y:55
27/07/2010 18:15:57 /MASSKILL
27/07/2010 18:16:10 ¡¡ Inició una Invasion !! Sumoneó a 20 Gallo Salvaje en el mapa 66
27/07/2010 18:16:19 Transportó a Lazarith hacia Mapa66 X:76 Y:54
27/07/2010 18:16:29 /MASSKILL
27/07/2010 18:16:45 ¡¡ Inició una Invasion !! Sumoneó a 20 Serpiente en el mapa 66
27/07/2010 18:16:48 Transportó a Lazarith hacia Mapa66 X:69 Y:52
27/07/2010 18:16:56 Transportó a Lazarith hacia Mapa66 X:70 Y:50
27/07/2010 18:17:03 Se conecto con ip:200.3.217.168
27/07/2010 18:17:25 ¡¡ Inició una Invasion !! Sumoneó a 20 Esqueleto en el mapa 66
27/07/2010 18:17:28 Transportó a Lazarith hacia Mapa66 X:73 Y:51
27/07/2010 18:17:40 /MASSDEST
27/07/2010 18:17:45 /MASSDEST
27/07/2010 18:19:34 Sumoneó a Vaca en mapa 66
27/07/2010 18:20:25 Sumoneó a Vaca en mapa 66
27/07/2010 18:20:31 ¡¡ Inició una Invasion !! Sumoneó a 20 Murciélago en el mapa 66
27/07/2010 18:20:35 Transportó a Lazarith hacia Mapa66 X:80 Y:55
27/07/2010 18:20:42 Se conecto con ip:200.3.217.168
27/07/2010 18:20:52 ¡¡ Inició una Invasion !! Sumoneó a 20 Serpiente en el mapa 66
27/07/2010 18:20:53 Transportó a Lazarith hacia Mapa66 X:77 Y:54
27/07/2010 18:21:07 /INVISIBLE
27/07/2010 18:21:35 Transportó a Lazarith hacia Mapa66 X:69 Y:54
27/07/2010 18:21:39 /SUM standelf Map:66 X:64 Y:54
27/07/2010 18:23:05 /INVISIBLE
27/07/2010 18:24:19 Se conecto con ip:200.3.217.168
27/07/2010 18:25:38 Se conecto con ip:200.3.217.168
27/07/2010 18:26:36 ¡¡ Inició una Invasion !! Sumoneó a 20 Serpiente en el mapa 66
27/07/2010 18:26:45 ¡¡ Inició una Invasion !! Sumoneó a 20 Serpiente en el mapa 66
27/07/2010 12:30:17 Se conecto con ip:200.3.217.168
27/07/2010 12:33:22 Sumoneó a Guardia Imperial en mapa 66
27/07/2010 12:33:38 ¡¡ Inició una Invasion !! Sumoneó a 20 Sastre en el mapa 66
27/07/2010 12:34:23 Tiró cantidad:1 Objeto:Armadura Legendaria
27/07/2010 12:34:31 Tiró cantidad:1 Objeto:Armadura Legendaria
27/07/2010 12:34:35 Tiró cantidad:1 Objeto:Espada de Plata
27/07/2010 12:34:58 ¡¡ Inició una Invasion !! Sumoneó a 20 Sastre en el mapa 66
27/07/2010 12:35:08 Sumoneó a Sacerdote en mapa 66
27/07/2010 12:35:25 /MATA 
27/07/2010 12:35:45 Sumoneó a Sacerdote en mapa 66
27/07/2010 12:36:15 Sumoneó a Sastre en mapa 66
27/07/2010 12:36:30 Tiró cantidad:1 Objeto:Vestimentas Comunes
27/07/2010 12:36:41 /MATA 
27/07/2010 12:37:10 /CI: 318
27/07/2010 12:37:24 Agarro:1 Objeto:Invisibilidad
27/07/2010 19:12:37 Se conecto con ip:200.3.217.77
27/07/2010 19:18:58 Tiró cantidad:1 Objeto:Vara de Mago
27/07/2010 19:19:00 Tiró cantidad:1 Objeto:Vara de Mago
27/07/2010 19:19:02 Tiró cantidad:1 Objeto:Vara de Mago
27/07/2010 19:19:04 Tiró cantidad:1 Objeto:Vara de Mago
27/07/2010 19:19:05 Tiró cantidad:1 Objeto:Vara de Mago
27/07/2010 19:19:09 Tiró cantidad:1 Objeto:Vara de Mago
27/07/2010 19:19:12 Tiró cantidad:1 Objeto:Vara de Mago
27/07/2010 19:19:15 Tiró cantidad:1 Objeto:Vara de Mago
27/07/2010 19:19:36 /CI: 1
27/07/2010 19:19:43 /CI: 1
27/07/2010 19:19:45 Agarro:100 Objeto:Manzana Roja
27/07/2010 19:19:55 /CI: 1
27/07/2010 19:19:57 Agarro:100 Objeto:Manzana Roja
27/07/2010 19:20:00 /CI: 1
27/07/2010 19:20:01 Agarro:100 Objeto:Manzana Roja
27/07/2010 19:20:06 /CI: 1
27/07/2010 19:20:06 Agarro:100 Objeto:Manzana Roja
27/07/2010 19:20:09 /CI: 1
27/07/2010 19:20:09 Agarro:100 Objeto:Manzana Roja
27/07/2010 19:20:12 Transportó a Lazarith hacia Mapa1 X:69 Y:41
27/07/2010 19:20:14 Transportó a Lazarith hacia Mapa1 X:78 Y:36
27/07/2010 19:20:25 Transportó a Lazarith hacia Mapa1 X:76 Y:40
27/07/2010 19:20:27 Transportó a Lazarith hacia Mapa1 X:70 Y:42
27/07/2010 19:20:27 Transportó a Lazarith hacia Mapa1 X:63 Y:43
27/07/2010 19:20:31 Tiró cantidad:9999 Objeto:Poción Azul
27/07/2010 19:20:35 Tiró cantidad:1 Objeto:Poción Azul
27/07/2010 19:20:39 Tiró cantidad:-99 Objeto:Poción Azul
27/07/2010 19:20:54 Tiró cantidad:-199 Objeto:Poción Azul
27/07/2010 19:20:58 Tiró cantidad:-299 Objeto:Poción Azul
27/07/2010 19:21:01 Tiró cantidad:-399 Objeto:Poción Azul
27/07/2010 19:21:03 Tiró cantidad:-499 Objeto:Poción Azul
27/07/2010 19:21:06 Tiró cantidad:-599 Objeto:Poción Azul
27/07/2010 19:22:00 Tiró cantidad:-699 Objeto:Poción Azul
27/07/2010 19:22:04 Tiró cantidad:-2699 Objeto:Poción Azul
27/07/2010 19:24:16 Tiró cantidad:-4699 Objeto:Poción Azul
27/07/2010 19:25:05 Tiró cantidad:-10690 Objeto:Poción Azul
27/07/2010 19:25:14 Se conecto con ip:200.3.217.77
27/07/2010 19:25:43 Tiró cantidad:10000 Objeto:Poción Azul
27/07/2010 19:25:48 Tiró cantidad:-11380 Objeto:Poción Azul
27/07/2010 19:26:06 Se conecto con ip:200.3.217.77
27/07/2010 19:26:42 Se conecto con ip:200.3.217.77
27/07/2010 19:26:53 /DEST
27/07/2010 19:26:58 /DEST
27/07/2010 19:27:00 /DEST
27/07/2010 19:27:06 /DEST
27/07/2010 19:27:09 Tiró cantidad:10000 Objeto:Poción Azul
27/07/2010 19:27:18 /DEST
27/07/2010 19:27:22 /DEST
27/07/2010 19:27:27 /DEST
27/07/2010 19:27:30 Tiró cantidad:10000 Objeto:Poción Azul
27/07/2010 19:27:33 /DEST
27/07/2010 19:27:38 /DEST
27/07/2010 19:27:48 Agarro:1 Objeto:Túnica de Mago Oscuro
27/07/2010 19:27:52 Agarro:1 Objeto:Túnica Egregia de Mago Oscuro
27/07/2010 19:28:03 /MASSDEST
27/07/2010 19:29:39 Se conecto con ip:200.3.217.77
27/07/2010 19:29:47 /IRA standelf Mapa:1 X:79 Y:26
27/07/2010 19:30:00 Transportó a Lazarith hacia Mapa1 X:78 Y:26
27/07/2010 19:30:10 Transportó a Lazarith hacia Mapa1 X:72 Y:27
27/07/2010 19:30:12 Transportó a Lazarith hacia Mapa1 X:69 Y:29
27/07/2010 19:30:13 Transportó a Lazarith hacia Mapa1 X:66 Y:33
27/07/2010 19:30:14 Transportó a Lazarith hacia Mapa1 X:63 Y:37
27/07/2010 19:30:14 Transportó a Lazarith hacia Mapa1 X:59 Y:42
27/07/2010 19:30:17 Transportó a Lazarith hacia Mapa1 X:62 Y:40
27/07/2010 19:30:17 Transportó a Lazarith hacia Mapa1 X:63 Y:37
27/07/2010 19:30:18 Transportó a Lazarith hacia Mapa1 X:64 Y:34
27/07/2010 19:30:18 Transportó a Lazarith hacia Mapa1 X:66 Y:31
27/07/2010 19:30:19 Transportó a Lazarith hacia Mapa1 X:71 Y:28
27/07/2010 19:30:19 Transportó a Lazarith hacia Mapa1 X:77 Y:28
27/07/2010 19:30:20 Transportó a Lazarith hacia Mapa1 X:79 Y:28
27/07/2010 19:30:38 Transportó a Lazarith hacia Mapa1 X:82 Y:27
27/07/2010 19:30:47 /IRA STANDELF Mapa:1 X:59 Y:44
27/07/2010 19:31:04 Se conecto con ip:200.3.217.77
27/07/2010 19:31:15 Se conecto con ip:200.3.217.77
27/07/2010 19:31:47 Transportó a Lazarith hacia Mapa34 X:16 Y:77
27/07/2010 19:31:49 Transportó a Lazarith hacia Mapa34 X:19 Y:73
27/07/2010 19:31:50 Transportó a Lazarith hacia Mapa34 X:17 Y:69
27/07/2010 19:31:51 Transportó a Lazarith hacia Mapa34 X:18 Y:70
27/07/2010 19:31:52 Transportó a Lazarith hacia Mapa34 X:19 Y:73
27/07/2010 19:31:52 Transportó a Lazarith hacia Mapa34 X:20 Y:76
27/07/2010 19:31:53 Transportó a Lazarith hacia Mapa34 X:17 Y:78
27/07/2010 19:32:00 Transportó a Lazarith hacia Mapa34 X:13 Y:78
27/07/2010 19:32:01 Transportó a Lazarith hacia Mapa34 X:9 Y:78
27/07/2010 19:32:03 Transportó a Lazarith hacia Mapa78 X:89 Y:74
27/07/2010 19:32:04 Transportó a Lazarith hacia Mapa78 X:88 Y:70
27/07/2010 19:32:05 Transportó a Lazarith hacia Mapa78 X:89 Y:65
27/07/2010 19:32:05 Transportó a Lazarith hacia Mapa78 X:91 Y:60
27/07/2010 19:32:06 Transportó a Lazarith hacia Mapa78 X:90 Y:55
27/07/2010 19:32:06 Transportó a Lazarith hacia Mapa78 X:89 Y:50
27/07/2010 19:32:07 Transportó a Lazarith hacia Mapa78 X:90 Y:45
27/07/2010 19:32:07 Transportó a Lazarith hacia Mapa78 X:92 Y:39
27/07/2010 19:32:08 Transportó a Lazarith hacia Mapa34 X:14 Y:34
27/07/2010 19:32:09 Transportó a Lazarith hacia Mapa34 X:19 Y:32
27/07/2010 19:32:10 Transportó a Lazarith hacia Mapa34 X:16 Y:35
27/07/2010 19:32:12 Transportó a Lazarith hacia Mapa34 X:13 Y:35
27/07/2010 19:32:13 Transportó a Lazarith hacia Mapa34 X:11 Y:34
27/07/2010 19:32:14 Transportó a Lazarith hacia Mapa34 X:9 Y:29
27/07/2010 19:32:17 Transportó a Lazarith hacia Mapa78 X:92 Y:30
27/07/2010 19:32:18 Transportó a Lazarith hacia Mapa34 X:10 Y:30
27/07/2010 19:32:18 Transportó a Lazarith hacia Mapa34 X:12 Y:27
27/07/2010 19:32:19 Transportó a Lazarith hacia Mapa34 X:15 Y:24
27/07/2010 19:32:20 Transportó a Lazarith hacia Mapa34 X:20 Y:22
27/07/2010 19:32:21 Transportó a Lazarith hacia Mapa34 X:18 Y:21
27/07/2010 19:32:23 Transportó a Lazarith hacia Mapa34 X:25 Y:19
27/07/2010 19:32:23 Transportó a Lazarith hacia Mapa34 X:30 Y:18
27/07/2010 19:32:24 Transportó a Lazarith hacia Mapa34 X:35 Y:20
27/07/2010 19:32:24 Transportó a Lazarith hacia Mapa34 X:38 Y:24
27/07/2010 19:32:25 Transportó a Lazarith hacia Mapa34 X:36 Y:28
27/07/2010 19:32:26 Transportó a Lazarith hacia Mapa34 X:33 Y:32
27/07/2010 19:32:26 Transportó a Lazarith hacia Mapa34 X:34 Y:35
27/07/2010 19:32:27 Transportó a Lazarith hacia Mapa34 X:32 Y:39
27/07/2010 19:32:27 Transportó a Lazarith hacia Mapa34 X:33 Y:43
27/07/2010 19:32:28 Transportó a Lazarith hacia Mapa34 X:32 Y:47
27/07/2010 19:32:29 Transportó a Lazarith hacia Mapa34 X:34 Y:50
27/07/2010 19:32:29 Transportó a Lazarith hacia Mapa34 X:33 Y:54
27/07/2010 19:32:30 Transportó a Lazarith hacia Mapa34 X:35 Y:58
27/07/2010 19:32:30 Transportó a Lazarith hacia Mapa34 X:35 Y:62
27/07/2010 19:32:36 Transportó a Lazarith hacia Mapa34 X:34 Y:66
27/07/2010 19:32:36 Transportó a Lazarith hacia Mapa34 X:34 Y:66
27/07/2010 19:32:37 Transportó a Lazarith hacia Mapa34 X:33 Y:70
27/07/2010 19:32:37 Transportó a Lazarith hacia Mapa34 X:31 Y:74
27/07/2010 19:32:38 Transportó a Lazarith hacia Mapa34 X:30 Y:74
27/07/2010 19:32:38 Transportó a Lazarith hacia Mapa34 X:28 Y:78
27/07/2010 19:32:38 Transportó a Lazarith hacia Mapa34 X:22 Y:80
27/07/2010 19:32:39 Transportó a Lazarith hacia Mapa34 X:16 Y:82
27/07/2010 19:32:40 Transportó a Lazarith hacia Mapa34 X:19 Y:78
27/07/2010 19:32:40 Transportó a Lazarith hacia Mapa34 X:22 Y:74
27/07/2010 19:33:03 ¡¡ Inició una Invasion !! Sumoneó a 20 Murciélago en el mapa 34
27/07/2010 19:34:39 Se conecto con ip:200.3.217.77
27/07/2010 19:36:43 Transportó a Lazarith hacia Mapa34 X:18 Y:72
27/07/2010 19:36:50 Transportó a Lazarith hacia Mapa34 X:12 Y:70
27/07/2010 19:36:51 Transportó a Lazarith hacia Mapa34 X:16 Y:72
27/07/2010 19:36:52 Transportó a Lazarith hacia Mapa34 X:22 Y:72
27/07/2010 19:36:53 Transportó a Lazarith hacia Mapa34 X:28 Y:72
27/07/2010 19:37:01 ¡¡ Inició una Invasion !! Sumoneó a 20 Zombie en el mapa 34
27/07/2010 19:37:33 Transportó a Lazarith hacia Mapa34 X:25 Y:72
27/07/2010 19:38:00 Transportó a Lazarith hacia Mapa34 X:25 Y:75
27/07/2010 19:38:01 Transportó a Lazarith hacia Mapa34 X:31 Y:78
27/07/2010 19:38:04 Sumoneó a Sacerdote en mapa 34
27/07/2010 19:38:10 Transportó a Lazarith hacia Mapa34 X:30 Y:78
27/07/2010 19:38:16 Transportó a Lazarith hacia Mapa34 X:29 Y:78
27/07/2010 19:38:20 Transportó a Lazarith hacia Mapa34 X:32 Y:77
27/07/2010 19:38:20 Transportó a Lazarith hacia Mapa34 X:35 Y:76
27/07/2010 19:38:28 Transportó a Lazarith hacia Mapa34 X:31 Y:79
27/07/2010 19:38:30 ¡¡ Inició una Invasion !! Sumoneó a 20 Serpiente en el mapa 34
27/07/2010 19:38:35 Transportó a Lazarith hacia Mapa34 X:29 Y:79
27/07/2010 19:38:45 Transportó a Lazarith hacia Mapa34 X:29 Y:78
27/07/2010 19:38:50 Transportó a Lazarith hacia Mapa34 X:25 Y:77
27/07/2010 19:38:51 Transportó a Lazarith hacia Mapa34 X:24 Y:75
27/07/2010 19:38:58 Transportó a Lazarith hacia Mapa34 X:24 Y:75
27/07/2010 19:39:00 Transportó a Lazarith hacia Mapa34 X:24 Y:76
27/07/2010 19:39:15 Transportó a Lazarith hacia Mapa34 X:28 Y:78
27/07/2010 19:39:39  encarceló a LES VA A CABER EL OCHO
27/07/2010 19:40:20 /IRA MIDRAKS Mapa:66 X:79 Y:46
27/07/2010 19:40:23 Transportó a Lazarith hacia Mapa66 X:78 Y:47
27/07/2010 19:42:10 Transportó a Lazarith hacia Mapa66 X:78 Y:49
27/07/2010 19:43:11 Mensaje Broadcast:ASD
27/07/2010 19:46:03 Transportó a Lazarith hacia Mapa66 X:82 Y:53
27/07/2010 19:47:58 Se conecto con ip:200.3.217.77
27/07/2010 19:48:33 Transportó a Lazarith hacia Mapa66 X:77 Y:54
27/07/2010 19:49:28 Se conecto con ip:200.3.217.77
27/07/2010 19:50:09 Se conecto con ip:200.3.217.77
27/07/2010 19:50:33 Tiró cantidad:10000 Objeto:Monedas de Oro
27/07/2010 19:51:07 Tiró cantidad:1 Objeto:Sombrero Pirata
27/07/2010 19:52:25 ¡¡ Inició una Invasion !! Sumoneó a 20 Serpiente en el mapa 66
27/07/2010 19:52:31 Transportó a Lazarith hacia Mapa66 X:74 Y:54
27/07/2010 19:53:24 ¡¡ Inició una Invasion !! Sumoneó a 20 Murciélago en el mapa 66
27/07/2010 19:53:25 Transportó a Lazarith hacia Mapa66 X:70 Y:53
27/07/2010 19:53:49 Sumoneó a Sacerdote en mapa 66
27/07/2010 19:54:05 /MASSDEST
27/07/2010 19:54:12 /MASSKILL
27/07/2010 19:54:47 Sumoneó a Tellez en mapa 66
27/07/2010 19:54:57 Tiró cantidad:1 Objeto:Vestimentas Comunes
27/07/2010 19:55:09 Tiró cantidad:1 Objeto:Vestimentas Comunes
27/07/2010 19:55:30 ¡¡ Inició una Invasion !! Sumoneó a 20 Serpiente en el mapa 66
27/07/2010 19:56:30 Se conecto con ip:200.3.217.77
27/07/2010 19:56:49 /MASSDEST
27/07/2010 19:57:08 Se conecto con ip:200.3.217.77
27/07/2010 19:57:18 Echó a midraks
27/07/2010 19:57:30 /MATA 
27/07/2010 19:57:41 /MOD HEAD 20  zaphiro
27/07/2010 19:57:52 /MOD HEAD 0  zaphiro
27/07/2010 19:58:12 /MOD BODY 88  zaphiro
27/07/2010 19:58:47 /MOD BODY 99  zaphiro
27/07/2010 19:59:16 Sumoneo Araña Gigante
27/07/2010 19:59:16 Sumoneo Araña Gigante
27/07/2010 19:59:18 Sumoneo Araña Gigante
27/07/2010 19:59:19 Sumoneo Araña Gigante
27/07/2010 19:59:19 Sumoneo Araña Gigante
27/07/2010 19:59:19 Sumoneo Araña Gigante
27/07/2010 19:59:20 Sumoneo Araña Gigante
27/07/2010 19:59:20 Sumoneo Araña Gigante
27/07/2010 19:59:21 Sumoneo Araña Gigante
27/07/2010 19:59:21 Sumoneo Araña Gigante
27/07/2010 19:59:21 Sumoneo Araña Gigante
27/07/2010 19:59:22 Sumoneo Araña Gigante
27/07/2010 19:59:22 Sumoneo Araña Gigante
27/07/2010 19:59:23 Sumoneo Araña Gigante
27/07/2010 19:59:23 Sumoneo Araña Gigante
27/07/2010 19:59:23 Sumoneo Araña Gigante
27/07/2010 19:59:24 Sumoneo Araña Gigante
27/07/2010 19:59:24 Sumoneo Araña Gigante
27/07/2010 19:59:24 Sumoneo Araña Gigante
27/07/2010 19:59:25 Sumoneo Araña Gigante
27/07/2010 19:59:32 Transportó a Lazarith hacia Mapa66 X:66 Y:49
27/07/2010 19:59:32 Transportó a Lazarith hacia Mapa66 X:67 Y:46
27/07/2010 19:59:41 /IRA zaphiro Mapa:66 X:57 Y:47
27/07/2010 19:59:47 Sumoneó a Sacerdote en mapa 66
27/07/2010 19:59:50 Transportó a Lazarith hacia Mapa66 X:59 Y:51
27/07/2010 19:59:55 /MOD HEAD 0  midraks
27/07/2010 20:00:17 /MASSDEST
27/07/2010 20:00:19 /MASSDEST
27/07/2010 20:00:24 /MASSKILL
27/07/2010 20:02:16 Sumoneo 
27/07/2010 20:02:17 Sumoneo 
27/07/2010 20:02:17 Sumoneo 
27/07/2010 20:02:18 Sumoneo 
27/07/2010 20:02:18 Sumoneo 
27/07/2010 20:02:18 Sumoneo 
27/07/2010 20:02:18 Sumoneo 
27/07/2010 20:02:18 Sumoneo 
27/07/2010 20:02:20 Sumoneo 
27/07/2010 20:02:20 Sumoneo 
27/07/2010 20:02:21 Sumoneo 
27/07/2010 20:02:21 Sumoneo 
27/07/2010 20:02:21 Sumoneo 
27/07/2010 20:02:21 Sumoneo 
27/07/2010 20:02:50 /LLUVIA
27/07/2010 20:03:07 /LLUVIA
27/07/2010 20:08:35 Tiró cantidad:1 Objeto:Armadura Legendaria
27/07/2010 20:09:31 /MOD CLASE PT  zaphiro
27/07/2010 20:09:54 /MOD CLASE pt  zaphiro
27/07/2010 20:10:04 /MOD CLASE guerrero  zaphiro
27/07/2010 20:10:39 /MOD CLASE paladin  zaphiro
27/07/2010 20:11:07 Sumoneó a Guardia Imperial en mapa 66
27/07/2010 20:11:11 /MASSKILL
27/07/2010 20:11:18 Sumoneó a Bardo en mapa 66
27/07/2010 20:11:53 /MOD CLASE pirata  zaphiro
27/07/2010 20:12:20 /MOD CLASE pirata  zaphiro
27/07/2010 20:12:30 /MASSKILL
27/07/2010 20:13:42  ejecuto a zaphiro
27/07/2010 20:13:44 Agarro:2 Objeto:Sombrero Pirata
27/07/2010 20:13:48 Sumoneó a Sacerdote en mapa 66
27/07/2010 20:14:52 /MASSKILL
27/07/2010 20:14:55 Sumoneó a Sacerdote en mapa 66
27/07/2010 20:15:04 /MASSKILL
27/07/2010 20:15:08 Sumoneó a Sacerdote en mapa 66
27/07/2010 20:15:13 /MASSKILL
27/07/2010 20:15:15 Sumoneó a Guardia Imperial en mapa 66
27/07/2010 20:15:20 /MASSKILL
27/07/2010 20:15:30 Tiró cantidad:1 Objeto:Sombrero Pirata
27/07/2010 20:22:22 Transportó a Lazarith hacia Mapa66 X:82 Y:51
27/07/2010 20:22:26 Transportó a Lazarith hacia Mapa66 X:85 Y:53
27/07/2010 20:22:42 Transportó a Lazarith hacia Mapa66 X:81 Y:52
27/07/2010 20:24:23 Sumoneó a Sacerdote en mapa 66
27/07/2010 20:25:43 Se conecto con ip:200.3.217.77
27/07/2010 20:26:12 /MASSKILL
27/07/2010 20:26:22 /IRA midraks Mapa:66 X:86 Y:54
27/07/2010 20:26:30 Sumoneó a Guardia Imperial en mapa 66
27/07/2010 20:26:38 Sumoneó a Guardia Imperial en mapa 66
27/07/2010 20:26:44 Sumoneó a Mago en mapa 66
27/07/2010 20:27:04 /MASSKILL
27/07/2010 20:27:11 ¡¡ Inició una Invasion !! Sumoneó a 20 Serpiente en el mapa 66
27/07/2010 20:27:18 /MASSKILL
27/07/2010 20:29:07 Transportó a Lazarith hacia Mapa66 X:82 Y:52
27/07/2010 20:29:13 /CT 1,50,50,0
27/07/2010 20:29:24 Transportó a Lazarith hacia Mapa66 X:37 Y:72
27/07/2010 20:29:26 Transportó a Lazarith hacia Mapa66 X:69 Y:76
27/07/2010 20:29:27 Transportó a Lazarith hacia Mapa66 X:69 Y:57
27/07/2010 20:29:28 Transportó a Lazarith hacia Mapa66 X:77 Y:46
27/07/2010 20:29:31 Transportó a Lazarith hacia Mapa66 X:86 Y:54
27/07/2010 20:29:33 Transportó a Lazarith hacia Mapa66 X:66 Y:46
27/07/2010 20:29:36 Transportó a Lazarith hacia Mapa66 X:71 Y:44
27/07/2010 20:29:37 Transportó a Lazarith hacia Mapa66 X:83 Y:52
27/07/2010 20:29:51 Transportó a Lazarith hacia Mapa1 X:74 Y:73
27/07/2010 20:29:52 Transportó a Lazarith hacia Mapa1 X:31 Y:73
27/07/2010 20:29:53 Transportó a Lazarith hacia Mapa1 X:33 Y:39
27/07/2010 20:29:54 Transportó a Lazarith hacia Mapa1 X:44 Y:29
27/07/2010 20:29:56 Transportó a Lazarith hacia Mapa1 X:54 Y:52
27/07/2010 20:29:57 Transportó a Lazarith hacia Mapa1 X:76 Y:62
27/07/2010 20:30:02 Transportó a Lazarith hacia Mapa1 X:22 Y:59
27/07/2010 20:30:40 Transportó a Lazarith hacia Mapa1 X:52 Y:9
27/07/2010 20:30:40 Transportó a Lazarith hacia Mapa1 X:52 Y:15
27/07/2010 20:31:04 Transportó a Lazarith hacia Mapa1 X:61 Y:81
27/07/2010 20:31:08 Transportó a Lazarith hacia Mapa1 X:39 Y:51
27/07/2010 20:31:16 Transportó a Lazarith hacia Mapa1 X:33 Y:54
27/07/2010 20:31:20 Transportó a Lazarith hacia Mapa40 X:47 Y:14
27/07/2010 20:31:20 Transportó a Lazarith hacia Mapa40 X:47 Y:20
27/07/2010 20:34:11 Transportó a Lazarith hacia Mapa40 X:40 Y:39
27/07/2010 20:34:29 Transportó a Lazarith hacia Mapa40 X:30 Y:39
27/07/2010 20:34:30 Transportó a Lazarith hacia Mapa40 X:28 Y:35
27/07/2010 20:34:31 Transportó a Lazarith hacia Mapa40 X:36 Y:38
27/07/2010 20:34:32 Transportó a Lazarith hacia Mapa40 X:44 Y:38
27/07/2010 20:34:33 Transportó a Lazarith hacia Mapa40 X:69 Y:34
27/07/2010 20:34:34 Transportó a Lazarith hacia Mapa40 X:70 Y:18
27/07/2010 20:34:36 Transportó a Lazarith hacia Mapa40 X:41 Y:94
27/07/2010 20:34:37 Transportó a Lazarith hacia Mapa40 X:48 Y:94
27/07/2010 21:00:24 Se conecto con ip:200.3.217.77
27/07/2010 21:00:30 Transportó a Lazarith hacia Mapa40 X:46 Y:89
27/07/2010 21:00:31 Transportó a Lazarith hacia Mapa40 X:46 Y:82
27/07/2010 21:00:33 Transportó a Lazarith hacia Mapa40 X:51 Y:14
27/07/2010 21:00:34 Transportó a Lazarith hacia Mapa40 X:48 Y:12
27/07/2010 21:00:39 Transportó a Lazarith hacia Mapa1 X:38 Y:57
27/07/2010 21:00:40 Transportó a Lazarith hacia Mapa1 X:43 Y:56
27/07/2010 21:00:41 Transportó a Lazarith hacia Mapa1 X:48 Y:57
27/07/2010 21:00:42 Transportó a Lazarith hacia Mapa1 X:53 Y:56
27/07/2010 21:01:22 Transportó a Lazarith hacia Mapa1 X:68 Y:61
27/07/2010 21:01:24 Transportó a Lazarith hacia Mapa1 X:65 Y:57
27/07/2010 21:01:25 Transportó a Lazarith hacia Mapa1 X:60 Y:54
27/07/2010 21:01:44 ¡¡ Inició una Invasion !! Sumoneó a 20 Serpiente en el mapa 1
27/07/2010 21:01:48 Transportó a Lazarith hacia Mapa1 X:57 Y:55
27/07/2010 21:02:49 Transportó a Lazarith hacia Mapa1 X:52 Y:47
27/07/2010 21:02:50 Transportó a Lazarith hacia Mapa1 X:52 Y:64
27/07/2010 21:02:52 Transportó a Lazarith hacia Mapa1 X:56 Y:57
27/07/2010 21:02:53 Transportó a Lazarith hacia Mapa1 X:56 Y:52
27/07/2010 21:04:39 /MASSDEST
27/07/2010 21:04:44 /MASSKILL
27/07/2010 21:04:58 Transportó a Lazarith hacia Mapa1 X:55 Y:48
27/07/2010 21:04:59 Transportó a Lazarith hacia Mapa1 X:50 Y:43
27/07/2010 21:05:00 Transportó a Lazarith hacia Mapa1 X:44 Y:39
27/07/2010 21:05:01 Transportó a Lazarith hacia Mapa1 X:41 Y:38
27/07/2010 21:05:03 Transportó a Lazarith hacia Mapa1 X:39 Y:31
27/07/2010 21:05:04 Transportó a Lazarith hacia Mapa1 X:33 Y:25
27/07/2010 21:05:06 Transportó a Lazarith hacia Mapa1 X:35 Y:30
27/07/2010 21:05:07 Transportó a Lazarith hacia Mapa1 X:35 Y:36
27/07/2010 21:05:07 Transportó a Lazarith hacia Mapa1 X:37 Y:41
27/07/2010 21:05:08 Transportó a Lazarith hacia Mapa1 X:41 Y:46
27/07/2010 21:05:09 Transportó a Lazarith hacia Mapa1 X:44 Y:50
27/07/2010 21:05:10 Transportó a Lazarith hacia Mapa1 X:43 Y:53
27/07/2010 21:05:11 Transportó a Lazarith hacia Mapa1 X:38 Y:57
27/07/2010 21:05:13 Transportó a Lazarith hacia Mapa1 X:40 Y:61
27/07/2010 21:05:14 Transportó a Lazarith hacia Mapa1 X:43 Y:66
27/07/2010 21:05:15 Transportó a Lazarith hacia Mapa1 X:46 Y:70
27/07/2010 21:05:16 Transportó a Lazarith hacia Mapa1 X:50 Y:75
27/07/2010 21:05:17 Transportó a Lazarith hacia Mapa1 X:54 Y:80
27/07/2010 21:05:17 Transportó a Lazarith hacia Mapa1 X:55 Y:86
27/07/2010 21:05:32 Transportó a Lazarith hacia Mapa1 X:55 Y:80
27/07/2010 21:05:34 Transportó a Lazarith hacia Mapa1 X:55 Y:71
27/07/2010 21:05:35 Transportó a Lazarith hacia Mapa1 X:61 Y:65
27/07/2010 21:05:36 Transportó a Lazarith hacia Mapa1 X:62 Y:60
27/07/2010 21:05:37 Transportó a Lazarith hacia Mapa1 X:62 Y:52
27/07/2010 21:05:38 Transportó a Lazarith hacia Mapa1 X:59 Y:48
27/07/2010 21:05:39 Transportó a Lazarith hacia Mapa1 X:55 Y:49
27/07/2010 21:05:40 Transportó a Lazarith hacia Mapa1 X:57 Y:44
27/07/2010 21:05:40 Transportó a Lazarith hacia Mapa1 X:60 Y:41
27/07/2010 21:05:44 Transportó a Lazarith hacia Mapa1 X:58 Y:29
27/07/2010 21:05:45 Transportó a Lazarith hacia Mapa1 X:53 Y:28
27/07/2010 21:05:48 Transportó a Lazarith hacia Mapa1 X:57 Y:27
27/07/2010 21:05:49 Transportó a Lazarith hacia Mapa1 X:65 Y:28
27/07/2010 21:05:50 Transportó a Lazarith hacia Mapa1 X:70 Y:30
27/07/2010 21:06:04 Transportó a Lazarith hacia Mapa286 X:40 Y:60
27/07/2010 21:06:07 Transportó a Lazarith hacia Mapa286 X:39 Y:52
27/07/2010 21:07:37 Transportó a Lazarith hacia Mapa1 X:54 Y:74
27/07/2010 21:07:39 Transportó a Lazarith hacia Mapa1 X:49 Y:82
27/07/2010 21:07:42 Transportó a Lazarith hacia Mapa1 X:36 Y:83
27/07/2010 21:07:43 Transportó a Lazarith hacia Mapa1 X:34 Y:77
27/07/2010 21:07:44 Transportó a Lazarith hacia Mapa1 X:34 Y:71
27/07/2010 21:07:45 Transportó a Lazarith hacia Mapa1 X:25 Y:70
27/07/2010 21:07:46 Transportó a Lazarith hacia Mapa1 X:22 Y:65
27/07/2010 21:07:47 Transportó a Lazarith hacia Mapa1 X:25 Y:60
27/07/2010 21:07:48 Transportó a Lazarith hacia Mapa1 X:26 Y:54
27/07/2010 21:08:01 Transportó a Lazarith hacia Mapa1 X:16 Y:50
27/07/2010 21:08:14 Transportó a Lazarith hacia Mapa1 X:23 Y:50
27/07/2010 21:08:16 Transportó a Lazarith hacia Mapa1 X:34 Y:54
27/07/2010 21:08:45 Transportó a Lazarith hacia Mapa1 X:44 Y:45
27/07/2010 21:08:46 Transportó a Lazarith hacia Mapa1 X:46 Y:43
27/07/2010 21:08:47 Transportó a Lazarith hacia Mapa1 X:45 Y:40
27/07/2010 21:08:49 Transportó a Lazarith hacia Mapa1 X:42 Y:34
27/07/2010 21:08:50 Transportó a Lazarith hacia Mapa1 X:41 Y:31
27/07/2010 21:08:51 Transportó a Lazarith hacia Mapa1 X:40 Y:29
27/07/2010 21:08:52 Transportó a Lazarith hacia Mapa1 X:35 Y:27
27/07/2010 21:08:53 Transportó a Lazarith hacia Mapa1 X:34 Y:28
27/07/2010 21:08:53 Transportó a Lazarith hacia Mapa1 X:34 Y:28
27/07/2010 21:08:54 Transportó a Lazarith hacia Mapa1 X:34 Y:28
27/07/2010 21:08:55 Transportó a Lazarith hacia Mapa1 X:34 Y:28
27/07/2010 21:08:56 Transportó a Lazarith hacia Mapa1 X:34 Y:30
27/07/2010 21:08:56 Transportó a Lazarith hacia Mapa1 X:34 Y:32
27/07/2010 21:08:57 Transportó a Lazarith hacia Mapa1 X:34 Y:34
27/07/2010 21:08:57 Transportó a Lazarith hacia Mapa1 X:34 Y:36
27/07/2010 21:08:58 Transportó a Lazarith hacia Mapa1 X:34 Y:38
27/07/2010 21:08:59 Transportó a Lazarith hacia Mapa1 X:35 Y:38
27/07/2010 21:08:59 Transportó a Lazarith hacia Mapa1 X:35 Y:38
27/07/2010 21:08:59 Transportó a Lazarith hacia Mapa1 X:36 Y:38
27/07/2010 21:09:00 Transportó a Lazarith hacia Mapa1 X:37 Y:38
27/07/2010 21:09:00 Transportó a Lazarith hacia Mapa1 X:38 Y:38
27/07/2010 21:09:02 Transportó a Lazarith hacia Mapa1 X:38 Y:39
27/07/2010 21:09:02 Transportó a Lazarith hacia Mapa1 X:38 Y:40
27/07/2010 21:09:03 Transportó a Lazarith hacia Mapa1 X:38 Y:41
27/07/2010 21:09:03 Transportó a Lazarith hacia Mapa1 X:38 Y:42
27/07/2010 21:09:03 Transportó a Lazarith hacia Mapa1 X:38 Y:43
27/07/2010 21:09:04 Transportó a Lazarith hacia Mapa1 X:38 Y:44
27/07/2010 21:09:04 Transportó a Lazarith hacia Mapa1 X:38 Y:45
27/07/2010 21:09:05 Transportó a Lazarith hacia Mapa1 X:38 Y:46
27/07/2010 21:09:06 Transportó a Lazarith hacia Mapa1 X:37 Y:47
27/07/2010 21:09:09 Transportó a Lazarith hacia Mapa1 X:43 Y:54
27/07/2010 21:09:10 Transportó a Lazarith hacia Mapa1 X:53 Y:54
27/07/2010 21:09:11 Transportó a Lazarith hacia Mapa1 X:60 Y:52
27/07/2010 21:09:24 Transportó a Lazarith hacia Mapa1 X:60 Y:50
27/07/2010 21:09:25 Transportó a Lazarith hacia Mapa1 X:60 Y:50
27/07/2010 21:09:27 Transportó a Lazarith hacia Mapa1 X:60 Y:50
27/07/2010 21:09:28 Transportó a Lazarith hacia Mapa1 X:60 Y:50
27/07/2010 21:09:30 Transportó a Lazarith hacia Mapa1 X:54 Y:53
27/07/2010 21:10:30 Tiró cantidad:10000 Objeto:Monedas de Oro
27/07/2010 21:10:31 Tiró cantidad:10000 Objeto:Monedas de Oro
27/07/2010 21:10:34 Transportó a Lazarith hacia Mapa1 X:66 Y:47
27/07/2010 21:10:35 Transportó a Lazarith hacia Mapa1 X:72 Y:43
27/07/2010 21:10:35 Transportó a Lazarith hacia Mapa1 X:76 Y:37
27/07/2010 21:10:36 Transportó a Lazarith hacia Mapa1 X:80 Y:34
27/07/2010 21:10:51 Tiró cantidad:9922 Objeto:Poción Roja
27/07/2010 21:10:53 Tiró cantidad:78 Objeto:Poción Roja
27/07/2010 21:10:57 Tiró cantidad:-922 Objeto:Poción Roja
27/07/2010 21:10:58 Tiró cantidad:-1844 Objeto:Poción Roja
27/07/2010 21:10:59 Tiró cantidad:-3688 Objeto:Poción Roja
27/07/2010 21:11:01 Tiró cantidad:-7376 Objeto:Poción Roja
27/07/2010 21:11:41 Se conecto con ip:200.3.217.77
27/07/2010 21:11:49 /DEST
27/07/2010 21:11:50 Agarro:14752 Objeto:Poción Roja
27/07/2010 21:11:57 Transportó a Lazarith hacia Mapa1 X:82 Y:37
27/07/2010 21:12:04 Transportó a Lazarith hacia Mapa1 X:75 Y:42
27/07/2010 21:12:05 Transportó a Lazarith hacia Mapa1 X:65 Y:39
27/07/2010 21:12:07 Transportó a Lazarith hacia Mapa1 X:61 Y:33
27/07/2010 21:12:10 Transportó a Lazarith hacia Mapa1 X:55 Y:34
27/07/2010 21:12:11 Transportó a Lazarith hacia Mapa1 X:48 Y:38
27/07/2010 21:12:12 Transportó a Lazarith hacia Mapa1 X:47 Y:42
27/07/2010 21:12:13 Transportó a Lazarith hacia Mapa1 X:46 Y:48
27/07/2010 21:12:13 Transportó a Lazarith hacia Mapa1 X:41 Y:50
27/07/2010 21:12:14 Transportó a Lazarith hacia Mapa1 X:39 Y:54
27/07/2010 21:12:15 Transportó a Lazarith hacia Mapa1 X:41 Y:62
27/07/2010 21:12:37 ¡¡ Inició una Invasion !! Sumoneó a 20 Serpiente en el mapa 1
27/07/2010 21:12:57 Transportó a Lazarith hacia Mapa1 X:40 Y:61
27/07/2010 21:16:28 Agarro:1 Objeto:Ropa de Clan
27/07/2010 21:17:18 /LLUVIA
27/07/2010 21:17:26 Se conecto con ip:200.3.217.77
27/07/2010 21:19:11 Transportó a Lazarith hacia Mapa1 X:64 Y:79
27/07/2010 21:19:17 Transportó a Lazarith hacia Mapa1 X:74 Y:77
27/07/2010 21:19:18 Transportó a Lazarith hacia Mapa1 X:78 Y:73
27/07/2010 21:19:19 Transportó a Lazarith hacia Mapa1 X:80 Y:79
27/07/2010 21:19:34 Transportó a Lazarith hacia Mapa1 X:74 Y:74
27/07/2010 21:19:36 Transportó a Lazarith hacia Mapa1 X:75 Y:65
27/07/2010 21:19:37 Transportó a Lazarith hacia Mapa1 X:71 Y:59
27/07/2010 21:19:38 Transportó a Lazarith hacia Mapa1 X:73 Y:51
27/07/2010 21:20:13 Transportó a Lazarith hacia Mapa1 X:79 Y:48
27/07/2010 21:20:16 Transportó a Lazarith hacia Mapa1 X:76 Y:43
27/07/2010 21:20:19 Transportó a Lazarith hacia Mapa1 X:80 Y:36
27/07/2010 21:20:21 Transportó a Lazarith hacia Mapa1 X:74 Y:34
27/07/2010 21:20:31 Transportó a Lazarith hacia Mapa1 X:66 Y:33
27/07/2010 21:20:32 Transportó a Lazarith hacia Mapa1 X:59 Y:29
27/07/2010 21:20:33 Transportó a Lazarith hacia Mapa1 X:53 Y:30
27/07/2010 21:20:34 Transportó a Lazarith hacia Mapa1 X:50 Y:34
27/07/2010 21:20:35 Transportó a Lazarith hacia Mapa1 X:46 Y:43
27/07/2010 21:20:36 Transportó a Lazarith hacia Mapa1 X:42 Y:49
27/07/2010 21:20:37 Transportó a Lazarith hacia Mapa1 X:42 Y:55
27/07/2010 21:21:29 Transportó a Lazarith hacia Mapa1 X:46 Y:63
27/07/2010 21:21:31 Transportó a Lazarith hacia Mapa1 X:43 Y:64
27/07/2010 21:22:13 Transportó a Lazarith hacia Mapa1 X:60 Y:48
27/07/2010 21:22:27 Transportó a Lazarith hacia Mapa1 X:32 Y:54
27/07/2010 21:22:28 Transportó a Lazarith hacia Mapa1 X:30 Y:53
27/07/2010 21:22:42 Transportó a Lazarith hacia Mapa1 X:37 Y:69
27/07/2010 21:22:43 Transportó a Lazarith hacia Mapa1 X:41 Y:64
27/07/2010 21:22:44 Transportó a Lazarith hacia Mapa1 X:40 Y:60
27/07/2010 21:23:50 /LLUVIA
27/07/2010 21:23:51 /LLUVIA
27/07/2010 21:23:56 /BANIPLIST
27/07/2010 21:25:31 Tiró cantidad:1 Objeto:Ropa de Clan
27/07/2010 21:25:33 Agarro:1 Objeto:Ropa de Clan
27/07/2010 21:29:15 Transportó a Lazarith hacia Mapa1 X:56 Y:62
27/07/2010 21:29:16 Transportó a Lazarith hacia Mapa1 X:54 Y:69
27/07/2010 21:29:17 Transportó a Lazarith hacia Mapa1 X:53 Y:76
27/07/2010 21:29:18 Transportó a Lazarith hacia Mapa1 X:52 Y:83
27/07/2010 21:29:18 Transportó a Lazarith hacia Mapa1 X:53 Y:89
27/07/2010 21:29:21 Transportó a Lazarith hacia Mapa2 X:52 Y:16
27/07/2010 21:29:27 Transportó a Lazarith hacia Mapa2 X:41 Y:33
27/07/2010 21:29:28 Transportó a Lazarith hacia Mapa2 X:37 Y:41
27/07/2010 21:29:29 Transportó a Lazarith hacia Mapa2 X:37 Y:48
27/07/2010 21:29:29 Transportó a Lazarith hacia Mapa2 X:35 Y:54
27/07/2010 21:29:30 Transportó a Lazarith hacia Mapa2 X:37 Y:59
27/07/2010 21:29:31 Transportó a Lazarith hacia Mapa2 X:34 Y:65
27/07/2010 21:29:31 Transportó a Lazarith hacia Mapa2 X:37 Y:71
27/07/2010 21:29:32 Transportó a Lazarith hacia Mapa2 X:34 Y:78
27/07/2010 21:29:32 Transportó a Lazarith hacia Mapa2 X:39 Y:84
27/07/2010 21:29:33 Transportó a Lazarith hacia Mapa2 X:36 Y:90
27/07/2010 21:29:35 Transportó a Lazarith hacia Mapa3 X:32 Y:16
27/07/2010 21:29:35 Transportó a Lazarith hacia Mapa3 X:34 Y:22
27/07/2010 21:29:36 Transportó a Lazarith hacia Mapa3 X:30 Y:28
27/07/2010 21:29:37 Transportó a Lazarith hacia Mapa3 X:32 Y:35
27/07/2010 21:29:37 Transportó a Lazarith hacia Mapa3 X:28 Y:41
27/07/2010 21:30:14 Transportó a Lazarith hacia Mapa3 X:30 Y:48
27/07/2010 21:30:16 Transportó a Lazarith hacia Mapa3 X:43 Y:90
27/07/2010 21:30:19 Transportó a Lazarith hacia Mapa4 X:91 Y:53
27/07/2010 21:30:22 Transportó a Lazarith hacia Mapa22 X:46 Y:67
27/07/2010 21:30:29 Transportó a Lazarith hacia Mapa33 X:27 Y:42
27/07/2010 21:30:44 Transportó a Lazarith hacia Mapa33 X:30 Y:43
27/07/2010 21:30:47 Transportó a Lazarith hacia Mapa33 X:50 Y:90
27/07/2010 21:30:49 Transportó a Lazarith hacia Mapa33 X:53 Y:93
27/07/2010 21:30:53 Transportó a Lazarith hacia Mapa22 X:12 Y:53
27/07/2010 21:30:55 Transportó a Lazarith hacia Mapa4 X:12 Y:53
27/07/2010 21:30:56 Transportó a Lazarith hacia Mapa35 X:12 Y:53
27/07/2010 21:30:59 Transportó a Lazarith hacia Mapa35 X:35 Y:88
27/07/2010 21:31:02 Transportó a Lazarith hacia Mapa34 X:32 Y:80
27/07/2010 21:31:05 Transportó a Lazarith hacia Mapa34 X:22 Y:60
27/07/2010 21:31:08 Transportó a Lazarith hacia Mapa34 X:24 Y:62
27/07/2010 21:31:09 Transportó a Lazarith hacia Mapa34 X:26 Y:61
27/07/2010 21:34:12 Transportó a Lazarith hacia Mapa34 X:53 Y:57
27/07/2010 21:34:14 Transportó a Lazarith hacia Mapa34 X:43 Y:58
27/07/2010 21:34:16 Transportó a Lazarith hacia Mapa34 X:65 Y:81
27/07/2010 21:34:18 Transportó a Lazarith hacia Mapa34 X:55 Y:79
27/07/2010 21:34:21 Transportó a Lazarith hacia Mapa286 X:53 Y:71
27/07/2010 21:34:22 Transportó a Lazarith hacia Mapa286 X:48 Y:76
27/07/2010 21:34:23 Transportó a Lazarith hacia Mapa286 X:42 Y:78
27/07/2010 21:34:29 Transportó a Lazarith hacia Mapa168 X:44 Y:63
27/07/2010 21:34:30 Transportó a Lazarith hacia Mapa168 X:47 Y:67
27/07/2010 21:34:31 Transportó a Lazarith hacia Mapa168 X:49 Y:74
27/07/2010 21:35:06 Transportó a Lazarith hacia Mapa168 X:77 Y:43
27/07/2010 21:35:08 Transportó a Lazarith hacia Mapa168 X:89 Y:52
27/07/2010 21:35:10 Transportó a Lazarith hacia Mapa37 X:83 Y:82
27/07/2010 21:35:15 Transportó a Lazarith hacia Mapa168 X:12 Y:51
27/07/2010 21:35:21 Transportó a Lazarith hacia Mapa37 X:10 Y:50
27/07/2010 21:35:24 Transportó a Lazarith hacia Mapa37 X:12 Y:50
27/07/2010 21:35:29 Transportó a Lazarith hacia Mapa168 X:50 Y:12
27/07/2010 21:35:36 Transportó a Lazarith hacia Mapa167 X:82 Y:16
27/07/2010 21:35:39 Transportó a Lazarith hacia Mapa167 X:83 Y:18
27/07/2010 21:35:41 Transportó a Lazarith hacia Mapa167 X:84 Y:22
27/07/2010 21:35:46 Transportó a Lazarith hacia Mapa168 X:52 Y:12
27/07/2010 21:35:50 Transportó a Lazarith hacia Mapa167 X:17 Y:23
27/07/2010 21:35:59 Transportó a Lazarith hacia Mapa37 X:26 Y:85
27/07/2010 21:36:05 Transportó a Lazarith hacia Mapa168 X:52 Y:64
27/07/2010 21:36:09 Transportó a Lazarith hacia Mapa168 X:41 Y:61
27/07/2010 21:37:03 Transportó a Lazarith hacia Mapa168 X:44 Y:64
27/07/2010 21:37:38 Transportó a Lazarith hacia Mapa290 X:46 Y:13
27/07/2010 21:37:40 Transportó a Lazarith hacia Mapa290 X:39 Y:14
27/07/2010 21:37:47 Transportó a Lazarith hacia Mapa290 X:28 Y:13
27/07/2010 21:37:48 Transportó a Lazarith hacia Mapa290 X:22 Y:15
27/07/2010 21:37:48 Transportó a Lazarith hacia Mapa290 X:17 Y:19
27/07/2010 22:33:04 Se conecto con ip:200.3.217.77
27/07/2010 22:33:30 Transportó a Lazarith hacia Mapa290 X:11 Y:21
27/07/2010 22:33:34 Transportó a Lazarith hacia Mapa290 X:17 Y:23
27/07/2010 22:33:45 Transportó a Lazarith hacia Mapa290 X:20 Y:21
27/07/2010 22:33:46 Transportó a Lazarith hacia Mapa290 X:23 Y:16
27/07/2010 22:33:55 Transportó a Lazarith hacia Mapa290 X:24 Y:19
27/07/2010 22:33:58 Transportó a Lazarith hacia Mapa290 X:34 Y:22
27/07/2010 22:34:00 Transportó a Lazarith hacia Mapa290 X:43 Y:16
27/07/2010 22:34:01 Transportó a Lazarith hacia Mapa290 X:49 Y:10
27/07/2010 22:35:35 Transportó a Lazarith hacia Mapa151 X:20 Y:77
27/07/2010 22:35:36 Transportó a Lazarith hacia Mapa151 X:18 Y:75
27/07/2010 22:35:37 Transportó a Lazarith hacia Mapa151 X:17 Y:70
27/07/2010 22:38:06 Se conecto con ip:200.3.217.77
27/07/2010 22:38:18 Transportó a Lazarith hacia Mapa151 X:19 Y:72
27/07/2010 22:39:14 Transportó a Lazarith hacia Mapa34 X:31 Y:72
27/07/2010 22:39:34 Transportó a Lazarith hacia Mapa34 X:19 Y:65
27/07/2010 22:39:35 Transportó a Lazarith hacia Mapa34 X:19 Y:58
27/07/2010 22:39:36 Transportó a Lazarith hacia Mapa34 X:17 Y:52
27/07/2010 22:39:56 Transportó a Lazarith hacia Mapa34 X:10 Y:45
27/07/2010 22:40:10 ¡¡ Inició una Invasion !! Sumoneó a 20 Zombie en el mapa 34
27/07/2010 22:40:12 Transportó a Lazarith hacia Mapa34 X:10 Y:52
27/07/2010 22:45:22 /SUM standelf+iii Map:34 X:10 Y:56
27/07/2010 22:46:53 Se conecto con ip:200.3.217.77
27/07/2010 22:47:17 Transportó a Lazarith hacia Mapa34 X:18 Y:72
27/07/2010 22:47:17 Transportó a Lazarith hacia Mapa34 X:23 Y:73
27/07/2010 22:47:18 Transportó a Lazarith hacia Mapa34 X:26 Y:76
27/07/2010 22:47:19 Transportó a Lazarith hacia Mapa34 X:27 Y:79
27/07/2010 22:47:26 Transportó a Lazarith hacia Mapa34 X:34 Y:78
27/07/2010 22:47:26 Transportó a Lazarith hacia Mapa34 X:40 Y:76
27/07/2010 22:47:37 Transportó a Lazarith hacia Mapa34 X:34 Y:76
27/07/2010 22:49:56 Se conecto con ip:200.3.217.77
27/07/2010 22:50:02 Transportó a Lazarith hacia Mapa34 X:28 Y:75
27/07/2010 22:50:14 Sumoneo Murciélago
27/07/2010 22:50:15 Sumoneo Murciélago
27/07/2010 22:50:15 Sumoneo Murciélago
27/07/2010 22:50:15 Sumoneo Murciélago
27/07/2010 22:50:16 Sumoneo Murciélago
27/07/2010 22:50:16 Sumoneo Murciélago
27/07/2010 22:50:17 Sumoneo Murciélago
27/07/2010 22:50:17 Sumoneo Murciélago
27/07/2010 22:50:17 Sumoneo Murciélago
27/07/2010 22:50:18 Sumoneo Murciélago
27/07/2010 22:50:18 Sumoneo Murciélago
27/07/2010 22:50:18 Sumoneo Murciélago
27/07/2010 22:50:21 Sumoneo Murciélago
27/07/2010 23:07:48 Se conecto con ip:200.3.217.77
27/07/2010 23:08:04 Transportó a Lazarith hacia Mapa34 X:73 Y:15
27/07/2010 23:08:05 Transportó a Lazarith hacia Mapa34 X:76 Y:9
27/07/2010 23:08:08 Transportó a Lazarith hacia Mapa35 X:87 Y:60
27/07/2010 23:08:11 Transportó a Lazarith hacia Mapa4 X:90 Y:51
27/07/2010 23:08:13 Transportó a Lazarith hacia Mapa22 X:47 Y:66
27/07/2010 23:08:17 Transportó a Lazarith hacia Mapa33 X:24 Y:46
27/07/2010 23:08:36 Transportó a Lazarith hacia Mapa34 X:49 Y:49
27/07/2010 23:08:44 /CT 33,25,45,0
27/07/2010 23:08:57 /CT 34,50,50,0
27/07/2010 23:26:16 Se conecto con ip:200.3.217.77
27/07/2010 23:26:20 Transportó a Lazarith hacia Mapa1 X:40 Y:40
27/07/2010 23:26:22 Transportó a Lazarith hacia Mapa1 X:46 Y:46
27/07/2010 23:26:23 Transportó a Lazarith hacia Mapa1 X:50 Y:50
27/07/2010 23:26:24 Transportó a Lazarith hacia Mapa1 X:47 Y:56
27/07/2010 23:27:31 /IRA midraks Mapa:34 X:39 Y:88
27/07/2010 23:28:15 Transportó a Lazarith hacia Mapa1 X:30 Y:30
27/07/2010 23:28:16 Transportó a Lazarith hacia Mapa1 X:36 Y:34
27/07/2010 23:28:17 Transportó a Lazarith hacia Mapa1 X:40 Y:39
27/07/2010 23:28:18 Transportó a Lazarith hacia Mapa1 X:40 Y:43
27/07/2010 23:28:18 Transportó a Lazarith hacia Mapa1 X:42 Y:47
27/07/2010 23:28:20 Transportó a Lazarith hacia Mapa1 X:47 Y:53
27/07/2010 23:28:29 Sumoneó a Mago en mapa 1
27/07/2010 23:28:40 Sumoneó a Mago en mapa 1
27/07/2010 23:28:49 Sumoneó a Mago en mapa 1
27/07/2010 23:28:58 Sumoneó a Mago en mapa 1
27/07/2010 23:30:19 Se conecto con ip:200.3.217.77
27/07/2010 23:30:29 Tiró cantidad:1 Objeto:Espada de Plata
27/07/2010 23:30:33 Tiró cantidad:1 Objeto:Armadura Legendaria
27/07/2010 23:30:37 Tiró cantidad:1 Objeto:Poción Roja
27/07/2010 23:30:40 Tiró cantidad:1 Objeto:Poción Roja
27/07/2010 23:30:41 Agarro:1 Objeto:Poción Roja
27/07/2010 23:30:42 Agarro:1 Objeto:Poción Roja
27/07/2010 23:30:43 Tiró cantidad:10000 Objeto:Poción Roja
27/07/2010 23:30:46 Tiró cantidad:2744 Objeto:Poción Azul
27/07/2010 23:30:52 Sumoneó a Lilith en mapa 1
27/07/2010 23:31:16 /CI: 129
27/07/2010 23:31:33 /CI: 132
27/07/2010 23:31:39 /CI: 132
27/07/2010 23:31:50 /CI: 130
27/07/2010 23:32:18 /CI: 699
27/07/2010 23:33:21 Se conecto con ip:200.3.217.77
27/07/2010 23:33:27 /CT 34,50,50,0
27/07/2010 23:45:43 Se conecto con ip:200.3.217.77
27/07/2010 23:45:50 Transportó a Lazarith hacia Mapa34 X:50 Y:50
27/07/2010 23:45:52 Transportó a Lazarith hacia Mapa34 X:33 Y:13
27/07/2010 23:46:04 Sumoneó a Sacerdote en mapa 35
27/07/2010 23:46:18 Transportó a Lazarith hacia Mapa35 X:26 Y:90
27/07/2010 23:47:05 Se conecto con ip:200.3.217.77
27/07/2010 23:47:12 /MATA 
27/07/2010 23:47:33 /CI: 532
27/07/2010 23:47:49 /CI: 405
27/07/2010 23:49:41 Se conecto con ip:200.3.217.77
27/07/2010 23:50:26 Resucito a midraks+pala
27/07/2010 23:50:36 Agarro:100 Objeto:Casco de Plata
27/07/2010 23:50:39 Tiró cantidad:1 Objeto:Casco de Plata
27/07/2010 23:50:44 Transportó a Lazarith hacia Mapa35 X:29 Y:88
27/07/2010 23:51:02 Se conecto con ip:200.3.217.77
27/07/2010 23:51:27 Agarro:1 Objeto:Escudo AlejoLp
27/07/2010 23:55:12 Se conecto con ip:200.3.217.77
27/07/2010 23:55:19 Transportó a Lazarith hacia Mapa35 X:31 Y:92
27/07/2010 23:55:39 Transportó a Lazarith hacia Mapa35 X:25 Y:91
28/07/2010 0:03:59 Se conecto con ip:200.3.217.77
28/07/2010 0:04:30 Se conecto con ip:200.3.217.77
28/07/2010 0:04:42 Transportó a Lazarith hacia Mapa35 X:17 Y:89
28/07/2010 0:04:50 Transportó a Lazarith hacia Mapa35 X:38 Y:88
28/07/2010 0:04:51 Transportó a Lazarith hacia Mapa35 X:44 Y:87
28/07/2010 0:04:59 Transportó a Lazarith hacia Mapa35 X:39 Y:93
28/07/2010 0:05:01 Transportó a Lazarith hacia Mapa35 X:27 Y:89
28/07/2010 0:05:20 Se conecto con ip:200.3.217.77
28/07/2010 0:05:56 Se conecto con ip:200.3.217.77
28/07/2010 0:11:04 Se conecto con ip:200.3.217.77
28/07/2010 0:38:10 Se conecto con ip:200.3.217.77
28/07/2010 0:39:04 Transportó a Lazarith hacia Mapa34 X:35 Y:24
28/07/2010 0:39:07 Transportó a Lazarith hacia Mapa34 X:34 Y:33
28/07/2010 0:39:11 Transportó a Lazarith hacia Mapa34 X:33 Y:44
28/07/2010 0:39:11 Transportó a Lazarith hacia Mapa34 X:32 Y:50
28/07/2010 0:39:18 Se conecto con ip:200.3.217.77
28/07/2010 0:39:26 Transportó a Lazarith hacia Mapa34 X:33 Y:53
28/07/2010 0:39:48 /MATA 
28/07/2010 0:41:24 /IRA standelf Mapa:34 X:21 Y:63
28/07/2010 0:42:13 Transportó a Lazarith hacia Mapa34 X:24 Y:59
28/07/2010 0:42:14 Transportó a Lazarith hacia Mapa34 X:24 Y:52
28/07/2010 0:42:15 Transportó a Lazarith hacia Mapa34 X:24 Y:45
28/07/2010 0:48:58 Se conecto con ip:200.3.217.77
28/07/2010 0:49:02 Transportó a Lazarith hacia Mapa34 X:25 Y:52
28/07/2010 0:49:03 Transportó a Lazarith hacia Mapa34 X:32 Y:51
28/07/2010 0:49:05 Transportó a Lazarith hacia Mapa34 X:36 Y:44
28/07/2010 0:49:06 Transportó a Lazarith hacia Mapa34 X:39 Y:39
28/07/2010 0:49:07 Transportó a Lazarith hacia Mapa34 X:45 Y:38
28/07/2010 0:49:08 Transportó a Lazarith hacia Mapa34 X:49 Y:33
28/07/2010 0:49:08 Transportó a Lazarith hacia Mapa34 X:47 Y:29
28/07/2010 0:49:09 Transportó a Lazarith hacia Mapa34 X:53 Y:27
28/07/2010 0:49:10 Transportó a Lazarith hacia Mapa34 X:57 Y:30
28/07/2010 0:49:11 Transportó a Lazarith hacia Mapa34 X:60 Y:35
28/07/2010 0:49:11 Transportó a Lazarith hacia Mapa34 X:59 Y:41
28/07/2010 0:49:12 Transportó a Lazarith hacia Mapa34 X:55 Y:45
28/07/2010 0:49:13 Transportó a Lazarith hacia Mapa34 X:50 Y:44
28/07/2010 0:49:28 Tiró cantidad:9714 Objeto:Poción Roja
28/07/2010 0:49:30 Tiró cantidad:286 Objeto:Poción Roja
28/07/2010 0:49:39 Agarro:11716 Objeto:Poción Roja
28/07/2010 0:51:00 Se conecto con ip:200.3.217.77
28/07/2010 0:51:05 Transportó a Lazarith hacia Mapa34 X:45 Y:46
28/07/2010 0:51:08 Tiró cantidad:9716 Objeto:Poción Roja
28/07/2010 0:51:10 Tiró cantidad:284 Objeto:Poción Roja
28/07/2010 0:51:17 Agarro:11716 Objeto:Poción Roja
28/07/2010 0:51:57 Transportó a Lazarith hacia Mapa34 X:49 Y:44
28/07/2010 0:52:25 Transportó a Lazarith hacia Mapa34 X:46 Y:43
28/07/2010 0:52:28 Tiró cantidad:10000 Objeto:Poción Roja
28/07/2010 0:52:37 Agarro:10000 Objeto:Poción Roja
28/07/2010 0:52:49 Tiró cantidad:9997 Objeto:Poción Roja
28/07/2010 0:52:52 Tiró cantidad:3 Objeto:Poción Roja
28/07/2010 0:53:08 Tiró cantidad:997 Objeto:Poción Roja
28/07/2010 0:53:10 Tiró cantidad:3 Objeto:Poción Roja
28/07/2010 0:53:11 Agarro:10997 Objeto:Poción Roja
28/07/2010 0:53:14 Agarro:997 Objeto:Poción Roja
28/07/2010 0:53:14 Agarro:3 Objeto:Poción Roja
28/07/2010 0:53:18 Transportó a Lazarith hacia Mapa34 X:34 Y:49
28/07/2010 0:53:19 Transportó a Lazarith hacia Mapa34 X:34 Y:55
28/07/2010 0:53:19 Transportó a Lazarith hacia Mapa34 X:34 Y:60
28/07/2010 0:53:30 /IRA standelf Mapa:34 X:23 Y:46
28/07/2010 0:53:34 Transportó a Lazarith hacia Mapa34 X:21 Y:50
28/07/2010 0:53:46 Sumoneó a Lilith en mapa 34
28/07/2010 0:54:07 Tiró cantidad:10000 Objeto:Poción Roja
28/07/2010 0:54:26 Agarro:10000 Objeto:Poción Roja
28/07/2010 0:54:32 Tiró cantidad:9000 Objeto:Poción Roja
28/07/2010 0:54:41 Tiró cantidad:1000 Objeto:Poción Roja
28/07/2010 0:55:31 /MATA 
28/07/2010 0:55:36 /BLOQ
28/07/2010 0:55:38 /BLOQ
28/07/2010 0:55:47 ¡¡ Inició una Invasion !! Sumoneó a 20 Serpiente en el mapa 34
28/07/2010 0:55:52 Transportó a Lazarith hacia Mapa34 X:20 Y:47
28/07/2010 0:55:53 Transportó a Lazarith hacia Mapa34 X:24 Y:49
28/07/2010 0:55:54 Transportó a Lazarith hacia Mapa34 X:28 Y:51
28/07/2010 0:55:55 Transportó a Lazarith hacia Mapa34 X:39 Y:50
28/07/2010 0:55:56 Transportó a Lazarith hacia Mapa34 X:46 Y:50
28/07/2010 0:55:56 Transportó a Lazarith hacia Mapa34 X:53 Y:50
28/07/2010 0:55:57 Transportó a Lazarith hacia Mapa34 X:58 Y:50
28/07/2010 0:55:58 Transportó a Lazarith hacia Mapa34 X:50 Y:45
28/07/2010 0:55:58 Transportó a Lazarith hacia Mapa34 X:43 Y:42
28/07/2010 0:55:59 Transportó a Lazarith hacia Mapa34 X:36 Y:42
28/07/2010 0:55:59 Transportó a Lazarith hacia Mapa34 X:28 Y:41
28/07/2010 0:58:28 Se conecto con ip:200.3.217.77
28/07/2010 0:58:32 Transportó a Lazarith hacia Mapa34 X:23 Y:43
28/07/2010 0:58:36 Sumoneó a Lilith en mapa 34
28/07/2010 0:58:46 Tiró cantidad:9601 Objeto:Poción Roja
28/07/2010 0:59:45 Agarro:1 Objeto:Cuchillas
28/07/2010 0:59:46 Agarro:1 Objeto:Sombrero Pirata
28/07/2010 0:59:46 Agarro:1 Objeto:Vara de Mago
28/07/2010 1:00:10 ¡¡ Inició una Invasion !! Sumoneó a 20 Serpiente en el mapa 34
28/07/2010 1:00:26 Transportó a Lazarith hacia Mapa34 X:26 Y:45
28/07/2010 1:00:50 Agarro:20 Objeto:Cuchillas
28/07/2010 1:02:08 Tiró cantidad:1 Objeto:Poción Roja
28/07/2010 1:02:23 Agarro:1 Objeto:Poción Roja
28/07/2010 1:03:41 Tiró cantidad:1000 Objeto:Poción Roja
28/07/2010 1:04:46 Agarro:1 Objeto:Mochila de Viajero
28/07/2010 1:04:50 Agarro:9601 Objeto:Poción Roja
28/07/2010 1:04:54 Agarro:998 Objeto:Poción Roja
28/07/2010 1:05:35 Tiró cantidad:9601 Objeto:Poción Roja
28/07/2010 1:05:35 Tiró cantidad:998 Objeto:Poción Roja
16/10/2010 19:22:12 Se conecto con ip:200.3.217.195
16/10/2010 19:22:23 Transportó a Lazarith hacia Mapa1 X:60 Y:50
16/10/2010 19:23:46 Sumoneó a Goblin en mapa 1
16/10/2010 19:24:10 /MOD EXP 99999999999999  lazarith
16/10/2010 19:24:22 Transportó a Lazarith hacia Mapa1 X:45 Y:49
16/10/2010 19:24:23 Transportó a Lazarith hacia Mapa1 X:46 Y:43
16/10/2010 19:24:24 Transportó a Lazarith hacia Mapa1 X:45 Y:37
16/10/2010 19:24:24 Transportó a Lazarith hacia Mapa1 X:41 Y:34
16/10/2010 19:24:25 Transportó a Lazarith hacia Mapa1 X:47 Y:30
16/10/2010 19:24:28 Transportó a Lazarith hacia Mapa1 X:36 Y:27
16/10/2010 19:24:31 Transportó a Lazarith hacia Mapa1 X:39 Y:29
16/10/2010 19:24:35 Transportó a Lazarith hacia Mapa1 X:38 Y:27
16/10/2010 19:24:39 Transportó a Lazarith hacia Mapa1 X:43 Y:16
16/10/2010 19:24:40 Transportó a Lazarith hacia Mapa1 X:48 Y:12
16/10/2010 19:24:41 Transportó a Lazarith hacia Mapa1 X:50 Y:7
16/10/2010 19:24:42 Transportó a Lazarith hacia Mapa8 X:50 Y:84
16/10/2010 19:24:43 Transportó a Lazarith hacia Mapa8 X:52 Y:79
16/10/2010 19:24:44 Transportó a Lazarith hacia Mapa8 X:57 Y:73
16/10/2010 19:24:44 Transportó a Lazarith hacia Mapa8 X:63 Y:68
16/10/2010 19:24:45 Transportó a Lazarith hacia Mapa8 X:68 Y:62
16/10/2010 19:24:46 Transportó a Lazarith hacia Mapa8 X:72 Y:57
16/10/2010 19:24:46 Transportó a Lazarith hacia Mapa8 X:78 Y:54
16/10/2010 19:24:47 Transportó a Lazarith hacia Mapa8 X:85 Y:51
16/10/2010 19:24:47 Transportó a Lazarith hacia Mapa8 X:91 Y:49
16/10/2010 19:24:48 Transportó a Lazarith hacia Mapa9 X:17 Y:46
16/10/2010 19:24:51 Transportó a Lazarith hacia Mapa9 X:24 Y:34
16/10/2010 19:24:52 Transportó a Lazarith hacia Mapa9 X:29 Y:29
16/10/2010 19:24:52 Transportó a Lazarith hacia Mapa9 X:33 Y:25
16/10/2010 19:24:53 Transportó a Lazarith hacia Mapa9 X:37 Y:21
16/10/2010 19:24:54 Transportó a Lazarith hacia Mapa9 X:39 Y:16
16/10/2010 19:25:00 Transportó a Lazarith hacia Mapa58 X:50 Y:50
16/10/2010 19:25:06 Transportó a Lazarith hacia Mapa48 X:50 Y:50
16/10/2010 19:25:36 Se conecto con ip:200.3.217.195
16/10/2010 19:27:46 Se conecto con ip:200.3.217.195
16/10/2010 19:27:59 Transportó a Lazarith hacia Mapa44 X:51 Y:53
16/10/2010 19:28:31 /CI: 400
16/10/2010 19:28:33 Agarro:100 Objeto:Vara de Mago
16/10/2010 19:28:38 Agarro:1 Objeto:Túnica Legendaria
16/10/2010 19:28:39 Agarro:1 Objeto:Sombrero de Mago
16/10/2010 19:29:13 Transportó a Lazarith hacia Mapa1 X:47 Y:84
16/10/2010 19:29:13 Transportó a Lazarith hacia Mapa1 X:44 Y:91
16/10/2010 19:30:10 Transportó a Lazarith hacia Mapa1 X:43 Y:86
16/10/2010 19:31:54 Transportó a Lazarith hacia Mapa1 X:29 Y:50
16/10/2010 19:34:03 Transportó a Lazarith hacia Mapa10 X:49 Y:49
16/10/2010 19:34:08 Transportó a Lazarith hacia Mapa10 X:46 Y:40
16/10/2010 19:34:09 Transportó a Lazarith hacia Mapa10 X:52 Y:41
16/10/2010 19:34:13 Transportó a Lazarith hacia Mapa10 X:63 Y:44
16/10/2010 19:34:15 Transportó a Lazarith hacia Mapa10 X:70 Y:46
16/10/2010 19:34:17 Transportó a Lazarith hacia Mapa10 X:80 Y:49
16/10/2010 19:34:18 Transportó a Lazarith hacia Mapa10 X:86 Y:51
16/10/2010 19:36:05 Transportó a Lazarith hacia Mapa10 X:77 Y:27
16/10/2010 19:36:06 Transportó a Lazarith hacia Mapa10 X:70 Y:25
16/10/2010 19:36:07 Transportó a Lazarith hacia Mapa10 X:61 Y:22
16/10/2010 19:36:08 Transportó a Lazarith hacia Mapa10 X:53 Y:20
16/10/2010 19:36:08 Transportó a Lazarith hacia Mapa10 X:46 Y:17
16/10/2010 19:36:09 Transportó a Lazarith hacia Mapa10 X:42 Y:13
16/10/2010 19:36:09 Transportó a Lazarith hacia Mapa10 X:45 Y:9
16/10/2010 19:36:10 Transportó a Lazarith hacia Mapa12 X:44 Y:87
16/10/2010 19:36:11 Transportó a Lazarith hacia Mapa12 X:40 Y:83
16/10/2010 19:36:11 Transportó a Lazarith hacia Mapa12 X:36 Y:79
16/10/2010 19:36:12 Transportó a Lazarith hacia Mapa12 X:34 Y:72
16/10/2010 19:36:13 Transportó a Lazarith hacia Mapa12 X:36 Y:65
16/10/2010 19:36:25 Transportó a Lazarith hacia Mapa12 X:28 Y:59
16/10/2010 19:36:26 Transportó a Lazarith hacia Mapa12 X:22 Y:53
16/10/2010 19:36:26 Transportó a Lazarith hacia Mapa12 X:17 Y:48
16/10/2010 19:36:28 Transportó a Lazarith hacia Mapa12 X:11 Y:44
16/10/2010 19:36:29 Transportó a Lazarith hacia Mapa3 X:82 Y:45
16/10/2010 19:36:30 Transportó a Lazarith hacia Mapa3 X:74 Y:46
16/10/2010 19:36:38 Transportó a Lazarith hacia Mapa50 X:50 Y:50
16/10/2010 19:36:51 Transportó a Lazarith hacia Mapa50 X:70 Y:60
16/10/2010 19:36:54 Transportó a Lazarith hacia Mapa50 X:68 Y:55
16/10/2010 19:36:54 Transportó a Lazarith hacia Mapa50 X:68 Y:50
16/10/2010 19:36:55 Transportó a Lazarith hacia Mapa50 X:64 Y:45
16/10/2010 19:37:01 Transportó a Lazarith hacia Mapa51 X:50 Y:50
16/10/2010 19:37:04 Transportó a Lazarith hacia Mapa51 X:46 Y:44
16/10/2010 19:37:05 Transportó a Lazarith hacia Mapa51 X:43 Y:39
16/10/2010 19:37:10 Transportó a Lazarith hacia Mapa52 X:50 Y:50
16/10/2010 19:37:12 Transportó a Lazarith hacia Mapa52 X:55 Y:59
16/10/2010 19:37:14 Transportó a Lazarith hacia Mapa52 X:64 Y:62
16/10/2010 19:37:15 Transportó a Lazarith hacia Mapa52 X:73 Y:65
16/10/2010 19:37:16 Transportó a Lazarith hacia Mapa52 X:81 Y:61
16/10/2010 19:37:17 Transportó a Lazarith hacia Mapa52 X:84 Y:53
16/10/2010 19:37:18 Transportó a Lazarith hacia Mapa52 X:83 Y:42
16/10/2010 19:37:19 Transportó a Lazarith hacia Mapa52 X:78 Y:36
16/10/2010 19:37:20 Transportó a Lazarith hacia Mapa52 X:73 Y:33
16/10/2010 19:37:27 Transportó a Lazarith hacia Mapa53 X:50 Y:50
16/10/2010 19:37:36 Transportó a Lazarith hacia Mapa54 X:50 Y:50
16/10/2010 19:37:37 Transportó a Lazarith hacia Mapa54 X:42 Y:49
16/10/2010 19:37:38 Transportó a Lazarith hacia Mapa54 X:36 Y:47
16/10/2010 19:37:38 Transportó a Lazarith hacia Mapa54 X:30 Y:45
16/10/2010 19:37:39 Transportó a Lazarith hacia Mapa54 X:26 Y:42
16/10/2010 19:37:40 Transportó a Lazarith hacia Mapa54 X:23 Y:36
16/10/2010 19:37:40 Transportó a Lazarith hacia Mapa54 X:19 Y:31
16/10/2010 19:37:41 Transportó a Lazarith hacia Mapa54 X:19 Y:25
16/10/2010 19:37:42 Transportó a Lazarith hacia Mapa54 X:20 Y:20
16/10/2010 19:37:42 Transportó a Lazarith hacia Mapa54 X:20 Y:17
16/10/2010 19:37:44 Transportó a Lazarith hacia Mapa54 X:29 Y:16
16/10/2010 19:37:45 Transportó a Lazarith hacia Mapa54 X:38 Y:19
16/10/2010 19:37:47 Transportó a Lazarith hacia Mapa54 X:51 Y:18
16/10/2010 19:37:47 Transportó a Lazarith hacia Mapa54 X:59 Y:16
16/10/2010 19:37:48 Transportó a Lazarith hacia Mapa54 X:67 Y:15
16/10/2010 19:37:48 Transportó a Lazarith hacia Mapa54 X:74 Y:15
16/10/2010 19:37:50 Transportó a Lazarith hacia Mapa54 X:77 Y:20
16/10/2010 19:37:50 Transportó a Lazarith hacia Mapa54 X:78 Y:26
16/10/2010 19:37:51 Transportó a Lazarith hacia Mapa54 X:79 Y:31
16/10/2010 19:37:51 Transportó a Lazarith hacia Mapa54 X:80 Y:36
16/10/2010 19:37:52 Transportó a Lazarith hacia Mapa54 X:79 Y:41
16/10/2010 19:37:53 Transportó a Lazarith hacia Mapa54 X:77 Y:46
16/10/2010 19:37:53 Transportó a Lazarith hacia Mapa54 X:75 Y:50
16/10/2010 19:37:54 Transportó a Lazarith hacia Mapa54 X:75 Y:57
16/10/2010 19:37:54 Transportó a Lazarith hacia Mapa54 X:31 Y:73
16/10/2010 19:37:57 Transportó a Lazarith hacia Mapa54 X:75 Y:73
16/10/2010 19:37:59 Transportó a Lazarith hacia Mapa54 X:18 Y:72
16/10/2010 19:38:01 Transportó a Lazarith hacia Mapa54 X:28 Y:46
16/10/2010 19:38:03 Transportó a Lazarith hacia Mapa54 X:59 Y:50
16/10/2010 19:38:09 Transportó a Lazarith hacia Mapa54 X:50 Y:50
16/10/2010 19:38:12 Transportó a Lazarith hacia Mapa54 X:27 Y:21
16/10/2010 19:38:15 Transportó a Lazarith hacia Mapa54 X:21 Y:73
16/10/2010 19:38:16 Transportó a Lazarith hacia Mapa54 X:76 Y:73
16/10/2010 19:38:17 Transportó a Lazarith hacia Mapa54 X:72 Y:26
16/10/2010 19:38:23 Transportó a Lazarith hacia Mapa55 X:50 Y:50
16/10/2010 19:38:25 Transportó a Lazarith hacia Mapa55 X:27 Y:67
16/10/2010 19:38:28 Transportó a Lazarith hacia Mapa55 X:25 Y:36
16/10/2010 19:38:29 Transportó a Lazarith hacia Mapa55 X:57 Y:38
16/10/2010 19:38:35 Transportó a Lazarith hacia Mapa56 X:50 Y:50
16/10/2010 19:38:38 Transportó a Lazarith hacia Mapa56 X:31 Y:84
16/10/2010 19:38:46 Transportó a Lazarith hacia Mapa57 X:50 Y:50
16/10/2010 19:39:53 Transportó a Lazarith hacia Mapa1 X:40 Y:40
16/10/2010 19:40:01 Transportó a Lazarith hacia Mapa1 X:33 Y:26
16/10/2010 19:41:48 Transportó a Lazarith hacia Mapa1 X:41 Y:32
16/10/2010 19:41:49 Transportó a Lazarith hacia Mapa1 X:34 Y:29
16/10/2010 19:41:50 Transportó a Lazarith hacia Mapa1 X:27 Y:28
16/10/2010 19:41:57 Transportó a Lazarith hacia Mapa1 X:28 Y:25
16/10/2010 19:41:58 Transportó a Lazarith hacia Mapa1 X:27 Y:31
16/10/2010 19:41:59 Transportó a Lazarith hacia Mapa1 X:30 Y:35
16/10/2010 19:42:00 Transportó a Lazarith hacia Mapa1 X:30 Y:41
16/10/2010 19:42:00 Transportó a Lazarith hacia Mapa1 X:25 Y:47
16/10/2010 19:42:01 Transportó a Lazarith hacia Mapa1 X:26 Y:56
16/10/2010 19:42:02 Transportó a Lazarith hacia Mapa1 X:20 Y:60
16/10/2010 19:42:03 Transportó a Lazarith hacia Mapa1 X:22 Y:65
16/10/2010 19:42:03 Transportó a Lazarith hacia Mapa1 X:27 Y:69
16/10/2010 19:42:04 Transportó a Lazarith hacia Mapa1 X:30 Y:73
16/10/2010 19:42:05 Transportó a Lazarith hacia Mapa1 X:33 Y:77
16/10/2010 19:42:05 Transportó a Lazarith hacia Mapa1 X:37 Y:78
16/10/2010 19:42:06 Transportó a Lazarith hacia Mapa1 X:42 Y:81
16/10/2010 19:42:07 Transportó a Lazarith hacia Mapa1 X:50 Y:82
16/10/2010 19:42:07 Transportó a Lazarith hacia Mapa1 X:54 Y:85
16/10/2010 19:42:08 Transportó a Lazarith hacia Mapa1 X:60 Y:85
16/10/2010 19:42:08 Transportó a Lazarith hacia Mapa1 X:64 Y:82
16/10/2010 19:42:09 Transportó a Lazarith hacia Mapa1 X:70 Y:81
16/10/2010 19:42:12 Transportó a Lazarith hacia Mapa1 X:70 Y:66
16/10/2010 19:42:13 Transportó a Lazarith hacia Mapa1 X:69 Y:62
16/10/2010 19:42:15 Transportó a Lazarith hacia Mapa1 X:69 Y:58
16/10/2010 19:42:18 Transportó a Lazarith hacia Mapa1 X:68 Y:48
16/10/2010 19:42:20 Transportó a Lazarith hacia Mapa1 X:67 Y:39
16/10/2010 19:42:22 Transportó a Lazarith hacia Mapa1 X:69 Y:28
16/10/2010 19:42:52 Tiró cantidad:1 Objeto:Vara de Mago
16/10/2010 19:43:09 Agarro:1 Objeto:Vara de Mago
16/10/2010 19:43:59 Tiró cantidad:1 Objeto:Vara de Mago
16/10/2010 19:44:05 Tiró cantidad:1 Objeto:Cerveza
16/10/2010 19:44:08 Agarro:1 Objeto:Cerveza
16/10/2010 19:44:11 Agarro:1 Objeto:Vara de Mago
16/10/2010 19:44:39 Tiró cantidad:1 Objeto:Sombrero de Mago
16/10/2010 19:44:41 Agarro:1 Objeto:Sombrero de Mago
16/10/2010 19:46:22 Tiró cantidad:1 Objeto:Túnica Legendaria
16/10/2010 19:46:23 Agarro:1 Objeto:Túnica Legendaria
16/10/2010 19:46:29 Tiró cantidad:1 Objeto:Cerveza
16/10/2010 19:46:31 Agarro:1 Objeto:Cerveza
16/10/2010 19:47:23 Tiró cantidad:1 Objeto:Sombrero de Mago
16/10/2010 19:47:25 Agarro:1 Objeto:Sombrero de Mago
16/10/2010 19:50:12 Transportó a Lazarith hacia Mapa1 X:35 Y:26
16/10/2010 19:50:14 Transportó a Lazarith hacia Mapa1 X:34 Y:35
16/10/2010 19:50:15 Transportó a Lazarith hacia Mapa1 X:40 Y:38
16/10/2010 19:50:16 Transportó a Lazarith hacia Mapa1 X:46 Y:40
16/10/2010 19:50:16 Transportó a Lazarith hacia Mapa1 X:51 Y:41
16/10/2010 19:50:17 Transportó a Lazarith hacia Mapa1 X:57 Y:40
16/10/2010 19:50:20 Transportó a Lazarith hacia Mapa1 X:59 Y:46
16/10/2010 19:50:21 Transportó a Lazarith hacia Mapa1 X:55 Y:52
16/10/2010 19:50:21 Transportó a Lazarith hacia Mapa1 X:48 Y:52
16/10/2010 19:50:22 Transportó a Lazarith hacia Mapa1 X:40 Y:54
16/10/2010 19:50:23 Transportó a Lazarith hacia Mapa1 X:33 Y:56
16/10/2010 19:50:23 Transportó a Lazarith hacia Mapa1 X:25 Y:58
16/10/2010 19:50:24 Transportó a Lazarith hacia Mapa1 X:20 Y:58
16/10/2010 19:50:25 Transportó a Lazarith hacia Mapa1 X:18 Y:64
16/10/2010 19:50:26 Transportó a Lazarith hacia Mapa1 X:17 Y:70
16/10/2010 19:50:26 Transportó a Lazarith hacia Mapa1 X:18 Y:75
16/10/2010 19:50:27 Transportó a Lazarith hacia Mapa1 X:20 Y:79
16/10/2010 19:50:31 Transportó a Lazarith hacia Mapa1 X:16 Y:82
16/10/2010 19:50:35 Transportó a Lazarith hacia Mapa2 X:82 Y:76
16/10/2010 19:50:37 Transportó a Lazarith hacia Mapa2 X:80 Y:67
16/10/2010 19:50:38 Transportó a Lazarith hacia Mapa2 X:81 Y:60
16/10/2010 19:50:39 Transportó a Lazarith hacia Mapa2 X:81 Y:57
16/10/2010 19:51:24 Transportó a Lazarith hacia Mapa8 X:26 Y:77
16/10/2010 19:51:25 Transportó a Lazarith hacia Mapa8 X:34 Y:75
16/10/2010 19:51:26 Transportó a Lazarith hacia Mapa8 X:41 Y:74
16/10/2010 19:51:26 Transportó a Lazarith hacia Mapa8 X:48 Y:72
16/10/2010 19:51:27 Transportó a Lazarith hacia Mapa8 X:54 Y:72
16/10/2010 19:51:27 Transportó a Lazarith hacia Mapa8 X:60 Y:69
16/10/2010 19:51:28 Transportó a Lazarith hacia Mapa8 X:68 Y:68
16/10/2010 19:51:29 Transportó a Lazarith hacia Mapa8 X:75 Y:65
16/10/2010 19:51:30 Transportó a Lazarith hacia Mapa8 X:71 Y:71
16/10/2010 19:51:32 Transportó a Lazarith hacia Mapa8 X:71 Y:72
16/10/2010 19:51:50 Transportó a Lazarith hacia Mapa9 X:62 Y:70
16/10/2010 19:51:50 Transportó a Lazarith hacia Mapa9 X:70 Y:67
16/10/2010 19:51:51 Transportó a Lazarith hacia Mapa9 X:78 Y:64
16/10/2010 19:51:53 Transportó a Lazarith hacia Mapa9 X:76 Y:59
16/10/2010 19:51:54 Transportó a Lazarith hacia Mapa9 X:71 Y:54
16/10/2010 19:51:55 Transportó a Lazarith hacia Mapa9 X:76 Y:46
16/10/2010 19:52:00 Transportó a Lazarith hacia Mapa9 X:84 Y:39
16/10/2010 19:52:01 Transportó a Lazarith hacia Mapa9 X:89 Y:41
16/10/2010 19:52:15 Transportó a Lazarith hacia Mapa13 X:25 Y:52
16/10/2010 19:52:16 Transportó a Lazarith hacia Mapa13 X:26 Y:60
16/10/2010 19:52:17 Transportó a Lazarith hacia Mapa13 X:31 Y:67
16/10/2010 19:52:18 Transportó a Lazarith hacia Mapa13 X:36 Y:76
16/10/2010 19:52:33 Transportó a Lazarith hacia Mapa12 X:37 Y:23
16/10/2010 19:52:34 Transportó a Lazarith hacia Mapa12 X:37 Y:30
16/10/2010 19:52:43 Transportó a Lazarith hacia Mapa12 X:44 Y:40
16/10/2010 19:52:44 Transportó a Lazarith hacia Mapa12 X:50 Y:40
16/10/2010 19:52:45 Transportó a Lazarith hacia Mapa12 X:57 Y:40
16/10/2010 19:52:46 Transportó a Lazarith hacia Mapa12 X:63 Y:40
16/10/2010 19:52:46 Transportó a Lazarith hacia Mapa12 X:70 Y:40
16/10/2010 19:52:47 Transportó a Lazarith hacia Mapa12 X:77 Y:40
16/10/2010 19:53:04 Transportó a Lazarith hacia Mapa23 X:29 Y:30
16/10/2010 19:53:04 Transportó a Lazarith hacia Mapa23 X:29 Y:24
16/10/2010 19:53:05 Transportó a Lazarith hacia Mapa23 X:30 Y:18
16/10/2010 19:53:06 Transportó a Lazarith hacia Mapa23 X:31 Y:13
16/10/2010 19:53:10 Transportó a Lazarith hacia Mapa22 X:31 Y:84
16/10/2010 19:53:11 Transportó a Lazarith hacia Mapa22 X:29 Y:78
16/10/2010 19:53:11 Transportó a Lazarith hacia Mapa22 X:28 Y:71
16/10/2010 19:53:12 Transportó a Lazarith hacia Mapa22 X:26 Y:65
16/10/2010 19:53:13 Transportó a Lazarith hacia Mapa22 X:27 Y:58
16/10/2010 19:53:14 Transportó a Lazarith hacia Mapa22 X:29 Y:51
16/10/2010 19:53:14 Transportó a Lazarith hacia Mapa22 X:31 Y:44
16/10/2010 19:53:15 Transportó a Lazarith hacia Mapa22 X:35 Y:38
16/10/2010 19:53:16 Transportó a Lazarith hacia Mapa22 X:41 Y:35
16/10/2010 19:53:17 Transportó a Lazarith hacia Mapa22 X:48 Y:31
16/10/2010 19:53:17 Transportó a Lazarith hacia Mapa22 X:55 Y:27
16/10/2010 19:53:18 Transportó a Lazarith hacia Mapa22 X:60 Y:21
16/10/2010 19:53:19 Transportó a Lazarith hacia Mapa22 X:67 Y:16
16/10/2010 19:53:20 Transportó a Lazarith hacia Mapa22 X:77 Y:14
16/10/2010 19:53:32 Transportó a Lazarith hacia Mapa22 X:89 Y:12
16/10/2010 19:53:37 Transportó a Lazarith hacia Mapa22 X:87 Y:13
16/10/2010 19:53:37 Transportó a Lazarith hacia Mapa22 X:81 Y:11
16/10/2010 19:53:49 Transportó a Lazarith hacia Mapa23 X:50 Y:50
16/10/2010 19:53:56 Transportó a Lazarith hacia Mapa24 X:50 Y:50
16/10/2010 19:54:00 Transportó a Lazarith hacia Mapa24 X:34 Y:50
16/10/2010 19:54:02 Transportó a Lazarith hacia Mapa24 X:24 Y:50
16/10/2010 19:54:08 Transportó a Lazarith hacia Mapa24 X:23 Y:34
16/10/2010 19:54:12 Transportó a Lazarith hacia Mapa25 X:50 Y:50
16/10/2010 19:54:21 Transportó a Lazarith hacia Mapa26 X:50 Y:50
16/10/2010 19:54:23 Transportó a Lazarith hacia Mapa26 X:43 Y:45
16/10/2010 19:54:30 Transportó a Lazarith hacia Mapa27 X:50 Y:50
16/10/2010 19:54:38 Transportó a Lazarith hacia Mapa28 X:50 Y:50
16/10/2010 19:54:41 Transportó a Lazarith hacia Mapa28 X:40 Y:48
16/10/2010 19:54:49 Transportó a Lazarith hacia Mapa29 X:50 Y:50
16/10/2010 19:54:52 Transportó a Lazarith hacia Mapa29 X:49 Y:46
16/10/2010 19:54:52 Transportó a Lazarith hacia Mapa29 X:46 Y:43
16/10/2010 19:54:53 Transportó a Lazarith hacia Mapa29 X:48 Y:40
16/10/2010 19:54:53 Transportó a Lazarith hacia Mapa29 X:49 Y:36
16/10/2010 19:55:14 Transportó a Lazarith hacia Mapa30 X:50 Y:50
16/10/2010 19:55:16 Transportó a Lazarith hacia Mapa30 X:59 Y:52
16/10/2010 19:55:17 Transportó a Lazarith hacia Mapa30 X:66 Y:52
16/10/2010 19:55:18 Transportó a Lazarith hacia Mapa30 X:72 Y:52
16/10/2010 19:55:19 Transportó a Lazarith hacia Mapa30 X:80 Y:52
16/10/2010 19:55:19 Transportó a Lazarith hacia Mapa30 X:87 Y:52
16/10/2010 19:55:28 Transportó a Lazarith hacia Mapa31 X:50 Y:50
16/10/2010 19:55:35 Transportó a Lazarith hacia Mapa52 X:50 Y:50
16/10/2010 19:55:40 Transportó a Lazarith hacia Mapa32 X:50 Y:50
16/10/2010 19:55:44 Transportó a Lazarith hacia Mapa32 X:43 Y:56
16/10/2010 19:55:45 Transportó a Lazarith hacia Mapa32 X:41 Y:62
16/10/2010 19:55:45 Transportó a Lazarith hacia Mapa32 X:39 Y:68
16/10/2010 19:55:46 Transportó a Lazarith hacia Mapa32 X:36 Y:73
16/10/2010 19:55:48 Transportó a Lazarith hacia Mapa32 X:36 Y:84
16/10/2010 19:55:53 Transportó a Lazarith hacia Mapa32 X:42 Y:94
16/10/2010 19:55:53 Transportó a Lazarith hacia Mapa32 X:47 Y:93
16/10/2010 19:55:54 Transportó a Lazarith hacia Mapa32 X:50 Y:88
16/10/2010 19:55:56 Transportó a Lazarith hacia Mapa32 X:53 Y:79
16/10/2010 19:55:57 Transportó a Lazarith hacia Mapa32 X:57 Y:73
16/10/2010 19:55:58 Transportó a Lazarith hacia Mapa32 X:62 Y:69
16/10/2010 19:55:58 Transportó a Lazarith hacia Mapa32 X:68 Y:66
16/10/2010 19:55:59 Transportó a Lazarith hacia Mapa32 X:74 Y:66
16/10/2010 19:56:00 Transportó a Lazarith hacia Mapa32 X:81 Y:66
16/10/2010 19:56:01 Transportó a Lazarith hacia Mapa32 X:91 Y:66
16/10/2010 19:56:03 Transportó a Lazarith hacia Mapa34 X:19 Y:65
16/10/2010 19:56:03 Transportó a Lazarith hacia Mapa34 X:21 Y:58
16/10/2010 19:56:04 Transportó a Lazarith hacia Mapa34 X:19 Y:52
16/10/2010 19:56:05 Transportó a Lazarith hacia Mapa34 X:18 Y:46
16/10/2010 19:56:05 Transportó a Lazarith hacia Mapa34 X:18 Y:40
16/10/2010 19:56:06 Transportó a Lazarith hacia Mapa34 X:17 Y:34
16/10/2010 19:56:06 Transportó a Lazarith hacia Mapa34 X:16 Y:28
16/10/2010 19:56:12 Transportó a Lazarith hacia Mapa49 X:80 Y:80
16/10/2010 19:56:15 Transportó a Lazarith hacia Mapa49 X:69 Y:79
16/10/2010 19:56:16 Transportó a Lazarith hacia Mapa49 X:62 Y:80
16/10/2010 19:56:16 Transportó a Lazarith hacia Mapa49 X:56 Y:80
16/10/2010 19:56:17 Transportó a Lazarith hacia Mapa49 X:48 Y:79
16/10/2010 19:56:23 Transportó a Lazarith hacia Mapa49 X:46 Y:89
16/10/2010 19:56:23 Transportó a Lazarith hacia Mapa49 X:46 Y:86
16/10/2010 19:56:24 Transportó a Lazarith hacia Mapa49 X:46 Y:83
16/10/2010 19:56:24 Transportó a Lazarith hacia Mapa49 X:45 Y:80
16/10/2010 19:56:25 Transportó a Lazarith hacia Mapa49 X:43 Y:76
16/10/2010 19:56:25 Transportó a Lazarith hacia Mapa49 X:43 Y:71
16/10/2010 19:56:26 Transportó a Lazarith hacia Mapa49 X:44 Y:67
16/10/2010 19:56:26 Transportó a Lazarith hacia Mapa49 X:42 Y:63
16/10/2010 19:56:27 Transportó a Lazarith hacia Mapa49 X:36 Y:60
16/10/2010 19:56:28 Transportó a Lazarith hacia Mapa49 X:37 Y:55
16/10/2010 19:56:29 Transportó a Lazarith hacia Mapa49 X:42 Y:48
16/10/2010 19:56:30 Transportó a Lazarith hacia Mapa49 X:41 Y:44
16/10/2010 19:56:31 Transportó a Lazarith hacia Mapa49 X:38 Y:38
16/10/2010 19:56:32 Transportó a Lazarith hacia Mapa49 X:36 Y:32
16/10/2010 19:56:33 Transportó a Lazarith hacia Mapa49 X:34 Y:25
16/10/2010 19:56:34 Transportó a Lazarith hacia Mapa49 X:35 Y:17
16/10/2010 19:57:22 Se conecto con ip:200.3.217.195
27/10/2010 20:57:07 Se conecto con ip:200.3.217.195
27/10/2010 20:58:03 Se conecto con ip:200.3.217.195
27/10/2010 20:58:28 Se conecto con ip:200.3.217.195
27/10/2010 20:58:47 Transportó a Lazarith hacia Mapa60 X:67 Y:24
27/10/2010 20:58:49 Transportó a Lazarith hacia Mapa60 X:67 Y:22
27/10/2010 20:58:50 Transportó a Lazarith hacia Mapa60 X:68 Y:19
27/10/2010 20:58:53 Transportó a Lazarith hacia Mapa60 X:65 Y:22
27/10/2010 20:58:55 Transportó a Lazarith hacia Mapa60 X:66 Y:25
27/10/2010 20:59:02 Transportó a Lazarith hacia Mapa60 X:71 Y:26
27/10/2010 20:59:41 Transportó a Lazarith hacia Mapa60 X:68 Y:19
27/10/2010 20:59:46 Transportó a Lazarith hacia Mapa60 X:67 Y:23
27/10/2010 21:00:50 Agarro:1 Objeto:Túnica de Mago Oscuro
27/10/2010 21:01:33 Se conecto con ip:200.3.217.195
27/10/2010 21:01:45 Dijo: pera
27/10/2010 21:01:52 Dijo: habla te escucho
27/10/2010 21:02:05 Dijo: ok
27/10/2010 21:02:25 Dijo: no tengo hechis que quede claro
27/10/2010 21:02:33 Dijo: ok
27/10/2010 21:02:35 Agarro:1 Objeto:Apocalipsis
27/10/2010 21:02:35 Agarro:1 Objeto:Descarga Eléctrica
27/10/2010 21:02:35 Agarro:1 Objeto:Inmovilizar
27/10/2010 21:03:00 Dijo: pera
27/10/2010 21:03:04 Dijo: que cambio tunica
27/10/2010 21:03:08 Dijo: queda re poco rolero
27/10/2010 21:03:09 Dijo: todos magos
27/10/2010 21:04:10 Dijo: Maldito Tiempo!
27/10/2010 21:04:17 Transportó a Lazarith hacia Mapa60 X:73 Y:26
27/10/2010 21:04:33 Se conecto con ip:200.3.217.195
27/10/2010 21:06:06 Tiró cantidad:1 Objeto:Túnica de Mago Oscuro
27/10/2010 21:06:28 Dijo: ¡ Maldito Tiempo !
27/10/2010 21:06:30 Agarro:1 Objeto:Túnica de Mago Oscuro
27/10/2010 21:06:34 Dijo: ¡ Maldito Tiempo !
27/10/2010 21:06:43 Dijo: usen mensajes personalisados
27/10/2010 21:07:15 Dijo: ¡ Maldito Tiempo !
27/10/2010 21:07:20 Dijo: we
27/10/2010 21:07:23 Dijo: cuenta regresiva
27/10/2010 21:07:52 Dijo: ¡ Maldito Tiempo !
27/10/2010 21:08:02 Dijo: we
27/10/2010 21:08:59 Dijo: ta
27/10/2010 21:09:02 Dijo: estaba probando
27/10/2010 21:09:06 Dijo: si podia tirar apoca
27/10/2010 21:09:41 Dijo: ¡ Maldito Tiempo !
27/10/2010 21:09:54 Dijo: xDD
27/10/2010 21:10:01 Dijo: JAJA
27/10/2010 21:10:05 Dijo: ESTA BUENISIMO Xd
27/10/2010 21:10:17 Transportó a Lazarith hacia Mapa60 X:71 Y:26
27/10/2010 21:10:23 Transportó a Lazarith hacia Mapa60 X:71 Y:34
27/10/2010 21:10:27 Transportó a Lazarith hacia Mapa60 X:70 Y:29
27/10/2010 21:10:39 Dijo: yo?
27/10/2010 21:10:50 Dijo: aca?
27/10/2010 21:10:55 Tiró cantidad:1 Objeto:Vara de Mago
27/10/2010 21:10:59 Dijo: ta
27/10/2010 21:11:17 Agarro:1 Objeto:Cerveza
27/10/2010 21:11:28 Transportó a Lazarith hacia Mapa60 X:77 Y:26
27/10/2010 21:11:32 Tiró cantidad:1 Objeto:Vara de Mago
27/10/2010 21:11:33 Transportó a Lazarith hacia Mapa60 X:72 Y:26
27/10/2010 21:11:34 Transportó a Lazarith hacia Mapa60 X:78 Y:26
27/10/2010 21:11:35 Agarro:1 Objeto:Vara de Mago
27/10/2010 21:11:35 Transportó a Lazarith hacia Mapa60 X:71 Y:28
27/10/2010 21:11:39 Dijo: ¡ Maldito Tiempo !
27/10/2010 21:11:42 Dijo: asi?
27/10/2010 21:11:45 Dijo: ¡ Maldito Tiempo !
27/10/2010 21:11:51 Transportó a Lazarith hacia Mapa60 X:70 Y:35
27/10/2010 21:12:07 Dijo: ¡ Maldito Tiempo !
27/10/2010 21:12:34 Dijo: ¡ Maldito Tiempo !
27/10/2010 21:12:37 Dijo: se
27/10/2010 21:13:20 Dijo: ¡ Maldito Tiempo !
27/10/2010 21:13:33 Resucito a lazarith
27/10/2010 21:13:48 Dijo: jaja
27/10/2010 21:14:24 Dijo: ¡ Maldito Tiempo !
27/10/2010 21:14:28 Dijo: we
27/10/2010 21:14:33 Dijo: me cago en ustedes
27/10/2010 21:14:38 Resucito a lazarith
27/10/2010 21:14:55 /LLUVIA
27/10/2010 21:15:06 /LLUVIA
27/10/2010 21:15:08 Dijo: perem
27/10/2010 21:15:11 Dijo: stamina
27/10/2010 21:15:20 Dijo: LLUVIA
27/10/2010 21:15:41 Dijo: Na
27/10/2010 21:15:44 Dijo: we
27/10/2010 21:15:53 /LLUVIA
27/10/2010 21:15:57 Dijo: asi?
27/10/2010 21:16:46 Dijo: we
27/10/2010 21:16:51 Dijo: tanto era
27/10/2010 21:17:12 Dijo: ¡ Maldito Tiempo !
27/10/2010 21:17:19 Dijo: ?
27/10/2010 21:17:23 Transportó a Lazarith hacia Mapa60 X:70 Y:36
27/10/2010 21:17:27 Resucito a lazarith
27/10/2010 21:17:38 Dijo: entonces
27/10/2010 21:17:47 Dijo: digo cuando este entrando¿?
27/10/2010 21:18:01 Dijo: we
27/10/2010 21:18:06 Dijo: sin mi no hubiera bloppers
27/10/2010 21:18:20 Dijo: ¡ Maldito Tiempo !
27/10/2010 21:19:02 Transportó a Lazarith hacia Mapa60 X:70 Y:32
27/10/2010 21:19:03 Transportó a Lazarith hacia Mapa60 X:69 Y:36
27/10/2010 21:19:36 Transportó a Lazarith hacia Mapa60 X:70 Y:34
27/10/2010 21:19:37 Transportó a Lazarith hacia Mapa60 X:69 Y:35
27/10/2010 21:19:37 Transportó a Lazarith hacia Mapa60 X:70 Y:35
27/10/2010 21:19:41 Dijo: no entiendo
27/10/2010 21:19:52 Dijo: yo abrua la puerta
27/10/2010 21:19:55 Dijo: bria*
27/10/2010 21:19:58 Dijo: we
27/10/2010 21:20:56 Dijo: ¡ Maldito Tiempo !
27/10/2010 21:21:17 Dijo: posta
27/10/2010 21:21:28 Resucito a lazarith
27/10/2010 21:21:51 Resucito a lazarith
27/10/2010 21:22:07 Resucito a lazarith
27/10/2010 21:22:28 Dijo: che
27/10/2010 21:22:34 Dijo: un aplauso para mi
27/10/2010 21:22:43 Dijo: que me dieron el guion mas complicado
27/10/2010 21:22:49 Dijo: por favor
27/10/2010 21:23:05 Transportó a Lazarith hacia Mapa1 X:71 Y:35
27/10/2010 21:23:06 Transportó a Lazarith hacia Mapa1 X:63 Y:36
27/10/2010 21:23:06 Transportó a Lazarith hacia Mapa1 X:55 Y:36
27/10/2010 21:23:07 Transportó a Lazarith hacia Mapa1 X:48 Y:34
27/10/2010 21:23:08 Transportó a Lazarith hacia Mapa1 X:46 Y:37
27/10/2010 21:23:09 Transportó a Lazarith hacia Mapa1 X:44 Y:43
27/10/2010 21:23:10 Transportó a Lazarith hacia Mapa1 X:48 Y:49
27/10/2010 21:23:11 Transportó a Lazarith hacia Mapa1 X:55 Y:53
27/10/2010 21:23:14 Transportó a Lazarith hacia Mapa1 X:69 Y:49
27/10/2010 21:23:18 Transportó a Lazarith hacia Mapa1 X:66 Y:58
27/10/2010 21:23:20 Transportó a Lazarith hacia Mapa1 X:66 Y:66
27/10/2010 21:23:20 Transportó a Lazarith hacia Mapa1 X:65 Y:71
27/10/2010 21:23:22 Transportó a Lazarith hacia Mapa1 X:61 Y:76
27/10/2010 21:23:23 Transportó a Lazarith hacia Mapa1 X:56 Y:76
27/10/2010 21:23:24 Transportó a Lazarith hacia Mapa1 X:54 Y:70
27/10/2010 21:23:26 Transportó a Lazarith hacia Mapa1 X:46 Y:63
27/10/2010 21:23:27 Transportó a Lazarith hacia Mapa1 X:39 Y:57
27/10/2010 21:23:28 Transportó a Lazarith hacia Mapa1 X:32 Y:51
27/10/2010 21:23:31 Transportó a Lazarith hacia Mapa1 X:28 Y:54
27/10/2010 21:23:33 Transportó a Lazarith hacia Mapa1 X:22 Y:59
27/10/2010 21:23:34 Transportó a Lazarith hacia Mapa1 X:21 Y:65
27/10/2010 21:23:35 Transportó a Lazarith hacia Mapa1 X:23 Y:71
27/10/2010 21:23:40 Transportó a Lazarith hacia Mapa1 X:39 Y:76
27/10/2010 21:23:58 Transportó a Lazarith hacia Mapa1 X:54 Y:29
27/10/2010 21:24:12 Dijo: quiero sacar ujna foto para avatar
27/10/2010 21:25:18 Dijo: mierda
27/10/2010 21:25:23 Dijo: no puedo crear items
27/10/2010 22:38:38 Se conecto con ip:200.3.217.195
27/10/2010 22:38:49 Transportó a Lazarith hacia Mapa1 X:64 Y:27
27/10/2010 22:39:08 Dijo: ah
27/10/2010 22:39:12 /INVISIBLE
27/10/2010 22:39:14 Transportó a Lazarith hacia Mapa60 X:75 Y:20
27/10/2010 22:39:15 Transportó a Lazarith hacia Mapa60 X:70 Y:21
27/10/2010 22:39:19 Dijo: ta
27/10/2010 22:41:57 Transportó a Lazarith hacia Mapa60 X:70 Y:30
27/10/2010 22:41:58 Transportó a Lazarith hacia Mapa60 X:69 Y:36
27/10/2010 22:41:59 Transportó a Lazarith hacia Mapa60 X:61 Y:37
27/10/2010 22:42:36 Transportó a Lazarith hacia Mapa60 X:49 Y:32
27/10/2010 22:42:36 Transportó a Lazarith hacia Mapa60 X:48 Y:27
27/10/2010 22:42:37 Transportó a Lazarith hacia Mapa60 X:49 Y:22
27/10/2010 22:42:39 Transportó a Lazarith hacia Mapa60 X:54 Y:22
27/10/2010 22:42:39 Transportó a Lazarith hacia Mapa60 X:59 Y:26
27/10/2010 22:42:40 Transportó a Lazarith hacia Mapa60 X:65 Y:28
27/10/2010 22:42:44 Transportó a Lazarith hacia Mapa60 X:69 Y:35
27/10/2010 22:42:45 Transportó a Lazarith hacia Mapa60 X:65 Y:39
27/10/2010 22:42:46 Transportó a Lazarith hacia Mapa60 X:60 Y:44
27/10/2010 22:42:47 Transportó a Lazarith hacia Mapa60 X:61 Y:51
27/10/2010 22:42:48 Transportó a Lazarith hacia Mapa60 X:53 Y:53
27/10/2010 22:45:01 Transportó a Lazarith hacia Mapa60 X:49 Y:43
27/10/2010 22:45:02 Transportó a Lazarith hacia Mapa60 X:53 Y:39
27/10/2010 22:45:03 Transportó a Lazarith hacia Mapa60 X:59 Y:38
27/10/2010 22:45:06 Transportó a Lazarith hacia Mapa60 X:65 Y:30
27/10/2010 22:45:08 Transportó a Lazarith hacia Mapa60 X:68 Y:29
27/10/2010 22:47:53 Transportó a Lazarith hacia Mapa60 X:56 Y:36
27/10/2010 22:47:54 Transportó a Lazarith hacia Mapa60 X:50 Y:32
27/10/2010 22:47:55 Transportó a Lazarith hacia Mapa60 X:51 Y:26
27/10/2010 22:47:57 Transportó a Lazarith hacia Mapa60 X:50 Y:19
27/10/2010 22:47:58 Transportó a Lazarith hacia Mapa60 X:48 Y:13
27/10/2010 22:47:59 Transportó a Lazarith hacia Mapa60 X:42 Y:17
27/10/2010 22:48:00 Transportó a Lazarith hacia Mapa60 X:42 Y:22
27/10/2010 22:48:01 Transportó a Lazarith hacia Mapa60 X:37 Y:24
27/10/2010 22:48:04 Transportó a Lazarith hacia Mapa60 X:29 Y:25
27/10/2010 22:48:06 Transportó a Lazarith hacia Mapa60 X:26 Y:34
27/10/2010 22:48:07 Transportó a Lazarith hacia Mapa60 X:26 Y:40
27/10/2010 22:48:09 Transportó a Lazarith hacia Mapa60 X:25 Y:47
27/10/2010 22:48:13 Transportó a Lazarith hacia Mapa60 X:32 Y:49
27/10/2010 22:48:15 Transportó a Lazarith hacia Mapa60 X:33 Y:45
27/10/2010 22:48:21 /INVISIBLE
27/10/2010 22:48:29 Tiró cantidad:1 Objeto:Vara de Mago
27/10/2010 22:48:46 Tiró cantidad:1 Objeto:Túnica de Mago Oscuro
27/10/2010 22:48:49 Agarro:1 Objeto:Túnica de Mago Oscuro
27/10/2010 22:48:52 Tiró cantidad:1 Objeto:Túnica Legendaria
27/10/2010 22:48:54 Agarro:1 Objeto:Túnica Legendaria
27/10/2010 22:48:56 Tiró cantidad:1 Objeto:Túnica Legendaria
27/10/2010 22:48:58 Agarro:1 Objeto:Túnica Legendaria
27/10/2010 22:49:02 Tiró cantidad:1 Objeto:Túnica Legendaria
27/10/2010 22:49:04 Agarro:1 Objeto:Túnica Legendaria
27/10/2010 22:49:06 Agarro:1 Objeto:Vara de Mago
27/10/2010 22:49:07 Tiró cantidad:1 Objeto:Túnica Legendaria
27/10/2010 22:49:09 Agarro:1 Objeto:Túnica Legendaria
27/10/2010 22:50:00 Transportó a Lazarith hacia Mapa60 X:47 Y:22
27/10/2010 22:50:00 Transportó a Lazarith hacia Mapa60 X:47 Y:16
27/10/2010 22:50:01 Transportó a Lazarith hacia Mapa60 X:47 Y:10
27/10/2010 22:50:02 Transportó a Lazarith hacia Mapa8 X:47 Y:90
27/10/2010 22:50:03 Transportó a Lazarith hacia Mapa8 X:47 Y:83
27/10/2010 22:50:05 Transportó a Lazarith hacia Mapa8 X:54 Y:78
27/10/2010 22:50:06 Transportó a Lazarith hacia Mapa8 X:54 Y:71
27/10/2010 22:50:07 Transportó a Lazarith hacia Mapa8 X:53 Y:63
27/10/2010 22:50:08 Transportó a Lazarith hacia Mapa8 X:56 Y:59
27/10/2010 22:50:10 Transportó a Lazarith hacia Mapa8 X:67 Y:59
27/10/2010 22:50:11 Transportó a Lazarith hacia Mapa8 X:74 Y:59
27/10/2010 22:50:12 Transportó a Lazarith hacia Mapa8 X:81 Y:59
27/10/2010 22:50:13 Transportó a Lazarith hacia Mapa8 X:81 Y:53
27/10/2010 22:50:13 Transportó a Lazarith hacia Mapa8 X:80 Y:46
27/10/2010 22:50:14 Transportó a Lazarith hacia Mapa8 X:79 Y:40
27/10/2010 22:50:16 Transportó a Lazarith hacia Mapa8 X:80 Y:31
27/10/2010 22:50:19 Transportó a Lazarith hacia Mapa8 X:75 Y:32
27/10/2010 22:50:20 Transportó a Lazarith hacia Mapa8 X:72 Y:39
27/10/2010 22:50:22 Transportó a Lazarith hacia Mapa8 X:65 Y:42
27/10/2010 22:50:22 Transportó a Lazarith hacia Mapa8 X:63 Y:48
27/10/2010 22:50:23 Transportó a Lazarith hacia Mapa8 X:59 Y:53
27/10/2010 22:50:24 Transportó a Lazarith hacia Mapa8 X:57 Y:58
27/10/2010 22:50:25 Transportó a Lazarith hacia Mapa8 X:52 Y:64
27/10/2010 22:50:25 Transportó a Lazarith hacia Mapa8 X:49 Y:70
27/10/2010 22:50:26 Transportó a Lazarith hacia Mapa8 X:50 Y:77
27/10/2010 22:50:29 Transportó a Lazarith hacia Mapa8 X:50 Y:90
04/11/2010 21:57:26 Se conecto con ip:200.3.217.195
04/11/2010 21:57:56 Transportó a Lazarith hacia Mapa1 X:59 Y:36
04/11/2010 21:57:57 Transportó a Lazarith hacia Mapa1 X:67 Y:35
04/11/2010 21:58:13 Agarro:199 Objeto:Escudo naranja
04/11/2010 21:58:13 Agarro:100 Objeto:Escudo reforzado
04/11/2010 21:58:13 Agarro:100 Objeto:Escudo tres puntas
04/11/2010 21:58:14 Agarro:100 Objeto:Escudo magico
04/11/2010 21:58:14 Agarro:100 Objeto:Excalibur
04/11/2010 21:58:15 Agarro:100 Objeto:Rompe casco
04/11/2010 21:58:15 Agarro:100 Objeto:Baculo +20
04/11/2010 21:58:16 Agarro:100 Objeto:Daga roja
04/11/2010 21:58:16 Agarro:100 Objeto:Baculo +10
04/11/2010 21:58:17 Agarro:100 Objeto:Baculo
04/11/2010 21:58:17 Agarro:200 Objeto:Escudo ancla
04/11/2010 22:04:49 Tiró cantidad:1 Objeto:Baculo +10
04/11/2010 22:04:52 Tiró cantidad:1 Objeto:Baculo +10
04/11/2010 22:04:55 Tiró cantidad:1 Objeto:Escudo naranja
04/11/2010 22:04:57 Tiró cantidad:1 Objeto:Túnica Legendaria
04/11/2010 22:05:00 Tiró cantidad:1 Objeto:Excalibur
04/11/2010 22:05:09 Tiró cantidad:1 Objeto:Rompe casco
04/11/2010 22:05:14 Tiró cantidad:1 Objeto:Rompe casco
04/11/2010 22:05:16 Tiró cantidad:1 Objeto:Daga roja
04/11/2010 22:05:49 Tiró cantidad:1 Objeto:Escudo ancla
04/11/2010 22:06:23 Tiró cantidad:1 Objeto:Escudo tres puntas
04/11/2010 22:07:45 Tiró cantidad:1 Objeto:Escudo reforzado
04/11/2010 22:08:33 Agarro:1 Objeto:Escudo reforzado
04/11/2010 22:08:33 Agarro:1 Objeto:Escudo tres puntas
04/11/2010 22:08:34 Agarro:1 Objeto:Escudo ancla
04/11/2010 22:08:34 Agarro:1 Objeto:Escudo naranja
04/11/2010 22:08:34 Agarro:1 Objeto:Túnica Legendaria
04/11/2010 22:08:34 Agarro:1 Objeto:Excalibur
04/11/2010 22:08:34 Agarro:1 Objeto:Rompe casco
04/11/2010 22:08:35 Agarro:1 Objeto:Rompe casco
04/11/2010 22:08:35 Agarro:1 Objeto:Baculo +10
04/11/2010 22:08:35 Agarro:1 Objeto:Baculo +10
04/11/2010 22:08:35 Agarro:1 Objeto:Daga roja
04/11/2010 22:08:45 Agarro:100 Objeto:Montura negra
04/11/2010 22:09:11 Agarro:100 Objeto:Tunica diabolica [E/G]
04/11/2010 22:09:11 Agarro:100 Objeto:Tunica diabolica
04/11/2010 22:09:12 Agarro:100 Objeto:Tunica Tribal
04/11/2010 22:09:22 Tiró cantidad:1 Objeto:Tunica diabolica
04/11/2010 22:09:23 Agarro:1 Objeto:Tunica diabolica
04/11/2010 22:09:46 Transportó a Lazarith hacia Mapa1 X:59 Y:32
04/11/2010 22:09:48 Transportó a Lazarith hacia Mapa1 X:65 Y:35
04/11/2010 22:09:56 Transportó a Lazarith hacia Mapa1 X:72 Y:37
04/11/2010 22:09:58 Transportó a Lazarith hacia Mapa1 X:72 Y:46
04/11/2010 22:09:59 Transportó a Lazarith hacia Mapa1 X:68 Y:50
04/11/2010 22:10:01 Transportó a Lazarith hacia Mapa1 X:64 Y:53
04/11/2010 22:10:02 Transportó a Lazarith hacia Mapa1 X:66 Y:61
04/11/2010 22:10:04 Transportó a Lazarith hacia Mapa1 X:62 Y:63
04/11/2010 22:10:05 Transportó a Lazarith hacia Mapa1 X:65 Y:71
04/11/2010 22:10:07 Transportó a Lazarith hacia Mapa1 X:58 Y:74
04/11/2010 22:10:12 Tiró cantidad:1 Objeto:Tunica Tribal
04/11/2010 22:10:20 Transportó a Lazarith hacia Mapa1 X:56 Y:65
04/11/2010 22:10:22 Transportó a Lazarith hacia Mapa1 X:56 Y:60
04/11/2010 22:10:25 Transportó a Lazarith hacia Mapa1 X:64 Y:56
04/11/2010 22:10:27 Transportó a Lazarith hacia Mapa1 X:64 Y:57
04/11/2010 22:10:38 Agarro:1 Objeto:Tunica Tribal
04/11/2010 22:11:13 Se conecto con ip:200.3.217.195
04/11/2010 22:11:27 Transportó a Lazarith hacia Mapa1 X:41 Y:36
04/11/2010 22:11:35 Transportó a Lazarith hacia Mapa1 X:26 Y:33
04/11/2010 22:11:46 Transportó a Lazarith hacia Mapa1 X:28 Y:49
04/11/2010 22:11:50 Transportó a Lazarith hacia Mapa1 X:44 Y:52
04/11/2010 22:11:56 Transportó a Lazarith hacia Mapa1 X:53 Y:67
04/11/2010 22:12:49 Se conecto con ip:200.3.217.195
04/11/2010 22:13:36 Transportó a Lazarith hacia Mapa1 X:49 Y:17
04/11/2010 22:13:37 Transportó a Lazarith hacia Mapa1 X:49 Y:11
04/11/2010 22:13:37 Transportó a Lazarith hacia Mapa1 X:49 Y:7
04/11/2010 22:13:39 Transportó a Lazarith hacia Mapa8 X:54 Y:85
04/11/2010 22:13:40 Transportó a Lazarith hacia Mapa8 X:63 Y:84
04/11/2010 22:13:41 Transportó a Lazarith hacia Mapa8 X:71 Y:85
04/11/2010 22:13:41 Transportó a Lazarith hacia Mapa8 X:80 Y:86
04/11/2010 22:13:46 Transportó a Lazarith hacia Mapa9 X:22 Y:89
04/11/2010 22:13:50 Transportó a Lazarith hacia Mapa9 X:32 Y:81
04/11/2010 22:13:51 Transportó a Lazarith hacia Mapa9 X:36 Y:75
04/11/2010 22:13:52 Transportó a Lazarith hacia Mapa9 X:40 Y:68
04/11/2010 22:13:53 Transportó a Lazarith hacia Mapa9 X:47 Y:63
04/11/2010 22:14:06 Dijo: xD
04/11/2010 22:14:11 Dijo: SOY SEMI!
04/11/2010 22:14:40 Agarro:1 Objeto:Poción Roja
04/11/2010 22:14:41 Tiró cantidad:1 Objeto:Poción Roja
04/11/2010 22:14:44 Agarro:1 Objeto:Anillo Mágico
04/11/2010 22:14:45 Tiró cantidad:1 Objeto:Anillo Mágico
04/11/2010 22:14:48 Tiró cantidad:1 Objeto:Montura negra
04/11/2010 22:14:50 Agarro:1 Objeto:Espada Mata Dragones
04/11/2010 22:14:54 Tiró cantidad:1 Objeto:Espada Mata Dragones
04/11/2010 22:14:58 Tiró cantidad:99 Objeto:Montura negra
04/11/2010 22:14:59 Agarro:1 Objeto:Montura negra
04/11/2010 22:15:00 Tiró cantidad:1 Objeto:Montura negra
04/11/2010 22:15:04 Agarro:1 Objeto:Anillo Mágico
04/11/2010 22:15:05 Tiró cantidad:1 Objeto:Anillo Mágico
04/11/2010 22:15:12 Tiró cantidad:10000 Objeto:Monedas de Oro
04/11/2010 22:15:16 Agarro:1 Objeto:Inmovilizar
04/11/2010 22:15:21 Tiró cantidad:1 Objeto:Inmovilizar
04/11/2010 22:15:43 Dijo: muchas cosas estan bugeadas
04/11/2010 22:16:08 Dijo: mira como se ve
04/11/2010 22:16:33 Dijo: no
04/11/2010 22:16:35 Dijo: soy gm
04/11/2010 22:17:04 Agarro:1 Objeto:Bastón del dragon
04/11/2010 22:17:15 Agarro:1 Objeto:Draco Dominatión
04/11/2010 22:17:31 Dijo: ¡ Maldito Tiempo !
04/11/2010 22:18:16 Dijo: y las particulas
04/11/2010 22:18:52 Dijo: decime dos hechis que tengan ¬¬
04/11/2010 22:19:10 Transportó a Lazarith hacia Mapa9 X:71 Y:69
04/11/2010 22:19:22 Dijo: otra cosa
04/11/2010 22:19:26 Dijo: por que no actualizas
04/11/2010 22:19:28 Dijo: color finder
04/11/2010 22:19:29 Agarro:1 Objeto:Inmovilizar
04/11/2010 22:19:36 Tiró cantidad:1 Objeto:Inmovilizar
04/11/2010 22:19:40 Agarro:1 Objeto:Paralizar
04/11/2010 22:19:50 Dijo: color finder
04/11/2010 22:19:52 Dijo: minimap
04/11/2010 22:20:08 Dijo: por que se ven el pasto viejo
04/11/2010 22:20:10 Dijo: en el minimap
04/11/2010 22:20:16 Transportó a Lazarith hacia Mapa13 X:27 Y:80
04/11/2010 22:20:17 Transportó a Lazarith hacia Mapa13 X:28 Y:85
04/11/2010 22:20:18 Transportó a Lazarith hacia Mapa13 X:28 Y:90
04/11/2010 22:20:19 Transportó a Lazarith hacia Mapa13 X:29 Y:94
04/11/2010 22:20:45 Transportó a Lazarith hacia Mapa12 X:29 Y:18
04/11/2010 22:20:46 Transportó a Lazarith hacia Mapa12 X:31 Y:24
04/11/2010 22:20:47 Transportó a Lazarith hacia Mapa12 X:34 Y:30
04/11/2010 22:20:58 Dijo: la monmtura
04/11/2010 22:21:00 Dijo: esta re bugeada
04/11/2010 22:21:21 Dijo: che
04/11/2010 22:21:24 Dijo: y si un npcs
04/11/2010 22:21:27 Dijo: dropea
04/11/2010 22:21:30 Dijo: suena?
04/11/2010 22:21:57 Transportó a Lazarith hacia Mapa12 X:35 Y:55
04/11/2010 22:22:02 Transportó a Lazarith hacia Mapa12 X:39 Y:73
04/11/2010 22:22:03 Transportó a Lazarith hacia Mapa12 X:38 Y:82
04/11/2010 22:22:05 Transportó a Lazarith hacia Mapa12 X:41 Y:91
04/11/2010 22:22:07 Transportó a Lazarith hacia Mapa10 X:46 Y:16
04/11/2010 22:22:12 Transportó a Lazarith hacia Mapa10 X:50 Y:22
04/11/2010 22:22:12 Transportó a Lazarith hacia Mapa10 X:54 Y:27
04/11/2010 22:22:18 Transportó a Lazarith hacia Mapa10 X:70 Y:31
04/11/2010 22:22:20 Transportó a Lazarith hacia Mapa10 X:82 Y:30
04/11/2010 22:22:21 Transportó a Lazarith hacia Mapa10 X:89 Y:33
04/11/2010 22:22:23 Transportó a Lazarith hacia Mapa10 X:89 Y:30
04/11/2010 22:23:25 Transportó a Lazarith hacia Mapa11 X:53 Y:49
04/11/2010 22:23:52 Transportó a Lazarith hacia Mapa11 X:59 Y:61
04/11/2010 22:23:56 Transportó a Lazarith hacia Mapa11 X:69 Y:69
04/11/2010 22:23:57 Transportó a Lazarith hacia Mapa11 X:74 Y:72
04/11/2010 22:23:58 Transportó a Lazarith hacia Mapa11 X:80 Y:75
04/11/2010 22:23:59 Transportó a Lazarith hacia Mapa11 X:86 Y:68
04/11/2010 22:24:00 Transportó a Lazarith hacia Mapa11 X:85 Y:63
04/11/2010 22:24:00 Transportó a Lazarith hacia Mapa11 X:84 Y:58
04/11/2010 22:24:01 Transportó a Lazarith hacia Mapa11 X:83 Y:52
04/11/2010 22:24:01 Transportó a Lazarith hacia Mapa11 X:83 Y:47
04/11/2010 22:24:02 Transportó a Lazarith hacia Mapa11 X:83 Y:41
04/11/2010 22:24:03 Transportó a Lazarith hacia Mapa11 X:83 Y:35
04/11/2010 22:24:04 Transportó a Lazarith hacia Mapa11 X:90 Y:30
04/11/2010 22:24:21 Transportó a Lazarith hacia Mapa25 X:50 Y:50
04/11/2010 22:24:22 Transportó a Lazarith hacia Mapa25 X:54 Y:54
04/11/2010 22:24:23 Transportó a Lazarith hacia Mapa25 X:62 Y:56
04/11/2010 22:24:24 Transportó a Lazarith hacia Mapa25 X:69 Y:57
04/11/2010 22:24:24 Transportó a Lazarith hacia Mapa25 X:78 Y:58
04/11/2010 22:24:25 Transportó a Lazarith hacia Mapa25 X:87 Y:59
04/11/2010 22:24:28 Transportó a Lazarith hacia Mapa26 X:18 Y:52
04/11/2010 22:24:30 Transportó a Lazarith hacia Mapa26 X:25 Y:45
04/11/2010 22:24:36 Transportó a Lazarith hacia Mapa26 X:40 Y:35
04/11/2010 22:24:37 Transportó a Lazarith hacia Mapa26 X:45 Y:39
04/11/2010 22:24:38 Transportó a Lazarith hacia Mapa26 X:49 Y:43
04/11/2010 22:24:39 Transportó a Lazarith hacia Mapa26 X:57 Y:45
04/11/2010 22:24:40 Transportó a Lazarith hacia Mapa26 X:65 Y:46
04/11/2010 22:24:41 Transportó a Lazarith hacia Mapa26 X:73 Y:47
04/11/2010 22:24:41 Transportó a Lazarith hacia Mapa26 X:80 Y:48
04/11/2010 22:24:42 Transportó a Lazarith hacia Mapa26 X:87 Y:49
04/11/2010 22:24:44 Transportó a Lazarith hacia Mapa31 X:18 Y:50
04/11/2010 22:24:45 Transportó a Lazarith hacia Mapa31 X:27 Y:52
04/11/2010 22:24:46 Transportó a Lazarith hacia Mapa31 X:35 Y:54
04/11/2010 22:24:47 Transportó a Lazarith hacia Mapa31 X:43 Y:56
04/11/2010 22:24:48 Transportó a Lazarith hacia Mapa31 X:50 Y:59
04/11/2010 22:24:48 Transportó a Lazarith hacia Mapa31 X:58 Y:62
04/11/2010 22:24:49 Transportó a Lazarith hacia Mapa31 X:66 Y:66
04/11/2010 22:24:50 Transportó a Lazarith hacia Mapa31 X:74 Y:70
04/11/2010 22:24:50 Transportó a Lazarith hacia Mapa31 X:82 Y:73
04/11/2010 22:24:51 Transportó a Lazarith hacia Mapa31 X:91 Y:76
04/11/2010 22:24:53 Transportó a Lazarith hacia Mapa32 X:20 Y:78
04/11/2010 22:24:54 Transportó a Lazarith hacia Mapa32 X:24 Y:84
04/11/2010 22:24:54 Transportó a Lazarith hacia Mapa32 X:27 Y:90
06/11/2010 21:57:46 Se conecto con ip:200.3.217.195
06/11/2010 21:57:56 Transportó a Lazarith hacia Mapa1 X:40 Y:40
06/11/2010 21:58:39 Transportó a Lazarith hacia Mapa1 X:40 Y:35
06/11/2010 21:58:41 Transportó a Lazarith hacia Mapa1 X:42 Y:41
06/11/2010 21:58:44 Transportó a Lazarith hacia Mapa1 X:44 Y:35
06/11/2010 21:58:46 Transportó a Lazarith hacia Mapa1 X:45 Y:42
06/11/2010 21:59:35 Transportó a Lazarith hacia Mapa1 X:68 Y:46
06/11/2010 22:00:10 Agarro:1 Objeto:Tunica alada
06/11/2010 22:00:34 Tiró cantidad:1 Objeto:Tunica Tribal
06/11/2010 22:00:37 Tiró cantidad:1 Objeto:Tunica Tribal
06/11/2010 22:00:39 Tiró cantidad:1 Objeto:Tunica alada
06/11/2010 22:00:41 Agarro:1 Objeto:Tunica alada
06/11/2010 22:00:47 Tiró cantidad:1 Objeto:Vara de Mago
06/11/2010 22:00:50 Tiró cantidad:1 Objeto:Vara de Mago
06/11/2010 22:00:52 Tiró cantidad:1 Objeto:Escudo ancla
06/11/2010 22:00:54 Tiró cantidad:1 Objeto:Bastón del dragon
06/11/2010 22:00:56 Tiró cantidad:1 Objeto:Tunica diabolica [E/G]
06/11/2010 22:00:58 Agarro:1 Objeto:Bastón del dragon
06/11/2010 22:01:10 Tiró cantidad:1 Objeto:Tunica diabolica [E/G]
06/11/2010 22:01:12 Agarro:1 Objeto:Tunica diabolica [E/G]
06/11/2010 22:01:20 Transportó a Lazarith hacia Mapa1 X:70 Y:89
06/11/2010 22:01:38 Transportó a Lazarith hacia Mapa6 X:22 Y:23
06/11/2010 22:01:40 Transportó a Lazarith hacia Mapa6 X:31 Y:28
06/11/2010 22:01:41 Transportó a Lazarith hacia Mapa6 X:40 Y:33
06/11/2010 22:01:42 Transportó a Lazarith hacia Mapa6 X:44 Y:40
06/11/2010 22:01:45 Transportó a Lazarith hacia Mapa6 X:43 Y:55
06/11/2010 22:01:47 Transportó a Lazarith hacia Mapa6 X:37 Y:62
06/11/2010 22:01:48 Transportó a Lazarith hacia Mapa6 X:42 Y:64
06/11/2010 22:01:51 Transportó a Lazarith hacia Mapa6 X:52 Y:63
06/11/2010 22:01:55 Transportó a Lazarith hacia Mapa6 X:59 Y:61
06/11/2010 22:01:58 Transportó a Lazarith hacia Mapa6 X:71 Y:61
06/11/2010 22:01:59 Transportó a Lazarith hacia Mapa6 X:81 Y:61
06/11/2010 22:02:50 Transportó a Lazarith hacia Mapa10 X:36 Y:33
