22/05/2010 19:11:42 server iniciado 0.13.0
22/05/2010 19:20:40 server iniciado 0.13.0
22/05/2010 20:30:36 server iniciado 0.13.0
23/05/2010 11:05:31 server iniciado 0.13.0
23/05/2010 11:11:14 server cerrado.
24/05/2010 10:48:22 server iniciado 0.13.0
24/05/2010 10:51:21 server iniciado 0.13.0
24/05/2010 10:53:13 server iniciado 0.13.0
25/05/2010 10:37:28 server iniciado 0.13.0
25/05/2010 10:39:11 server cerrado.
25/05/2010 12:25:14 server iniciado 0.13.0
25/05/2010 12:27:18 server iniciado 0.13.0
25/05/2010 12:56:35 server cerrado.
25/05/2010 14:39:34 server iniciado 0.13.0
25/05/2010 14:54:42 server iniciado 0.13.0
25/05/2010 14:55:54 server iniciado 0.13.0
25/05/2010 14:59:39 server iniciado 0.13.0
25/05/2010 17:53:51 server iniciado 0.13.0
25/05/2010 18:01:16 server iniciado 0.13.0
25/05/2010 18:09:39 server iniciado 0.13.0
25/05/2010 18:11:27 server iniciado 0.13.0
25/05/2010 18:18:43 server iniciado 0.13.0
25/05/2010 18:34:26 server iniciado 0.13.0
25/05/2010 20:25:42 server iniciado 0.13.0
26/05/2010 12:09:57 server iniciado 0.13.0
26/05/2010 20:07:08 server cerrado.
26/05/2010 20:07:37 server iniciado 0.13.0
26/05/2010 21:18:12 server iniciado 0.13.0
26/05/2010 21:44:24 server iniciado 0.13.0
26/05/2010 23:51:42 server cerrado.
27/05/2010 16:37:59 server iniciado 0.13.0
27/05/2010 18:21:29 server cerrado.
27/05/2010 18:52:08 server iniciado 0.13.0
27/05/2010 19:09:50 server iniciado 0.13.0
27/05/2010 19:11:08 server cerrado.
27/05/2010 19:37:35 server iniciado 0.13.0
27/05/2010 20:00:52 server cerrado.
27/05/2010 20:15:59 server iniciado 0.13.0
27/05/2010 20:20:53 server cerrado.
27/05/2010 20:24:59 server iniciado 0.13.0
28/05/2010 17:35:07 server iniciado 0.13.0
28/05/2010 22:05:12 server cerrado.
28/05/2010 22:06:52 server iniciado 0.13.0
28/05/2010 22:20:02 server cerrado.
28/05/2010 22:24:12 server iniciado 0.13.0
28/05/2010 22:33:55 server iniciado 0.13.0
28/05/2010 22:36:16 server iniciado 0.13.0
28/05/2010 22:37:03 server iniciado 0.13.0
28/05/2010 22:56:48 server iniciado 0.13.0
28/05/2010 22:58:28 server iniciado 0.13.0
28/05/2010 23:04:58 server iniciado 0.13.0
28/05/2010 23:11:34 server iniciado 0.13.0
28/05/2010 23:50:44 server cerrado.
31/05/2010 21:45:17 server iniciado 0.13.0
31/05/2010 23:16:16 server cerrado.
31/05/2010 23:19:05 server iniciado 0.13.0
31/05/2010 23:41:15 server iniciado 0.13.0
31/05/2010 23:55:18 server cerrado.
01/06/2010 15:30:17 server iniciado 0.13.0
01/06/2010 16:24:32 server cerrado.
01/06/2010 17:03:55 server iniciado 0.13.0
01/06/2010 17:29:59 server iniciado 0.13.0
01/06/2010 17:40:09 server iniciado 0.13.0
01/06/2010 18:04:37 server iniciado 0.13.0
01/06/2010 18:21:02 server iniciado 0.13.0
01/06/2010 18:38:56 server iniciado 0.13.0
01/06/2010 18:39:46 server iniciado 0.13.0
01/06/2010 18:45:03 server iniciado 0.13.0
01/06/2010 19:10:32 server iniciado 0.13.0
01/06/2010 19:29:45 server iniciado 0.13.0
01/06/2010 21:05:15 server iniciado 0.13.0
01/06/2010 21:13:52 server cerrado.
01/06/2010 21:15:25 server iniciado 0.13.0
02/06/2010 13:58:27 server iniciado 0.13.0
02/06/2010 14:19:13 server cerrado.
02/06/2010 15:01:06 server iniciado 0.13.0
02/06/2010 15:08:12 server cerrado.
02/06/2010 15:08:38 server iniciado 0.13.0
02/06/2010 15:19:20 server iniciado 0.13.0
02/06/2010 15:25:36 server iniciado 0.13.0
02/06/2010 21:41:32 server iniciado 0.13.0
02/06/2010 22:58:40 server cerrado.
03/06/2010 15:06:25 server iniciado 0.13.0
03/06/2010 15:06:51 server cerrado.
03/06/2010 15:16:54 server iniciado 0.13.0
03/06/2010 15:29:33 server iniciado 0.13.0
03/06/2010 15:42:29 server iniciado 0.13.0
03/06/2010 17:53:39 server iniciado 0.13.0
03/06/2010 18:05:37 server iniciado 0.13.0
03/06/2010 18:09:44 server iniciado 0.13.0
03/06/2010 18:17:38 server cerrado.
03/06/2010 18:43:09 server iniciado 0.13.0
03/06/2010 20:33:58 server cerrado.
03/06/2010 20:46:58 server iniciado 0.13.0
03/06/2010 21:16:50 server iniciado 0.13.0
03/06/2010 21:38:44 server cerrado.
03/06/2010 21:39:56 server iniciado 0.13.0
03/06/2010 21:46:54 server cerrado.
04/06/2010 14:45:06 server iniciado 0.13.0
04/06/2010 14:52:16 server iniciado 0.13.0
04/06/2010 15:08:31 server iniciado 0.13.0
04/06/2010 17:02:40 server iniciado 0.13.0
04/06/2010 17:10:01 server iniciado 0.13.0
04/06/2010 18:41:26 server cerrado.
04/06/2010 21:23:46 server iniciado 0.13.0
05/06/2010 0:37:40 server cerrado.
05/06/2010 0:38:20 server iniciado 0.13.0
05/06/2010 0:54:00 server iniciado 0.13.0
05/06/2010 1:46:31 server cerrado.
05/06/2010 13:12:59 server iniciado 0.13.0
05/06/2010 13:38:57 server cerrado.
05/06/2010 20:03:46 server iniciado 0.13.0
05/06/2010 20:34:21 server cerrado.
05/06/2010 23:34:39 server iniciado 0.13.0
05/06/2010 23:39:25 server cerrado.
06/06/2010 11:35:01 server iniciado 0.13.0
06/06/2010 12:50:44 server cerrado.
6/6/2010 4:36:51 PM server iniciado 0.13.0
6/6/2010 5:44:01 PM server cerrado.
6/6/2010 10:56:10 PM server iniciado 0.13.0
6/6/2010 11:03:19 PM server iniciado 0.13.0
6/6/2010 11:52:09 PM server cerrado.
6/8/2010 9:38:40 PM server iniciado 0.13.0
6/8/2010 9:58:23 PM server iniciado 0.13.0
6/8/2010 10:02:54 PM server iniciado 0.13.0
6/8/2010 10:30:45 PM server iniciado 0.13.0
6/8/2010 10:33:15 PM server iniciado 0.13.0
6/8/2010 11:04:28 PM server iniciado 0.13.0
6/9/2010 3:57:13 PM server iniciado 0.13.0
6/9/2010 4:49:11 PM server cerrado.
6/9/2010 8:56:33 PM server iniciado 0.13.0
6/9/2010 10:02:20 PM server cerrado.
6/11/2010 2:20:46 PM server iniciado 0.13.0
6/11/2010 4:30:32 PM server cerrado.
6/11/2010 10:07:39 PM server iniciado 0.13.0
6/11/2010 10:12:28 PM server cerrado.
6/11/2010 10:13:20 PM server iniciado 0.13.0
6/12/2010 1:10:20 AM server cerrado.
6/12/2010 11:16:04 AM server iniciado 0.13.0
12/06/2010 03:51:47 p.m. server cerrado.
12/06/2010 06:13:38 p.m. server iniciado 0.13.0
13/06/2010 02:20:51 a.m. server cerrado.
13/06/2010 01:09:46 p.m. server iniciado 0.13.0
13/06/2010 10:30:28 p.m. server cerrado.
14/06/2010 03:07:38 p.m. server iniciado 0.13.0
15/06/2010 05:17:20 p.m. server iniciado 0.13.0
15/06/2010 11:45:20 p.m. server cerrado.
16/06/2010 07:52:42 p.m. server iniciado 0.13.0
17/06/2010 12:16:17 a.m. server cerrado.
17/06/2010 09:40:13 a.m. server iniciado 0.13.0
17/06/2010 01:11:03 p.m. server cerrado.
17/06/2010 03:52:54 p.m. server iniciado 0.13.0
17/06/2010 10:34:45 p.m. server cerrado.
18/06/2010 01:40:57 p.m. server iniciado 0.13.0
18/06/2010 04:06:51 p.m. server cerrado.
03/07/2010 05:28:37 p.m. server iniciado 0.13.0
03/07/2010 05:36:34 p.m. server iniciado 0.13.0
04/07/2010 08:02:51 p.m. server iniciado 0.13.0
05/07/2010 03:00:45 p.m. server iniciado 0.13.0
05/07/2010 08:32:55 p.m. server iniciado 0.13.0
05/07/2010 10:56:51 p.m. server cerrado.
11/07/2010 14:37:23 server iniciado 0.13.0
11/07/2010 14:59:57 server cerrado.
11/07/2010 15:20:54 server iniciado 0.13.0
11/07/2010 15:23:22 server cerrado.
12/07/2010 18:42:41 server iniciado 0.13.0
12/07/2010 19:15:23 server cerrado.
15/07/2010 15:45:52 server iniciado 0.13.0
15/07/2010 17:38:41 server cerrado.
19/07/2010 13:17:48 server iniciado 0.13.0
19/07/2010 15:26:30 server cerrado.
20/07/2010 10:04:39 server iniciado 0.13.0
20/07/2010 10:15:21 server cerrado.
20/07/2010 10:17:53 server iniciado 0.13.0
20/07/2010 23:25:48 server iniciado 0.13.0
21/07/2010 2:29:25 server cerrado.
22/07/2010 1:05:12 server iniciado 0.13.0
22/07/2010 2:25:49 server cerrado.
22/07/2010 14:01:35 server iniciado 0.13.0
22/07/2010 14:39:38 server cerrado.
22/07/2010 14:48:51 server iniciado 0.13.0
22/07/2010 15:02:32 server iniciado 0.13.0
22/07/2010 15:04:33 server iniciado 0.13.0
22/07/2010 16:59:56 server iniciado 0.13.0
22/07/2010 17:15:09 server iniciado 0.13.0
22/07/2010 18:21:36 server iniciado 0.13.0
22/07/2010 19:57:40 server cerrado.
22/07/2010 20:44:27 server iniciado 0.13.0
22/07/2010 22:55:12 server cerrado.
24/07/2010 12:24:19 server iniciado 0.13.0
24/07/2010 12:29:14 server cerrado.
25/07/2010 16:23:40 server iniciado 0.13.0
25/07/2010 17:30:38 server iniciado 0.13.0
25/07/2010 17:50:34 server cerrado.
25/07/2010 18:07:52 server iniciado 0.13.0
25/07/2010 18:14:21 server cerrado.
25/07/2010 18:14:26 server cerrado.
25/07/2010 18:15:07 server iniciado 0.13.0
26/07/2010 12:04:12 server iniciado 0.13.0
26/07/2010 12:38:38 server iniciado 0.13.0
26/07/2010 13:16:09 server iniciado 0.13.0
26/07/2010 15:50:41 server iniciado 0.13.0
26/07/2010 15:50:48 server cerrado.
26/07/2010 15:56:03 server iniciado 0.13.0
26/07/2010 15:56:39 server cerrado.
26/07/2010 15:57:09 server iniciado 0.13.0
26/07/2010 16:03:30 server iniciado 0.13.0
26/07/2010 16:05:07 server iniciado 0.13.0
26/07/2010 16:33:51 server iniciado 0.13.0
26/07/2010 16:37:48 server iniciado 0.13.0
26/07/2010 17:36:06 server iniciado 0.13.0
26/07/2010 17:54:50 server iniciado 0.13.0
26/07/2010 18:44:02 server cerrado.
26/07/2010 20:08:33 server iniciado 0.13.0
26/07/2010 20:54:06 server cerrado.
26/07/2010 20:54:46 server iniciado 0.13.0
26/07/2010 23:28:44 server iniciado 0.13.0
27/07/2010 1:02:01 server cerrado.
27/07/2010 1:04:56 server iniciado 0.13.0
27/07/2010 1:08:25 server iniciado 0.13.0
27/07/2010 12:44:07 server cerrado.
27/07/2010 11:12:00 server iniciado 0.13.0
27/07/2010 11:37:46 server iniciado 0.13.0
27/07/2010 12:56:42 server iniciado 0.13.0
27/07/2010 13:03:07 server iniciado 0.13.0
27/07/2010 13:26:01 server cerrado.
27/07/2010 17:54:59 server iniciado 0.13.0
27/07/2010 19:28:38 server cerrado.
27/07/2010 19:29:07 server iniciado 0.13.0
28/07/2010 0:20:12 server cerrado.
28/07/2010 0:22:41 server iniciado 0.13.0
28/07/2010 0:24:56 server cerrado.
28/07/2010 0:27:07 server iniciado 0.13.0
28/07/2010 0:50:01 server cerrado.
28/07/2010 0:50:53 server iniciado 0.13.0
28/07/2010 0:57:27 server cerrado.
28/07/2010 0:57:57 server iniciado 0.13.0
28/07/2010 1:12:45 server cerrado.
28/07/2010 1:13:27 server iniciado 0.13.0
28/07/2010 12:34:59 server iniciado 0.13.0
28/07/2010 20:27:10 server iniciado 0.13.0
28/07/2010 20:28:32 server cerrado.
30/07/2010 15:30:21 server iniciado 0.13.0
30/07/2010 15:38:43 server iniciado 0.13.0
31/07/2010 14:19:15 server iniciado 0.13.0
31/07/2010 14:20:33 server cerrado.
31/07/2010 14:25:00 server iniciado 0.13.0
31/07/2010 14:27:16 server cerrado.
31/07/2010 17:55:03 server iniciado 0.13.0
01/08/2010 0:26:31 server cerrado.
13/08/2010 20:23:40 server iniciado 0.13.0
13/08/2010 20:26:42 server iniciado 0.13.0
13/08/2010 20:30:40 server iniciado 0.13.0
13/08/2010 21:25:57 server cerrado.
14/08/2010 9:00:22 server iniciado 0.13.0
14/08/2010 18:13:16 server cerrado.
15/08/2010 18:44:31 server iniciado 0.13.0
15/08/2010 19:34:25 server cerrado.
18/08/2010 10:47:39 a.m. server iniciado 0.13.0
27/08/2010 12:08:55 server iniciado 0.13.0
27/08/2010 14:34:58 server cerrado.
27/08/2010 19:33:35 server iniciado 0.13.0
27/08/2010 20:08:45 server cerrado.
27/08/2010 20:21:41 server iniciado 0.13.0
28/08/2010 0:07:35 server cerrado.
28/08/2010 10:48:27 server iniciado 0.13.0
28/08/2010 16:09:52 server cerrado.
28/08/2010 17:31:33 server iniciado 0.13.0
28/08/2010 19:48:28 server cerrado.
31/08/2010 18:02:34 server iniciado 0.13.0
31/08/2010 22:22:45 server cerrado.
01/09/2010 20:18:16 server iniciado 0.13.0
02/09/2010 0:12:51 server cerrado.
03/09/2010 21:54:59 server iniciado 0.13.0
04/09/2010 2:21:20 server cerrado.
04/09/2010 11:32:35 server iniciado 0.13.0
04/09/2010 13:32:57 server cerrado.
04/09/2010 18:30:31 server iniciado 0.13.0
04/09/2010 20:26:28 server cerrado.
04/09/2010 20:26:51 server iniciado 0.13.0
04/09/2010 21:34:27 server cerrado.
05/09/2010 0:56:22 server iniciado 0.13.0
05/09/2010 2:11:27 server cerrado.
05/09/2010 12:48:54 server iniciado 0.13.0
05/09/2010 15:27:44 server cerrado.
05/09/2010 17:15:34 server iniciado 0.13.0
05/09/2010 21:44:47 server cerrado.
05/09/2010 21:45:42 server iniciado 0.13.0
05/09/2010 22:02:16 server cerrado.
05/09/2010 22:06:52 server iniciado 0.13.0
06/09/2010 0:11:26 server cerrado.
06/09/2010 12:34:14 server iniciado 0.13.0
06/09/2010 13:32:13 server cerrado.
06/09/2010 19:00:22 server iniciado 0.13.0
06/09/2010 23:10:17 server cerrado.
07/09/2010 21:46:58 server iniciado 0.13.0
08/09/2010 22:31:15 server iniciado 0.13.0
08/09/2010 23:29:35 server cerrado.
09/09/2010 21:37:12 server iniciado 0.13.0
10/09/2010 0:11:32 server cerrado.
11/09/2010 0:05:50 server iniciado 0.13.0
11/09/2010 0:29:21 server cerrado.
11/09/2010 11:29:38 server iniciado 0.13.0
11/09/2010 18:30:19 server cerrado.
11/09/2010 21:15:17 server iniciado 0.13.0
11/09/2010 23:41:18 server cerrado.
13/09/2010 18:50:45 server iniciado 0.13.0
14/09/2010 19:38:26 server iniciado 0.13.0
14/09/2010 19:54:26 server cerrado.
28/09/2010 20:49:07 server iniciado 0.13.0
28/09/2010 23:57:33 server cerrado.
03/10/2010 19:55:36 server iniciado 0.13.0
03/10/2010 22:09:34 server cerrado.
05/10/2010 21:42:33 server iniciado 0.13.0
05/10/2010 21:47:12 server cerrado.
06/10/2010 17:11:23 server iniciado 0.13.0
06/10/2010 17:30:57 server cerrado.
08/10/2010 13:47:37 server iniciado 0.13.0
08/10/2010 21:25:21 server cerrado.
09/10/2010 20:53:06 server iniciado 0.13.0
10/10/2010 0:20:35 server cerrado.
10/10/2010 11:47:47 server iniciado 0.13.0
10/10/2010 11:54:36 server cerrado.
10/10/2010 11:58:36 server iniciado 0.13.0
10/10/2010 12:19:00 server iniciado 0.13.0
10/10/2010 12:21:35 server cerrado.
10/10/2010 12:21:37 server cerrado.
10/10/2010 13:13:11 server iniciado 0.13.0
10/10/2010 14:51:18 server cerrado.
10/10/2010 14:57:05 server iniciado 0.13.0
10/10/2010 18:33:02 server cerrado.
10/10/2010 18:35:47 server iniciado 0.13.0
10/10/2010 20:22:44 server cerrado.
11/10/2010 10:33:42 server iniciado 0.13.0
11/10/2010 13:48:13 server cerrado.
12/10/2010 19:15:40 server iniciado 0.13.0
12/10/2010 22:13:59 server cerrado.
13/10/2010 20:28:19 server iniciado 0.13.0
13/10/2010 23:14:52 server cerrado.
14/10/2010 13:33:17 server iniciado 0.13.0
14/10/2010 15:09:59 server iniciado 0.13.0
14/10/2010 16:03:41 server cerrado.
14/10/2010 17:23:13 server iniciado 0.13.0
14/10/2010 17:27:30 server cerrado.
14/10/2010 17:28:13 server iniciado 0.13.0
14/10/2010 22:28:55 server cerrado.
15/10/2010 12:56:15 server iniciado 0.13.0
15/10/2010 13:46:31 server cerrado.
15/10/2010 13:56:18 server iniciado 0.13.0
15/10/2010 14:19:28 server cerrado.
15/10/2010 16:03:43 server iniciado 0.13.0
15/10/2010 21:06:38 server cerrado.
15/10/2010 21:09:02 server iniciado 0.13.0
16/10/2010 0:11:59 server cerrado.
16/10/2010 11:35:20 server iniciado 0.13.0
16/10/2010 14:47:18 server cerrado.
16/10/2010 14:56:10 server iniciado 0.13.0
16/10/2010 15:32:54 server cerrado.
16/10/2010 15:35:22 server iniciado 0.13.0
16/10/2010 16:30:51 server cerrado.
16/10/2010 16:37:11 server iniciado 0.13.0
16/10/2010 22:02:30 server cerrado.
16/10/2010 22:03:02 server iniciado 0.13.0
16/10/2010 19:20:03 server iniciado 0.13.0
16/10/2010 20:33:36 server cerrado.
16/10/2010 20:33:37 server cerrado.
16/10/2010 23:39:27 server iniciado 0.13.0
17/10/2010 0:21:40 server cerrado.
17/10/2010 0:25:17 server iniciado 0.13.0
17/10/2010 0:26:26 server cerrado.
17/10/2010 0:27:38 server iniciado 0.13.0
17/10/2010 1:15:29 server cerrado.
17/10/2010 10:21:26 server iniciado 0.13.0
17/10/2010 14:12:00 server cerrado.
17/10/2010 19:11:34 server iniciado 0.13.0
17/10/2010 23:23:50 server iniciado 0.13.0
17/10/2010 23:29:05 server cerrado.
18/10/2010 15:52:04 server iniciado 0.13.0
18/10/2010 22:56:23 server iniciado 0.13.0
18/10/2010 22:56:41 server cerrado.
18/10/2010 22:56:44 server cerrado.
18/10/2010 22:56:51 server iniciado 0.13.0
18/10/2010 23:04:58 server cerrado.
18/10/2010 23:17:53 server iniciado 0.13.0
18/10/2010 23:25:06 server iniciado 0.13.0
18/10/2010 23:28:41 server iniciado 0.13.0
18/10/2010 23:30:03 server iniciado 0.13.0
18/10/2010 23:31:20 server iniciado 0.13.0
18/10/2010 23:33:08 server iniciado 0.13.0
18/10/2010 23:34:03 server iniciado 0.13.0
18/10/2010 23:38:34 server iniciado 0.13.0
18/10/2010 23:39:57 server cerrado.
18/10/2010 23:41:20 server iniciado 0.13.0
19/10/2010 0:28:42 server cerrado.
19/10/2010 10:10:56 server iniciado 0.13.0
19/10/2010 10:15:27 server cerrado.
19/10/2010 10:16:16 server iniciado 0.13.0
19/10/2010 16:46:43 server cerrado.
19/10/2010 22:29:29 server iniciado 0.13.0
19/10/2010 22:46:10 server cerrado.
19/10/2010 22:46:23 server iniciado 0.13.0
19/10/2010 23:26:31 server cerrado.
19/10/2010 23:26:42 server iniciado 0.13.0
20/10/2010 0:05:56 server cerrado.
20/10/2010 10:57:31 server iniciado 0.13.0
20/10/2010 13:24:22 server cerrado.
20/10/2010 17:53:22 server iniciado 0.13.0
20/10/2010 17:54:23 server iniciado 0.13.0
20/10/2010 17:55:00 server iniciado 0.13.0
20/10/2010 18:01:46 server iniciado 0.13.0
20/10/2010 19:30:15 server cerrado.
20/10/2010 19:30:28 server iniciado 0.13.0
20/10/2010 19:33:44 server cerrado.
20/10/2010 19:34:01 server iniciado 0.13.0
20/10/2010 19:37:59 server iniciado 0.13.0
20/10/2010 19:39:12 server cerrado.
20/10/2010 19:39:22 server iniciado 0.13.0
20/10/2010 21:28:48 server cerrado.
21/10/2010 14:04:40 server iniciado 0.13.0
21/10/2010 14:13:15 server iniciado 0.13.0
21/10/2010 14:18:57 server cerrado.
21/10/2010 14:24:04 server iniciado 0.13.0
21/10/2010 17:17:53 server cerrado.
21/10/2010 17:23:40 server iniciado 0.13.0
21/10/2010 18:17:32 server iniciado 0.13.0
21/10/2010 19:51:42 server cerrado.
21/10/2010 19:52:26 server iniciado 0.13.0
21/10/2010 19:55:39 server cerrado.
21/10/2010 19:55:44 server iniciado 0.13.0
21/10/2010 20:01:31 server cerrado.
21/10/2010 20:01:55 server iniciado 0.13.0
21/10/2010 20:14:39 server cerrado.
21/10/2010 20:16:01 server iniciado 0.13.0
24/10/2010 10:21:14 server iniciado 0.13.0
24/10/2010 13:49:36 server cerrado.
25/10/2010 14:08:07 server iniciado 0.13.0
25/10/2010 15:47:03 server cerrado.
25/10/2010 15:50:41 server iniciado 0.13.0
25/10/2010 15:59:48 server cerrado.
25/10/2010 16:02:27 server iniciado 0.13.0
25/10/2010 17:52:09 server apagado por Asen. 
25/10/2010 17:52:16 server cerrado.
27/10/2010 20:50:36 server iniciado 0.13.0
27/10/2010 22:55:19 server cerrado.
29/10/2010 06:54:35 p.m. server iniciado 0.13.0
29/10/2010 07:29:55 p.m. server cerrado.
29/10/2010 07:33:52 p.m. server iniciado 0.13.0
29/10/2010 07:42:45 p.m. server iniciado 0.13.0
29/10/2010 07:45:50 p.m. server iniciado 0.13.0
29/10/2010 07:46:37 p.m. server iniciado 0.13.0
29/10/2010 07:51:14 p.m. server iniciado 0.13.0
29/10/2010 07:59:26 p.m. server iniciado 0.13.0
29/10/2010 08:01:29 p.m. server cerrado.
31/10/2010 02:32:24 p.m. server iniciado 0.13.0
31/10/2010 02:37:14 p.m. server cerrado.
31/10/2010 02:43:03 p.m. server iniciado 0.13.0
01/11/2010 02:49:52 p.m. server iniciado 0.13.0
01/11/2010 15:46:41 server cerrado.
01/11/2010 15:57:25 server iniciado 0.13.0
01/11/2010 19:13:38 server cerrado.
01/11/2010 21:49:06 server iniciado 0.13.0
01/11/2010 21:59:32 server iniciado 0.13.0
01/11/2010 23:20:12 server cerrado.
02/11/2010 15:55:03 server iniciado 0.13.0
02/11/2010 16:20:35 server iniciado 0.13.0
03/11/2010 16:17:46 server iniciado 0.13.0
03/11/2010 20:06:01 server iniciado 0.13.0
03/11/2010 22:52:19 server cerrado.
04/11/2010 19:42:37 server iniciado 0.13.0
04/11/2010 22:25:01 server cerrado.
05/11/2010 13:12:59 server iniciado 0.13.0
05/11/2010 13:24:34 server iniciado 0.13.0
05/11/2010 17:46:22 server cerrado.
06/11/2010 21:35:41 server iniciado 0.13.0
07/11/2010 00:13:38 server cerrado.
07/11/2010 09:18:04 server iniciado 0.13.0
07/11/2010 09:20:32 server cerrado.
07/11/2010 09:23:38 server iniciado 0.13.0
07/11/2010 15:34:39 server cerrado.
10/11/2010 21:05:28 server iniciado 0.13.0
10/11/2010 22:51:08 server cerrado.
15/11/2010 16:40:49 server iniciado 0.13.0
15/11/2010 17:56:22 server cerrado.
17/11/2010 13:41:36 server iniciado 0.13.0
17/11/2010 15:10:57 server cerrado.
28/11/2010 09:26:04 server iniciado 0.13.0
28/11/2010 22:51:46 server cerrado.
04/12/2010 11:44:10 server iniciado 0.13.0
04/12/2010 12:27:47 server cerrado.
05/12/2010 10:07:28 server iniciado 0.13.0
05/12/2010 22:10:01 server cerrado.
17/12/2010 15:38:36 server iniciado 0.13.0
17/12/2010 17:24:16 server cerrado.
19/12/2010 19:05:06 server iniciado 0.13.0
19/12/2010 19:39:48 server cerrado.
19/12/2010 19:40:34 server iniciado 0.13.0
19/12/2010 20:05:48 server iniciado 0.13.0
19/12/2010 23:28:00 server cerrado.
20/12/2010 10:40:43 server iniciado 0.13.0
20/12/2010 21:16:20 server cerrado.
20/12/2010 22:31:27 server iniciado 0.13.0
20/12/2010 22:47:04 server cerrado.
21/12/2010 15:37:51 server iniciado 0.13.0
21/12/2010 16:15:21 server iniciado 0.13.0
21/12/2010 20:00:24 server iniciado 0.13.0
22/12/2010 00:57:51 server cerrado.
22/12/2010 10:26:12 server iniciado 0.13.0
22/12/2010 17:46:34 server iniciado 0.13.0
22/12/2010 18:05:37 server cerrado.
23/12/2010 09:50:03 server iniciado 0.13.0
23/12/2010 10:02:53 server iniciado 0.13.0
23/12/2010 10:16:45 server cerrado.
23/12/2010 10:19:49 server iniciado 0.13.0
23/12/2010 11:18:27 server cerrado.
23/12/2010 12:44:07 server iniciado 0.13.0
23/12/2010 14:25:18 server cerrado.
23/12/2010 17:26:30 server iniciado 0.13.0
23/12/2010 18:15:27 server cerrado.
23/12/2010 20:34:47 server iniciado 0.13.0
23/12/2010 20:41:01 server iniciado 0.13.0
23/12/2010 21:36:48 server cerrado.
24/12/2010 07:46:39 server iniciado 0.13.0
24/12/2010 07:51:55 server iniciado 0.13.0
24/12/2010 07:54:32 server iniciado 0.13.0
24/12/2010 08:57:24 server iniciado 0.13.0
24/12/2010 10:56:12 server cerrado.
26/12/2010 01:18:54 server iniciado 0.13.0
26/12/2010 01:22:15 server cerrado.
26/12/2010 01:22:38 server iniciado 0.13.0
26/12/2010 02:38:47 server iniciado 0.13.0
26/12/2010 03:07:35 server cerrado.
26/12/2010 11:14:12 server iniciado 0.13.0
26/12/2010 15:38:01 server cerrado.
26/12/2010 15:44:21 server iniciado 0.13.0
26/12/2010 16:02:29 server iniciado 0.13.0
27/12/2010 00:35:45 server cerrado.
28/12/2010 16:20:10 server iniciado 0.13.0
29/12/2010 10:51:18 server iniciado 0.13.0
29/12/2010 16:07:04 server cerrado.
29/12/2010 19:59:56 server iniciado 0.13.0
29/12/2010 21:43:31 server cerrado.
30/12/2010 08:34:38 server iniciado 0.13.0
30/12/2010 09:34:33 server cerrado.
30/12/2010 10:19:12 server iniciado 0.13.0
30/12/2010 23:40:20 server iniciado 0.13.0
31/12/2010 00:04:23 server cerrado.
31/12/2010 14:21:49 server iniciado 0.13.0
31/12/2010 14:26:21 server cerrado.
31/12/2010 18:52:59 server iniciado 0.13.0
31/12/2010 21:35:26 server iniciado 0.13.0
31/12/2010 22:00:12 server cerrado.
01/01/2011 09:30:28 server iniciado 0.13.0
01/01/2011 09:32:30 server cerrado.
01/01/2011 09:37:04 server iniciado 0.13.0
01/01/2011 10:02:01 server iniciado 0.13.0
01/01/2011 10:06:24 server iniciado 0.13.0
01/01/2011 10:20:58 server iniciado 0.13.0
01/01/2011 10:21:14 server cerrado.
01/01/2011 10:21:36 server iniciado 0.13.0
01/01/2011 10:25:27 server iniciado 0.13.0
01/01/2011 10:44:32 server iniciado 0.13.0
01/01/2011 11:12:13 server iniciado 0.13.0
02/01/2011 14:01:24 server iniciado 0.13.0
02/01/2011 17:35:10 server cerrado.
04/01/2011 11:21:59 server iniciado 0.13.0
04/01/2011 22:28:19 server cerrado.
06/01/2011 23:24:04 server iniciado 0.13.0
07/01/2011 02:34:36 server cerrado.
08/01/2011 09:32:29 server iniciado 0.13.0
08/01/2011 18:04:29 server cerrado.
10/01/2011 23:14:08 server iniciado 0.13.0
11/01/2011 02:11:44 server cerrado.
11/01/2011 11:27:58 server iniciado 0.13.0
11/01/2011 17:00:03 server cerrado.
11/01/2011 21:44:28 server iniciado 0.13.0
11/01/2011 22:05:11 server cerrado.
12/01/2011 13:00:34 server iniciado 0.13.0
13/01/2011 19:51:39 server iniciado 0.13.0
13/01/2011 23:06:25 server cerrado.
19/01/2011 17:19:08 server iniciado 0.13.0
19/01/2011 17:22:25 server iniciado 0.13.0
19/01/2011 17:24:00 server iniciado 0.13.0
21/01/2011 20:58:04 server iniciado 0.13.0
21/01/2011 21:07:11 server cerrado.
22/01/2011 13:47:42 server iniciado 0.13.0
22/01/2011 17:48:25 server cerrado.
22/01/2011 18:04:44 server iniciado 0.13.0
22/01/2011 18:08:22 server iniciado 0.13.0
03/02/2011 22:56:54 server iniciado 0.13.0
08/02/2011 22:24:02 server iniciado 0.13.0
08/02/2011 22:24:07 server cerrado.
08/02/2011 22:26:25 server iniciado 0.13.0
08/02/2011 22:56:09 server iniciado 0.13.0
08/02/2011 22:59:35 server iniciado 0.13.0
08/02/2011 23:02:03 server iniciado 0.13.0
08/02/2011 23:24:01 server iniciado 0.13.0
10/02/2011 15:17:18 server iniciado 0.13.0
10/02/2011 15:26:10 server iniciado 0.13.0
06/03/2011 11:55:31 server iniciado 0.13.0
15/03/2011 12:38:47 a.m. server iniciado 0.13.0
15/03/2011 12:48:29 a.m. server iniciado 0.13.0
15/03/2011 11:01:50 p.m. server iniciado 0.13.0
15/03/2011 11:10:40 p.m. server iniciado 0.13.0
15/03/2011 11:14:35 p.m. server cerrado.
15/03/2011 11:15:48 p.m. server iniciado 0.13.0
15/03/2011 11:19:17 p.m. server cerrado.
15/03/2011 11:21:24 p.m. server iniciado 0.13.0
15/03/2011 11:25:37 p.m. server cerrado.
15/03/2011 11:26:32 p.m. server iniciado 0.13.0
16/03/2011 12:01:53 a.m. server iniciado 0.13.0
16/03/2011 02:51:21 p.m. server iniciado 0.13.0
16/03/2011 02:58:00 p.m. server iniciado 0.13.0
22/03/2011 23:25:12 server iniciado 0.13.0
22/03/2011 23:39:32 server iniciado 0.13.0
12/06/2011 19:46:42 server iniciado 0.13.0
08/12/2011 01:48:24 p.m. server iniciado 0.13.0
08/12/2011 22:22:40 server iniciado 0.13.0
08/12/2011 22:27:34 server iniciado 0.13.0
08/12/2011 22:27:40 server cerrado.
08/12/2011 22:27:48 server iniciado 0.13.0
08/12/2011 23:09:21 server cerrado.
08/12/2011 23:09:46 server iniciado 0.13.0
09/12/2011 0:59:21 server cerrado.
09/12/2011 11:01:32 server iniciado 0.13.0
09/12/2011 11:02:44 server iniciado 0.13.0
09/12/2011 11:16:52 server cerrado.
09/12/2011 11:21:04 server cerrado.
10/12/2011 12:54:49 server iniciado 0.13.0
10/12/2011 12:58:06 server cerrado.
10/12/2011 12:59:13 server iniciado 0.13.0
10/12/2011 15:14:12 server cerrado.
28/12/2011 02:38:06 p.m. server iniciado 0.13.0
16/02/2012 01:42:17 p.m. server iniciado 0.13.0
17/02/2012 01:50:35 a.m. server iniciado 0.13.0
17/02/2012 04:41:25 a.m. server cerrado.
10/04/2012 10:18:14 a.m. server iniciado 0.13.0
10/04/2012 10:31:20 a.m. server cerrado.
02/05/2012 08:52:02 a.m. server iniciado 0.13.0
08/05/2012 09:34:46 a.m. server iniciado 0.13.0
08/05/2012 09:40:05 a.m. server iniciado 0.13.0
29/05/2012 08:48:06 a.m. server iniciado 0.13.0
29/05/2012 08:48:19 a.m. server cerrado.
29/05/2012 08:52:14 a.m. server iniciado 0.13.0
29/05/2012 08:52:20 a.m. server cerrado.
29/05/2012 08:52:56 a.m. server iniciado 0.13.0
29/05/2012 08:54:14 a.m. server cerrado.
9/13/2012 9:17:36 AM server iniciado 0.13.0
9/13/2012 9:59:51 AM server cerrado.
9/20/2012 1:53:50 PM server iniciado 0.13.0
9/20/2012 3:17:40 PM server cerrado.
9/28/2012 9:47:01 AM server iniciado 0.13.0
9/28/2012 11:57:57 AM server cerrado.
10/1/2012 7:39:51 PM server iniciado 0.13.0
10/1/2012 10:58:40 PM server cerrado.
10/4/2012 8:56:14 AM server iniciado 0.13.0
10/4/2012 10:26:28 AM server iniciado 0.13.0
10/4/2012 2:24:17 PM server cerrado.
10/5/2012 8:45:00 AM server iniciado 0.13.0
10/5/2012 10:05:50 AM server cerrado.
10/7/2012 2:34:40 AM server iniciado 0.13.0
10/7/2012 4:29:54 AM server cerrado.
10/9/2012 10:16:13 AM server iniciado 0.13.0
10/9/2012 10:46:13 AM server cerrado.
10/10/2012 9:12:48 AM server iniciado 0.13.0
10/11/2012 8:26:54 AM server iniciado 0.13.0
10/11/2012 11:24:36 AM server cerrado.
10/11/2012 11:24:39 AM server cerrado.
10/11/2012 11:31:52 AM server iniciado 0.13.0
10/11/2012 2:55:10 PM server iniciado 0.13.0
10/11/2012 2:56:59 PM server cerrado.
10/11/2012 3:08:22 PM server cerrado.
10/12/2012 9:02:20 AM server iniciado 0.13.0
10/12/2012 1:39:31 PM server cerrado.
10/14/2012 10:14:31 AM server iniciado 0.13.0
10/14/2012 12:31:52 PM server cerrado.
15/10/2012 10:12:50 a.m. server iniciado 0.13.0
15/10/2012 10:49:19 a.m. server cerrado.
15/10/2012 10:53:43 a.m. server iniciado 0.13.0
15/10/2012 06:26:45 p.m. server iniciado 0.13.0
15/10/2012 07:04:00 p.m. server cerrado.
16/10/2012 10:09:30 a.m. server iniciado 0.13.0
16/10/2012 02:09:48 p.m. server cerrado.
17/10/2012 10:30:02 a.m. server iniciado 0.13.0
17/10/2012 10:33:42 a.m. server iniciado 0.13.0
17/10/2012 10:44:58 a.m. server iniciado 0.13.0
18/10/2012 12:31:49 a.m. server cerrado.
18/10/2012 08:25:03 a.m. server iniciado 0.13.0
18/10/2012 10:41:48 a.m. server cerrado.
18/10/2012 10:53:31 a.m. server iniciado 0.13.0
18/10/2012 11:05:28 a.m. server cerrado.
18/10/2012 12:45:22 p.m. server iniciado 0.13.0
18/10/2012 02:05:10 p.m. server cerrado.
18/10/2012 02:06:32 p.m. server iniciado 0.13.0
18/10/2012 02:07:08 p.m. server cerrado.
18/10/2012 02:08:10 p.m. server iniciado 0.13.0
18/10/2012 02:23:50 p.m. server cerrado.
19/10/2012 08:55:19 a.m. server iniciado 0.13.0
19/10/2012 09:35:23 a.m. server iniciado 0.13.0
19/10/2012 12:24:23 p.m. server cerrado.
19/10/2012 12:24:26 p.m. server cerrado.
20/10/2012 03:27:36 p.m. server iniciado 0.13.0
20/10/2012 04:13:55 p.m. server cerrado.
20/10/2012 09:47:11 p.m. server iniciado 0.13.0
20/10/2012 10:39:58 p.m. server cerrado.
21/10/2012 12:44:34 p.m. server iniciado 0.13.0
21/10/2012 04:05:06 p.m. server cerrado.
22/10/2012 11:59:36 a.m. server iniciado 0.13.0
22/10/2012 02:21:42 p.m. server cerrado.
23/10/2012 11:27:39 a.m. server iniciado 0.13.0
23/10/2012 11:43:01 a.m. server cerrado.
24/10/2012 08:31:55 a.m. server iniciado 0.13.0
24/10/2012 10:50:01 a.m. server cerrado.
29/10/2012 10:25:52 a.m. server iniciado 0.13.0
29/10/2012 02:15:28 p.m. server cerrado.
31/10/2012 08:41:11 a.m. server iniciado 0.13.0
31/10/2012 02:12:41 p.m. server cerrado.
01/11/2012 08:15:08 a.m. server iniciado 0.13.0
01/11/2012 12:15:14 p.m. server cerrado.
01/11/2012 01:03:01 p.m. server iniciado 0.13.0
01/11/2012 01:03:07 p.m. server iniciado 0.13.0
01/11/2012 01:53:16 p.m. server cerrado.
01/11/2012 01:53:16 p.m. server cerrado.
01/11/2012 03:05:51 p.m. server iniciado 0.13.0
01/11/2012 04:32:08 p.m. server cerrado.
01/11/2012 05:52:09 p.m. server iniciado 0.13.0
02/11/2012 11:01:39 a.m. server iniciado 0.13.0
02/11/2012 11:36:47 a.m. server cerrado.
02/11/2012 11:38:43 a.m. server iniciado 0.13.0
02/11/2012 04:21:14 p.m. server cerrado.
03/11/2012 06:16:57 p.m. server iniciado 0.13.0
03/11/2012 06:48:29 p.m. server cerrado.
03/11/2012 09:08:24 p.m. server iniciado 0.13.0
03/11/2012 09:16:30 p.m. server cerrado.
03/11/2012 09:18:44 p.m. server iniciado 0.13.0
03/11/2012 09:21:52 p.m. server iniciado 0.13.0
03/11/2012 09:37:55 p.m. server cerrado.
03/11/2012 09:48:05 p.m. server iniciado 0.13.0
03/11/2012 10:26:36 p.m. server iniciado 0.13.0
04/11/2012 10:03:25 a.m. server iniciado 0.13.0
04/11/2012 12:38:35 p.m. server iniciado 0.13.0
04/11/2012 12:38:38 p.m. server cerrado.
04/11/2012 12:40:43 p.m. server iniciado 0.13.0
04/11/2012 12:44:53 p.m. server iniciado 0.13.0
04/11/2012 12:44:57 p.m. server cerrado.
04/11/2012 12:45:00 p.m. server cerrado.
04/11/2012 12:48:34 p.m. server iniciado 0.13.0
04/11/2012 01:34:02 p.m. server iniciado 0.13.0
04/11/2012 01:34:51 p.m. server iniciado 0.13.0
04/11/2012 01:53:32 p.m. server cerrado.
04/11/2012 01:53:32 p.m. server cerrado.
04/11/2012 04:07:04 p.m. server iniciado 0.13.0
04/11/2012 05:55:08 p.m. server cerrado.
04/11/2012 06:36:31 p.m. server iniciado 0.13.0
04/11/2012 07:08:20 p.m. server cerrado.
05/11/2012 10:17:09 a.m. server iniciado 0.13.0
05/11/2012 10:34:05 a.m. server iniciado 0.13.0
05/11/2012 10:34:49 a.m. server cerrado.
05/11/2012 10:35:30 a.m. server iniciado 0.13.0
05/11/2012 10:35:34 a.m. server cerrado.
05/11/2012 10:38:03 a.m. server iniciado 0.13.0
05/11/2012 10:38:06 a.m. server cerrado.
05/11/2012 10:45:11 a.m. server iniciado 0.13.0
05/11/2012 10:45:14 a.m. server cerrado.
05/11/2012 10:45:40 a.m. server iniciado 0.13.0
05/11/2012 10:45:48 a.m. server cerrado.
05/11/2012 10:45:50 a.m. server cerrado.
05/11/2012 10:46:08 a.m. server iniciado 0.13.0
05/11/2012 10:55:25 a.m. server cerrado.
05/11/2012 10:59:31 a.m. server iniciado 0.13.0
05/11/2012 11:00:22 a.m. server cerrado.
05/11/2012 11:00:33 a.m. server iniciado 0.13.0
05/11/2012 11:02:09 a.m. server cerrado.
05/11/2012 11:02:19 a.m. server iniciado 0.13.0
05/11/2012 11:03:43 a.m. server cerrado.
05/11/2012 11:04:06 a.m. server iniciado 0.13.0
05/11/2012 11:05:45 a.m. server cerrado.
05/11/2012 11:07:11 a.m. server iniciado 0.13.0
05/11/2012 11:08:06 a.m. server cerrado.
05/11/2012 11:10:06 a.m. server iniciado 0.13.0
05/11/2012 11:24:38 a.m. server cerrado.
05/11/2012 11:25:16 a.m. server iniciado 0.13.0
05/11/2012 02:17:00 p.m. server cerrado.
05/11/2012 02:17:44 p.m. server iniciado 0.13.0
05/11/2012 03:00:36 p.m. server cerrado.
05/11/2012 03:31:21 p.m. server iniciado 0.13.0
05/11/2012 06:12:20 p.m. server cerrado.
06/11/2012 09:34:54 a.m. server iniciado 0.13.0
06/11/2012 02:50:22 p.m. server cerrado.
06/11/2012 04:00:10 p.m. server iniciado 0.13.0
06/11/2012 04:32:33 p.m. server cerrado.
07/11/2012 09:08:21 a.m. server iniciado 0.13.0
07/11/2012 01:31:35 p.m. server cerrado.
07/11/2012 01:57:26 p.m. server iniciado 0.13.0
07/11/2012 06:04:15 p.m. server cerrado.
07/11/2012 07:13:10 p.m. server iniciado 0.13.0
07/11/2012 07:53:13 p.m. server cerrado.
08/11/2012 08:19:03 a.m. server iniciado 0.13.0
08/11/2012 08:19:08 a.m. server cerrado.
08/11/2012 08:28:28 a.m. server iniciado 0.13.0
08/11/2012 08:37:55 a.m. server iniciado 0.13.0
08/11/2012 08:40:22 a.m. server cerrado.
08/11/2012 08:46:32 a.m. server iniciado 0.13.0
08/11/2012 08:48:32 a.m. server iniciado 0.13.0
08/11/2012 09:00:56 a.m. server iniciado 0.13.0
08/11/2012 09:10:59 a.m. server cerrado.
08/11/2012 09:11:53 a.m. server iniciado 0.13.0
08/11/2012 09:13:29 a.m. server iniciado 0.13.0
08/11/2012 09:18:40 a.m. server iniciado 0.13.0
08/11/2012 09:20:56 a.m. server iniciado 0.13.0
08/11/2012 09:20:58 a.m. server cerrado.
08/11/2012 09:21:01 a.m. server cerrado.
08/11/2012 09:21:25 a.m. server iniciado 0.13.0
08/11/2012 09:22:51 a.m. server cerrado.
08/11/2012 09:22:51 a.m. server iniciado 0.13.0
08/11/2012 09:22:54 a.m. server iniciado 0.13.0
08/11/2012 09:32:31 a.m. server iniciado 0.13.0
08/11/2012 09:47:44 a.m. server iniciado 0.13.0
08/11/2012 09:47:49 a.m. server cerrado.
08/11/2012 09:47:53 a.m. server cerrado.
08/11/2012 09:47:58 a.m. server iniciado 0.13.0
08/11/2012 10:11:53 a.m. server iniciado 0.13.0
08/11/2012 10:26:31 a.m. server cerrado.
08/11/2012 01:19:40 p.m. server iniciado 0.13.0
08/11/2012 02:04:03 p.m. server iniciado 0.13.0
08/11/2012 02:04:07 p.m. server cerrado.
08/11/2012 02:04:11 p.m. server cerrado.
08/11/2012 02:04:13 p.m. server iniciado 0.13.0
08/11/2012 02:28:27 p.m. server iniciado 0.13.0
08/11/2012 02:29:49 p.m. server cerrado.
09/11/2012 09:16:31 a.m. server iniciado 0.13.0
09/11/2012 12:32:02 p.m. server cerrado.
09/11/2012 01:44:03 p.m. server iniciado 0.13.0
09/11/2012 09:05:54 p.m. server cerrado.
09/11/2012 09:17:19 p.m. server iniciado 0.13.0
09/11/2012 10:56:00 p.m. server iniciado 0.13.0
09/11/2012 11:10:48 p.m. server cerrado.
10/11/2012 09:54:00 a.m. server iniciado 0.13.0
10/11/2012 10:39:04 a.m. server cerrado.
10/11/2012 03:19:30 p.m. server iniciado 0.13.0
10/11/2012 04:01:14 p.m. server cerrado.
11/11/2012 10:13:59 a.m. server iniciado 0.13.0
11/11/2012 07:21:41 p.m. server cerrado.
12/11/2012 10:19:54 a.m. server iniciado 0.13.0
12/11/2012 11:28:12 a.m. server cerrado.
12/11/2012 01:56:36 p.m. server iniciado 0.13.0
12/11/2012 03:35:51 p.m. server cerrado.
12/11/2012 04:03:19 p.m. server iniciado 0.13.0
12/11/2012 08:03:56 p.m. server cerrado.
13/11/2012 11:00:48 a.m. server iniciado 0.13.0
13/11/2012 01:11:36 p.m. server cerrado.
13/11/2012 04:16:24 p.m. server iniciado 0.13.0
13/11/2012 09:27:45 p.m. server iniciado 0.13.0
13/11/2012 11:13:16 p.m. server cerrado.
14/11/2012 10:08:59 a.m. server iniciado 0.13.0
14/11/2012 11:39:10 a.m. server cerrado.
14/11/2012 12:46:54 p.m. server iniciado 0.13.0
14/11/2012 01:09:14 p.m. server cerrado.
14/11/2012 04:42:49 p.m. server iniciado 0.13.0
14/11/2012 11:04:44 p.m. server cerrado.
15/11/2012 08:26:45 a.m. server iniciado 0.13.0
15/11/2012 12:10:03 p.m. server iniciado 0.13.0
15/11/2012 12:10:07 p.m. server cerrado.
15/11/2012 12:10:11 p.m. server cerrado.
15/11/2012 12:10:14 p.m. server iniciado 0.13.0
15/11/2012 05:14:35 p.m. server cerrado.
15/11/2012 07:14:23 p.m. server iniciado 0.13.0
15/11/2012 09:06:34 p.m. server cerrado.
16/11/2012 09:06:11 a.m. server iniciado 0.13.0
16/11/2012 12:25:43 p.m. server cerrado.
16/11/2012 03:40:32 p.m. server iniciado 0.13.0
16/11/2012 03:43:38 p.m. server cerrado.
16/11/2012 11:03:08 p.m. server iniciado 0.13.0
16/11/2012 11:12:14 p.m. server cerrado.
17/11/2012 10:03:48 a.m. server iniciado 0.13.0
17/11/2012 12:02:59 p.m. server cerrado.
17/11/2012 05:58:30 p.m. server iniciado 0.13.0
17/11/2012 07:23:58 p.m. server cerrado.
18/11/2012 12:47:07 p.m. server iniciado 0.13.0
18/11/2012 06:20:27 p.m. server cerrado.
18/11/2012 09:26:39 p.m. server iniciado 0.13.0
18/11/2012 10:13:31 p.m. server cerrado.
19/11/2012 10:35:42 a.m. server iniciado 0.13.0
19/11/2012 02:21:06 p.m. server cerrado.
21/11/2012 11:04:55 a.m. server iniciado 0.13.0
21/11/2012 01:26:17 p.m. server cerrado.
21/11/2012 04:20:01 p.m. server iniciado 0.13.0
21/11/2012 04:52:36 p.m. server cerrado.
22/11/2012 09:41:32 a.m. server iniciado 0.13.0
22/11/2012 09:42:04 a.m. server cerrado.
22/11/2012 09:58:47 a.m. server iniciado 0.13.0
22/11/2012 05:36:53 p.m. server cerrado.
22/11/2012 08:37:43 p.m. server iniciado 0.13.0
22/11/2012 09:32:19 p.m. server cerrado.
28/11/2012 04:29:20 p.m. server iniciado 0.13.0
29/11/2012 04:02:59 p.m. server cerrado.
02/12/2012 12:13:28 p.m. server iniciado 0.13.0
02/12/2012 12:51:00 p.m. server cerrado.
05/12/2012 12:53:51 p.m. server iniciado 0.13.0
05/12/2012 09:09:23 p.m. server cerrado.
08/12/2012 10:38:03 a.m. server iniciado 0.13.0
08/12/2012 03:58:54 p.m. server cerrado.
09/12/2012 03:44:28 p.m. server iniciado 0.13.0
09/12/2012 05:48:44 p.m. server cerrado.
09/12/2012 09:17:10 p.m. server iniciado 0.13.0
09/12/2012 10:03:00 p.m. server cerrado.
21/12/2012 12:24:51 a.m. server iniciado 0.13.0
21/12/2012 02:49:09 a.m. server cerrado.
23/12/2012 01:26:36 a.m. server iniciado 0.13.0
23/12/2012 02:27:46 a.m. server cerrado.
24/12/2012 04:56:52 p.m. server iniciado 0.13.0
12/01/2013 11:54:19 p.m. server iniciado 0.13.0
12/01/2013 11:54:25 p.m. server cerrado.
12/01/2013 11:56:29 p.m. server iniciado 0.13.0
13/01/2013 03:29:09 a.m. server cerrado.
17/01/2013 07:12:01 p.m. server iniciado 0.13.0
18/01/2013 02:40:34 a.m. server cerrado.
19/01/2013 10:50:34 p.m. server iniciado 0.13.0
20/01/2013 02:25:10 a.m. server cerrado.
20/01/2013 01:35:26 p.m. server iniciado 0.13.0
20/01/2013 01:57:10 p.m. server cerrado.
22/01/2013 07:12:08 p.m. server iniciado 0.13.0
22/01/2013 09:14:55 p.m. server cerrado.
24/01/2013 12:23:45 a.m. server iniciado 0.13.0
24/01/2013 11:51:06 a.m. server iniciado 0.13.0
24/01/2013 11:54:40 a.m. server cerrado.
24/01/2013 12:11:37 p.m. server iniciado 0.13.0
24/01/2013 12:21:33 p.m. server cerrado.
26/01/2013 12:47:09 a.m. server iniciado 0.13.0
26/01/2013 12:54:48 a.m. server iniciado 0.13.0
01/02/2013 02:15:04 p.m. server iniciado 0.13.0
01/02/2013 03:17:08 p.m. server cerrado.
02/02/2013 12:12:19 a.m. server iniciado 0.13.0
02/02/2013 01:58:45 a.m. server cerrado.
02/02/2013 10:58:06 a.m. server iniciado 0.13.0
02/02/2013 12:09:31 p.m. server cerrado.
07/02/2013 11:47:59 a.m. server iniciado 0.13.0
09/02/2013 01:58:40 a.m. server iniciado 0.13.0
09/02/2013 03:09:18 a.m. server cerrado.
09/02/2013 10:55:27 p.m. server iniciado 0.13.0
10/02/2013 12:05:46 a.m. server cerrado.
11/02/2013 12:00:37 a.m. server iniciado 0.13.0
11/02/2013 09:46:48 p.m. server iniciado 0.13.0
12/02/2013 12:33:03 a.m. server cerrado.
11/02/2013 09:20:43 p.m. server iniciado 0.13.0
12/02/2013 12:51:55 a.m. server cerrado.
21/02/2013 11:33:21 a.m. server iniciado 0.13.0
21/02/2013 12:01:23 p.m. server cerrado.
26/02/2013 11:51:27 a.m. server iniciado 0.13.0
26/02/2013 01:02:35 p.m. server cerrado.
28/02/2013 09:43:57 a.m. server iniciado 0.13.0
28/02/2013 11:47:03 a.m. server cerrado.
28/02/2013 08:50:01 p.m. server iniciado 0.13.0
01/03/2013 12:47:54 a.m. server cerrado.
01/03/2013 09:06:58 a.m. server iniciado 0.13.0
01/03/2013 10:11:54 a.m. server cerrado.
01/03/2013 10:12:03 a.m. server iniciado 0.13.0
01/03/2013 10:14:47 p.m. server cerrado.
02/03/2013 11:40:20 p.m. server iniciado 0.13.0
03/03/2013 12:43:06 a.m. server cerrado.
03/03/2013 10:10:14 a.m. server iniciado 0.13.0
03/03/2013 12:28:23 p.m. server cerrado.
03/03/2013 11:34:35 p.m. server iniciado 0.13.0
03/03/2013 11:35:05 p.m. server cerrado.
03/03/2013 11:41:50 p.m. server iniciado 0.13.0
04/03/2013 12:01:39 a.m. server cerrado.
05/03/2013 11:36:15 a.m. server iniciado 0.13.0
05/03/2013 12:56:11 p.m. server iniciado 0.13.0
05/03/2013 12:56:15 p.m. server cerrado.
05/03/2013 12:56:19 p.m. server cerrado.
05/03/2013 12:56:30 p.m. server iniciado 0.13.0
05/03/2013 03:19:44 p.m. server cerrado.
06/03/2013 08:36:14 a.m. server iniciado 0.13.0
06/03/2013 12:27:06 p.m. server cerrado.
06/03/2013 11:16:39 p.m. server iniciado 0.13.0
12/03/2013 12:09:46 a.m. server iniciado 0.13.0
12/03/2013 12:47:58 a.m. server cerrado.
11/04/2013 11:05:32 p.m. server iniciado 0.13.0
11/04/2013 11:56:24 p.m. server cerrado.
13/04/2013 02:54:53 p.m. server iniciado 0.13.0
13/04/2013 04:17:54 p.m. server cerrado.
22/04/2013 10:40:45 p.m. server iniciado 0.13.0
23/04/2013 12:27:29 a.m. server cerrado.
27/04/2013 10:48:19 a.m. server iniciado 0.13.0
27/04/2013 12:16:05 p.m. server cerrado.
30/04/2013 02:55:53 p.m. server iniciado 0.13.0
30/04/2013 03:15:45 p.m. server cerrado.
03/04/2014 06:50:29 p.m. server iniciado 0.13.0
03/04/2014 06:59:05 p.m. server iniciado 0.13.0
04/04/2014 12:45:20 a.m. server cerrado.
23/09/2014 22:21:30 server iniciado 0.13.0
23/09/2014 22:41:55 server cerrado.
19/09/2016 2:14:25 server iniciado 0.13.0
19/09/2016 2:15:25 server cerrado.
27/5/2020 23:04:20 server iniciado 0.13.0
