27/07/2010 1:09:49 Se conecto con ip:190.173.221.165
27/07/2010 1:11:30 Agarro:1 Objeto:Túnica de Mago Oscuro
27/07/2010 1:11:33 Agarro:1 Objeto:Túnica Egregia de Mago Oscuro
27/07/2010 1:11:35 Agarro:1 Objeto:Vestimenta Legionaria
27/07/2010 1:11:36 Agarro:1 Objeto:Túnica de Mago Oscuro
27/07/2010 1:11:41 Agarro:1 Objeto:Vestimenta Legionaria
27/07/2010 1:12:04 Transportó a Midraks hacia Mapa34 X:44 Y:89
27/07/2010 1:12:05 Transportó a Midraks hacia Mapa34 X:44 Y:91
27/07/2010 1:12:05 Transportó a Midraks hacia Mapa34 X:43 Y:91
27/07/2010 1:12:05 Transportó a Midraks hacia Mapa34 X:40 Y:91
27/07/2010 1:12:05 Transportó a Midraks hacia Mapa34 X:37 Y:89
27/07/2010 1:12:06 Transportó a Midraks hacia Mapa34 X:39 Y:87
27/07/2010 1:12:07 Transportó a Midraks hacia Mapa34 X:41 Y:84
27/07/2010 1:12:08 Transportó a Midraks hacia Mapa34 X:43 Y:85
27/07/2010 1:12:08 Transportó a Midraks hacia Mapa34 X:42 Y:86
27/07/2010 1:14:08 Transportó a Midraks hacia Mapa34 X:38 Y:81
27/07/2010 1:14:09 Transportó a Midraks hacia Mapa34 X:32 Y:78
27/07/2010 1:14:10 Transportó a Midraks hacia Mapa34 X:28 Y:74
27/07/2010 1:15:32 Transportó a Midraks hacia Mapa34 X:38 Y:84
27/07/2010 1:15:32 Transportó a Midraks hacia Mapa34 X:39 Y:83
27/07/2010 1:15:32 Transportó a Midraks hacia Mapa34 X:37 Y:79
27/07/2010 1:15:33 Transportó a Midraks hacia Mapa34 X:39 Y:78
27/07/2010 1:15:33 Transportó a Midraks hacia Mapa34 X:37 Y:74
27/07/2010 1:15:33 Transportó a Midraks hacia Mapa34 X:39 Y:70
27/07/2010 1:15:33 Transportó a Midraks hacia Mapa34 X:39 Y:70
27/07/2010 1:15:33 Transportó a Midraks hacia Mapa34 X:40 Y:66
27/07/2010 1:15:33 Transportó a Midraks hacia Mapa34 X:40 Y:66
27/07/2010 1:15:34 Transportó a Midraks hacia Mapa34 X:39 Y:61
27/07/2010 1:15:34 Transportó a Midraks hacia Mapa34 X:39 Y:61
27/07/2010 1:15:34 Transportó a Midraks hacia Mapa34 X:39 Y:56
27/07/2010 1:15:34 Transportó a Midraks hacia Mapa34 X:39 Y:56
27/07/2010 1:15:34 Transportó a Midraks hacia Mapa34 X:40 Y:51
27/07/2010 1:15:35 Transportó a Midraks hacia Mapa34 X:41 Y:46
27/07/2010 1:15:35 Transportó a Midraks hacia Mapa34 X:43 Y:42
27/07/2010 1:15:37 Transportó a Midraks hacia Mapa34 X:45 Y:39
27/07/2010 1:15:38 Transportó a Midraks hacia Mapa34 X:50 Y:36
27/07/2010 1:15:39 Transportó a Midraks hacia Mapa34 X:53 Y:35
27/07/2010 1:15:39 Transportó a Midraks hacia Mapa34 X:58 Y:34
27/07/2010 1:15:39 Transportó a Midraks hacia Mapa34 X:59 Y:34
27/07/2010 1:15:40 Transportó a Midraks hacia Mapa34 X:65 Y:33
27/07/2010 1:15:49 Transportó a Midraks hacia Mapa34 X:65 Y:34
27/07/2010 1:15:49 Transportó a Midraks hacia Mapa34 X:65 Y:36
27/07/2010 1:15:49 Transportó a Midraks hacia Mapa34 X:64 Y:37
27/07/2010 1:15:49 Transportó a Midraks hacia Mapa34 X:63 Y:39
27/07/2010 1:15:49 Transportó a Midraks hacia Mapa34 X:61 Y:42
27/07/2010 1:15:50 Transportó a Midraks hacia Mapa34 X:59 Y:41
27/07/2010 1:15:50 Transportó a Midraks hacia Mapa34 X:57 Y:45
27/07/2010 1:15:51 Transportó a Midraks hacia Mapa34 X:53 Y:49
27/07/2010 1:15:51 Transportó a Midraks hacia Mapa34 X:53 Y:49
27/07/2010 1:15:51 Transportó a Midraks hacia Mapa34 X:49 Y:53
27/07/2010 1:15:51 Transportó a Midraks hacia Mapa34 X:49 Y:53
27/07/2010 1:15:51 Transportó a Midraks hacia Mapa34 X:46 Y:57
27/07/2010 1:15:52 Transportó a Midraks hacia Mapa34 X:47 Y:58
27/07/2010 1:15:52 Transportó a Midraks hacia Mapa34 X:44 Y:61
27/07/2010 1:15:52 Transportó a Midraks hacia Mapa34 X:44 Y:62
27/07/2010 1:15:53 Transportó a Midraks hacia Mapa34 X:41 Y:66
27/07/2010 1:15:53 Transportó a Midraks hacia Mapa34 X:41 Y:66
27/07/2010 1:15:53 Transportó a Midraks hacia Mapa34 X:39 Y:71
27/07/2010 1:15:53 Transportó a Midraks hacia Mapa34 X:40 Y:71
27/07/2010 1:15:54 Transportó a Midraks hacia Mapa34 X:38 Y:76
27/07/2010 1:15:54 Transportó a Midraks hacia Mapa34 X:39 Y:76
27/07/2010 1:15:54 Transportó a Midraks hacia Mapa34 X:37 Y:81
27/07/2010 1:15:54 Transportó a Midraks hacia Mapa34 X:39 Y:81
27/07/2010 1:16:00 Tiró cantidad:1 Objeto:Vestimentas Comunes
27/07/2010 1:16:09 Tiró cantidad:1 Objeto:Vestimentas Comunes
27/07/2010 1:16:50 /CI: 2
27/07/2010 1:16:51 Agarro:100 Objeto:Espada Larga
27/07/2010 1:17:23 Agarro:1 Objeto:Sombrero Pirata
27/07/2010 1:18:14 /CI: 532
27/07/2010 1:18:15 Agarro:100 Objeto:Apocalipsis
27/07/2010 6:19:57 Tiró cantidad:1 Objeto:Apocalipsis
27/07/2010 6:19:58 Tiró cantidad:1 Objeto:Apocalipsis
27/07/2010 6:20:00 Tiró cantidad:1 Objeto:Apocalipsis
27/07/2010 6:20:01 Tiró cantidad:1 Objeto:Apocalipsis
27/07/2010 6:20:11 Tiró cantidad:1 Objeto:Apocalipsis
27/07/2010 6:20:13 Tiró cantidad:1 Objeto:Apocalipsis
27/07/2010 6:20:19 Tiró cantidad:1 Objeto:Vestimentas Comunes
27/07/2010 6:20:22 Tiró cantidad:1 Objeto:Sombrero Pirata
27/07/2010 6:23:54 Se conecto con ip:190.173.221.165
27/07/2010 6:23:59 Transportó a Midraks hacia Mapa34 X:46 Y:83
27/07/2010 6:24:00 Transportó a Midraks hacia Mapa34 X:54 Y:79
27/07/2010 6:24:00 Transportó a Midraks hacia Mapa34 X:61 Y:76
27/07/2010 6:24:01 Transportó a Midraks hacia Mapa34 X:57 Y:79
27/07/2010 9:24:39 /IRA Standelf II Mapa:286 X:72 Y:47
27/07/2010 9:25:13 Tiró cantidad:1 Objeto:Apocalipsis
27/07/2010 9:25:19 Tiró cantidad:1 Objeto:Apocalipsis
27/07/2010 9:25:23 Tiró cantidad:1 Objeto:Apocalipsis
27/07/2010 9:25:26 Tiró cantidad:1 Objeto:Apocalipsis
27/07/2010 9:25:28 Tiró cantidad:1 Objeto:Apocalipsis
27/07/2010 13:29:25 Transportó a Midraks hacia Mapa286 X:43 Y:78
27/07/2010 13:29:58 /CI: 166
27/07/2010 13:30:01 /CI: 166
27/07/2010 13:30:39 /CI: 206
27/07/2010 13:30:40 Agarro:100 Objeto:Paralizar
27/07/2010 13:34:24 /SUM Lathistor Map:37 X:77 Y:16
27/07/2010 13:35:12 Transportó a Midraks hacia Mapa168 X:21 Y:51
27/07/2010 13:35:12 Transportó a Midraks hacia Mapa168 X:25 Y:54
27/07/2010 13:35:13 Transportó a Midraks hacia Mapa168 X:29 Y:57
27/07/2010 13:35:13 Transportó a Midraks hacia Mapa168 X:34 Y:58
27/07/2010 13:35:14 Transportó a Midraks hacia Mapa168 X:40 Y:58
27/07/2010 13:35:15 Transportó a Midraks hacia Mapa168 X:46 Y:58
27/07/2010 13:35:16 Transportó a Midraks hacia Mapa168 X:52 Y:58
27/07/2010 13:36:32 /SUM lathistor Map:290 X:50 Y:22
27/07/2010 13:37:43 Resucito a lathistor
27/07/2010 13:38:18 Tiró cantidad:1 Objeto:Paralizar
27/07/2010 13:38:20 Tiró cantidad:1 Objeto:Apocalipsis
27/07/2010 13:38:25 /CI: 207
27/07/2010 13:38:41 /CI: 207
27/07/2010 13:38:43 Agarro:100 Objeto:Devolver Movilidad
27/07/2010 13:38:57 /CI: 485
27/07/2010 13:39:06 /CI: 485
27/07/2010 13:39:23 Sumoneó a Sacerdote en mapa 290
27/07/2010 13:40:18 /CI: 403
27/07/2010 13:40:20 Agarro:100 Objeto:Espada de Plata
27/07/2010 13:40:26 Tiró cantidad:1 Objeto:Espada de Plata
27/07/2010 13:40:31 Tiró cantidad:1 Objeto:Espada de Plata
27/07/2010 13:40:33 Tiró cantidad:1 Objeto:Espada de Plata
27/07/2010 13:40:34 Tiró cantidad:1 Objeto:Espada de Plata
27/07/2010 13:40:50 /CI: 989
27/07/2010 13:41:01 /CI: 988
27/07/2010 13:41:05 /DEST
27/07/2010 13:41:42 /CI: 205
27/07/2010 13:42:19 Transportó a Lathistor hacia Mapa1 X:50 Y:50
27/07/2010 13:42:50 /SUM lathistor Map:290 X:70 Y:62
27/07/2010 13:42:54  ejecuto a standelf ii
27/07/2010 13:44:05 /SUM standelf ii Map:290 X:64 Y:71
27/07/2010 13:45:23 Sumoneó a Sacerdote en mapa 290
27/07/2010 13:46:19 Transportó a Standelf II hacia Mapa58 X:50 Y:50
27/07/2010 13:46:27 /IRA standelf ii Mapa:58 X:48 Y:42
27/07/2010 13:47:23 Transportó a Midraks hacia Mapa59 X:87 Y:62
27/07/2010 13:48:09 Transportó a Midraks hacia Mapa59 X:82 Y:68
27/07/2010 13:48:42 /CI: 400
27/07/2010 13:48:47 /CI: 400
27/07/2010 13:48:48 Agarro:100 Objeto:Vara de Mago
27/07/2010 13:49:07 Transportó a Midraks hacia Mapa59 X:29 Y:85
27/07/2010 13:49:08 Transportó a Midraks hacia Mapa59 X:24 Y:80
27/07/2010 13:49:48 /IRA Lathistor Mapa:1 X:63 Y:64
27/07/2010 13:49:51 /SUM Standelf II Map:1 X:63 Y:65
27/07/2010 13:52:29 /INVISIBLE
27/07/2010 13:52:31 Transportó a Midraks hacia Mapa1 X:53 Y:83
27/07/2010 13:52:33 Transportó a Midraks hacia Mapa1 X:53 Y:88
27/07/2010 13:53:06 Transportó a Midraks hacia Mapa2 X:56 Y:12
27/07/2010 13:53:06 Transportó a Midraks hacia Mapa2 X:50 Y:9
27/07/2010 13:53:10 Transportó a Midraks hacia Mapa1 X:54 Y:86
27/07/2010 13:53:12 Transportó a Midraks hacia Mapa1 X:55 Y:80
27/07/2010 13:53:12 Transportó a Midraks hacia Mapa1 X:56 Y:75
27/07/2010 13:54:04 Transportó a Midraks hacia Mapa1 X:49 Y:42
27/07/2010 13:54:05 Agarro:1 Objeto:Apocalipsis
27/07/2010 13:54:12 Transportó a Midraks hacia Mapa1 X:33 Y:54
27/07/2010 13:54:17 Transportó a Midraks hacia Mapa40 X:47 Y:11
27/07/2010 13:54:33 /IRA Standelf II Mapa:40 X:46 Y:21
27/07/2010 13:54:41 Resucito a lathistor
27/07/2010 13:55:04 /INVISIBLE
27/07/2010 13:55:47 Sumoneó a Sacerdote en mapa 40
27/07/2010 13:57:02 Se conecto con ip:190.173.221.165
27/07/2010 13:57:30 Sumoneo Esqueleto Guerrero
27/07/2010 13:57:41 Sumoneo Esqueleto Guerrero
27/07/2010 13:57:46 Sumoneo Hormiga Gigante
27/07/2010 13:57:51 Sumoneo Dragón Rojo
27/07/2010 13:57:55 Sumoneo Lord Zombie
27/07/2010 13:57:58 Sumoneo Murciélago
27/07/2010 13:57:58 Sumoneo Murciélago
27/07/2010 13:57:59 Sumoneo Murciélago
27/07/2010 13:57:59 Sumoneo Murciélago
27/07/2010 13:57:59 Sumoneo Murciélago
27/07/2010 13:57:59 Sumoneo Murciélago
27/07/2010 13:58:00 Sumoneo Murciélago
27/07/2010 13:58:00 Sumoneo Murciélago
27/07/2010 13:58:00 Sumoneo Murciélago
27/07/2010 13:58:01 Sumoneo Lobo
27/07/2010 13:58:01 Sumoneo Murciélago
27/07/2010 13:58:02 Sumoneo Lobo
27/07/2010 13:58:09 /MASSKILL
27/07/2010 13:58:13 ¡¡ Inició una Invasion !! Sumoneó a 20 Lobo en el mapa 40
27/07/2010 13:58:32 Resucito a lathistor
27/07/2010 13:58:44 Sumoneó a Sacerdote en mapa 40
27/07/2010 13:58:47 Transportó a Midraks hacia Mapa40 X:45 Y:26
27/07/2010 13:59:13 Sumoneó a Sacerdote en mapa 40
27/07/2010 13:59:26 Transportó a Midraks hacia Mapa40 X:51 Y:20
27/07/2010 13:59:26 Transportó a Midraks hacia Mapa40 X:50 Y:25
27/07/2010 13:59:26 Transportó a Midraks hacia Mapa40 X:50 Y:25
27/07/2010 13:59:30 Transportó a Midraks hacia Mapa40 X:51 Y:24
27/07/2010 13:59:57 /SUM lathistor Map:40 X:51 Y:24
27/07/2010 14:00:15 /SUM lazarith Map:40 X:51 Y:24
27/07/2010 14:01:23 Transportó a Midraks hacia Mapa40 X:56 Y:27
27/07/2010 14:01:24 Transportó a Midraks hacia Mapa40 X:57 Y:25
27/07/2010 14:01:28 /SUM standelf ii Map:40 X:57 Y:25
27/07/2010 14:01:35 Transportó a Midraks hacia Mapa40 X:55 Y:27
27/07/2010 14:01:36 Transportó a Midraks hacia Mapa40 X:52 Y:29
27/07/2010 14:01:38 Transportó a Midraks hacia Mapa40 X:50 Y:33
27/07/2010 14:01:38 Transportó a Midraks hacia Mapa40 X:49 Y:33
27/07/2010 14:01:45 Transportó a Midraks hacia Mapa40 X:57 Y:28
27/07/2010 14:01:45 Transportó a Midraks hacia Mapa40 X:61 Y:23
27/07/2010 14:01:46 Transportó a Midraks hacia Mapa40 X:59 Y:24
27/07/2010 14:01:58 Sumoneó a Aldeano en mapa 40
27/07/2010 14:02:01 Transportó a Midraks hacia Mapa40 X:53 Y:24
27/07/2010 14:02:26 /MASSKILL
27/07/2010 14:02:28 /MASSKILL
27/07/2010 14:02:32 Transportó a Midraks hacia Mapa40 X:51 Y:27
27/07/2010 14:02:32 Transportó a Midraks hacia Mapa40 X:48 Y:28
27/07/2010 14:02:35 /MASSKILL
27/07/2010 14:02:41 Resucito a standelf+ii
27/07/2010 14:03:04 /MASSKILL
27/07/2010 14:03:12 Resucito a standelf ii
27/07/2010 14:05:11 Resucito a standelf ii
27/07/2010 14:06:03 Transportó a Lazarith hacia Mapa255 X:50 Y:50
27/07/2010 14:06:09 Resucito a standelf ii
27/07/2010 14:06:23 Transportó a Lazarith hacia Mapa50 X:50 Y:50
27/07/2010 14:06:37 Transportó a Lazarith hacia Mapa50 X:50 Y:50
27/07/2010 14:07:03 /IRA standelf ii Mapa:40 X:51 Y:35
27/07/2010 18:21:31 Se conecto con ip:190.173.221.165
27/07/2010 18:21:41 /IRA standelf Mapa:66 X:64 Y:52
27/07/2010 18:22:38 /MATA 
27/07/2010 18:24:23 Se conecto con ip:190.173.221.165
27/07/2010 18:26:35 Agarro:1 Objeto:Sombrero Pirata
27/07/2010 12:33:03 /SUM Standelf II Map:66 X:76 Y:48
27/07/2010 12:33:53 Resucito a standelf ii
27/07/2010 12:33:58 /MASSKILL
27/07/2010 12:34:23 /MASSKILL
27/07/2010 12:34:52 /MATA 
27/07/2010 12:35:03 /MASSKILL
27/07/2010 12:35:08 Sumoneó a Sacerdote en mapa 66
27/07/2010 12:37:19 /CI: 318
27/07/2010 12:37:20 Agarro:100 Objeto:Invisibilidad
27/07/2010 12:37:22 Tiró cantidad:1 Objeto:Invisibilidad
27/07/2010 12:37:26 Tiró cantidad:1 Objeto:Invisibilidad
27/07/2010 12:37:29 Tiró cantidad:1 Objeto:Invisibilidad
27/07/2010 12:37:31 Tiró cantidad:1 Objeto:Invisibilidad
27/07/2010 12:37:32 Tiró cantidad:1 Objeto:Invisibilidad
27/07/2010 12:40:58 /BAL Fer
27/07/2010 12:41:05 /LASTIP Fer
27/07/2010 12:41:06 /LASTIP Fer
27/07/2010 12:41:07 NICK2IP Solicito la IP de Fer
27/07/2010 12:41:13 Echó a Fer
27/07/2010 12:41:39 Tiró cantidad:50 Objeto:Devolver Movilidad
27/07/2010 12:42:12 Agarro:1 Objeto:Anillo de los Dioses
27/07/2010 12:42:17 Agarro:71 Objeto:Flecha
27/07/2010 12:42:18 Agarro:89 Objeto:Arco Simple
27/07/2010 19:11:07 Se conecto con ip:190.173.193.85
27/07/2010 19:12:12 Transportó a Midraks hacia Mapa1 X:50 Y:50
27/07/2010 19:15:13 ¡¡ Inició una Invasion !! Sumoneó a 20 Murciélago en el mapa 1
27/07/2010 19:15:18 Transportó a Midraks hacia Mapa1 X:60 Y:42
27/07/2010 19:15:34 /MASSKILL
27/07/2010 19:16:46 Agarro:1 Objeto:Sombrero Pirata
27/07/2010 19:16:50 Agarro:1 Objeto:Cuchillas
27/07/2010 19:19:02 Agarro:1 Objeto:Vara de Mago
27/07/2010 19:19:42 /CI: 515
27/07/2010 19:19:43 Agarro:100 Objeto:Ropa Legendaria
27/07/2010 19:19:50 /CI: 519
27/07/2010 19:19:51 Agarro:100 Objeto:Túnica Legendaria
27/07/2010 19:20:06 /CI: 662
27/07/2010 19:20:07 Agarro:100 Objeto:Sombrero de Mago
27/07/2010 19:20:59 Tiró cantidad:1 Objeto:Arco Simple
27/07/2010 19:21:00 Tiró cantidad:1 Objeto:Arco Simple
27/07/2010 19:21:02 Tiró cantidad:1 Objeto:Arco Simple
27/07/2010 19:21:03 Tiró cantidad:1 Objeto:Arco Simple
27/07/2010 19:21:06 Tiró cantidad:1 Objeto:Túnica Legendaria
27/07/2010 19:21:08 Tiró cantidad:1 Objeto:Túnica Legendaria
27/07/2010 19:21:11 Tiró cantidad:1 Objeto:Túnica de Mago Oscuro
27/07/2010 19:21:12 Tiró cantidad:1 Objeto:Túnica de Mago Oscuro
27/07/2010 19:21:15 Tiró cantidad:1 Objeto:Túnica Egregia de Mago Oscuro
27/07/2010 19:25:30 Agarro:1 Objeto:Túnica de Mago Oscuro
27/07/2010 19:25:33 Agarro:31380 Objeto:Poción Azul
27/07/2010 19:26:22 Transportó a Midraks hacia Mapa1 X:63 Y:44
27/07/2010 19:26:25 /BLOQ
27/07/2010 19:26:29 Transportó a Midraks hacia Mapa1 X:63 Y:46
27/07/2010 19:26:31 /BLOQ
27/07/2010 19:26:54 Transportó a Midraks hacia Mapa1 X:62 Y:48
27/07/2010 19:27:01 /BLOQ
27/07/2010 19:27:12 Transportó a Midraks hacia Mapa1 X:54 Y:48
27/07/2010 19:27:15 /BLOQ
27/07/2010 19:27:18 Transportó a Midraks hacia Mapa1 X:56 Y:50
27/07/2010 19:27:20 /BLOQ
27/07/2010 19:28:00 Transportó a Midraks hacia Mapa255 X:50 Y:50
27/07/2010 19:28:05 /SUM lazarith Map:255 X:50 Y:50
27/07/2010 19:34:25 Se conecto con ip:190.173.193.85
27/07/2010 19:34:31 /IRA standelf Mapa:34 X:25 Y:75
27/07/2010 19:34:33 Transportó a Midraks hacia Mapa34 X:27 Y:74
27/07/2010 19:34:37 Transportó a Midraks hacia Mapa34 X:19 Y:77
27/07/2010 19:36:57 Transportó a Midraks hacia Mapa34 X:20 Y:74
27/07/2010 19:38:16 Transportó a Midraks hacia Mapa34 X:24 Y:77
27/07/2010 19:38:43 Transportó a Midraks hacia Mapa34 X:32 Y:73
27/07/2010 19:39:23 Transportó a Midraks hacia Mapa34 X:24 Y:78
27/07/2010 19:39:59 /IRA LES VA A CABER EL OCHO Mapa:66 X:75 Y:47
27/07/2010 19:40:19 /SUM les+va+a+caber+el+ocho Map:66 X:79 Y:46
27/07/2010 19:41:57 Mensaje Broadcast:asd
27/07/2010 19:42:11 Mensaje Broadcast:Alfin me aprendi este fucking comando!! Nunca lo escribo bien xD
27/07/2010 19:43:41 /SUM lazarith Map:66 X:83 Y:50
27/07/2010 19:46:39 /SUM Zaphiro Map:66 X:79 Y:53
27/07/2010 19:47:10 /SUM Standelf III Map:66 X:81 Y:54
27/07/2010 19:47:14 /SUM Lathistor Map:66 X:81 Y:54
27/07/2010 19:47:58 Sumoneó a Sacerdote en mapa 66
27/07/2010 19:54:01 Agarro:1 Objeto:Sombrero Pirata
27/07/2010 19:57:13 Se conecto con ip:190.173.193.85
27/07/2010 19:57:23 Se conecto con ip:190.173.193.85
27/07/2010 19:57:45 Tiró cantidad:1 Objeto:Sombrero Pirata
27/07/2010 19:57:52 Agarro:1 Objeto:Sombrero Pirata
27/07/2010 19:57:54 Tiró cantidad:1 Objeto:Sombrero Pirata
27/07/2010 19:59:01 Intentó editar un usuario inexistente.
27/07/2010 19:59:15 Intentó editar un usuario inexistente.
27/07/2010 19:59:28 /MOD BODY 82  midraks
27/07/2010 20:00:31 /MOD BODY 82  zaphiro
27/07/2010 20:00:59 /MOD BODY 81  midraks
27/07/2010 20:01:09 /MOD BODY 8  midraks
27/07/2010 20:01:28 /MOD HEAD 5  midraks
27/07/2010 20:06:36 Sumoneó a Gallo en mapa 66
27/07/2010 20:06:42 Sumoneó a Sacerdote en mapa 66
27/07/2010 20:07:28 /SUM zaphiro Map:66 X:80 Y:53
27/07/2010 20:09:27 /MOD CLASE gm  zaphiro
27/07/2010 20:10:13 /MOD CLASE mago  zaphiro
27/07/2010 20:10:18 Tiró cantidad:1 Objeto:Sombrero Pirata
27/07/2010 20:11:59 /MOD CLASE mago  zaphiro
27/07/2010 20:13:52 Resucito a zaphiro
27/07/2010 20:19:04 Tiró cantidad:10000 Objeto:Monedas de Oro
27/07/2010 20:19:10 Tiró cantidad:10000 Objeto:Monedas de Oro
27/07/2010 20:19:12 Tiró cantidad:10000 Objeto:Monedas de Oro
27/07/2010 20:19:14 Tiró cantidad:10000 Objeto:Monedas de Oro
27/07/2010 20:19:15 Tiró cantidad:10000 Objeto:Monedas de Oro
27/07/2010 20:19:16 Tiró cantidad:10000 Objeto:Monedas de Oro
27/07/2010 20:19:18 Tiró cantidad:10000 Objeto:Monedas de Oro
27/07/2010 20:19:19 Tiró cantidad:10000 Objeto:Monedas de Oro
27/07/2010 20:24:50  ejecuto a zaphiro
27/07/2010 20:25:12 /INVISIBLE
27/07/2010 20:25:35 Se conecto con ip:190.173.193.85
27/07/2010 20:26:05 /INVISIBLE
27/07/2010 20:26:09 Transportó a Midraks hacia Mapa66 X:88 Y:53
27/07/2010 20:26:36 /MATA 
27/07/2010 20:26:43 /MASSKILL
27/07/2010 20:27:20 /INVISIBLE
27/07/2010 20:29:03 Transportó a Midraks hacia Mapa66 X:34 Y:65
27/07/2010 20:29:05 Transportó a Midraks hacia Mapa66 X:53 Y:44
27/07/2010 20:29:05 Transportó a Midraks hacia Mapa66 X:88 Y:51
27/07/2010 22:42:03 Se conecto con ip:190.173.193.85
27/07/2010 22:42:11 /IRA standelf Mapa:34 X:9 Y:54
27/07/2010 22:47:14 Transportó a Midraks hacia Mapa34 X:12 Y:65
27/07/2010 22:47:15 Transportó a Midraks hacia Mapa34 X:12 Y:68
27/07/2010 22:47:15 Transportó a Midraks hacia Mapa34 X:12 Y:71
27/07/2010 22:47:16 Transportó a Midraks hacia Mapa34 X:13 Y:71
27/07/2010 22:47:16 Transportó a Midraks hacia Mapa34 X:19 Y:72
27/07/2010 22:47:16 Transportó a Midraks hacia Mapa34 X:20 Y:72
27/07/2010 22:47:16 Transportó a Midraks hacia Mapa34 X:25 Y:73
27/07/2010 22:47:17 Transportó a Midraks hacia Mapa34 X:25 Y:74
27/07/2010 22:47:17 Transportó a Midraks hacia Mapa34 X:27 Y:75
27/07/2010 22:47:17 Transportó a Midraks hacia Mapa34 X:27 Y:78
27/07/2010 23:15:20 Se conecto con ip:190.173.193.85
27/07/2010 23:15:33 /IRA Lelaza Mapa:33 X:18 Y:46
27/07/2010 23:16:56 /CI: 187
27/07/2010 23:16:56 Agarro:100 Objeto:Piquete de Minero
27/07/2010 23:17:47 Transportó a Midraks hacia Mapa33 X:19 Y:46
27/07/2010 23:17:52 /BLOQ
27/07/2010 23:17:54 /BLOQ
27/07/2010 23:17:57 Transportó a Midraks hacia Mapa33 X:20 Y:45
27/07/2010 23:18:09 Tiró cantidad:1 Objeto:Sombrero Pirata
27/07/2010 23:19:44 Tiró cantidad:1 Objeto:Minerales de Hierro
27/07/2010 23:19:53 Tiró cantidad:100 Objeto:Minerales de Hierro
27/07/2010 23:20:16 Transportó a Midraks hacia Mapa33 X:19 Y:46
27/07/2010 23:20:19 /BLOQ
27/07/2010 23:20:20 Transportó a Midraks hacia Mapa33 X:18 Y:44
27/07/2010 23:20:25 Transportó a Midraks hacia Mapa33 X:18 Y:46
27/07/2010 23:20:28 Transportó a Midraks hacia Mapa33 X:18 Y:47
27/07/2010 23:20:31 /BLOQ
27/07/2010 23:20:32 Transportó a Midraks hacia Mapa33 X:18 Y:43
27/07/2010 23:20:52 Transportó a Midraks hacia Mapa34 X:45 Y:46
27/07/2010 23:20:52 Transportó a Midraks hacia Mapa34 X:43 Y:42
27/07/2010 23:20:53 Transportó a Midraks hacia Mapa34 X:43 Y:38
27/07/2010 23:20:54 Transportó a Midraks hacia Mapa34 X:43 Y:35
27/07/2010 23:20:55 Transportó a Midraks hacia Mapa34 X:43 Y:31
27/07/2010 23:21:33 Transportó a Midraks hacia Mapa34 X:32 Y:30
27/07/2010 23:21:39 Transportó a Midraks hacia Mapa34 X:38 Y:31
27/07/2010 23:21:44 /BLOQ
27/07/2010 23:22:02 Transportó a Midraks hacia Mapa34 X:40 Y:31
27/07/2010 23:22:04 /BLOQ
27/07/2010 23:22:21 Transportó a Midraks hacia Mapa34 X:46 Y:32
27/07/2010 23:22:21 Transportó a Midraks hacia Mapa34 X:46 Y:35
27/07/2010 23:22:21 Transportó a Midraks hacia Mapa34 X:46 Y:38
27/07/2010 23:22:23 Transportó a Midraks hacia Mapa34 X:46 Y:40
27/07/2010 23:22:23 Transportó a Midraks hacia Mapa34 X:45 Y:43
27/07/2010 23:22:25 Transportó a Midraks hacia Mapa34 X:45 Y:46
27/07/2010 23:22:33 /BLOQ
27/07/2010 23:22:36 Transportó a Midraks hacia Mapa34 X:48 Y:49
27/07/2010 23:22:51 Transportó a Midraks hacia Mapa34 X:45 Y:47
27/07/2010 23:22:53 /BLOQ
27/07/2010 23:23:25 Transportó a Midraks hacia Mapa34 X:43 Y:51
27/07/2010 23:23:25 Transportó a Midraks hacia Mapa34 X:42 Y:55
27/07/2010 23:23:26 Transportó a Midraks hacia Mapa34 X:43 Y:59
27/07/2010 23:23:26 Transportó a Midraks hacia Mapa34 X:42 Y:59
27/07/2010 23:23:26 Transportó a Midraks hacia Mapa34 X:42 Y:63
27/07/2010 23:23:27 Transportó a Midraks hacia Mapa34 X:40 Y:63
27/07/2010 23:23:27 Transportó a Midraks hacia Mapa34 X:38 Y:67
27/07/2010 23:23:27 Transportó a Midraks hacia Mapa34 X:37 Y:71
27/07/2010 23:23:28 Transportó a Midraks hacia Mapa34 X:36 Y:76
27/07/2010 23:23:28 Transportó a Midraks hacia Mapa34 X:35 Y:81
27/07/2010 23:23:28 Transportó a Midraks hacia Mapa34 X:38 Y:85
27/07/2010 23:23:29 Transportó a Midraks hacia Mapa34 X:41 Y:89
27/07/2010 23:23:41 Tiró cantidad:1 Objeto:Paralizar
27/07/2010 23:23:43 Tiró cantidad:49 Objeto:Devolver Movilidad
27/07/2010 23:23:45 Tiró cantidad:97 Objeto:Paralizar
27/07/2010 23:23:47 Tiró cantidad:94 Objeto:Invisibilidad
27/07/2010 23:23:50 Tiró cantidad:88 Objeto:Apocalipsis
27/07/2010 23:24:08 /CI: 485
27/07/2010 23:24:12 Tiró cantidad:96 Objeto:Espada de Plata
27/07/2010 23:24:22 /CI: 405
27/07/2010 23:24:57 /CI: 625
27/07/2010 23:25:26 Se conecto con ip:190.173.193.85
27/07/2010 23:27:23 Se conecto con ip:190.173.193.85
27/07/2010 23:27:43 /CI: 530
27/07/2010 23:27:54 /CI: 531
27/07/2010 23:33:41 Se conecto con ip:190.173.193.85
27/07/2010 23:44:46 Se conecto con ip:190.173.193.85
27/07/2010 23:45:04 Se conecto con ip:190.173.193.85
27/07/2010 23:45:53 Se conecto con ip:190.173.193.85
27/07/2010 23:47:51 Se conecto con ip:190.173.193.85
27/07/2010 23:48:00 /SUM laza ii Map:34 X:40 Y:87
27/07/2010 23:49:25 Se conecto con ip:190.173.193.85
27/07/2010 23:55:06 Se conecto con ip:190.173.193.85
27/07/2010 23:55:11 /IRA laza ii Mapa:35 X:30 Y:92
27/07/2010 23:55:13 Transportó a Midraks hacia Mapa35 X:53 Y:58
27/07/2010 23:55:14 Transportó a Midraks hacia Mapa35 X:40 Y:67
27/07/2010 23:55:16 Transportó a Midraks hacia Mapa35 X:42 Y:78
27/07/2010 23:55:17 Transportó a Midraks hacia Mapa35 X:40 Y:82
27/07/2010 23:55:28 Sumoneó a Sacerdote en mapa 35
28/07/2010 0:32:11 Se conecto con ip:190.173.193.85
28/07/2010 0:51:02 Se conecto con ip:190.173.193.85
28/07/2010 0:51:18 /IRA standelf Mapa:34 X:23 Y:44
28/07/2010 0:55:12 Agarro:11601 Objeto:Poción Roja
28/07/2010 0:55:24 /BLOQ
16/10/2010 21:42:39 Se conecto con ip:190.173.193.181
16/10/2010 21:42:51 Transportó a Midraks hacia Mapa1 X:53 Y:43
16/10/2010 21:43:37 Transportó a Midraks hacia Mapa1 X:53 Y:38
16/10/2010 21:43:38 Transportó a Midraks hacia Mapa1 X:60 Y:38
16/10/2010 21:44:06 Transportó a Midraks hacia Mapa1 X:65 Y:33
16/10/2010 21:44:25 Agarro:1 Objeto:Mochila de Viajero
16/10/2010 21:46:10 /IRA standelf Mapa:28 X:54 Y:56
16/10/2010 21:49:29 /IRA standelf Mapa:44 X:67 Y:56
16/10/2010 21:49:36 Transportó a Midraks hacia Mapa44 X:71 Y:65
16/10/2010 21:49:37 Transportó a Midraks hacia Mapa44 X:70 Y:65
16/10/2010 21:49:37 Transportó a Midraks hacia Mapa44 X:69 Y:70
16/10/2010 21:49:38 Transportó a Midraks hacia Mapa44 X:70 Y:75
16/10/2010 21:49:38 Transportó a Midraks hacia Mapa44 X:75 Y:80
16/10/2010 21:52:23 Transportó a Midraks hacia Mapa44 X:51 Y:48
16/10/2010 21:52:25 Transportó a Midraks hacia Mapa44 X:53 Y:51
16/10/2010 21:52:40 Transportó a Midraks hacia Mapa25 X:50 Y:50
16/10/2010 21:52:46 Transportó a Midraks hacia Mapa25 X:55 Y:53
16/10/2010 21:52:46 Transportó a Midraks hacia Mapa25 X:54 Y:56
16/10/2010 21:52:47 Transportó a Midraks hacia Mapa25 X:56 Y:57
16/10/2010 21:52:47 Transportó a Midraks hacia Mapa25 X:58 Y:61
16/10/2010 21:52:47 Transportó a Midraks hacia Mapa25 X:59 Y:61
16/10/2010 21:52:47 Transportó a Midraks hacia Mapa25 X:60 Y:65
16/10/2010 21:52:48 Transportó a Midraks hacia Mapa25 X:61 Y:65
16/10/2010 21:52:48 Transportó a Midraks hacia Mapa25 X:61 Y:69
16/10/2010 21:52:48 Transportó a Midraks hacia Mapa25 X:62 Y:69
16/10/2010 21:52:48 Transportó a Midraks hacia Mapa25 X:63 Y:73
16/10/2010 21:52:48 Transportó a Midraks hacia Mapa25 X:64 Y:73
16/10/2010 21:54:38 Transportó a Midraks hacia Mapa1 X:50 Y:50
16/10/2010 21:54:41 Transportó a Midraks hacia Mapa1 X:47 Y:46
16/10/2010 21:54:41 Transportó a Midraks hacia Mapa1 X:45 Y:46
16/10/2010 21:54:42 Transportó a Midraks hacia Mapa1 X:45 Y:43
16/10/2010 21:54:42 Transportó a Midraks hacia Mapa1 X:44 Y:40
16/10/2010 21:54:42 Transportó a Midraks hacia Mapa1 X:44 Y:37
16/10/2010 21:54:43 Transportó a Midraks hacia Mapa1 X:45 Y:36
16/10/2010 21:54:43 Transportó a Midraks hacia Mapa1 X:46 Y:33
16/10/2010 21:54:43 Transportó a Midraks hacia Mapa1 X:52 Y:31
16/10/2010 21:54:44 Transportó a Midraks hacia Mapa1 X:54 Y:25
16/10/2010 21:54:44 Transportó a Midraks hacia Mapa1 X:52 Y:25
16/10/2010 21:54:45 Transportó a Midraks hacia Mapa1 X:50 Y:21
16/10/2010 21:54:45 Transportó a Midraks hacia Mapa1 X:49 Y:16
16/10/2010 21:54:46 Transportó a Midraks hacia Mapa1 X:50 Y:16
16/10/2010 21:54:51 Transportó a Midraks hacia Mapa8 X:49 Y:82
16/10/2010 21:54:52 Transportó a Midraks hacia Mapa8 X:47 Y:81
16/10/2010 21:54:52 Transportó a Midraks hacia Mapa8 X:46 Y:79
16/10/2010 21:54:52 Transportó a Midraks hacia Mapa8 X:44 Y:78
16/10/2010 21:54:52 Transportó a Midraks hacia Mapa8 X:44 Y:78
16/10/2010 21:54:52 Transportó a Midraks hacia Mapa8 X:41 Y:75
16/10/2010 21:54:52 Transportó a Midraks hacia Mapa8 X:41 Y:75
16/10/2010 21:54:53 Transportó a Midraks hacia Mapa8 X:44 Y:71
16/10/2010 21:54:53 Transportó a Midraks hacia Mapa8 X:49 Y:69
16/10/2010 21:54:53 Transportó a Midraks hacia Mapa8 X:55 Y:68
16/10/2010 21:54:54 Transportó a Midraks hacia Mapa8 X:61 Y:68
16/10/2010 21:54:54 Transportó a Midraks hacia Mapa8 X:67 Y:69
16/10/2010 21:54:54 Transportó a Midraks hacia Mapa8 X:67 Y:69
16/10/2010 21:54:55 Transportó a Midraks hacia Mapa8 X:73 Y:70
16/10/2010 21:54:55 Transportó a Midraks hacia Mapa8 X:79 Y:70
16/10/2010 21:54:56 Transportó a Midraks hacia Mapa8 X:85 Y:70
16/10/2010 21:55:13 Transportó a Midraks hacia Mapa3 X:21 Y:16
16/10/2010 21:55:13 Transportó a Midraks hacia Mapa3 X:22 Y:20
16/10/2010 21:55:14 Transportó a Midraks hacia Mapa3 X:22 Y:21
16/10/2010 21:55:14 Transportó a Midraks hacia Mapa3 X:22 Y:25
16/10/2010 21:55:14 Transportó a Midraks hacia Mapa3 X:22 Y:26
16/10/2010 21:55:14 Transportó a Midraks hacia Mapa3 X:24 Y:30
16/10/2010 21:55:14 Transportó a Midraks hacia Mapa3 X:24 Y:31
16/10/2010 21:55:14 Transportó a Midraks hacia Mapa3 X:27 Y:35
16/10/2010 21:55:15 Transportó a Midraks hacia Mapa3 X:31 Y:40
16/10/2010 21:55:15 Transportó a Midraks hacia Mapa3 X:30 Y:40
16/10/2010 21:55:15 Transportó a Midraks hacia Mapa3 X:33 Y:45
16/10/2010 21:55:15 Transportó a Midraks hacia Mapa3 X:34 Y:50
16/10/2010 21:55:15 Transportó a Midraks hacia Mapa3 X:34 Y:50
16/10/2010 21:55:16 Transportó a Midraks hacia Mapa3 X:34 Y:55
16/10/2010 21:55:16 Transportó a Midraks hacia Mapa3 X:34 Y:55
16/10/2010 21:55:16 Transportó a Midraks hacia Mapa3 X:34 Y:60
16/10/2010 21:55:16 Transportó a Midraks hacia Mapa3 X:36 Y:60
16/10/2010 21:55:16 Transportó a Midraks hacia Mapa3 X:36 Y:65
16/10/2010 21:55:17 Transportó a Midraks hacia Mapa3 X:38 Y:65
16/10/2010 21:55:17 Transportó a Midraks hacia Mapa3 X:37 Y:70
16/10/2010 21:55:17 Transportó a Midraks hacia Mapa3 X:43 Y:70
16/10/2010 21:55:17 Transportó a Midraks hacia Mapa3 X:40 Y:68
16/10/2010 21:55:18 Transportó a Midraks hacia Mapa3 X:46 Y:68
16/10/2010 21:55:18 Transportó a Midraks hacia Mapa3 X:46 Y:64
16/10/2010 21:55:18 Transportó a Midraks hacia Mapa3 X:47 Y:60
16/10/2010 21:55:18 Transportó a Midraks hacia Mapa3 X:47 Y:60
16/10/2010 21:55:19 Transportó a Midraks hacia Mapa3 X:50 Y:57
16/10/2010 21:55:19 Transportó a Midraks hacia Mapa3 X:54 Y:58
16/10/2010 21:55:19 Transportó a Midraks hacia Mapa3 X:55 Y:58
16/10/2010 21:55:19 Transportó a Midraks hacia Mapa3 X:59 Y:59
16/10/2010 21:55:19 Transportó a Midraks hacia Mapa3 X:60 Y:60
16/10/2010 21:55:20 Transportó a Midraks hacia Mapa3 X:65 Y:61
16/10/2010 21:55:20 Transportó a Midraks hacia Mapa3 X:71 Y:63
16/10/2010 21:55:20 Transportó a Midraks hacia Mapa3 X:71 Y:62
16/10/2010 21:55:20 Transportó a Midraks hacia Mapa3 X:77 Y:64
16/10/2010 21:55:21 Transportó a Midraks hacia Mapa3 X:77 Y:62
16/10/2010 21:55:21 Transportó a Midraks hacia Mapa3 X:83 Y:64
16/10/2010 21:55:21 Transportó a Midraks hacia Mapa3 X:83 Y:62
16/10/2010 21:55:21 Transportó a Midraks hacia Mapa3 X:89 Y:62
16/10/2010 21:55:28 Transportó a Midraks hacia Mapa3 X:89 Y:56
16/10/2010 21:55:28 Transportó a Midraks hacia Mapa3 X:88 Y:53
16/10/2010 21:55:28 Transportó a Midraks hacia Mapa3 X:88 Y:53
16/10/2010 21:55:28 Transportó a Midraks hacia Mapa3 X:88 Y:49
16/10/2010 21:55:28 Transportó a Midraks hacia Mapa3 X:88 Y:49
16/10/2010 21:55:29 Transportó a Midraks hacia Mapa3 X:88 Y:44
16/10/2010 21:55:29 Transportó a Midraks hacia Mapa3 X:87 Y:44
16/10/2010 21:55:29 Transportó a Midraks hacia Mapa3 X:87 Y:39
16/10/2010 21:55:29 Transportó a Midraks hacia Mapa3 X:86 Y:34
16/10/2010 21:55:29 Transportó a Midraks hacia Mapa3 X:86 Y:34
16/10/2010 21:55:29 Transportó a Midraks hacia Mapa3 X:85 Y:29
16/10/2010 21:55:29 Transportó a Midraks hacia Mapa3 X:86 Y:29
16/10/2010 21:55:30 Transportó a Midraks hacia Mapa3 X:85 Y:24
16/10/2010 21:55:33 Transportó a Midraks hacia Mapa3 X:41 Y:42
16/10/2010 21:55:35 Transportó a Midraks hacia Mapa3 X:49 Y:11
16/10/2010 21:55:38 Transportó a Midraks hacia Mapa9 X:63 Y:26
16/10/2010 21:55:40 Transportó a Midraks hacia Mapa9 X:92 Y:45
16/10/2010 21:55:43 Transportó a Midraks hacia Mapa13 X:56 Y:44
16/10/2010 21:55:44 Transportó a Midraks hacia Mapa13 X:72 Y:76
16/10/2010 21:55:45 Transportó a Midraks hacia Mapa13 X:52 Y:84
16/10/2010 21:55:48 Transportó a Midraks hacia Mapa13 X:80 Y:57
16/10/2010 21:55:52 Transportó a Midraks hacia Mapa13 X:81 Y:20
16/10/2010 21:55:59 Transportó a Midraks hacia Mapa22 X:69 Y:35
16/10/2010 21:56:02 Transportó a Midraks hacia Mapa22 X:52 Y:80
16/10/2010 21:56:04 Transportó a Midraks hacia Mapa22 X:55 Y:88
16/10/2010 21:56:08 Transportó a Midraks hacia Mapa23 X:25 Y:75
16/10/2010 21:56:08 Transportó a Midraks hacia Mapa23 X:17 Y:52
16/10/2010 21:56:09 Transportó a Midraks hacia Mapa23 X:28 Y:41
16/10/2010 21:56:10 Transportó a Midraks hacia Mapa23 X:48 Y:83
16/10/2010 21:56:15 Transportó a Midraks hacia Mapa23 X:88 Y:49
16/10/2010 21:56:17 Transportó a Midraks hacia Mapa24 X:51 Y:64
16/10/2010 21:56:25 /SUM standelf Map:24 X:45 Y:65
16/10/2010 21:56:29 /SUM asen Map:24 X:45 Y:65
16/10/2010 21:58:12 Agarro:1 Objeto:Alforja
16/10/2010 21:58:38 Se conecto con ip:190.173.193.181
16/10/2010 21:58:54 Tiró cantidad:1 Objeto:Mochila de Viajero
16/10/2010 21:59:54 Tiró cantidad:1 Objeto:Alforja
16/10/2010 21:59:56 Agarro:1 Objeto:Alforja
16/10/2010 22:00:25 /SUM standelf Map:24 X:39 Y:55
16/10/2010 22:00:43 /IRA asen Mapa:1 X:68 Y:23
16/10/2010 23:43:02 Se conecto con ip:190.173.193.181
16/10/2010 23:45:16 Se conecto con ip:190.173.193.181
16/10/2010 23:48:06 Transportó a Midraks hacia Mapa1 X:68 Y:46
16/10/2010 23:48:19 Transportó a Midraks hacia Mapa1 X:59 Y:38
16/10/2010 23:48:20 Transportó a Midraks hacia Mapa1 X:59 Y:34
16/10/2010 23:49:02 Se conecto con ip:190.173.193.181
17/10/2010 0:32:40 Se conecto con ip:190.173.193.181
17/10/2010 0:40:25 Se conecto con ip:190.173.193.181
17/10/2010 0:44:59 Agarro:1 Objeto:Alforja
17/10/2010 0:46:00 Transportó a Midraks hacia Mapa1 X:52 Y:27
17/10/2010 0:46:41 Transportó a Midraks hacia Mapa1 X:57 Y:25
17/10/2010 0:46:44 Transportó a Midraks hacia Mapa1 X:58 Y:28
17/10/2010 0:46:45 Transportó a Midraks hacia Mapa1 X:58 Y:32
17/10/2010 0:46:45 Transportó a Midraks hacia Mapa1 X:54 Y:35
17/10/2010 0:46:45 Transportó a Midraks hacia Mapa1 X:53 Y:35
17/10/2010 0:46:46 Transportó a Midraks hacia Mapa1 X:48 Y:35
17/10/2010 0:46:46 Transportó a Midraks hacia Mapa1 X:48 Y:33
17/10/2010 0:46:46 Transportó a Midraks hacia Mapa1 X:48 Y:33
17/10/2010 0:46:46 Transportó a Midraks hacia Mapa1 X:50 Y:31
17/10/2010 0:46:46 Transportó a Midraks hacia Mapa1 X:50 Y:31
17/10/2010 0:46:46 Transportó a Midraks hacia Mapa1 X:53 Y:28
17/10/2010 0:46:46 Transportó a Midraks hacia Mapa1 X:54 Y:29
17/10/2010 0:46:47 Transportó a Midraks hacia Mapa1 X:56 Y:27
17/10/2010 0:46:47 Transportó a Midraks hacia Mapa1 X:52 Y:25
17/10/2010 0:46:47 Transportó a Midraks hacia Mapa1 X:53 Y:28
17/10/2010 0:46:47 Transportó a Midraks hacia Mapa1 X:51 Y:27
17/10/2010 0:46:48 Transportó a Midraks hacia Mapa1 X:52 Y:30
17/10/2010 0:46:48 Transportó a Midraks hacia Mapa1 X:53 Y:29
17/10/2010 0:46:48 Transportó a Midraks hacia Mapa1 X:54 Y:31
17/10/2010 0:46:48 Transportó a Midraks hacia Mapa1 X:54 Y:31
17/10/2010 0:46:48 Transportó a Midraks hacia Mapa1 X:51 Y:30
17/10/2010 0:46:49 Transportó a Midraks hacia Mapa1 X:52 Y:27
17/10/2010 0:46:49 Transportó a Midraks hacia Mapa1 X:55 Y:26
17/10/2010 0:46:49 Transportó a Midraks hacia Mapa1 X:56 Y:25
17/10/2010 0:46:49 Transportó a Midraks hacia Mapa1 X:55 Y:23
17/10/2010 0:46:50 Transportó a Midraks hacia Mapa1 X:53 Y:25
17/10/2010 0:46:50 Transportó a Midraks hacia Mapa1 X:54 Y:25
17/10/2010 0:46:50 Transportó a Midraks hacia Mapa1 X:55 Y:28
17/10/2010 0:46:50 Transportó a Midraks hacia Mapa1 X:56 Y:28
17/10/2010 0:46:51 Transportó a Midraks hacia Mapa1 X:53 Y:30
17/10/2010 0:46:51 Transportó a Midraks hacia Mapa1 X:56 Y:30
17/10/2010 0:46:51 Transportó a Midraks hacia Mapa1 X:55 Y:30
17/10/2010 0:46:51 Transportó a Midraks hacia Mapa1 X:59 Y:27
17/10/2010 0:46:51 Transportó a Midraks hacia Mapa1 X:54 Y:27
17/10/2010 0:46:52 Transportó a Midraks hacia Mapa1 X:58 Y:24
17/10/2010 0:46:52 Transportó a Midraks hacia Mapa1 X:60 Y:21
17/10/2010 0:46:52 Transportó a Midraks hacia Mapa1 X:59 Y:25
17/10/2010 0:46:52 Transportó a Midraks hacia Mapa1 X:59 Y:22
17/10/2010 0:46:52 Transportó a Midraks hacia Mapa1 X:56 Y:26
17/10/2010 0:46:53 Transportó a Midraks hacia Mapa1 X:56 Y:29
17/10/2010 0:46:53 Transportó a Midraks hacia Mapa1 X:54 Y:29
17/10/2010 0:46:53 Transportó a Midraks hacia Mapa1 X:53 Y:31
17/10/2010 0:46:53 Transportó a Midraks hacia Mapa1 X:51 Y:29
17/10/2010 0:46:53 Transportó a Midraks hacia Mapa1 X:50 Y:29
17/10/2010 0:46:54 Transportó a Midraks hacia Mapa1 X:51 Y:27
17/10/2010 0:50:05 Transportó a Midraks hacia Mapa1 X:54 Y:26
17/10/2010 0:50:06 Transportó a Midraks hacia Mapa1 X:55 Y:26
17/10/2010 0:50:07 Transportó a Midraks hacia Mapa1 X:54 Y:26
17/10/2010 0:50:08 Transportó a Midraks hacia Mapa1 X:56 Y:28
17/10/2010 0:50:09 Transportó a Midraks hacia Mapa1 X:54 Y:26
17/10/2010 0:50:10 Transportó a Midraks hacia Mapa1 X:55 Y:26
17/10/2010 0:50:11 Transportó a Midraks hacia Mapa1 X:54 Y:26
17/10/2010 0:52:48 Transportó a Midraks hacia Mapa2 X:31 Y:73
17/10/2010 0:52:55 Transportó a Midraks hacia Mapa2 X:54 Y:20
17/10/2010 0:53:01 Transportó a Midraks hacia Mapa7 X:51 Y:32
17/10/2010 0:53:06 Transportó a Midraks hacia Mapa7 X:47 Y:13
17/10/2010 0:54:06 /IRA standelf Mapa:7 X:49 Y:92
17/10/2010 0:54:40 /IRA standelf Mapa:2 X:9 Y:91
17/10/2010 0:55:06 /CI: 2
17/10/2010 0:55:06 Agarro:100 Objeto:Espada Larga
17/10/2010 22:59:55 Se conecto con ip:190.49.182.105
17/10/2010 23:00:15 Transportó a Midraks hacia Mapa2 X:25 Y:57
17/10/2010 23:00:16 Transportó a Midraks hacia Mapa2 X:63 Y:84
17/10/2010 23:00:20 Transportó a Midraks hacia Mapa2 X:88 Y:73
17/10/2010 23:00:35 /IRA standelf Mapa:1 X:75 Y:36
17/10/2010 23:00:41 Transportó a Midraks hacia Mapa1 X:70 Y:34
17/10/2010 23:00:41 Transportó a Midraks hacia Mapa1 X:70 Y:38
17/10/2010 23:00:41 Transportó a Midraks hacia Mapa1 X:70 Y:38
17/10/2010 23:00:41 Transportó a Midraks hacia Mapa1 X:70 Y:42
17/10/2010 23:00:42 Transportó a Midraks hacia Mapa1 X:71 Y:47
17/10/2010 23:00:42 Transportó a Midraks hacia Mapa1 X:72 Y:52
17/10/2010 23:00:42 Transportó a Midraks hacia Mapa1 X:74 Y:57
17/10/2010 23:01:43 Transportó a Midraks hacia Mapa1 X:77 Y:40
17/10/2010 23:01:44 Transportó a Midraks hacia Mapa1 X:76 Y:36
17/10/2010 23:01:44 Transportó a Midraks hacia Mapa1 X:74 Y:32
17/10/2010 23:01:45 Transportó a Midraks hacia Mapa1 X:71 Y:28
17/10/2010 23:02:50 Transportó a Midraks hacia Mapa1 X:70 Y:19
17/10/2010 23:04:08 Transportó a Midraks hacia Mapa1 X:70 Y:19
17/10/2010 23:04:08 Transportó a Midraks hacia Mapa1 X:70 Y:20
17/10/2010 23:04:10 Transportó a Midraks hacia Mapa1 X:70 Y:19
17/10/2010 23:04:54 Echó a standelf
17/10/2010 23:05:08 Transportó a Midraks hacia Mapa1 X:70 Y:22
17/10/2010 23:05:25 Tiró cantidad:1 Objeto:Alforja
17/10/2010 23:07:01 Transportó a Midraks hacia Mapa1 X:72 Y:31
17/10/2010 23:07:02 Transportó a Midraks hacia Mapa1 X:71 Y:31
17/10/2010 23:10:11 /SUM standelf Map:1 X:67 Y:23
17/10/2010 23:10:16 /SUM standelf Map:1 X:69 Y:27
17/10/2010 23:10:31 /SUM standelf Map:1 X:70 Y:36
17/10/2010 23:11:15 Tiró cantidad:10000 Objeto:Monedas de Oro
17/10/2010 23:11:17 Tiró cantidad:10000 Objeto:Monedas de Oro
17/10/2010 23:11:18 Tiró cantidad:10000 Objeto:Monedas de Oro
17/10/2010 23:11:20 Tiró cantidad:10000 Objeto:Monedas de Oro
17/10/2010 23:11:20 Tiró cantidad:10000 Objeto:Monedas de Oro
17/10/2010 23:11:21 Tiró cantidad:10000 Objeto:Monedas de Oro
17/10/2010 23:11:23 Tiró cantidad:10000 Objeto:Monedas de Oro
17/10/2010 23:11:24 Tiró cantidad:10000 Objeto:Monedas de Oro
17/10/2010 23:11:25 Tiró cantidad:10000 Objeto:Monedas de Oro
17/10/2010 23:11:26 Tiró cantidad:10000 Objeto:Monedas de Oro
17/10/2010 23:11:27 Tiró cantidad:10000 Objeto:Monedas de Oro
17/10/2010 23:11:28 Tiró cantidad:10000 Objeto:Monedas de Oro
17/10/2010 23:11:29 Tiró cantidad:10000 Objeto:Monedas de Oro
17/10/2010 23:11:31 Tiró cantidad:10000 Objeto:Monedas de Oro
17/10/2010 23:11:32 Tiró cantidad:10000 Objeto:Monedas de Oro
17/10/2010 23:11:33 Tiró cantidad:10000 Objeto:Monedas de Oro
17/10/2010 23:11:34 Tiró cantidad:10000 Objeto:Monedas de Oro
17/10/2010 23:11:35 Tiró cantidad:10000 Objeto:Monedas de Oro
17/10/2010 23:11:36 Tiró cantidad:10000 Objeto:Monedas de Oro
17/10/2010 23:11:37 Tiró cantidad:10000 Objeto:Monedas de Oro
17/10/2010 23:11:38 Tiró cantidad:10000 Objeto:Monedas de Oro
17/10/2010 23:11:39 Tiró cantidad:10000 Objeto:Monedas de Oro
17/10/2010 23:11:41 Tiró cantidad:10000 Objeto:Monedas de Oro
17/10/2010 23:11:42 Tiró cantidad:10000 Objeto:Monedas de Oro
17/10/2010 23:11:43 Tiró cantidad:10000 Objeto:Monedas de Oro
17/10/2010 23:11:44 Tiró cantidad:10000 Objeto:Monedas de Oro
17/10/2010 23:11:45 Tiró cantidad:10000 Objeto:Monedas de Oro
17/10/2010 23:11:46 Tiró cantidad:10000 Objeto:Monedas de Oro
17/10/2010 23:11:47 Tiró cantidad:10000 Objeto:Monedas de Oro
17/10/2010 23:11:47 Tiró cantidad:10000 Objeto:Monedas de Oro
17/10/2010 23:11:49 Tiró cantidad:10000 Objeto:Monedas de Oro
17/10/2010 23:11:50 Tiró cantidad:10000 Objeto:Monedas de Oro
17/10/2010 23:11:51 Tiró cantidad:10000 Objeto:Monedas de Oro
17/10/2010 23:11:52 Tiró cantidad:10000 Objeto:Monedas de Oro
17/10/2010 23:11:53 Tiró cantidad:10000 Objeto:Monedas de Oro
17/10/2010 23:11:55 Tiró cantidad:10000 Objeto:Monedas de Oro
17/10/2010 23:11:56 Tiró cantidad:10000 Objeto:Monedas de Oro
17/10/2010 23:11:57 Tiró cantidad:10000 Objeto:Monedas de Oro
17/10/2010 23:11:58 Tiró cantidad:10000 Objeto:Monedas de Oro
17/10/2010 23:11:59 Tiró cantidad:10000 Objeto:Monedas de Oro
17/10/2010 23:12:03 Tiró cantidad:10000 Objeto:Monedas de Oro
17/10/2010 23:12:04 Tiró cantidad:10000 Objeto:Monedas de Oro
17/10/2010 23:12:05 Tiró cantidad:10000 Objeto:Monedas de Oro
17/10/2010 23:12:07 Tiró cantidad:10000 Objeto:Monedas de Oro
17/10/2010 23:12:08 Tiró cantidad:10000 Objeto:Monedas de Oro
17/10/2010 23:12:09 Tiró cantidad:10000 Objeto:Monedas de Oro
17/10/2010 23:12:10 Tiró cantidad:10000 Objeto:Monedas de Oro
17/10/2010 23:12:11 Tiró cantidad:10000 Objeto:Monedas de Oro
17/10/2010 23:12:12 Tiró cantidad:10000 Objeto:Monedas de Oro
17/10/2010 23:12:14 Tiró cantidad:10000 Objeto:Monedas de Oro
17/10/2010 23:12:15 Tiró cantidad:10000 Objeto:Monedas de Oro
17/10/2010 23:12:16 Tiró cantidad:10000 Objeto:Monedas de Oro
17/10/2010 23:12:17 Tiró cantidad:10000 Objeto:Monedas de Oro
17/10/2010 23:12:18 Tiró cantidad:10000 Objeto:Monedas de Oro
17/10/2010 23:12:20 Tiró cantidad:10000 Objeto:Monedas de Oro
17/10/2010 23:12:21 Tiró cantidad:10000 Objeto:Monedas de Oro
17/10/2010 23:12:22 Tiró cantidad:10000 Objeto:Monedas de Oro
17/10/2010 23:12:23 Tiró cantidad:10000 Objeto:Monedas de Oro
17/10/2010 23:12:24 Tiró cantidad:10000 Objeto:Monedas de Oro
17/10/2010 23:12:26 Tiró cantidad:10000 Objeto:Monedas de Oro
17/10/2010 23:12:27 Tiró cantidad:10000 Objeto:Monedas de Oro
17/10/2010 23:12:28 Tiró cantidad:10000 Objeto:Monedas de Oro
17/10/2010 23:12:29 Tiró cantidad:10000 Objeto:Monedas de Oro
17/10/2010 23:12:30 Tiró cantidad:10000 Objeto:Monedas de Oro
17/10/2010 23:12:32 Tiró cantidad:10000 Objeto:Monedas de Oro
17/10/2010 23:12:33 Tiró cantidad:10000 Objeto:Monedas de Oro
17/10/2010 23:12:34 Tiró cantidad:10000 Objeto:Monedas de Oro
17/10/2010 23:12:35 Tiró cantidad:10000 Objeto:Monedas de Oro
17/10/2010 23:12:37 Tiró cantidad:10000 Objeto:Monedas de Oro
17/10/2010 23:12:38 Tiró cantidad:10000 Objeto:Monedas de Oro
17/10/2010 23:12:39 Tiró cantidad:10000 Objeto:Monedas de Oro
20/10/2010 11:40:04 Se conecto con ip:190.173.209.204
20/10/2010 11:40:23 /IRA standelf Mapa:1 X:55 Y:47
20/10/2010 11:40:27 Transportó a Midraks hacia Mapa1 X:59 Y:50
20/10/2010 11:40:28 Transportó a Midraks hacia Mapa1 X:59 Y:47
20/10/2010 11:41:20 Tiró cantidad:1 Objeto:Espada Larga
20/10/2010 11:41:50 /IRA standelf Mapa:59 X:43 Y:47
20/10/2010 11:42:11 /IRA standelf Mapa:59 X:44 Y:47
20/10/2010 11:43:09 Se conecto con ip:190.173.209.204
20/10/2010 11:44:36 /CI: 515
20/10/2010 11:44:37 Agarro:100 Objeto:Ropa Legendaria
20/10/2010 11:44:44 /CI: 519
20/10/2010 11:44:45 Agarro:100 Objeto:Túnica Legendaria
20/10/2010 11:45:30 /CI: 660
20/10/2010 11:45:35 Agarro:100 Objeto:Báculo Engarzado
20/10/2010 11:47:07 Agarro:9996 Objeto:Poción Azul
20/10/2010 11:47:31 Agarro:1 Objeto:Vara de Mago
20/10/2010 11:47:31 Agarro:1 Objeto:Devolver Movilidad
20/10/2010 11:47:32 Agarro:1 Objeto:Apocalipsis
20/10/2010 11:47:32 Agarro:1 Objeto:Paralizar
20/10/2010 11:47:32 Agarro:1 Objeto:Proyectil Mágico
20/10/2010 11:47:35 /CI: 662
20/10/2010 11:47:36 Agarro:100 Objeto:Sombrero de Mago
20/10/2010 11:47:37 Agarro:9989 Objeto:Poción Roja
20/10/2010 11:47:39 Agarro:1 Objeto:Sombrero de Mago
20/10/2010 11:48:42 /CI: 530
20/10/2010 11:48:43 Agarro:100 Objeto:Inmovilizar
20/10/2010 12:03:05 Se conecto con ip:190.173.209.204
20/10/2010 19:41:13 Se conecto con ip:190.173.209.204
20/10/2010 19:50:36 Se conecto con ip:190.173.209.204
20/10/2010 19:52:06 Transportó a Midraks hacia Mapa59 X:61 Y:54
20/10/2010 19:52:06 Transportó a Midraks hacia Mapa59 X:58 Y:49
20/10/2010 19:52:07 Transportó a Midraks hacia Mapa59 X:58 Y:50
20/10/2010 19:52:07 Transportó a Midraks hacia Mapa59 X:54 Y:47
20/10/2010 19:52:07 Transportó a Midraks hacia Mapa59 X:54 Y:49
20/10/2010 19:52:07 Transportó a Midraks hacia Mapa59 X:51 Y:47
20/10/2010 19:52:07 Transportó a Midraks hacia Mapa59 X:51 Y:50
20/10/2010 19:52:07 Transportó a Midraks hacia Mapa59 X:49 Y:48
20/10/2010 19:52:08 Transportó a Midraks hacia Mapa59 X:46 Y:50
20/10/2010 19:52:08 Transportó a Midraks hacia Mapa59 X:45 Y:51
20/10/2010 19:52:09 Transportó a Midraks hacia Mapa59 X:43 Y:53
20/10/2010 19:52:09 Transportó a Midraks hacia Mapa59 X:42 Y:53
20/10/2010 19:52:09 Transportó a Midraks hacia Mapa59 X:38 Y:55
20/10/2010 19:52:10 Transportó a Midraks hacia Mapa59 X:38 Y:55
20/10/2010 19:52:10 Transportó a Midraks hacia Mapa59 X:34 Y:57
20/10/2010 19:52:10 Transportó a Midraks hacia Mapa59 X:33 Y:57
20/10/2010 19:52:10 Transportó a Midraks hacia Mapa59 X:28 Y:58
20/10/2010 19:52:11 Transportó a Midraks hacia Mapa59 X:23 Y:58
20/10/2010 19:52:11 Transportó a Midraks hacia Mapa59 X:18 Y:60
20/10/2010 19:52:12 Transportó a Midraks hacia Mapa59 X:14 Y:63
20/10/2010 19:52:12 Transportó a Midraks hacia Mapa59 X:10 Y:66
20/10/2010 19:52:21 /SUM standelf Map:59 X:20 Y:74
20/10/2010 19:52:33 Transportó a Midraks hacia Mapa59 X:37 Y:53
20/10/2010 19:52:37 /SUM standelf Map:59 X:41 Y:52
20/10/2010 19:53:50 Transportó a Midraks hacia Mapa1 X:55 Y:79
20/10/2010 19:53:57 Transportó a Midraks hacia Mapa1 X:50 Y:75
20/10/2010 19:54:04 Transportó a Midraks hacia Mapa1 X:50 Y:75
20/10/2010 19:54:04 Transportó a Midraks hacia Mapa1 X:50 Y:75
20/10/2010 19:54:04 Transportó a Midraks hacia Mapa1 X:47 Y:70
20/10/2010 19:54:13 Transportó a Midraks hacia Mapa1 X:54 Y:74
20/10/2010 19:54:14 Transportó a Midraks hacia Mapa1 X:50 Y:75
20/10/2010 19:54:14 Transportó a Midraks hacia Mapa1 X:49 Y:75
20/10/2010 19:54:14 Transportó a Midraks hacia Mapa1 X:45 Y:75
20/10/2010 19:54:25 Transportó a Midraks hacia Mapa1 X:43 Y:78
20/10/2010 19:54:26 Transportó a Midraks hacia Mapa1 X:42 Y:78
20/10/2010 19:54:30 Transportó a Midraks hacia Mapa1 X:49 Y:75
20/10/2010 19:57:56 Se conecto con ip:190.173.209.204
20/10/2010 19:59:02 /MOD BODY 88  midraks
20/10/2010 19:59:22 /SUM standelf Map:1 X:44 Y:80
20/10/2010 19:59:49 /MOD HEAD   midraks
20/10/2010 20:00:20 /MOD BODY 82  midraks
20/10/2010 20:01:23 /MOD BODY 82  midraks
20/10/2010 20:01:57 /MOD BODY 25  midraks
20/10/2010 20:02:05 /MOD BODY 25  midraks
20/10/2010 20:02:17 /MOD BODY 87  midraks
20/10/2010 20:39:29 Se conecto con ip:190.173.209.204
21/10/2010 18:18:35 Se conecto con ip:190.173.209.204
21/10/2010 18:20:19 Se conecto con ip:190.173.209.204
21/10/2010 18:21:54 Se conecto con ip:190.173.209.204
21/10/2010 18:24:34 Agarro:1 Objeto:Descarga Eléctrica
21/10/2010 18:26:34 Se conecto con ip:190.173.209.204
21/10/2010 18:26:48 /MASSKILL
21/10/2010 18:28:49 /INVISIBLE
21/10/2010 18:29:35 /INVISIBLE
21/10/2010 19:55:31 Se conecto con ip:190.173.209.204
21/10/2010 19:55:54 Se conecto con ip:190.173.209.204
21/10/2010 19:56:12 /SUM standelf Map:1 X:68 Y:35
21/10/2010 19:56:18 /IRA standelf Mapa:1 X:56 Y:44
21/10/2010 19:56:48 Tiró cantidad:1 Objeto:Túnica Legendaria
21/10/2010 19:56:52 Tiró cantidad:1 Objeto:Báculo Engarzado
21/10/2010 20:00:38 Se conecto con ip:190.173.209.204
21/10/2010 20:01:04 Transportó a Midraks hacia Mapa1 X:72 Y:25
21/10/2010 20:02:35 Se conecto con ip:190.173.209.204
21/10/2010 20:03:25 Sumoneo Ogro
21/10/2010 20:04:39 /IRA standelf Mapa:1 X:69 Y:26
21/10/2010 20:08:27 /SUM standelf Map:59 X:40 Y:51
21/10/2010 20:08:40 /IRA standelf Mapa:1 X:71 Y:27
21/10/2010 20:09:15 Transportó a Midraks hacia Mapa1 X:69 Y:20
21/10/2010 20:09:19 Transportó a Midraks hacia Mapa1 X:69 Y:18
21/10/2010 20:09:27 Transportó a Midraks hacia Mapa1 X:72 Y:23
21/10/2010 20:09:27 Transportó a Midraks hacia Mapa1 X:75 Y:27
21/10/2010 20:28:17 Se conecto con ip:190.49.154.36
21/10/2010 20:28:27 /INVISIBLE
21/10/2010 20:28:36 /IRA standelf Mapa:59 X:49 Y:51
21/10/2010 20:28:43 Tiró cantidad:1000 Objeto:Poción Roja
21/10/2010 20:28:46 Tiró cantidad:1000 Objeto:Poción Azul
21/10/2010 20:28:58 Tiró cantidad:1 Objeto:Poción Azul
21/10/2010 20:29:01 Tiró cantidad:1 Objeto:Poción Azul
21/10/2010 20:29:05 Tiró cantidad:1 Objeto:Poción Azul
21/10/2010 20:29:08 Tiró cantidad:1 Objeto:Poción Azul
21/10/2010 20:29:30 /INVISIBLE
21/10/2010 20:29:37 /INVISIBLE
21/10/2010 20:30:08 /INVISIBLE
21/10/2010 20:30:19 /SUM standelf Map:59 X:41 Y:46
21/10/2010 20:32:38 /IRA standelf Mapa:1 X:45 Y:83
21/10/2010 20:33:22 Transportó a Midraks hacia Mapa1 X:43 Y:74
21/10/2010 20:33:23 Transportó a Midraks hacia Mapa1 X:43 Y:73
21/10/2010 20:34:04 Transportó a Midraks hacia Mapa1 X:65 Y:73
21/10/2010 20:34:33 /INVISIBLE
21/10/2010 20:34:56 /INVISIBLE
21/10/2010 20:36:42 Agarro:1 Objeto:Túnica de Mago del Imperio
21/10/2010 20:38:36 /CI: 5
21/10/2010 20:38:39 /DEST
21/10/2010 20:39:22 /CI: 988
21/10/2010 20:39:24 /DEST
21/10/2010 20:39:27 /CI: 989
21/10/2010 20:39:33 /DEST
21/10/2010 20:39:40 /CI: 990
21/10/2010 20:39:42 /DEST
21/10/2010 20:39:48 /CI: 995
21/10/2010 20:39:50 Agarro:100 Objeto:Vestimentas Olímpicas (H-M)
21/10/2010 20:39:55 /CI: 999
21/10/2010 20:39:57 Agarro:100 Objeto:Vestimentas Olímpicas (G)
21/10/2010 20:41:49 Transportó a Midraks hacia Mapa1 X:76 Y:87
21/10/2010 20:46:03 Transportó a Midraks hacia Mapa1 X:50 Y:50
21/10/2010 20:46:15 /IRA standelf Mapa:1 X:69 Y:76
21/10/2010 20:46:21 Transportó a Midraks hacia Mapa1 X:76 Y:74
21/10/2010 20:46:21 Transportó a Midraks hacia Mapa1 X:73 Y:75
21/10/2010 20:46:22 Transportó a Midraks hacia Mapa1 X:73 Y:75
21/10/2010 20:46:22 Transportó a Midraks hacia Mapa1 X:71 Y:77
21/10/2010 20:46:22 Transportó a Midraks hacia Mapa1 X:71 Y:77
21/10/2010 20:46:23 Transportó a Midraks hacia Mapa1 X:67 Y:75
21/10/2010 20:46:27 Mensaje Broadcast:asd
21/10/2010 20:46:41 Mensaje Broadcast:Asen pt, conectatee!!
21/10/2010 20:50:44 Transportó a Midraks hacia Mapa1 X:50 Y:50
21/10/2010 20:50:48 /IRA standelf Mapa:1 X:77 Y:77
21/10/2010 20:51:00 Transportó a Midraks hacia Mapa1 X:50 Y:50
21/10/2010 20:51:03 Transportó a Midraks hacia Mapa1 X:57 Y:56
21/10/2010 20:51:03 Transportó a Midraks hacia Mapa1 X:57 Y:56
21/10/2010 20:51:03 Transportó a Midraks hacia Mapa1 X:62 Y:60
21/10/2010 20:51:03 Transportó a Midraks hacia Mapa1 X:62 Y:61
21/10/2010 20:51:03 Transportó a Midraks hacia Mapa1 X:67 Y:65
21/10/2010 20:51:03 Transportó a Midraks hacia Mapa1 X:66 Y:66
21/10/2010 20:51:04 Transportó a Midraks hacia Mapa1 X:69 Y:69
21/10/2010 20:51:04 Transportó a Midraks hacia Mapa1 X:66 Y:70
21/10/2010 20:51:04 Transportó a Midraks hacia Mapa1 X:69 Y:73
21/10/2010 20:51:04 Transportó a Midraks hacia Mapa1 X:69 Y:77
21/10/2010 20:51:07 Transportó a Midraks hacia Mapa1 X:78 Y:75
21/10/2010 20:51:10 Transportó a Midraks hacia Mapa1 X:75 Y:70
21/10/2010 20:51:12 Transportó a Midraks hacia Mapa1 X:71 Y:74
21/10/2010 20:51:16 Transportó a Midraks hacia Mapa1 X:73 Y:77
21/10/2010 20:51:17 Transportó a Midraks hacia Mapa1 X:74 Y:78
21/10/2010 20:51:17 Transportó a Midraks hacia Mapa1 X:77 Y:80
21/10/2010 20:51:17 Transportó a Midraks hacia Mapa1 X:77 Y:80
21/10/2010 20:51:18 Transportó a Midraks hacia Mapa1 X:76 Y:78
21/10/2010 20:51:18 Transportó a Midraks hacia Mapa1 X:74 Y:78
21/10/2010 20:51:18 Transportó a Midraks hacia Mapa1 X:73 Y:76
21/10/2010 20:51:18 Transportó a Midraks hacia Mapa1 X:71 Y:74
21/10/2010 20:51:19 Transportó a Midraks hacia Mapa1 X:69 Y:75
21/10/2010 20:57:19 Se conecto con ip:190.49.154.36
21/10/2010 20:59:35 /IRA standelf Mapa:1 X:70 Y:23
21/10/2010 20:59:42 /IRA nyrcou Mapa:59 X:54 Y:53
21/10/2010 20:59:56 Transportó a Midraks hacia Mapa59 X:56 Y:52
21/10/2010 20:59:58 Transportó a Midraks hacia Mapa59 X:62 Y:58
21/10/2010 21:00:01 Transportó a Midraks hacia Mapa59 X:60 Y:56
21/10/2010 21:00:02 Transportó a Midraks hacia Mapa59 X:58 Y:55
21/10/2010 21:00:02 Transportó a Midraks hacia Mapa59 X:53 Y:52
21/10/2010 21:00:55 Mensaje Broadcast:a ver quien se la banca..
21/10/2010 21:01:07 /IRA standelf Mapa:1 X:69 Y:26
21/10/2010 21:17:26 Se conecto con ip:190.49.154.36
29/10/2010 07:51:47 p.m. Se conecto con ip:190.173.205.45
29/10/2010 07:53:40 p.m. Se conecto con ip:190.173.205.45
31/12/2010 19:31:02 Se conecto con ip:190.173.222.199
31/12/2010 19:31:17 Se conecto con ip:190.173.222.199
31/12/2010 19:31:42 Transportó a Midraks hacia Mapa1 X:50 Y:50
31/12/2010 19:31:46 /IRA standelf Mapa:1 X:26 Y:25
31/12/2010 19:32:03 Transportó a Midraks hacia Mapa1 X:30 Y:24
31/12/2010 19:32:04 Transportó a Midraks hacia Mapa1 X:34 Y:24
31/12/2010 19:32:15 Transportó a Midraks hacia Mapa1 X:33 Y:26
31/12/2010 19:32:15 Transportó a Midraks hacia Mapa1 X:33 Y:29
31/12/2010 19:32:16 Transportó a Midraks hacia Mapa1 X:35 Y:27
31/12/2010 19:32:17 Transportó a Midraks hacia Mapa1 X:34 Y:24
31/12/2010 19:32:17 Transportó a Midraks hacia Mapa1 X:33 Y:21
31/12/2010 19:32:18 Transportó a Midraks hacia Mapa1 X:32 Y:23
