02/01/2011 14:05:07 Se conecto con ip:190.16.51.202
02/01/2011 14:05:14 Transportó a MiniStand hacia Mapa1 X:56 Y:46
02/01/2011 14:07:00 Se conecto con ip:190.16.51.202
02/01/2011 14:10:36 Se conecto con ip:190.16.51.202
02/01/2011 14:11:32 Transportó a MiniStand hacia Mapa1 X:57 Y:46
02/01/2011 14:11:40 Sumoneó a Ogro en mapa 1
02/01/2011 14:11:46 Transportó a MiniStand hacia Mapa1 X:60 Y:47
02/01/2011 14:11:54 Transportó a MiniStand hacia Mapa1 X:58 Y:51
02/01/2011 14:11:55 Transportó a MiniStand hacia Mapa1 X:58 Y:51
02/01/2011 14:14:41 Se conecto con ip:190.16.51.202
02/01/2011 14:14:45 Transportó a MiniStand hacia Mapa1 X:57 Y:43
02/01/2011 14:14:45 Transportó a MiniStand hacia Mapa1 X:53 Y:43
02/01/2011 14:14:45 Transportó a MiniStand hacia Mapa1 X:49 Y:44
02/01/2011 14:14:47 Transportó a MiniStand hacia Mapa1 X:49 Y:48
02/01/2011 14:15:24 /CI: 525
02/01/2011 14:15:26 Agarro:100 Objeto:Túnica Combinada (E/G)
02/01/2011 14:15:37 /CI: 383
02/01/2011 14:15:39 Agarro:100 Objeto:Sombrero Mágico
02/01/2011 14:15:47 /CI: 660
02/01/2011 14:15:48 Agarro:100 Objeto:Báculo Engarzado
02/01/2011 14:15:51 /CI: 400
02/01/2011 14:15:52 Agarro:100 Objeto:Vara de Mago
02/01/2011 14:15:58 /CI: 700
02/01/2011 14:15:58 Agarro:100 Objeto:Anillo de los Dioses
02/01/2011 14:16:51 /CI: 554
02/01/2011 14:16:56 /CI: 554
02/01/2011 14:17:00 Trigger 6 en mapa 34 37,90
02/01/2011 14:17:03 Trigger 6 en mapa 34 36,90
02/01/2011 14:17:48 /CI: 532
02/01/2011 14:18:07 Agarro:100 Objeto:Apocalipsis
02/01/2011 14:18:29 /CI: 206
02/01/2011 14:18:30 Agarro:100 Objeto:Paralizar
02/01/2011 14:18:42 /CI: 207
02/01/2011 14:18:42 Agarro:100 Objeto:Devolver Movilidad
02/01/2011 14:21:04 /CI: 530
02/01/2011 14:21:05 Agarro:100 Objeto:Inmovilizar
02/01/2011 14:29:52 Tiró cantidad:1 Objeto:Anillo de los Dioses
02/01/2011 14:29:54 Transportó a MiniStand hacia Mapa34 X:35 Y:92
02/01/2011 14:29:54 Agarro:1 Objeto:Anillo de los Dioses
02/01/2011 14:30:58 /CI: 203
02/01/2011 14:30:58 Agarro:100 Objeto:Curar Heridas Graves
02/01/2011 14:41:35 Se conecto con ip:190.16.51.202
02/01/2011 14:41:47 Transportó a MiniStand hacia Mapa34 X:34 Y:91
02/01/2011 14:41:52 Transportó a MiniStand hacia Mapa34 X:37 Y:87
02/01/2011 14:41:52 Transportó a MiniStand hacia Mapa34 X:36 Y:86
02/01/2011 14:41:53 Transportó a MiniStand hacia Mapa34 X:36 Y:85
08/02/2011 22:28:13 Se conecto con ip:127.0.0.1
08/02/2011 22:28:47 Se conecto con ip:127.0.0.1
