19/10/2010 10:57:41 Se conecto con ip:190.48.158.201
19/10/2010 10:57:55 Transportó a Nyrcou hacia Mapa1 X:56 Y:46
19/10/2010 10:57:55 Transportó a Nyrcou hacia Mapa1 X:54 Y:46
19/10/2010 10:57:56 Transportó a Nyrcou hacia Mapa1 X:52 Y:48
19/10/2010 10:57:56 Transportó a Nyrcou hacia Mapa1 X:50 Y:48
19/10/2010 10:57:56 Transportó a Nyrcou hacia Mapa1 X:47 Y:50
19/10/2010 10:57:56 Transportó a Nyrcou hacia Mapa1 X:50 Y:50
19/10/2010 10:57:57 Transportó a Nyrcou hacia Mapa1 X:52 Y:53
19/10/2010 10:57:57 Transportó a Nyrcou hacia Mapa1 X:55 Y:55
19/10/2010 10:57:57 Transportó a Nyrcou hacia Mapa1 X:54 Y:54
19/10/2010 10:57:57 Transportó a Nyrcou hacia Mapa1 X:52 Y:52
19/10/2010 10:57:58 Transportó a Nyrcou hacia Mapa1 X:49 Y:48
19/10/2010 10:59:11 Transportó a Nyrcou hacia Mapa1 X:55 Y:55
19/10/2010 10:59:12 Transportó a Nyrcou hacia Mapa1 X:59 Y:59
19/10/2010 10:59:14 Transportó a Nyrcou hacia Mapa1 X:70 Y:61
19/10/2010 10:59:15 Transportó a Nyrcou hacia Mapa1 X:68 Y:55
19/10/2010 10:59:15 Transportó a Nyrcou hacia Mapa1 X:65 Y:50
19/10/2010 10:59:16 Transportó a Nyrcou hacia Mapa1 X:64 Y:46
19/10/2010 10:59:16 Transportó a Nyrcou hacia Mapa1 X:66 Y:45
19/10/2010 10:59:17 Transportó a Nyrcou hacia Mapa1 X:72 Y:45
19/10/2010 10:59:18 Transportó a Nyrcou hacia Mapa1 X:79 Y:45
19/10/2010 10:59:20 Transportó a Nyrcou hacia Mapa1 X:69 Y:40
19/10/2010 10:59:21 Transportó a Nyrcou hacia Mapa1 X:63 Y:36
19/10/2010 10:59:24 Transportó a Nyrcou hacia Mapa1 X:54 Y:38
19/10/2010 10:59:24 Transportó a Nyrcou hacia Mapa1 X:54 Y:39
19/10/2010 10:59:24 Transportó a Nyrcou hacia Mapa1 X:52 Y:41
19/10/2010 10:59:25 Transportó a Nyrcou hacia Mapa1 X:50 Y:44
19/10/2010 10:59:26 Transportó a Nyrcou hacia Mapa1 X:52 Y:47
19/10/2010 11:00:19 Mensaje a Gms:¬
19/10/2010 11:01:03 Mensaje a Gms:asd
19/10/2010 11:01:05 Mensaje Broadcast:asd
19/10/2010 11:02:42 /INVISIBLE
19/10/2010 11:02:43 /INVISIBLE
19/10/2010 11:03:03 /LLUVIA
19/10/2010 11:03:24 Transportó a Nyrcou hacia Mapa1 X:56 Y:48
19/10/2010 11:03:30 Transportó a Nyrcou hacia Mapa1 X:52 Y:44
19/10/2010 11:03:54 /LLUVIA
19/10/2010 11:03:56 /LLUVIA
19/10/2010 11:04:30 /LLUVIA
19/10/2010 11:05:01 Transportó a Nyrcou hacia Mapa1 X:50 Y:50
19/10/2010 11:05:10 Transportó a Nyrcou hacia Mapa32 X:40 Y:40
19/10/2010 11:05:46 Transportó a Nyrcou hacia Mapa32 X:14 Y:46
19/10/2010 11:05:56 Transportó a Nyrcou hacia Mapa34 X:50 Y:50
19/10/2010 11:06:03 Transportó a Nyrcou hacia Mapa34 X:66 Y:46
19/10/2010 11:06:07 Transportó a Nyrcou hacia Mapa1 X:50 Y:50
19/10/2010 11:08:09 Transportó a Nyrcou hacia Mapa1 X:38 Y:29
19/10/2010 11:09:50 Transportó a Nyrcou hacia Mapa1 X:56 Y:31
19/10/2010 11:09:51 Transportó a Nyrcou hacia Mapa1 X:64 Y:29
19/10/2010 11:10:50 Transportó a Nyrcou hacia Mapa1 X:71 Y:32
19/10/2010 11:10:53 Transportó a Nyrcou hacia Mapa1 X:70 Y:27
19/10/2010 11:11:02 Transportó a Nyrcou hacia Mapa1 X:50 Y:50
19/10/2010 11:11:25 Tiró cantidad:10000 Objeto:Monedas de Oro
19/10/2010 22:39:56 Se conecto con ip:190.48.185.65
19/10/2010 22:40:22 Transportó a Nyrcou hacia Mapa1 X:48 Y:45
19/10/2010 22:41:59 Dijo: no me funciona
19/10/2010 22:42:02 Dijo: el ira :(
19/10/2010 22:42:14 Dijo: Che
19/10/2010 22:42:22 Dijo:  
19/10/2010 22:42:25 Dijo: Yo soy clero :B
19/10/2010 22:42:38 Dijo: No tengo nada :_
19/10/2010 22:42:54 Dijo: Desca
19/10/2010 22:42:56 Dijo: DESCAAAAAAAAAA
19/10/2010 22:42:57 Transportó a Nyrcou hacia Mapa1 X:55 Y:47
19/10/2010 22:42:59 Transportó a Nyrcou hacia Mapa1 X:60 Y:54
19/10/2010 22:43:36 /LLUVIA
19/10/2010 22:43:55 Transportó a Nyrcou hacia Mapa1 X:67 Y:47
19/10/2010 22:43:57 Transportó a Nyrcou hacia Mapa1 X:76 Y:45
19/10/2010 22:43:58 Transportó a Nyrcou hacia Mapa1 X:76 Y:51
19/10/2010 22:43:59 Transportó a Nyrcou hacia Mapa1 X:73 Y:58
19/10/2010 22:44:00 Transportó a Nyrcou hacia Mapa1 X:63 Y:59
19/10/2010 22:44:02 Transportó a Nyrcou hacia Mapa1 X:63 Y:65
19/10/2010 22:44:03 Transportó a Nyrcou hacia Mapa1 X:65 Y:70
19/10/2010 22:44:04 Transportó a Nyrcou hacia Mapa1 X:67 Y:73
19/10/2010 22:44:08 Transportó a Nyrcou hacia Mapa1 X:50 Y:50
19/10/2010 22:44:12 Transportó a Nyrcou hacia Mapa1 X:50 Y:48
19/10/2010 22:44:16 /LLUVIA
19/10/2010 22:44:31 Dijo: Echis ?
19/10/2010 22:44:40 Agarro:1 Objeto:Paralizar
19/10/2010 22:44:47 Dijo: Ya ta
19/10/2010 22:44:49 Dijo: Con esto gano
19/10/2010 22:45:26 Resucito a nyrcou
19/10/2010 22:45:28 Dijo: no puedo hacer
19/10/2010 22:45:30 Dijo: Nada más que eso :_
19/10/2010 22:45:39 Dijo:  
19/10/2010 22:53:24 Se conecto con ip:190.48.185.65
19/10/2010 22:54:05 Agarro:100 Objeto:Espada de Plata
19/10/2010 22:54:05 Agarro:1 Objeto:Túnica de Druida
19/10/2010 22:54:15 Agarro:100 Objeto:Casco de Plata
19/10/2010 22:54:27 Agarro:100 Objeto:Escudo de Plata
19/10/2010 22:54:41 Transportó a Nyrcou hacia Mapa1 X:62 Y:60
19/10/2010 22:54:42 Transportó a Nyrcou hacia Mapa1 X:57 Y:55
19/10/2010 22:54:57 Tiró cantidad:400 Objeto:Poción Amarilla
19/10/2010 22:54:57 Agarro:400 Objeto:Poción Amarilla
19/10/2010 22:54:59 Tiró cantidad:400 Objeto:Poción Amarilla
19/10/2010 22:55:00 Tiró cantidad:100 Objeto:Escudo de Plata
19/10/2010 22:55:00 Agarro:400 Objeto:Poción Amarilla
19/10/2010 22:55:01 Tiró cantidad:200 Objeto:Poción Verde
19/10/2010 22:55:01 Agarro:200 Objeto:Poción Verde
19/10/2010 22:55:02 Agarro:100 Objeto:Escudo de Plata
19/10/2010 22:55:14 /CI: 115
19/10/2010 22:55:17 /DEST
19/10/2010 22:55:33 Sumoneó a Thorkis en mapa 1
19/10/2010 22:55:50 Agarro:100 Objeto:Descarga Eléctrica
19/10/2010 22:56:15 Sumoneó a Carpintero en mapa 1
19/10/2010 22:56:29 Sumoneó a Tellez en mapa 1
19/10/2010 22:56:36 Sumoneó a Guardia Imperial en mapa 1
19/10/2010 22:56:56 Agarro:1 Objeto:Apocalipsis
19/10/2010 22:56:56 Agarro:1 Objeto:Proyectil Mágico
19/10/2010 22:56:57 Agarro:1 Objeto:Paralizar
19/10/2010 22:56:57 Agarro:1 Objeto:Devolver Movilidad
19/10/2010 23:00:36 Resucito a nyrcou
19/10/2010 23:02:57 Resucito a nyrcou
19/10/2010 23:03:34 Transportó a Nyrcou hacia Mapa1 X:58 Y:49
19/10/2010 23:03:37 /IRA asen Mapa:1 X:61 Y:54
19/10/2010 23:06:30 Resucito a nyrcou
19/10/2010 23:07:54 Resucito a nyrcou
19/10/2010 23:08:17 Mensaje a Gms:dueliamos o q?
19/10/2010 23:09:37 /IRA asen Mapa:59 X:42 Y:47
19/10/2010 23:09:49 /INVISIBLE
19/10/2010 23:09:55 Resucito a asen
19/10/2010 23:10:00 /SUM asen Map:59 X:50 Y:50
19/10/2010 23:10:03 /SUM asen Map:59 X:50 Y:50
19/10/2010 23:10:06 /SUM asen Map:59 X:50 Y:51
19/10/2010 23:10:09 /SUM asen Map:59 X:50 Y:51
19/10/2010 23:10:15 /SUM asen Map:59 X:50 Y:51
19/10/2010 23:10:26 /INVISIBLE
19/10/2010 23:10:31 /SUM standelf Map:59 X:49 Y:52
19/10/2010 23:13:50 Se conecto con ip:190.48.185.65
19/10/2010 23:15:38 Transportó a Nyrcou hacia Mapa59 X:47 Y:50
19/10/2010 23:24:35 Transportó a Nyrcou hacia Mapa1 X:50 Y:50
19/10/2010 23:26:05 Transportó a Nyrcou hacia Mapa1 X:58 Y:46
19/10/2010 23:26:05 Transportó a Nyrcou hacia Mapa1 X:55 Y:47
19/10/2010 23:26:06 Transportó a Nyrcou hacia Mapa1 X:50 Y:49
19/10/2010 23:26:06 Transportó a Nyrcou hacia Mapa1 X:51 Y:50
19/10/2010 23:26:07 Transportó a Nyrcou hacia Mapa1 X:52 Y:51
21/10/2010 20:55:02 Se conecto con ip:190.48.177.252
21/10/2010 20:55:30 /IRA fheret Mapa:8 X:74 Y:18
21/10/2010 20:55:34 Dijo: :O
21/10/2010 20:55:37 Dijo: Que son esas luces xD?
21/10/2010 20:55:46 Dijo: Como va :P?
21/10/2010 20:55:59 Transportó a Nyrcou hacia Mapa8 X:77 Y:25
21/10/2010 20:56:08 Dijo: Yo no brillo :(
21/10/2010 20:56:27 Transportó a Nyrcou hacia Mapa9 X:14 Y:21
21/10/2010 20:56:38 Dijo: :O
21/10/2010 20:56:42 Dijo: Yo qiero una :R
21/10/2010 20:56:50 Dijo: Todos brillan menos yo :(
21/10/2010 20:57:04 Agarro:1 Objeto:Túnica de Mago del Imperio
21/10/2010 20:57:07 Dijo: :D
21/10/2010 20:57:14 Dijo: Soy re lindo :$
21/10/2010 20:57:51 Dijo: a mi si se me lagueo xd
21/10/2010 20:58:51 Transportó a Nyrcou hacia Mapa1 X:68 Y:23
21/10/2010 20:59:03 Dijo: Le avisaste a FeR?
21/10/2010 20:59:57 Dijo: XQ?
21/10/2010 21:00:09 Dijo: REloguea
21/10/2010 21:00:25 Resucito a midraks
21/10/2010 21:01:19 Dijo: St
21/10/2010 21:01:29 Dijo: En que cambia el inventario din{amico?
21/10/2010 21:01:34 Dijo:  
21/10/2010 21:01:42 Dijo: Puse la opcion y no paso nada :P
21/10/2010 21:01:58 Dijo: Ah :P
21/10/2010 21:02:14 Dijo: Es vdd
21/10/2010 21:03:13 Resucito a nyrcou
21/10/2010 21:03:14 Dijo: xd
21/10/2010 21:03:16 Dijo: Ahora
21/10/2010 21:03:18 Dijo: Sin piedad
21/10/2010 21:04:31 Resucito a midraks
21/10/2010 21:05:59 Resucito a midraks
21/10/2010 21:06:06 Dijo: jajajaja
21/10/2010 21:06:11 Dijo: me tendria
21/10/2010 21:06:13 Dijo: q aver echo
21/10/2010 21:06:14 Dijo: mago
21/10/2010 21:06:19 Dijo: Dios no puedo hacer la tilde
21/10/2010 21:06:30 Dijo: {a
21/10/2010 21:06:31 Dijo:  
21/10/2010 21:06:32 Dijo: [A
21/10/2010 21:06:33 Dijo:  
21/10/2010 21:06:38 Dijo: Se :P
21/10/2010 21:06:46 Dijo: Los intervalos
21/10/2010 21:06:48 Dijo: como est{an?
21/10/2010 21:07:16 Transportó a Nyrcou hacia Mapa1 X:70 Y:23
21/10/2010 21:07:27 Dijo: :O dale
21/10/2010 21:08:45 Dijo: De merlo vos?
21/10/2010 21:08:59 Transportó a Nyrcou hacia Mapa1 X:76 Y:25
21/10/2010 21:09:17 Dijo: ah ni conosco :P
21/10/2010 21:09:54 /INVISIBLE
21/10/2010 21:09:56 /INVISIBLE
21/10/2010 21:10:22 /IRA fheret Mapa:1 X:71 Y:24
21/10/2010 21:10:36 Dijo: Que es drag y drop :P?
21/10/2010 21:10:42 Tiró cantidad:1 Objeto:Poción Azul
21/10/2010 21:10:43 Agarro:1 Objeto:Poción Azul
21/10/2010 21:10:48 Tiró cantidad:99 Objeto:Descarga Eléctrica
21/10/2010 21:11:09 Agarro:99 Objeto:Descarga Eléctrica
21/10/2010 21:11:27 Dijo: Dale
21/10/2010 21:11:28 Dijo: nos vemos
21/10/2010 21:11:30 Dijo: Cuidat
21/10/2010 21:12:15 Numero enemigos en mapa 1
21/10/2010 21:12:54 Tiró cantidad:1 Objeto:Paralizar
21/10/2010 21:13:26 Sumoneo Ogro
21/10/2010 21:13:26 Sumoneo Ogro
21/10/2010 21:14:39 Numero enemigos en mapa 1
21/10/2010 21:15:08 Transportó a Nyrcou hacia Mapa1 X:25 Y:52
21/10/2010 21:15:35 Transportó a Nyrcou hacia Mapa1 X:28 Y:56
21/10/2010 21:15:36 Transportó a Nyrcou hacia Mapa1 X:20 Y:58
21/10/2010 21:15:37 Transportó a Nyrcou hacia Mapa1 X:20 Y:62
21/10/2010 21:15:38 Transportó a Nyrcou hacia Mapa1 X:20 Y:66
21/10/2010 21:15:38 Transportó a Nyrcou hacia Mapa1 X:22 Y:69
21/10/2010 21:15:39 Transportó a Nyrcou hacia Mapa1 X:25 Y:73
21/10/2010 21:15:42 Transportó a Nyrcou hacia Mapa1 X:29 Y:79
21/10/2010 21:15:48 Transportó a Nyrcou hacia Mapa1 X:41 Y:77
21/10/2010 21:15:51 Transportó a Nyrcou hacia Mapa1 X:35 Y:76
21/10/2010 21:15:53 Transportó a Nyrcou hacia Mapa1 X:29 Y:69
21/10/2010 21:15:55 Transportó a Nyrcou hacia Mapa1 X:24 Y:66
21/10/2010 21:15:57 Transportó a Nyrcou hacia Mapa1 X:20 Y:67
21/10/2010 21:16:01 Transportó a Nyrcou hacia Mapa1 X:50 Y:50
27/10/2010 20:54:01 Se conecto con ip:190.48.181.18
27/10/2010 20:54:08 Transportó a Nyrcou hacia Mapa1 X:53 Y:52
27/10/2010 20:55:19 Dijo: sd
27/10/2010 20:55:20 Dijo:  
27/10/2010 20:55:35 Agarro:1 Objeto:Túnica de Mago Oscuro
27/10/2010 20:55:44 Dijo: ta re sarpada :P
27/10/2010 20:56:02 Dijo: Ta
27/10/2010 20:56:02 Dijo:  
27/10/2010 20:56:21 Dijo: Vso sos Facu?
27/10/2010 20:56:39 Dijo: Se
27/10/2010 20:56:46 Dijo: :P
27/10/2010 20:56:51 Dijo: Che las meditacioens están buenas?
27/10/2010 20:57:01 Dijo:  
27/10/2010 20:57:05 Dijo: xD
27/10/2010 20:57:05 Dijo:  
27/10/2010 20:57:24 Dijo: oks
27/10/2010 20:57:24 Dijo:  
27/10/2010 20:57:29 Dijo: JAJAJAJa
27/10/2010 20:57:31 Dijo:  
27/10/2010 20:57:48 Dijo: Me tengo q acostumbrar
27/10/2010 20:57:53 Dijo: A las interfaces :P
27/10/2010 20:58:13 Dijo: se
27/10/2010 20:58:17 Dijo: Es como más chica XD
27/10/2010 20:58:31 Dijo: Igual te acostumbrás
27/10/2010 20:59:27 Dijo: Peren q saco efectos asi me anda mejor
27/10/2010 20:59:51 Dijo: No puedo xd
27/10/2010 20:59:52 Dijo:  
27/10/2010 21:00:21 Dijo: ahí está
27/10/2010 21:00:23 Dijo:  
27/10/2010 21:00:52 Dijo: Asen
27/10/2010 21:00:58 Dijo: Poneme una head Fachera
27/10/2010 21:02:08 Dijo: Y les damos?
27/10/2010 21:02:10 Dijo:  
27/10/2010 21:02:26 Dijo: Yo donde?
27/10/2010 21:02:44 Dijo: aca?
27/10/2010 21:02:45 Dijo:  
27/10/2010 21:02:59 Dijo: ok
27/10/2010 21:03:00 Dijo:  
27/10/2010 21:03:19 Dijo: Ecepto yo
27/10/2010 21:03:23 Dijo: el más powis
27/10/2010 21:03:28 Dijo:  
27/10/2010 21:04:07 Dijo: Mira lo que nos encontramos aquí.
27/10/2010 21:04:14 Dijo: Mira lo que nos encontramos aquí.
27/10/2010 21:04:33 Dijo: Espera
27/10/2010 21:04:34 Dijo: Tenes
27/10/2010 21:04:38 Dijo: Perá
27/10/2010 21:04:39 Dijo:  
27/10/2010 21:05:00 Dijo: ES UNA CIUDAD NEUTRAL!
27/10/2010 21:05:10 Dijo: Mira lo que nos encontramos aquí.
27/10/2010 21:05:12 Dijo: ES UNA CIUDAD NEUTRAL!
27/10/2010 21:05:15 Dijo: Mira lo que nos encontramos aquí.
27/10/2010 21:05:24 Dijo: ES UNA CIUDAD NEUTRAL!
27/10/2010 21:05:26 Dijo: ES UNA CIUDAD NEUTRAL!
27/10/2010 21:05:31 Dijo: JAJA
27/10/2010 21:05:32 Dijo:  
27/10/2010 21:05:56 Dijo: Matamos al tavernero?
27/10/2010 21:06:06 Dijo: Mira lo que nos encontramos aquí.
27/10/2010 21:06:08 Dijo: ES UNA CIUDAD NEUTRAL!
27/10/2010 21:06:19 Dijo: Ensallemos
27/10/2010 21:06:27 Dijo: ok
27/10/2010 21:06:29 Dijo:  
27/10/2010 21:06:42 Dijo: Si
27/10/2010 21:07:28 Dijo: Abrís vos eh
27/10/2010 21:07:30 Dijo:  
27/10/2010 21:07:57 Dijo: Mira lo que nos encontramos aquí.
27/10/2010 21:08:16 Dijo: ES UNA CIUDAD NEUTRAL!
27/10/2010 21:08:31 Dijo: ES UNA CIUDAD NEUTRAL!
27/10/2010 21:09:44 Dijo: Mira lo que nos encontramos aquí.
27/10/2010 21:09:50 Dijo: ES UNA CIUDAD NEUTRAL!
27/10/2010 21:10:13 Dijo: 1 mas atrás vos
27/10/2010 21:10:22 Dijo: Guiate con las sillas >
27/10/2010 21:10:25 Dijo: Y la pared xD
27/10/2010 21:10:29 Dijo: por eso
27/10/2010 21:10:31 Dijo: 4ta fila
27/10/2010 21:10:35 Dijo:  
27/10/2010 21:10:37 Dijo: de sillas
27/10/2010 21:10:41 Dijo: neh
27/10/2010 21:10:42 Dijo: yo me guio
27/10/2010 21:10:52 Dijo: sisi
27/10/2010 21:10:58 Dijo: 1 más, si sale perfecto gravamos
27/10/2010 21:11:06 Dijo: yo voy aca
27/10/2010 21:11:34 Agarro:1 Objeto:Apocalipsis
27/10/2010 21:11:44 Dijo: se
27/10/2010 21:11:48 Transportó a Nyrcou hacia Mapa60 X:70 Y:35
27/10/2010 21:12:09 Dijo: Mira lo que nos encontramos aquí.
27/10/2010 21:12:13 Dijo: ES UNA CIUDAD NEUTRAL!
27/10/2010 21:12:21 Dijo: le erre
27/10/2010 21:12:22 Dijo: xD
27/10/2010 21:12:24 Dijo:  
27/10/2010 21:12:31 Dijo: jaja q bldo
27/10/2010 21:12:34 Dijo: se
27/10/2010 21:12:36 Transportó a Nyrcou hacia Mapa60 X:69 Y:33
27/10/2010 21:13:22 Dijo: da
27/10/2010 21:13:23 Dijo:  
27/10/2010 21:13:27 Dijo: AJKAJA se re enojaba
27/10/2010 21:13:38 Transportó a Nyrcou hacia Mapa60 X:69 Y:35
27/10/2010 21:13:48 Dijo: JAJA si mortal
27/10/2010 21:13:49 Dijo:  
27/10/2010 21:14:27 Dijo: Mira lo que nos encontramos aquí.
27/10/2010 21:14:28 Dijo: DJKASDJKASDJKSDAasd
27/10/2010 21:14:28 Dijo:  
27/10/2010 21:14:36 Dijo: SADJASDKSDa
27/10/2010 21:14:43 Dijo: che
27/10/2010 21:14:47 Dijo: q cuando ataqemos manden lluvia
27/10/2010 21:14:49 Dijo: na mejor no
27/10/2010 21:15:01 Dijo: cuando tengamos q atacar
27/10/2010 21:15:01 Dijo:  
27/10/2010 21:15:05 Dijo: o cuando entremos nosotros
27/10/2010 21:15:21 Dijo: Yo estoy
27/10/2010 21:15:22 Dijo:  
27/10/2010 21:15:29 Dijo: nono
27/10/2010 21:15:33 Dijo: es mejor q apenas entremos nosotros
27/10/2010 21:15:35 Dijo: llueva
27/10/2010 21:15:50 Dijo: yo pongo lluvia
27/10/2010 21:15:56 Dijo: oks
27/10/2010 21:16:13 Dijo: Cuando vos decis ya
27/10/2010 21:16:16 Dijo: manda la lluvia
27/10/2010 21:16:17 Dijo:  
27/10/2010 21:16:32 Dijo: JAJA
27/10/2010 21:16:33 Dijo:  
27/10/2010 21:16:50 Dijo: Mira lo que nos encontramos aquí.
27/10/2010 21:16:50 Dijo: ES UNA CIUDAD NEUTRAL!
27/10/2010 21:16:51 Dijo:  
27/10/2010 21:17:14 Dijo: Mira lo que nos encontramos aquí.
27/10/2010 21:17:18 Dijo: Mira lo que nos encontramos aquí.
27/10/2010 21:17:19 Dijo: ES UNA CIUDAD NEUTRAL!
27/10/2010 21:17:19 Dijo: Mira lo que nos encontramos aquí.
27/10/2010 21:17:19 Dijo: ES UNA CIUDAD NEUTRAL!
27/10/2010 21:17:19 Dijo: Mira lo que nos encontramos aquí.
27/10/2010 21:17:19 Dijo: ES UNA CIUDAD NEUTRAL!
27/10/2010 21:17:19 Dijo: Mira lo que nos encontramos aquí.
27/10/2010 21:17:19 Dijo: ES UNA CIUDAD NEUTRAL!
27/10/2010 21:17:20 Dijo: Mira lo que nos encontramos aquí.
27/10/2010 21:17:20 Dijo: ES UNA CIUDAD NEUTRAL!
27/10/2010 21:17:20 Dijo: Mira lo que nos encontramos aquí.
27/10/2010 21:17:20 Dijo: ES UNA CIUDAD NEUTRAL!
27/10/2010 21:17:20 Dijo: Mira lo que nos encontramos aquí.
27/10/2010 21:17:20 Dijo: ES UNA CIUDAD NEUTRAL!
27/10/2010 21:17:20 Dijo: Mira lo que nos encontramos aquí.
27/10/2010 21:17:20 Dijo: ES UNA CIUDAD NEUTRAL!
27/10/2010 21:17:21 Dijo: Mira lo que nos encontramos aquí.
27/10/2010 21:17:21 Dijo: ES UNA CIUDAD NEUTRAL!
27/10/2010 21:17:21 Dijo: Mira lo que nos encontramos aquí.
27/10/2010 21:17:21 Dijo: ES UNA CIUDAD NEUTRAL!
27/10/2010 21:17:21 Dijo: Mira lo que nos encontramos aquí.
27/10/2010 21:17:21 Dijo: ES UNA CIUDAD NEUTRAL!
27/10/2010 21:17:21 Dijo: Mira lo que nos encontramos aquí.
27/10/2010 21:17:21 Dijo: ES UNA CIUDAD NEUTRAL!
27/10/2010 21:17:22 Dijo: Mira lo que nos encontramos aquí.
27/10/2010 21:17:22 Dijo: ES UNA CIUDAD NEUTRAL!
27/10/2010 21:17:22 Dijo: Mira lo que nos encontramos aquí.
27/10/2010 21:17:22 Dijo: ES UNA CIUDAD NEUTRAL!
27/10/2010 21:17:22 Dijo: Mira lo que nos encontramos aquí.
27/10/2010 21:17:22 Dijo: ES UNA CIUDAD NEUTRAL!
27/10/2010 21:17:22 Dijo: Mira lo que nos encontramos aquí.
27/10/2010 21:17:22 Dijo: ES UNA CIUDAD NEUTRAL!
27/10/2010 21:17:23 Dijo: Mira lo que nos encontramos aquí.
27/10/2010 21:17:23 Dijo: ES UNA CIUDAD NEUTRAL!
27/10/2010 21:17:23 Dijo: Mira lo que nos encontramos aquí.
27/10/2010 21:17:23 Dijo: ES UNA CIUDAD NEUTRAL!
27/10/2010 21:17:23 Dijo: Mira lo que nos encontramos aquí.
27/10/2010 21:17:23 Dijo: ES UNA CIUDAD NEUTRAL!
27/10/2010 21:17:23 Dijo: Mira lo que nos encontramos aquí.
27/10/2010 21:17:24 Dijo:  
27/10/2010 21:17:39 Dijo: Qerés q abra yo?
27/10/2010 21:17:54 Dijo: a si
27/10/2010 21:17:56 Dijo: nono
27/10/2010 21:17:57 Dijo:  
27/10/2010 21:17:58 Dijo: no se xd
27/10/2010 21:17:58 Dijo:  
27/10/2010 21:18:27 Dijo: es increible xD
27/10/2010 21:18:40 Dijo: ta borracho
27/10/2010 21:18:45 Dijo: NO LE TENIAS Q DAR ANTES DE GRABAR
27/10/2010 21:18:51 Dijo: _JAAJ
27/10/2010 21:18:51 Dijo:  
27/10/2010 21:19:32 Dijo: xd
27/10/2010 21:19:33 Dijo:  
27/10/2010 21:19:37 Dijo: feu yo fue yo
27/10/2010 21:19:39 Transportó a Nyrcou hacia Mapa60 X:69 Y:33
27/10/2010 21:19:46 Dijo: yoyo
27/10/2010 21:19:47 Dijo: vos
27/10/2010 21:19:49 Dijo: laza abre
27/10/2010 21:19:52 Dijo:  
27/10/2010 21:19:54 Dijo: ssiis
27/10/2010 21:19:56 Dijo: yo me equivoq xd
27/10/2010 21:19:56 Dijo:  
27/10/2010 21:20:32 Transportó a Nyrcou hacia Mapa60 X:68 Y:43
27/10/2010 21:20:33 Transportó a Nyrcou hacia Mapa60 X:69 Y:39
27/10/2010 21:20:58 Dijo: Mira lo que nos encontramos aquí.
27/10/2010 21:21:01 Dijo: ES UNA CIUDAD NEUTRAL!
27/10/2010 21:21:13 Dijo: esa parte no la dijeron
27/10/2010 21:21:32 Dijo: qedamos re petes :(
27/10/2010 21:21:37 Resucito a nyrcou
27/10/2010 21:21:41 Dijo: Ah xD
27/10/2010 21:21:42 Dijo:  
27/10/2010 21:21:46 Dijo: Che
27/10/2010 21:21:50 Dijo:  
27/10/2010 21:21:54 Dijo: los mato
27/10/2010 21:21:58 Resucito a nyrcou
27/10/2010 21:22:09 Resucito a nyrcou
27/10/2010 21:22:10 Dijo: mama
27/10/2010 21:22:11 Transportó a Nyrcou hacia Mapa60 X:66 Y:18
27/10/2010 21:22:13 Transportó a Nyrcou hacia Mapa60 X:65 Y:13
27/10/2010 21:22:20 Transportó a Nyrcou hacia Mapa60 X:66 Y:17
27/10/2010 21:22:24 Transportó a Nyrcou hacia Mapa60 X:64 Y:20
27/10/2010 21:22:34 Resucito a standelf
27/10/2010 21:22:43 Dijo: JAJAa
27/10/2010 21:22:45 Dijo: Desp pone
27/10/2010 21:22:51 Dijo: "agraecimientos a lazarith por los bloopers.2
27/10/2010 21:23:04 Transportó a Nyrcou hacia Mapa60 X:67 Y:29
27/10/2010 21:23:05 Transportó a Nyrcou hacia Mapa60 X:65 Y:34
27/10/2010 21:23:26 Dijo: che
27/10/2010 21:23:28 Dijo: voy a comer
27/10/2010 21:23:31 Mensaje a Gms:voy a comer
27/10/2010 21:23:36 Dijo: grax :P
