01/06/2010 21:24:24 Se conecto con ip:190.174.218.60
01/06/2010 21:25:39 Agarro:1 Objeto:Cuchillas
01/06/2010 21:25:40 Agarro:1 Objeto:Sombrero Pirata
01/06/2010 21:30:45 Se conecto con ip:190.174.218.60
01/06/2010 21:32:32 Agarro:1 Objeto:Vestimentas Comunes
01/06/2010 21:33:21 /CI: 123
01/06/2010 21:33:23 Agarro:1 Objeto:Vara de Fresno
01/06/2010 21:33:23 Agarro:1 Objeto:Pescado
01/06/2010 21:33:24 Agarro:100 Objeto:Espada Vikinga
01/06/2010 21:33:25 Agarro:1 Objeto:Poción Azul
01/06/2010 21:33:40 Agarro:1 Objeto:Mochila de Viajero
01/06/2010 21:34:57 /CI: 1342
01/06/2010 21:34:59 Agarro:1 Objeto:Cuchillas
01/06/2010 21:35:01 Agarro:93 Objeto:Cuchillas
01/06/2010 21:35:06 /CI: 132
01/06/2010 21:35:08 Agarro:100 Objeto:Casco de Hierro
01/06/2010 21:35:12 /CI: 145
01/06/2010 21:35:55 /CI: 542
01/06/2010 21:35:58 Agarro:100 Objeto:Aturdir
01/06/2010 21:36:19 Agarro:1 Objeto:Apocalipsis
01/06/2010 21:36:47 /CI: 550
01/06/2010 21:36:54 Agarro:100 Objeto:Porrón de cerveza
01/06/2010 21:36:57 /CI: 890
01/06/2010 21:37:00 Agarro:100 Objeto:Armadura de Cuero de Oso Pardo (H/E/EO)
01/06/2010 21:37:04 /CI: 987
01/06/2010 21:37:15 /CI: 43
01/06/2010 21:37:16 Agarro:100 Objeto:Botella de Agua
01/06/2010 21:37:19 /CI: 1
01/06/2010 21:37:20 Agarro:1 Objeto:Descarga Eléctrica
01/06/2010 21:37:21 Agarro:98 Objeto:Descarga Eléctrica
01/06/2010 21:37:24 Agarro:99 Objeto:Inmovilizar
01/06/2010 21:37:29 Agarro:8 Objeto:Proyectil Mágico
01/06/2010 21:37:32 Agarro:6 Objeto:Curar Heridas Leves
01/06/2010 21:37:42 Agarro:2 Objeto:Flecha Eléctrica
01/06/2010 21:37:42 Agarro:8 Objeto:Invocación de Ultratumba
01/06/2010 21:38:06 Agarro:98 Objeto:Apocalipsis
01/06/2010 21:39:13 Tiró cantidad:1 Objeto:Flecha Eléctrica
01/06/2010 21:39:22 Tiró cantidad:1 Objeto:Curar Heridas Leves
01/06/2010 21:39:27 Tiró cantidad:1 Objeto:Curar Heridas Leves
01/06/2010 21:39:28 Tiró cantidad:1 Objeto:Curar Heridas Leves
01/06/2010 21:39:30 Tiró cantidad:1 Objeto:Curar Heridas Leves
01/06/2010 21:39:33 Tiró cantidad:1 Objeto:Curar Heridas Leves
01/06/2010 21:39:35 Agarro:1 Objeto:Guantes de Lucha
01/06/2010 21:39:51 Agarro:1 Objeto:Casco de Tigre
01/06/2010 21:39:57 Tiró cantidad:7 Objeto:Proyectil Mágico
01/06/2010 21:40:00 Tiró cantidad:98 Objeto:Inmovilizar
01/06/2010 21:40:06 /CI: 123
01/06/2010 21:40:12 /CI: 234
01/06/2010 21:40:19 /CI: 345
01/06/2010 21:43:14 Transportó a Tonchitoz hacia Mapa45 X:36 Y:47
01/06/2010 21:43:16 Transportó a Tonchitoz hacia Mapa45 X:38 Y:48
01/06/2010 21:43:17 Transportó a Tonchitoz hacia Mapa45 X:38 Y:46
01/06/2010 21:43:18 Transportó a Tonchitoz hacia Mapa45 X:37 Y:46
01/06/2010 21:43:20 Transportó a Tonchitoz hacia Mapa45 X:38 Y:46
01/06/2010 21:43:21 Transportó a Tonchitoz hacia Mapa45 X:37 Y:46
01/06/2010 21:43:22 Transportó a Tonchitoz hacia Mapa45 X:38 Y:46
01/06/2010 21:43:23 Transportó a Tonchitoz hacia Mapa45 X:37 Y:46
01/06/2010 21:43:24 Transportó a Tonchitoz hacia Mapa45 X:38 Y:46
01/06/2010 21:43:24 Transportó a Tonchitoz hacia Mapa45 X:39 Y:47
01/06/2010 21:43:25 Transportó a Tonchitoz hacia Mapa45 X:39 Y:48
01/06/2010 21:43:25 Transportó a Tonchitoz hacia Mapa45 X:39 Y:49
01/06/2010 21:43:25 Transportó a Tonchitoz hacia Mapa45 X:39 Y:50
01/06/2010 21:43:26 Transportó a Tonchitoz hacia Mapa45 X:38 Y:50
01/06/2010 21:43:26 Transportó a Tonchitoz hacia Mapa45 X:38 Y:50
01/06/2010 21:43:26 Transportó a Tonchitoz hacia Mapa45 X:37 Y:50
01/06/2010 21:43:26 Transportó a Tonchitoz hacia Mapa45 X:37 Y:49
01/06/2010 21:43:27 Transportó a Tonchitoz hacia Mapa45 X:37 Y:49
01/06/2010 21:43:27 Transportó a Tonchitoz hacia Mapa45 X:37 Y:48
01/06/2010 21:43:27 Transportó a Tonchitoz hacia Mapa45 X:38 Y:48
01/06/2010 21:43:27 Transportó a Tonchitoz hacia Mapa45 X:37 Y:46
01/06/2010 21:43:28 Transportó a Tonchitoz hacia Mapa45 X:37 Y:45
01/06/2010 21:43:28 Transportó a Tonchitoz hacia Mapa45 X:38 Y:46
01/06/2010 21:43:28 Transportó a Tonchitoz hacia Mapa45 X:38 Y:46
01/06/2010 21:43:28 Transportó a Tonchitoz hacia Mapa45 X:38 Y:48
01/06/2010 21:43:29 Transportó a Tonchitoz hacia Mapa45 X:37 Y:46
01/06/2010 21:43:29 Transportó a Tonchitoz hacia Mapa45 X:37 Y:47
01/06/2010 21:43:29 Transportó a Tonchitoz hacia Mapa45 X:39 Y:46
01/06/2010 21:43:30 Transportó a Tonchitoz hacia Mapa45 X:40 Y:47
01/06/2010 21:43:31 Transportó a Tonchitoz hacia Mapa45 X:38 Y:46
01/06/2010 21:43:31 Transportó a Tonchitoz hacia Mapa45 X:37 Y:46
01/06/2010 21:43:32 Transportó a Tonchitoz hacia Mapa45 X:37 Y:47
01/06/2010 21:43:32 Transportó a Tonchitoz hacia Mapa45 X:38 Y:48
01/06/2010 21:43:32 Transportó a Tonchitoz hacia Mapa45 X:38 Y:48
01/06/2010 21:43:33 Transportó a Tonchitoz hacia Mapa45 X:38 Y:48
01/06/2010 21:43:33 Transportó a Tonchitoz hacia Mapa45 X:38 Y:47
01/06/2010 21:43:33 Transportó a Tonchitoz hacia Mapa45 X:38 Y:47
01/06/2010 21:43:33 Transportó a Tonchitoz hacia Mapa45 X:37 Y:45
01/06/2010 21:43:34 Transportó a Tonchitoz hacia Mapa45 X:37 Y:44
01/06/2010 21:43:34 Transportó a Tonchitoz hacia Mapa45 X:37 Y:43
01/06/2010 21:43:34 Transportó a Tonchitoz hacia Mapa45 X:37 Y:44
01/06/2010 21:43:35 Transportó a Tonchitoz hacia Mapa45 X:37 Y:44
01/06/2010 21:43:35 Transportó a Tonchitoz hacia Mapa45 X:37 Y:44
01/06/2010 21:43:35 Transportó a Tonchitoz hacia Mapa45 X:37 Y:44
01/06/2010 21:43:35 Transportó a Tonchitoz hacia Mapa45 X:37 Y:44
01/06/2010 21:43:36 Transportó a Tonchitoz hacia Mapa45 X:37 Y:44
01/06/2010 21:43:36 Transportó a Tonchitoz hacia Mapa45 X:37 Y:44
01/06/2010 21:43:37 Transportó a Tonchitoz hacia Mapa45 X:37 Y:44
01/06/2010 21:43:37 Transportó a Tonchitoz hacia Mapa45 X:37 Y:44
01/06/2010 21:43:37 Transportó a Tonchitoz hacia Mapa45 X:37 Y:44
01/06/2010 21:43:38 Transportó a Tonchitoz hacia Mapa45 X:37 Y:44
01/06/2010 21:43:38 Transportó a Tonchitoz hacia Mapa45 X:37 Y:44
01/06/2010 21:43:38 Transportó a Tonchitoz hacia Mapa45 X:37 Y:44
01/06/2010 21:43:39 Transportó a Tonchitoz hacia Mapa45 X:37 Y:44
01/06/2010 21:43:39 Transportó a Tonchitoz hacia Mapa45 X:37 Y:44
01/06/2010 21:43:40 Transportó a Tonchitoz hacia Mapa45 X:37 Y:44
01/06/2010 21:43:40 Transportó a Tonchitoz hacia Mapa45 X:37 Y:44
01/06/2010 21:43:40 Transportó a Tonchitoz hacia Mapa45 X:38 Y:44
04/06/2010 21:32:19 Se conecto con ip:190.174.232.86
04/06/2010 21:32:59 Transportó a Tonchitoz hacia Mapa290 X:34 Y:60
04/06/2010 21:34:28 Transportó a Tonchitoz hacia Mapa290 X:15 Y:52
04/06/2010 21:34:30 Transportó a Tonchitoz hacia Mapa290 X:17 Y:50
05/06/2010 1:23:06 Se conecto con ip:190.174.232.86
05/06/2010 1:28:56 Sumoneó a Sacerdote en mapa 1
05/06/2010 1:29:04 Sumoneó a Guardia Imperial en mapa 1
05/06/2010 1:29:22 Sumoneó a Gallo en mapa 1
05/06/2010 13:17:51 Se conecto con ip:190.16.39.132
05/06/2010 13:18:04 Trigger 6 en mapa 180 51,48
05/06/2010 13:18:54 Tiró cantidad:1 Objeto:Porrón de cerveza
05/06/2010 13:19:09 Transportó a Tonchitoz hacia Mapa180 X:49 Y:48
05/06/2010 13:19:12 Transportó a Tonchitoz hacia Mapa180 X:41 Y:46
05/06/2010 13:19:14 Transportó a Tonchitoz hacia Mapa180 X:38 Y:45
05/06/2010 13:19:14 Transportó a Tonchitoz hacia Mapa180 X:40 Y:43
05/06/2010 13:19:15 Transportó a Tonchitoz hacia Mapa180 X:43 Y:41
05/06/2010 13:19:16 Transportó a Tonchitoz hacia Mapa180 X:45 Y:41
05/06/2010 13:19:28 Transportó a Tonchitoz hacia Mapa180 X:47 Y:42
05/06/2010 13:19:29 Transportó a Tonchitoz hacia Mapa180 X:49 Y:43
05/06/2010 13:19:30 Transportó a Tonchitoz hacia Mapa180 X:50 Y:48
27/07/2010 19:45:38 Se conecto con ip:190.174.211.14
27/07/2010 19:46:55 Transportó a tonchitoz hacia Mapa5 X:45 Y:70
27/07/2010 19:46:56 Transportó a tonchitoz hacia Mapa5 X:44 Y:75
27/07/2010 19:46:56 Transportó a tonchitoz hacia Mapa5 X:43 Y:80
27/07/2010 19:46:57 Transportó a tonchitoz hacia Mapa5 X:42 Y:85
27/07/2010 19:46:58 Transportó a tonchitoz hacia Mapa5 X:41 Y:90
27/07/2010 19:47:01 Transportó a tonchitoz hacia Mapa5 X:40 Y:93
