
 .:: Blisse-AO 16/11/2012 - 10:34:08 a.m. Cliente Iniciado ::. 
Blisse-AO Protocol Debug:  Unknown Command /SALIT (16/11/2012 - 10:34:28 a.m.).

 .:: Blisse-AO 17/11/2012 - 07:10:15 p.m. Cliente Iniciado ::. 
Blisse-AO Protocol Debug:  Unknown Command /AMBIENT (17/11/2012 - 07:12:08 p.m.).

 .:: Blisse-AO 17/11/2012 - 07:13:24 p.m. Cliente Iniciado ::. 
Blisse-AO Protocol Debug:  Unknown Command /TESTER (17/11/2012 - 07:13:38 p.m.).
Blisse-AO Protocol Debug:  Unknown Command /TESTER (17/11/2012 - 07:13:48 p.m.).
Blisse-AO Protocol Debug:  Unknown Command /TESTER (17/11/2012 - 07:13:58 p.m.).

 .:: Blisse-AO 19/11/2012 - 10:55:48 a.m. Cliente Iniciado ::. 
Blisse-AO Protocol Debug:  Unknown Command /SALI (19/11/2012 - 10:57:51 a.m.).

 .:: Blisse-AO 22/11/2012 - 11:03:45 a.m. Cliente Iniciado ::. 
Blisse-AO DirectX Engine Debug:  Error in Engine_Calculate_Polygon,  (0) (22/11/2012 - 11:04:00 a.m.).
Blisse-AO DirectX Engine Debug:  Error in Engine_Calculate_Polygon,  (0) (22/11/2012 - 11:04:00 a.m.).
Blisse-AO DirectX Engine Debug:  Error in Engine_Calculate_Polygon,  (0) (22/11/2012 - 11:04:00 a.m.).
Blisse-AO DirectX Engine Debug:  Error in Engine_Calculate_Polygon,  (0) (22/11/2012 - 11:04:00 a.m.).
Blisse-AO DirectX Engine Debug:  Error in Engine_Calculate_Polygon,  (0) (22/11/2012 - 11:04:00 a.m.).
Blisse-AO DirectX Engine Debug:  Error in Engine_Calculate_Polygon,  (0) (22/11/2012 - 11:04:00 a.m.).
Blisse-AO DirectX Engine Debug:  Error in Engine_Calculate_Polygon,  (0) (22/11/2012 - 11:04:00 a.m.).
Blisse-AO DirectX Engine Debug:  Error in Engine_Calculate_Polygon,  (0) (22/11/2012 - 11:04:00 a.m.).
Blisse-AO DirectX Engine Debug:  Error in Engine_Calculate_Polygon,  (0) (22/11/2012 - 11:04:00 a.m.).
Blisse-AO DirectX Engine Debug:  Error in Engine_Calculate_Polygon,  (0) (22/11/2012 - 11:04:00 a.m.).
Blisse-AO DirectX Engine Debug:  Error in Engine_Calculate_Polygon,  (0) (22/11/2012 - 11:04:00 a.m.).
Blisse-AO DirectX Engine Debug:  Error in Engine_Calculate_Polygon,  (0) (22/11/2012 - 11:04:00 a.m.).
Blisse-AO DirectX Engine Debug:  Error in Engine_Calculate_Polygon,  (0) (22/11/2012 - 11:04:00 a.m.).
Blisse-AO DirectX Engine Debug:  Error in Engine_Calculate_Polygon,  (0) (22/11/2012 - 11:04:00 a.m.).
Blisse-AO DirectX Engine Debug:  Error in Engine_Calculate_Polygon,  (0) (22/11/2012 - 11:04:00 a.m.).
Blisse-AO DirectX Engine Debug:  Error in Engine_Calculate_Polygon,  (0) (22/11/2012 - 11:04:00 a.m.).
Blisse-AO DirectX Engine Debug:  Error in Engine_Calculate_Polygon,  (0) (22/11/2012 - 11:04:00 a.m.).
Blisse-AO DirectX Engine Debug:  Error in Engine_Calculate_Polygon,  (0) (22/11/2012 - 11:04:00 a.m.).
Blisse-AO DirectX Engine Debug:  Error in Engine_Calculate_Polygon,  (0) (22/11/2012 - 11:04:00 a.m.).
Blisse-AO DirectX Engine Debug:  Error in Engine_Calculate_Polygon,  (0) (22/11/2012 - 11:04:00 a.m.).
Blisse-AO DirectX Engine Debug:  Error in Engine_Calculate_Polygon,  (0) (22/11/2012 - 11:04:00 a.m.).
Blisse-AO DirectX Engine Debug:  Error in Engine_Calculate_Polygon,  (0) (22/11/2012 - 11:04:00 a.m.).
Blisse-AO DirectX Engine Debug:  Error in Engine_Calculate_Polygon,  (0) (22/11/2012 - 11:04:00 a.m.).
Blisse-AO DirectX Engine Debug:  Error in Engine_Calculate_Polygon,  (0) (22/11/2012 - 11:04:00 a.m.).
Blisse-AO DirectX Engine Debug:  Error in Engine_Calculate_Polygon,  (0) (22/11/2012 - 11:04:00 a.m.).
Blisse-AO DirectX Engine Debug:  Error in Engine_Calculate_Polygon,  (0) (22/11/2012 - 11:04:00 a.m.).
Blisse-AO DirectX Engine Debug:  Error in Engine_Calculate_Polygon,  (0) (22/11/2012 - 11:04:00 a.m.).
Blisse-AO DirectX Engine Debug:  Error in Engine_Calculate_Polygon,  (0) (22/11/2012 - 11:04:00 a.m.).
Blisse-AO DirectX Engine Debug:  Error in Engine_Calculate_Polygon,  (0) (22/11/2012 - 11:04:00 a.m.).
Blisse-AO DirectX Engine Debug:  Error in Engine_Calculate_Polygon,  (0) (22/11/2012 - 11:04:00 a.m.).
Blisse-AO DirectX Engine Debug:  Error in Engine_Calculate_Polygon,  (0) (22/11/2012 - 11:04:00 a.m.).
Blisse-AO DirectX Engine Debug:  Error in Engine_Calculate_Polygon,  (0) (22/11/2012 - 11:04:00 a.m.).
Blisse-AO DirectX Engine Debug:  Error in Engine_Calculate_Polygon,  (0) (22/11/2012 - 11:04:00 a.m.).
Blisse-AO DirectX Engine Debug:  Error in Engine_Calculate_Polygon,  (0) (22/11/2012 - 11:04:00 a.m.).
Blisse-AO DirectX Engine Debug:  Error in Engine_Calculate_Polygon,  (0) (22/11/2012 - 11:04:00 a.m.).
Blisse-AO DirectX Engine Debug:  Error in Engine_Calculate_Polygon,  (0) (22/11/2012 - 11:04:00 a.m.).
Blisse-AO DirectX Engine Debug:  Error in Engine_Calculate_Polygon,  (0) (22/11/2012 - 11:04:00 a.m.).
Blisse-AO DirectX Engine Debug:  Error in Engine_Calculate_Polygon,  (0) (22/11/2012 - 11:04:00 a.m.).
Blisse-AO DirectX Engine Debug:  Error in Engine_Calculate_Polygon,  (0) (22/11/2012 - 11:04:00 a.m.).
Blisse-AO DirectX Engine Debug:  Error in Engine_Calculate_Polygon,  (0) (22/11/2012 - 11:04:00 a.m.).
Blisse-AO DirectX Engine Debug:  Error in Engine_Calculate_Polygon,  (0) (22/11/2012 - 11:04:00 a.m.).
Blisse-AO DirectX Engine Debug:  Error in Engine_Calculate_Polygon,  (0) (22/11/2012 - 11:04:00 a.m.).
Blisse-AO DirectX Engine Debug:  Error in Engine_Calculate_Polygon,  (0) (22/11/2012 - 11:04:00 a.m.).
Blisse-AO DirectX Engine Debug:  Error in Engine_Calculate_Polygon,  (0) (22/11/2012 - 11:04:00 a.m.).
Blisse-AO DirectX Engine Debug:  Error in Engine_Calculate_Polygon,  (0) (22/11/2012 - 11:04:00 a.m.).
Blisse-AO DirectX Engine Debug:  Error in Engine_Calculate_Polygon,  (0) (22/11/2012 - 11:04:00 a.m.).
Blisse-AO DirectX Engine Debug:  Error in Engine_Calculate_Polygon,  (0) (22/11/2012 - 11:04:00 a.m.).
Blisse-AO DirectX Engine Debug:  Error in Engine_Calculate_Polygon,  (0) (22/11/2012 - 11:04:00 a.m.).
Blisse-AO DirectX Engine Debug:  Error in Engine_Calculate_Polygon,  (0) (22/11/2012 - 11:04:00 a.m.).
Blisse-AO DirectX Engine Debug:  Error in Engine_Calculate_Polygon,  (0) (22/11/2012 - 11:04:00 a.m.).
Blisse-AO DirectX Engine Debug:  Error in Engine_Calculate_Polygon,  (0) (22/11/2012 - 11:04:00 a.m.).
Blisse-AO DirectX Engine Debug:  Error in Engine_Calculate_Polygon,  (0) (22/11/2012 - 11:04:00 a.m.).
Blisse-AO DirectX Engine Debug:  Error in Engine_Calculate_Polygon,  (0) (22/11/2012 - 11:04:00 a.m.).
Blisse-AO DirectX Engine Debug:  Error in Engine_Calculate_Polygon,  (0) (22/11/2012 - 11:04:00 a.m.).
Blisse-AO DirectX Engine Debug:  Error in Engine_Calculate_Polygon,  (0) (22/11/2012 - 11:04:00 a.m.).
Blisse-AO DirectX Engine Debug:  Error in Engine_Calculate_Polygon,  (0) (22/11/2012 - 11:04:00 a.m.).
Blisse-AO DirectX Engine Debug:  Error in Engine_Calculate_Polygon,  (0) (22/11/2012 - 11:04:00 a.m.).
Blisse-AO DirectX Engine Debug:  Error in Engine_Calculate_Polygon,  (0) (22/11/2012 - 11:04:00 a.m.).
Blisse-AO DirectX Engine Debug:  Error in Engine_Calculate_Polygon,  (0) (22/11/2012 - 11:04:00 a.m.).
Blisse-AO DirectX Engine Debug:  Error in Engine_Calculate_Polygon,  (0) (22/11/2012 - 11:04:00 a.m.).
Blisse-AO DirectX Engine Debug:  Error in Engine_Calculate_Polygon,  (0) (22/11/2012 - 11:04:00 a.m.).
Blisse-AO DirectX Engine Debug:  Error in Engine_Calculate_Polygon,  (0) (22/11/2012 - 11:04:00 a.m.).
Blisse-AO DirectX Engine Debug:  Error in Engine_Calculate_Polygon,  (0) (22/11/2012 - 11:04:00 a.m.).
Blisse-AO DirectX Engine Debug:  Error in Engine_Calculate_Polygon,  (0) (22/11/2012 - 11:04:00 a.m.).
Blisse-AO DirectX Engine Debug:  Error in Engine_Calculate_Polygon,  (0) (22/11/2012 - 11:04:00 a.m.).
Blisse-AO DirectX Engine Debug:  Error in Engine_Calculate_Polygon,  (0) (22/11/2012 - 11:04:00 a.m.).
Blisse-AO DirectX Engine Debug:  Error in Engine_Calculate_Polygon,  (0) (22/11/2012 - 11:04:00 a.m.).
Blisse-AO DirectX Engine Debug:  Error in Engine_Calculate_Polygon,  (0) (22/11/2012 - 11:04:00 a.m.).
Blisse-AO DirectX Engine Debug:  Error in Engine_Calculate_Polygon,  (0) (22/11/2012 - 11:04:00 a.m.).
Blisse-AO DirectX Engine Debug:  Error in Engine_Calculate_Polygon,  (0) (22/11/2012 - 11:04:00 a.m.).
Blisse-AO DirectX Engine Debug:  Error in Engine_Calculate_Polygon,  (0) (22/11/2012 - 11:04:00 a.m.).
Blisse-AO DirectX Engine Debug:  Error in Engine_Calculate_Polygon,  (0) (22/11/2012 - 11:04:00 a.m.).
Blisse-AO DirectX Engine Debug:  Error in Engine_Calculate_Polygon,  (0) (22/11/2012 - 11:04:00 a.m.).
Blisse-AO DirectX Engine Debug:  Error in Engine_Calculate_Polygon,  (0) (22/11/2012 - 11:04:00 a.m.).
Blisse-AO DirectX Engine Debug:  Error in Engine_Calculate_Polygon,  (0) (22/11/2012 - 11:04:00 a.m.).
Blisse-AO DirectX Engine Debug:  Error in Engine_Calculate_Polygon,  (0) (22/11/2012 - 11:04:00 a.m.).
Blisse-AO DirectX Engine Debug:  Error in Engine_Calculate_Polygon,  (0) (22/11/2012 - 11:04:00 a.m.).
Blisse-AO DirectX Engine Debug:  Error in Engine_Calculate_Polygon,  (0) (22/11/2012 - 11:04:00 a.m.).
Blisse-AO DirectX Engine Debug:  Error in Engine_Calculate_Polygon,  (0) (22/11/2012 - 11:04:00 a.m.).
Blisse-AO DirectX Engine Debug:  Error in Engine_Calculate_Polygon,  (0) (22/11/2012 - 11:04:00 a.m.).
Blisse-AO DirectX Engine Debug:  Error in Engine_Calculate_Polygon,  (0) (22/11/2012 - 11:04:00 a.m.).
Blisse-AO DirectX Engine Debug:  Error in Engine_Calculate_Polygon,  (0) (22/11/2012 - 11:04:00 a.m.).
Blisse-AO DirectX Engine Debug:  Error in Engine_Calculate_Polygon,  (0) (22/11/2012 - 11:04:00 a.m.).
Blisse-AO DirectX Engine Debug:  Error in Engine_Calculate_Polygon,  (0) (22/11/2012 - 11:04:00 a.m.).
Blisse-AO DirectX Engine Debug:  Error in Engine_Calculate_Polygon,  (0) (22/11/2012 - 11:04:00 a.m.).
Blisse-AO DirectX Engine Debug:  Error in Engine_Calculate_Polygon,  (0) (22/11/2012 - 11:04:00 a.m.).
Blisse-AO DirectX Engine Debug:  Error in Engine_Calculate_Polygon,  (0) (22/11/2012 - 11:04:00 a.m.).
Blisse-AO DirectX Engine Debug:  Error in Engine_Calculate_Polygon,  (0) (22/11/2012 - 11:04:00 a.m.).
Blisse-AO DirectX Engine Debug:  Error in Engine_Calculate_Polygon,  (0) (22/11/2012 - 11:04:00 a.m.).
Blisse-AO DirectX Engine Debug:  Error in Engine_Calculate_Polygon,  (0) (22/11/2012 - 11:04:00 a.m.).
Blisse-AO DirectX Engine Debug:  Error in Engine_Calculate_Polygon,  (0) (22/11/2012 - 11:04:00 a.m.).
Blisse-AO DirectX Engine Debug:  Error in Engine_Calculate_Polygon,  (0) (22/11/2012 - 11:04:00 a.m.).
Blisse-AO DirectX Engine Debug:  Error in Engine_Calculate_Polygon,  (0) (22/11/2012 - 11:04:00 a.m.).
Blisse-AO DirectX Engine Debug:  Error in Engine_Calculate_Polygon,  (0) (22/11/2012 - 11:04:00 a.m.).
Blisse-AO DirectX Engine Debug:  Error in Engine_Calculate_Polygon,  (0) (22/11/2012 - 11:04:00 a.m.).
Blisse-AO DirectX Engine Debug:  Error in Engine_Calculate_Polygon,  (0) (22/11/2012 - 11:04:00 a.m.).
Blisse-AO DirectX Engine Debug:  Error in Engine_Calculate_Polygon,  (0) (22/11/2012 - 11:04:00 a.m.).
Blisse-AO DirectX Engine Debug:  Error in Engine_Calculate_Polygon,  (0) (22/11/2012 - 11:04:00 a.m.).
Blisse-AO DirectX Engine Debug:  Error in Engine_Calculate_Polygon,  (0) (22/11/2012 - 11:04:00 a.m.).
Blisse-AO DirectX Engine Debug:  Error in Engine_Calculate_Polygon,  (0) (22/11/2012 - 11:04:00 a.m.).
Blisse-AO DirectX Engine Debug:  Error in Engine_Calculate_Polygon,  (0) (22/11/2012 - 11:04:00 a.m.).
Blisse-AO DirectX Engine Debug:  Error in Engine_Calculate_Polygon,  (0) (22/11/2012 - 11:04:00 a.m.).
Blisse-AO DirectX Engine Debug:  Error in Engine_Calculate_Polygon,  (0) (22/11/2012 - 11:04:00 a.m.).
Blisse-AO DirectX Engine Debug:  Error in Engine_Calculate_Polygon,  (0) (22/11/2012 - 11:04:00 a.m.).
Blisse-AO DirectX Engine Debug:  Error in Engine_Calculate_Polygon,  (0) (22/11/2012 - 11:04:00 a.m.).
Blisse-AO DirectX Engine Debug:  Error in Engine_Calculate_Polygon,  (0) (22/11/2012 - 11:04:00 a.m.).
Blisse-AO DirectX Engine Debug:  Error in Engine_Calculate_Polygon,  (0) (22/11/2012 - 11:04:00 a.m.).
Blisse-AO DirectX Engine Debug:  Error in Engine_Calculate_Polygon,  (0) (22/11/2012 - 11:04:00 a.m.).
Blisse-AO DirectX Engine Debug:  Error in Engine_Calculate_Polygon,  (0) (22/11/2012 - 11:04:00 a.m.).
Blisse-AO DirectX Engine Debug:  Error in Engine_Calculate_Polygon,  (0) (22/11/2012 - 11:04:00 a.m.).
Blisse-AO DirectX Engine Debug:  Error in Engine_Calculate_Polygon,  (0) (22/11/2012 - 11:04:00 a.m.).
Blisse-AO DirectX Engine Debug:  Error in Engine_Calculate_Polygon,  (0) (22/11/2012 - 11:04:00 a.m.).
Blisse-AO DirectX Engine Debug:  Error in Engine_Calculate_Polygon,  (0) (22/11/2012 - 11:04:00 a.m.).
Blisse-AO DirectX Engine Debug:  Error in Engine_Calculate_Polygon,  (0) (22/11/2012 - 11:04:00 a.m.).
Blisse-AO DirectX Engine Debug:  Error in Engine_Calculate_Polygon,  (0) (22/11/2012 - 11:04:00 a.m.).
Blisse-AO DirectX Engine Debug:  Error in Engine_Calculate_Polygon,  (0) (22/11/2012 - 11:04:00 a.m.).
Blisse-AO DirectX Engine Debug:  Error in Engine_Calculate_Polygon,  (0) (22/11/2012 - 11:04:00 a.m.).
Blisse-AO DirectX Engine Debug:  Error in Engine_Calculate_Polygon,  (0) (22/11/2012 - 11:04:00 a.m.).
Blisse-AO DirectX Engine Debug:  Error in Engine_Calculate_Polygon,  (0) (22/11/2012 - 11:04:00 a.m.).
Blisse-AO DirectX Engine Debug:  Error in Engine_Calculate_Polygon,  (0) (22/11/2012 - 11:04:00 a.m.).
Blisse-AO DirectX Engine Debug:  Error in Engine_Calculate_Polygon,  (0) (22/11/2012 - 11:04:00 a.m.).
Blisse-AO DirectX Engine Debug:  Error in Engine_Calculate_Polygon,  (0) (22/11/2012 - 11:04:00 a.m.).
Blisse-AO DirectX Engine Debug:  Error in Engine_Calculate_Polygon,  (0) (22/11/2012 - 11:04:00 a.m.).
Blisse-AO DirectX Engine Debug:  Error in Engine_Calculate_Polygon,  (0) (22/11/2012 - 11:04:00 a.m.).
Blisse-AO DirectX Engine Debug:  Error in Engine_Calculate_Polygon,  (0) (22/11/2012 - 11:04:00 a.m.).
Blisse-AO DirectX Engine Debug:  Error in Engine_Calculate_Polygon,  (0) (22/11/2012 - 11:04:00 a.m.).
Blisse-AO DirectX Engine Debug:  Error in Engine_Calculate_Polygon,  (0) (22/11/2012 - 11:04:00 a.m.).
Blisse-AO DirectX Engine Debug:  Error in Engine_Calculate_Polygon,  (0) (22/11/2012 - 11:04:00 a.m.).
Blisse-AO DirectX Engine Debug:  Error in Engine_Calculate_Polygon,  (0) (22/11/2012 - 11:04:00 a.m.).
Blisse-AO DirectX Engine Debug:  Error in Engine_Calculate_Polygon,  (0) (22/11/2012 - 11:04:00 a.m.).
Blisse-AO DirectX Engine Debug:  Error in Engine_Calculate_Polygon,  (0) (22/11/2012 - 11:04:00 a.m.).
Blisse-AO DirectX Engine Debug:  Error in Engine_Calculate_Polygon,  (0) (22/11/2012 - 11:04:00 a.m.).
Blisse-AO DirectX Engine Debug:  Error in Engine_Calculate_Polygon,  (0) (22/11/2012 - 11:04:00 a.m.).
Blisse-AO DirectX Engine Debug:  Error in Engine_Calculate_Polygon,  (0) (22/11/2012 - 11:04:00 a.m.).
Blisse-AO DirectX Engine Debug:  Error in Engine_Calculate_Polygon,  (0) (22/11/2012 - 11:04:00 a.m.).
Blisse-AO DirectX Engine Debug:  Error in Engine_Calculate_Polygon,  (0) (22/11/2012 - 11:04:00 a.m.).
Blisse-AO DirectX Engine Debug:  Error in Engine_Calculate_Polygon,  (0) (22/11/2012 - 11:04:00 a.m.).
Blisse-AO DirectX Engine Debug:  Error in Engine_Calculate_Polygon,  (0) (22/11/2012 - 11:04:00 a.m.).
Blisse-AO DirectX Engine Debug:  Error in Engine_Calculate_Polygon,  (0) (22/11/2012 - 11:04:00 a.m.).
Blisse-AO DirectX Engine Debug:  Error in Engine_Calculate_Polygon,  (0) (22/11/2012 - 11:04:00 a.m.).
Blisse-AO DirectX Engine Debug:  Error in Engine_Calculate_Polygon,  (0) (22/11/2012 - 11:04:00 a.m.).
Blisse-AO DirectX Engine Debug:  Error in Engine_Calculate_Polygon,  (0) (22/11/2012 - 11:04:00 a.m.).
Blisse-AO DirectX Engine Debug:  Error in Engine_Calculate_Polygon,  (0) (22/11/2012 - 11:04:00 a.m.).
Blisse-AO DirectX Engine Debug:  Error in Engine_Calculate_Polygon,  (0) (22/11/2012 - 11:04:00 a.m.).
Blisse-AO DirectX Engine Debug:  Error in Engine_Calculate_Polygon,  (0) (22/11/2012 - 11:04:00 a.m.).
Blisse-AO DirectX Engine Debug:  Error in Engine_Calculate_Polygon,  (0) (22/11/2012 - 11:04:00 a.m.).
Blisse-AO DirectX Engine Debug:  Error in Engine_Calculate_Polygon,  (0) (22/11/2012 - 11:04:00 a.m.).
Blisse-AO DirectX Engine Debug:  Error in Engine_Calculate_Polygon,  (0) (22/11/2012 - 11:04:00 a.m.).
Blisse-AO DirectX Engine Debug:  Error in Engine_Calculate_Polygon,  (0) (22/11/2012 - 11:04:00 a.m.).
Blisse-AO DirectX Engine Debug:  Error in Engine_Calculate_Polygon,  (0) (22/11/2012 - 11:04:00 a.m.).
Blisse-AO DirectX Engine Debug:  Error in Engine_Calculate_Polygon,  (0) (22/11/2012 - 11:04:00 a.m.).
Blisse-AO DirectX Engine Debug:  Error in Engine_Calculate_Polygon,  (0) (22/11/2012 - 11:04:00 a.m.).
Blisse-AO DirectX Engine Debug:  Error in Engine_Calculate_Polygon,  (0) (22/11/2012 - 11:04:00 a.m.).
Blisse-AO DirectX Engine Debug:  Error in Engine_Calculate_Polygon,  (0) (22/11/2012 - 11:04:00 a.m.).
Blisse-AO DirectX Engine Debug:  Error in Engine_Calculate_Polygon,  (0) (22/11/2012 - 11:04:00 a.m.).
Blisse-AO DirectX Engine Debug:  Error in Engine_Calculate_Polygon,  (0) (22/11/2012 - 11:04:00 a.m.).
Blisse-AO DirectX Engine Debug:  Error in Engine_Calculate_Polygon,  (0) (22/11/2012 - 11:04:00 a.m.).
Blisse-AO DirectX Engine Debug:  Error in Engine_Calculate_Polygon,  (0) (22/11/2012 - 11:04:00 a.m.).
Blisse-AO DirectX Engine Debug:  Error in Engine_Calculate_Polygon,  (0) (22/11/2012 - 11:04:00 a.m.).
Blisse-AO DirectX Engine Debug:  Error in Engine_Calculate_Polygon,  (0) (22/11/2012 - 11:04:00 a.m.).
Blisse-AO DirectX Engine Debug:  Error in Engine_Calculate_Polygon,  (0) (22/11/2012 - 11:04:00 a.m.).
Blisse-AO DirectX Engine Debug:  Error in Engine_Calculate_Polygon,  (0) (22/11/2012 - 11:04:00 a.m.).
Blisse-AO DirectX Engine Debug:  Error in Engine_Calculate_Polygon,  (0) (22/11/2012 - 11:04:00 a.m.).
Blisse-AO DirectX Engine Debug:  Error in Engine_Calculate_Polygon,  (0) (22/11/2012 - 11:04:00 a.m.).
Blisse-AO DirectX Engine Debug:  Error in Engine_Calculate_Polygon,  (0) (22/11/2012 - 11:04:00 a.m.).
Blisse-AO DirectX Engine Debug:  Error in Engine_Calculate_Polygon,  (0) (22/11/2012 - 11:04:00 a.m.).
Blisse-AO DirectX Engine Debug:  Error in Engine_Calculate_Polygon,  (0) (22/11/2012 - 11:04:00 a.m.).
Blisse-AO DirectX Engine Debug:  Error in Engine_Calculate_Polygon,  (0) (22/11/2012 - 11:04:00 a.m.).
Blisse-AO DirectX Engine Debug:  Error in Engine_Calculate_Polygon,  (0) (22/11/2012 - 11:04:00 a.m.).
Blisse-AO DirectX Engine Debug:  Error in Engine_Calculate_Polygon,  (0) (22/11/2012 - 11:04:00 a.m.).
Blisse-AO DirectX Engine Debug:  Error in Engine_Calculate_Polygon,  (0) (22/11/2012 - 11:04:00 a.m.).
Blisse-AO DirectX Engine Debug:  Error in Engine_Calculate_Polygon,  (0) (22/11/2012 - 11:04:00 a.m.).
Blisse-AO DirectX Engine Debug:  Error in Engine_Calculate_Polygon,  (0) (22/11/2012 - 11:04:00 a.m.).
Blisse-AO DirectX Engine Debug:  Error in Engine_Calculate_Polygon,  (0) (22/11/2012 - 11:04:00 a.m.).
Blisse-AO DirectX Engine Debug:  Error in Engine_Calculate_Polygon,  (0) (22/11/2012 - 11:04:00 a.m.).
Blisse-AO DirectX Engine Debug:  Error in Engine_Calculate_Polygon,  (0) (22/11/2012 - 11:04:00 a.m.).
Blisse-AO DirectX Engine Debug:  Error in Engine_Calculate_Polygon,  (0) (22/11/2012 - 11:04:00 a.m.).
Blisse-AO DirectX Engine Debug:  Error in Engine_Calculate_Polygon,  (0) (22/11/2012 - 11:04:00 a.m.).
Blisse-AO DirectX Engine Debug:  Error in Engine_Calculate_Polygon,  (0) (22/11/2012 - 11:04:00 a.m.).
Blisse-AO DirectX Engine Debug:  Error in Engine_Calculate_Polygon,  (0) (22/11/2012 - 11:04:00 a.m.).
Blisse-AO DirectX Engine Debug:  Error in Engine_Calculate_Polygon,  (0) (22/11/2012 - 11:04:00 a.m.).
Blisse-AO DirectX Engine Debug:  Error in Engine_Calculate_Polygon,  (0) (22/11/2012 - 11:04:00 a.m.).
Blisse-AO DirectX Engine Debug:  Error in Engine_Calculate_Polygon,  (0) (22/11/2012 - 11:04:00 a.m.).
Blisse-AO DirectX Engine Debug:  Error in Engine_Calculate_Polygon,  (0) (22/11/2012 - 11:04:00 a.m.).
Blisse-AO DirectX Engine Debug:  Error in Engine_Calculate_Polygon,  (0) (22/11/2012 - 11:04:00 a.m.).
Blisse-AO DirectX Engine Debug:  Error in Engine_Calculate_Polygon,  (0) (22/11/2012 - 11:04:00 a.m.).
Blisse-AO DirectX Engine Debug:  Error in Engine_Calculate_Polygon,  (0) (22/11/2012 - 11:04:00 a.m.).
Blisse-AO DirectX Engine Debug:  Error in Engine_Calculate_Polygon,  (0) (22/11/2012 - 11:04:00 a.m.).
Blisse-AO DirectX Engine Debug:  Error in Engine_Calculate_Polygon,  (0) (22/11/2012 - 11:04:00 a.m.).
Blisse-AO DirectX Engine Debug:  Error in Engine_Calculate_Polygon,  (0) (22/11/2012 - 11:04:00 a.m.).
Blisse-AO DirectX Engine Debug:  Error in Engine_Calculate_Polygon,  (0) (22/11/2012 - 11:04:00 a.m.).
Blisse-AO DirectX Engine Debug:  Error in Engine_Calculate_Polygon,  (0) (22/11/2012 - 11:04:00 a.m.).
Blisse-AO DirectX Engine Debug:  Error in Engine_Calculate_Polygon,  (0) (22/11/2012 - 11:04:00 a.m.).
Blisse-AO DirectX Engine Debug:  Error in Engine_Calculate_Polygon,  (0) (22/11/2012 - 11:04:00 a.m.).
Blisse-AO DirectX Engine Debug:  Error in Engine_Calculate_Polygon,  (0) (22/11/2012 - 11:04:00 a.m.).
Blisse-AO DirectX Engine Debug:  Error in Engine_Calculate_Polygon,  (0) (22/11/2012 - 11:04:00 a.m.).
Blisse-AO DirectX Engine Debug:  Error in Engine_Calculate_Polygon,  (0) (22/11/2012 - 11:04:00 a.m.).
Blisse-AO DirectX Engine Debug:  Error in Engine_Calculate_Polygon,  (0) (22/11/2012 - 11:04:00 a.m.).
Blisse-AO DirectX Engine Debug:  Error in Engine_Calculate_Polygon,  (0) (22/11/2012 - 11:04:00 a.m.).
Blisse-AO DirectX Engine Debug:  Error in Engine_Calculate_Polygon,  (0) (22/11/2012 - 11:04:00 a.m.).
Blisse-AO DirectX Engine Debug:  Error in Engine_Calculate_Polygon,  (0) (22/11/2012 - 11:04:00 a.m.).
Blisse-AO DirectX Engine Debug:  Error in Engine_Calculate_Polygon,  (0) (22/11/2012 - 11:04:00 a.m.).
Blisse-AO DirectX Engine Debug:  Error in Engine_Calculate_Polygon,  (0) (22/11/2012 - 11:04:00 a.m.).
Blisse-AO DirectX Engine Debug:  Error in Engine_Calculate_Polygon,  (0) (22/11/2012 - 11:04:00 a.m.).
Blisse-AO DirectX Engine Debug:  Error in Engine_Calculate_Polygon,  (0) (22/11/2012 - 11:04:00 a.m.).
Blisse-AO DirectX Engine Debug:  Error in Engine_Calculate_Polygon,  (0) (22/11/2012 - 11:04:00 a.m.).
Blisse-AO DirectX Engine Debug:  Error in Engine_Calculate_Polygon,  (0) (22/11/2012 - 11:04:00 a.m.).
Blisse-AO DirectX Engine Debug:  Error in Engine_Calculate_Polygon,  (0) (22/11/2012 - 11:04:00 a.m.).
Blisse-AO DirectX Engine Debug:  Error in Engine_Calculate_Polygon,  (0) (22/11/2012 - 11:04:00 a.m.).
Blisse-AO DirectX Engine Debug:  Error in Engine_Calculate_Polygon,  (0) (22/11/2012 - 11:04:00 a.m.).
Blisse-AO DirectX Engine Debug:  Error in Engine_Calculate_Polygon,  (0) (22/11/2012 - 11:04:00 a.m.).
Blisse-AO DirectX Engine Debug:  Error in Engine_Calculate_Polygon,  (0) (22/11/2012 - 11:04:00 a.m.).
Blisse-AO DirectX Engine Debug:  Error in Engine_Calculate_Polygon,  (0) (22/11/2012 - 11:04:00 a.m.).
Blisse-AO DirectX Engine Debug:  Error in Engine_Calculate_Polygon,  (0) (22/11/2012 - 11:04:00 a.m.).
Blisse-AO DirectX Engine Debug:  Error in Engine_Calculate_Polygon,  (0) (22/11/2012 - 11:04:00 a.m.).
Blisse-AO DirectX Engine Debug:  Error in Engine_Calculate_Polygon,  (0) (22/11/2012 - 11:04:00 a.m.).
Blisse-AO DirectX Engine Debug:  Error in Engine_Calculate_Polygon,  (0) (22/11/2012 - 11:04:00 a.m.).
Blisse-AO DirectX Engine Debug:  Error in Engine_Calculate_Polygon,  (0) (22/11/2012 - 11:04:00 a.m.).
Blisse-AO DirectX Engine Debug:  Error in Engine_Calculate_Polygon,  (0) (22/11/2012 - 11:04:00 a.m.).
Blisse-AO DirectX Engine Debug:  Error in Engine_Calculate_Polygon,  (0) (22/11/2012 - 11:04:00 a.m.).
Blisse-AO DirectX Engine Debug:  Error in Engine_Calculate_Polygon,  (0) (22/11/2012 - 11:04:00 a.m.).
Blisse-AO DirectX Engine Debug:  Error in Engine_Calculate_Polygon,  (0) (22/11/2012 - 11:04:00 a.m.).
Blisse-AO DirectX Engine Debug:  Error in Engine_Calculate_Polygon,  (0) (22/11/2012 - 11:04:00 a.m.).
Blisse-AO DirectX Engine Debug:  Error in Engine_Calculate_Polygon,  (0) (22/11/2012 - 11:04:00 a.m.).
Blisse-AO DirectX Engine Debug:  Error in Engine_Calculate_Polygon,  (0) (22/11/2012 - 11:04:00 a.m.).
Blisse-AO DirectX Engine Debug:  Error in Engine_Calculate_Polygon,  (0) (22/11/2012 - 11:04:00 a.m.).
Blisse-AO DirectX Engine Debug:  Error in Engine_Calculate_Polygon,  (0) (22/11/2012 - 11:04:00 a.m.).
Blisse-AO DirectX Engine Debug:  Error in Engine_Calculate_Polygon,  (0) (22/11/2012 - 11:04:00 a.m.).
Blisse-AO DirectX Engine Debug:  Error in Engine_Calculate_Polygon,  (0) (22/11/2012 - 11:04:00 a.m.).
Blisse-AO DirectX Engine Debug:  Error in Engine_Calculate_Polygon,  (0) (22/11/2012 - 11:04:00 a.m.).
Blisse-AO DirectX Engine Debug:  Error in Engine_Calculate_Polygon,  (0) (22/11/2012 - 11:04:00 a.m.).
Blisse-AO DirectX Engine Debug:  Error in Engine_Calculate_Polygon,  (0) (22/11/2012 - 11:04:00 a.m.).
Blisse-AO DirectX Engine Debug:  Error in Engine_Calculate_Polygon,  (0) (22/11/2012 - 11:04:00 a.m.).
Blisse-AO DirectX Engine Debug:  Error in Engine_Calculate_Polygon,  (0) (22/11/2012 - 11:04:00 a.m.).
Blisse-AO DirectX Engine Debug:  Error in Engine_Calculate_Polygon,  (0) (22/11/2012 - 11:04:00 a.m.).
Blisse-AO DirectX Engine Debug:  Error in Engine_Calculate_Polygon,  (0) (22/11/2012 - 11:04:00 a.m.).
Blisse-AO DirectX Engine Debug:  Error in Engine_Calculate_Polygon,  (0) (22/11/2012 - 11:04:00 a.m.).
Blisse-AO DirectX Engine Debug:  Error in Engine_Calculate_Polygon,  (0) (22/11/2012 - 11:04:00 a.m.).
Blisse-AO DirectX Engine Debug:  Error in Engine_Calculate_Polygon,  (0) (22/11/2012 - 11:04:00 a.m.).
Blisse-AO DirectX Engine Debug:  Error in Engine_Calculate_Polygon,  (0) (22/11/2012 - 11:04:00 a.m.).
Blisse-AO DirectX Engine Debug:  Error in Engine_Calculate_Polygon,  (0) (22/11/2012 - 11:04:00 a.m.).
Blisse-AO DirectX Engine Debug:  Error in Engine_Calculate_Polygon,  (0) (22/11/2012 - 11:04:00 a.m.).
Blisse-AO DirectX Engine Debug:  Error in Engine_Calculate_Polygon,  (0) (22/11/2012 - 11:04:00 a.m.).
Blisse-AO DirectX Engine Debug:  Error in Engine_Calculate_Polygon,  (0) (22/11/2012 - 11:04:00 a.m.).
Blisse-AO DirectX Engine Debug:  Error in Engine_Calculate_Polygon,  (0) (22/11/2012 - 11:04:00 a.m.).
Blisse-AO DirectX Engine Debug:  Error in Engine_Calculate_Polygon,  (0) (22/11/2012 - 11:04:00 a.m.).
Blisse-AO DirectX Engine Debug:  Error in Engine_Calculate_Polygon,  (0) (22/11/2012 - 11:04:00 a.m.).
Blisse-AO DirectX Engine Debug:  Error in Engine_Calculate_Polygon,  (0) (22/11/2012 - 11:04:00 a.m.).
Blisse-AO DirectX Engine Debug:  Error in Engine_Calculate_Polygon,  (0) (22/11/2012 - 11:04:00 a.m.).
Blisse-AO DirectX Engine Debug:  Error in Engine_Calculate_Polygon,  (0) (22/11/2012 - 11:04:00 a.m.).
Blisse-AO DirectX Engine Debug:  Error in Engine_Calculate_Polygon,  (0) (22/11/2012 - 11:04:00 a.m.).
Blisse-AO DirectX Engine Debug:  Error in Engine_Calculate_Polygon,  (0) (22/11/2012 - 11:04:00 a.m.).
Blisse-AO DirectX Engine Debug:  Error in Engine_Calculate_Polygon,  (0) (22/11/2012 - 11:04:00 a.m.).
Blisse-AO DirectX Engine Debug:  Error in Engine_Calculate_Polygon,  (0) (22/11/2012 - 11:04:00 a.m.).
Blisse-AO DirectX Engine Debug:  Error in Engine_Calculate_Polygon,  (0) (22/11/2012 - 11:04:00 a.m.).
Blisse-AO DirectX Engine Debug:  Error in Engine_Calculate_Polygon,  (0) (22/11/2012 - 11:04:00 a.m.).
Blisse-AO DirectX Engine Debug:  Error in Engine_Calculate_Polygon,  (0) (22/11/2012 - 11:04:00 a.m.).
Blisse-AO DirectX Engine Debug:  Error in Engine_Calculate_Polygon,  (0) (22/11/2012 - 11:04:00 a.m.).
Blisse-AO DirectX Engine Debug:  Error in Engine_Calculate_Polygon,  (0) (22/11/2012 - 11:04:00 a.m.).
Blisse-AO DirectX Engine Debug:  Error in Engine_Calculate_Polygon,  (0) (22/11/2012 - 11:04:00 a.m.).
Blisse-AO DirectX Engine Debug:  Error in Engine_Calculate_Polygon,  (0) (22/11/2012 - 11:04:00 a.m.).
Blisse-AO DirectX Engine Debug:  Error in Engine_Calculate_Polygon,  (0) (22/11/2012 - 11:04:00 a.m.).
Blisse-AO DirectX Engine Debug:  Error in Engine_Calculate_Polygon,  (0) (22/11/2012 - 11:04:00 a.m.).
Blisse-AO DirectX Engine Debug:  Error in Engine_Calculate_Polygon,  (0) (22/11/2012 - 11:04:00 a.m.).
Blisse-AO DirectX Engine Debug:  Error in Engine_Calculate_Polygon,  (0) (22/11/2012 - 11:04:00 a.m.).
Blisse-AO DirectX Engine Debug:  Error in Engine_Calculate_Polygon,  (0) (22/11/2012 - 11:04:00 a.m.).
Blisse-AO DirectX Engine Debug:  Error in Engine_Calculate_Polygon,  (0) (22/11/2012 - 11:04:00 a.m.).
Blisse-AO DirectX Engine Debug:  Error in Engine_Calculate_Polygon,  (0) (22/11/2012 - 11:04:00 a.m.).
Blisse-AO DirectX Engine Debug:  Error in Engine_Calculate_Polygon,  (0) (22/11/2012 - 11:04:00 a.m.).
Blisse-AO DirectX Engine Debug:  Error in Engine_Calculate_Polygon,  (0) (22/11/2012 - 11:04:00 a.m.).
Blisse-AO DirectX Engine Debug:  Error in Engine_Calculate_Polygon,  (0) (22/11/2012 - 11:04:00 a.m.).
Blisse-AO DirectX Engine Debug:  Error in Engine_Calculate_Polygon,  (0) (22/11/2012 - 11:04:00 a.m.).
Blisse-AO DirectX Engine Debug:  Error in Engine_Calculate_Polygon,  (0) (22/11/2012 - 11:04:00 a.m.).
Blisse-AO DirectX Engine Debug:  Error in Engine_Calculate_Polygon,  (0) (22/11/2012 - 11:04:00 a.m.).
Blisse-AO DirectX Engine Debug:  Error in Engine_Calculate_Polygon,  (0) (22/11/2012 - 11:04:00 a.m.).
Blisse-AO DirectX Engine Debug:  Error in Engine_Calculate_Polygon,  (0) (22/11/2012 - 11:04:00 a.m.).
Blisse-AO DirectX Engine Debug:  Error in Engine_Calculate_Polygon,  (0) (22/11/2012 - 11:04:00 a.m.).
Blisse-AO DirectX Engine Debug:  Error in Engine_Calculate_Polygon,  (0) (22/11/2012 - 11:04:00 a.m.).
Blisse-AO DirectX Engine Debug:  Error in Engine_Calculate_Polygon,  (0) (22/11/2012 - 11:04:00 a.m.).
Blisse-AO DirectX Engine Debug:  Error in Engine_Calculate_Polygon,  (0) (22/11/2012 - 11:04:00 a.m.).
Blisse-AO DirectX Engine Debug:  Error in Engine_Calculate_Polygon,  (0) (22/11/2012 - 11:04:00 a.m.).
Blisse-AO DirectX Engine Debug:  Error in Engine_Calculate_Polygon,  (0) (22/11/2012 - 11:04:00 a.m.).
Blisse-AO DirectX Engine Debug:  Error in Engine_Calculate_Polygon,  (0) (22/11/2012 - 11:04:00 a.m.).
Blisse-AO DirectX Engine Debug:  Error in Engine_Calculate_Polygon,  (0) (22/11/2012 - 11:04:00 a.m.).
Blisse-AO DirectX Engine Debug:  Error in Engine_Calculate_Polygon,  (0) (22/11/2012 - 11:04:00 a.m.).
Blisse-AO DirectX Engine Debug:  Error in Engine_Calculate_Polygon,  (0) (22/11/2012 - 11:04:00 a.m.).
Blisse-AO DirectX Engine Debug:  Error in Engine_Calculate_Polygon,  (0) (22/11/2012 - 11:04:00 a.m.).
Blisse-AO DirectX Engine Debug:  Error in Engine_Calculate_Polygon,  (0) (22/11/2012 - 11:04:00 a.m.).
Blisse-AO DirectX Engine Debug:  Error in Engine_Calculate_Polygon,  (0) (22/11/2012 - 11:04:00 a.m.).
Blisse-AO DirectX Engine Debug:  Error in Engine_Calculate_Polygon,  (0) (22/11/2012 - 11:04:00 a.m.).
Blisse-AO DirectX Engine Debug:  Error in Engine_Calculate_Polygon,  (0) (22/11/2012 - 11:04:00 a.m.).
Blisse-AO DirectX Engine Debug:  Error in Engine_Calculate_Polygon,  (0) (22/11/2012 - 11:04:00 a.m.).
Blisse-AO DirectX Engine Debug:  Error in Engine_Calculate_Polygon,  (0) (22/11/2012 - 11:04:00 a.m.).
Blisse-AO DirectX Engine Debug:  Error in Engine_Calculate_Polygon,  (0) (22/11/2012 - 11:04:00 a.m.).
Blisse-AO DirectX Engine Debug:  Error in Engine_Calculate_Polygon,  (0) (22/11/2012 - 11:04:00 a.m.).
Blisse-AO DirectX Engine Debug:  Error in Engine_Calculate_Polygon,  (0) (22/11/2012 - 11:04:00 a.m.).
Blisse-AO DirectX Engine Debug:  Error in Engine_Calculate_Polygon,  (0) (22/11/2012 - 11:04:00 a.m.).
Blisse-AO DirectX Engine Debug:  Error in Engine_Calculate_Polygon,  (0) (22/11/2012 - 11:04:00 a.m.).
Blisse-AO DirectX Engine Debug:  Error in Engine_Calculate_Polygon,  (0) (22/11/2012 - 11:04:00 a.m.).
Blisse-AO DirectX Engine Debug:  Error in Engine_Calculate_Polygon,  (0) (22/11/2012 - 11:04:00 a.m.).
Blisse-AO DirectX Engine Debug:  Error in Engine_Calculate_Polygon,  (0) (22/11/2012 - 11:04:00 a.m.).
Blisse-AO DirectX Engine Debug:  Error in Engine_Calculate_Polygon,  (0) (22/11/2012 - 11:04:00 a.m.).
Blisse-AO DirectX Engine Debug:  Error in Engine_Calculate_Polygon,  (0) (22/11/2012 - 11:04:00 a.m.).
Blisse-AO DirectX Engine Debug:  Error in Engine_Calculate_Polygon,  (0) (22/11/2012 - 11:04:00 a.m.).
Blisse-AO DirectX Engine Debug:  Error in Engine_Calculate_Polygon,  (0) (22/11/2012 - 11:04:00 a.m.).
Blisse-AO DirectX Engine Debug:  Error in Engine_Calculate_Polygon,  (0) (22/11/2012 - 11:04:00 a.m.).
Blisse-AO DirectX Engine Debug:  Error in Engine_Calculate_Polygon,  (0) (22/11/2012 - 11:04:00 a.m.).
Blisse-AO DirectX Engine Debug:  Error in Engine_Calculate_Polygon,  (0) (22/11/2012 - 11:04:00 a.m.).
Blisse-AO DirectX Engine Debug:  Error in Engine_Calculate_Polygon,  (0) (22/11/2012 - 11:04:00 a.m.).
Blisse-AO DirectX Engine Debug:  Error in Engine_Calculate_Polygon,  (0) (22/11/2012 - 11:04:00 a.m.).
Blisse-AO DirectX Engine Debug:  Error in Engine_Calculate_Polygon,  (0) (22/11/2012 - 11:04:00 a.m.).
Blisse-AO DirectX Engine Debug:  Error in Engine_Calculate_Polygon,  (0) (22/11/2012 - 11:04:00 a.m.).
Blisse-AO DirectX Engine Debug:  Error in Engine_Calculate_Polygon,  (0) (22/11/2012 - 11:04:00 a.m.).
Blisse-AO DirectX Engine Debug:  Error in Engine_Calculate_Polygon,  (0) (22/11/2012 - 11:04:00 a.m.).
Blisse-AO DirectX Engine Debug:  Error in Engine_Calculate_Polygon,  (0) (22/11/2012 - 11:04:00 a.m.).
Blisse-AO DirectX Engine Debug:  Error in Engine_Calculate_Polygon,  (0) (22/11/2012 - 11:04:00 a.m.).
Blisse-AO DirectX Engine Debug:  Error in Engine_Calculate_Polygon,  (0) (22/11/2012 - 11:04:00 a.m.).
Blisse-AO DirectX Engine Debug:  Error in Engine_Calculate_Polygon,  (0) (22/11/2012 - 11:04:00 a.m.).
Blisse-AO DirectX Engine Debug:  Error in Engine_Calculate_Polygon,  (0) (22/11/2012 - 11:04:00 a.m.).
Blisse-AO DirectX Engine Debug:  Error in Engine_Calculate_Polygon,  (0) (22/11/2012 - 11:04:00 a.m.).
Blisse-AO DirectX Engine Debug:  Error in Engine_Calculate_Polygon,  (0) (22/11/2012 - 11:04:00 a.m.).
Blisse-AO DirectX Engine Debug:  Error in Engine_Calculate_Polygon,  (0) (22/11/2012 - 11:04:00 a.m.).
Blisse-AO DirectX Engine Debug:  Error in Engine_Calculate_Polygon,  (0) (22/11/2012 - 11:04:00 a.m.).
Blisse-AO DirectX Engine Debug:  Error in Engine_Calculate_Polygon,  (0) (22/11/2012 - 11:04:00 a.m.).
Blisse-AO DirectX Engine Debug:  Error in Engine_Calculate_Polygon,  (0) (22/11/2012 - 11:04:00 a.m.).
Blisse-AO DirectX Engine Debug:  Error in Engine_Calculate_Polygon,  (0) (22/11/2012 - 11:04:00 a.m.).
Blisse-AO DirectX Engine Debug:  Error in Engine_Calculate_Polygon,  (0) (22/11/2012 - 11:04:00 a.m.).
Blisse-AO DirectX Engine Debug:  Error in Engine_Calculate_Polygon,  (0) (22/11/2012 - 11:04:00 a.m.).
Blisse-AO DirectX Engine Debug:  Error in Engine_Calculate_Polygon,  (0) (22/11/2012 - 11:04:00 a.m.).
Blisse-AO DirectX Engine Debug:  Error in Engine_Calculate_Polygon,  (0) (22/11/2012 - 11:04:00 a.m.).
Blisse-AO DirectX Engine Debug:  Error in Engine_Calculate_Polygon,  (0) (22/11/2012 - 11:04:00 a.m.).
Blisse-AO DirectX Engine Debug:  Error in Engine_Calculate_Polygon,  (0) (22/11/2012 - 11:04:00 a.m.).
Blisse-AO DirectX Engine Debug:  Error in Engine_Calculate_Polygon,  (0) (22/11/2012 - 11:04:00 a.m.).
Blisse-AO DirectX Engine Debug:  Error in Engine_Calculate_Polygon,  (0) (22/11/2012 - 11:04:00 a.m.).
Blisse-AO DirectX Engine Debug:  Error in Engine_Calculate_Polygon,  (0) (22/11/2012 - 11:04:00 a.m.).
Blisse-AO DirectX Engine Debug:  Error in Engine_Calculate_Polygon,  (0) (22/11/2012 - 11:04:00 a.m.).
Blisse-AO DirectX Engine Debug:  Error in Engine_Calculate_Polygon,  (0) (22/11/2012 - 11:04:00 a.m.).
Blisse-AO DirectX Engine Debug:  Error in Engine_Calculate_Polygon,  (0) (22/11/2012 - 11:04:00 a.m.).
Blisse-AO DirectX Engine Debug:  Error in Engine_Calculate_Polygon,  (0) (22/11/2012 - 11:04:00 a.m.).
Blisse-AO DirectX Engine Debug:  Error in Engine_Calculate_Polygon,  (0) (22/11/2012 - 11:04:00 a.m.).
Blisse-AO DirectX Engine Debug:  Error in Engine_Calculate_Polygon,  (0) (22/11/2012 - 11:04:00 a.m.).
Blisse-AO DirectX Engine Debug:  Error in Engine_Calculate_Polygon,  (0) (22/11/2012 - 11:04:00 a.m.).
Blisse-AO DirectX Engine Debug:  Error in Engine_Calculate_Polygon,  (0) (22/11/2012 - 11:04:00 a.m.).
Blisse-AO DirectX Engine Debug:  Error in Engine_Calculate_Polygon,  (0) (22/11/2012 - 11:04:00 a.m.).
Blisse-AO DirectX Engine Debug:  Error in Engine_Calculate_Polygon,  (0) (22/11/2012 - 11:04:00 a.m.).
Blisse-AO DirectX Engine Debug:  Error in Engine_Calculate_Polygon,  (0) (22/11/2012 - 11:04:00 a.m.).
Blisse-AO DirectX Engine Debug:  Error in Engine_Calculate_Polygon,  (0) (22/11/2012 - 11:04:00 a.m.).
Blisse-AO DirectX Engine Debug:  Error in Engine_Calculate_Polygon,  (0) (22/11/2012 - 11:04:00 a.m.).
Blisse-AO DirectX Engine Debug:  Error in Engine_Calculate_Polygon,  (0) (22/11/2012 - 11:04:00 a.m.).
Blisse-AO DirectX Engine Debug:  Error in Engine_Calculate_Polygon,  (0) (22/11/2012 - 11:04:00 a.m.).
Blisse-AO DirectX Engine Debug:  Error in Engine_Calculate_Polygon,  (0) (22/11/2012 - 11:04:00 a.m.).
Blisse-AO DirectX Engine Debug:  Error in Engine_Calculate_Polygon,  (0) (22/11/2012 - 11:04:00 a.m.).
Blisse-AO DirectX Engine Debug:  Error in Engine_Calculate_Polygon,  (0) (22/11/2012 - 11:04:00 a.m.).
Blisse-AO DirectX Engine Debug:  Error in Engine_Calculate_Polygon,  (0) (22/11/2012 - 11:04:00 a.m.).
Blisse-AO DirectX Engine Debug:  Error in Engine_Calculate_Polygon,  (0) (22/11/2012 - 11:04:00 a.m.).
Blisse-AO DirectX Engine Debug:  Error in Engine_Calculate_Polygon,  (0) (22/11/2012 - 11:04:00 a.m.).
Blisse-AO DirectX Engine Debug:  Error in Engine_Calculate_Polygon,  (0) (22/11/2012 - 11:04:00 a.m.).
Blisse-AO DirectX Engine Debug:  Error in Engine_Calculate_Polygon,  (0) (22/11/2012 - 11:04:00 a.m.).
Blisse-AO DirectX Engine Debug:  Error in Engine_Calculate_Polygon,  (0) (22/11/2012 - 11:04:00 a.m.).
Blisse-AO DirectX Engine Debug:  Error in Engine_Calculate_Polygon,  (0) (22/11/2012 - 11:04:00 a.m.).
Blisse-AO DirectX Engine Debug:  Error in Engine_Calculate_Polygon,  (0) (22/11/2012 - 11:04:00 a.m.).
Blisse-AO DirectX Engine Debug:  Error in Engine_Calculate_Polygon,  (0) (22/11/2012 - 11:04:00 a.m.).
Blisse-AO DirectX Engine Debug:  Error in Engine_Calculate_Polygon,  (0) (22/11/2012 - 11:04:00 a.m.).
Blisse-AO DirectX Engine Debug:  Error in Engine_Calculate_Polygon,  (0) (22/11/2012 - 11:04:00 a.m.).
Blisse-AO DirectX Engine Debug:  Error in Engine_Calculate_Polygon,  (0) (22/11/2012 - 11:04:00 a.m.).
Blisse-AO DirectX Engine Debug:  Error in Engine_Calculate_Polygon,  (0) (22/11/2012 - 11:04:00 a.m.).
Blisse-AO DirectX Engine Debug:  Error in Engine_Calculate_Polygon,  (0) (22/11/2012 - 11:04:00 a.m.).
Blisse-AO DirectX Engine Debug:  Error in Engine_Calculate_Polygon,  (0) (22/11/2012 - 11:04:00 a.m.).
Blisse-AO DirectX Engine Debug:  Error in Engine_Calculate_Polygon,  (0) (22/11/2012 - 11:04:00 a.m.).
Blisse-AO DirectX Engine Debug:  Error in Engine_Calculate_Polygon,  (0) (22/11/2012 - 11:04:00 a.m.).
Blisse-AO DirectX Engine Debug:  Error in Engine_Calculate_Polygon,  (0) (22/11/2012 - 11:04:00 a.m.).
Blisse-AO DirectX Engine Debug:  Error in Engine_Calculate_Polygon,  (0) (22/11/2012 - 11:04:00 a.m.).
Blisse-AO DirectX Engine Debug:  Error in Engine_Calculate_Polygon,  (0) (22/11/2012 - 11:04:00 a.m.).
Blisse-AO DirectX Engine Debug:  Error in Engine_Calculate_Polygon,  (0) (22/11/2012 - 11:04:00 a.m.).
Blisse-AO DirectX Engine Debug:  Error in Engine_Calculate_Polygon,  (0) (22/11/2012 - 11:04:00 a.m.).
Blisse-AO DirectX Engine Debug:  Error in Engine_Calculate_Polygon,  (0) (22/11/2012 - 11:04:00 a.m.).
Blisse-AO DirectX Engine Debug:  Error in Engine_Calculate_Polygon,  (0) (22/11/2012 - 11:04:00 a.m.).
Blisse-AO DirectX Engine Debug:  Error in Engine_Calculate_Polygon,  (0) (22/11/2012 - 11:04:00 a.m.).
Blisse-AO DirectX Engine Debug:  Error in Engine_Calculate_Polygon,  (0) (22/11/2012 - 11:04:00 a.m.).
Blisse-AO DirectX Engine Debug:  Error in Engine_Calculate_Polygon,  (0) (22/11/2012 - 11:04:00 a.m.).
Blisse-AO DirectX Engine Debug:  Error in Engine_Calculate_Polygon,  (0) (22/11/2012 - 11:04:00 a.m.).
Blisse-AO DirectX Engine Debug:  Error in Engine_Calculate_Polygon,  (0) (22/11/2012 - 11:04:00 a.m.).
Blisse-AO DirectX Engine Debug:  Error in Engine_Calculate_Polygon,  (0) (22/11/2012 - 11:04:00 a.m.).
Blisse-AO DirectX Engine Debug:  Error in Engine_Calculate_Polygon,  (0) (22/11/2012 - 11:04:00 a.m.).
Blisse-AO DirectX Engine Debug:  Error in Engine_Calculate_Polygon,  (0) (22/11/2012 - 11:04:00 a.m.).
Blisse-AO DirectX Engine Debug:  Error in Engine_Calculate_Polygon,  (0) (22/11/2012 - 11:04:00 a.m.).
Blisse-AO DirectX Engine Debug:  Error in Engine_Calculate_Polygon,  (0) (22/11/2012 - 11:04:00 a.m.).
Blisse-AO DirectX Engine Debug:  Error in Engine_Calculate_Polygon,  (0) (22/11/2012 - 11:04:00 a.m.).
Blisse-AO DirectX Engine Debug:  Error in Engine_Calculate_Polygon,  (0) (22/11/2012 - 11:04:00 a.m.).
Blisse-AO DirectX Engine Debug:  Error in Engine_Calculate_Polygon,  (0) (22/11/2012 - 11:04:00 a.m.).
Blisse-AO DirectX Engine Debug:  Error in Engine_Calculate_Polygon,  (0) (22/11/2012 - 11:04:00 a.m.).
Blisse-AO DirectX Engine Debug:  Error in Engine_Calculate_Polygon,  (0) (22/11/2012 - 11:04:00 a.m.).
Blisse-AO DirectX Engine Debug:  Error in Engine_Calculate_Polygon,  (0) (22/11/2012 - 11:04:00 a.m.).
Blisse-AO DirectX Engine Debug:  Error in Engine_Calculate_Polygon,  (0) (22/11/2012 - 11:04:00 a.m.).
Blisse-AO DirectX Engine Debug:  Error in Engine_Calculate_Polygon,  (0) (22/11/2012 - 11:04:00 a.m.).
Blisse-AO DirectX Engine Debug:  Error in Engine_Calculate_Polygon,  (0) (22/11/2012 - 11:04:00 a.m.).
Blisse-AO DirectX Engine Debug:  Error in Engine_Calculate_Polygon,  (0) (22/11/2012 - 11:04:00 a.m.).
Blisse-AO DirectX Engine Debug:  Error in Engine_Calculate_Polygon,  (0) (22/11/2012 - 11:04:00 a.m.).
Blisse-AO DirectX Engine Debug:  Error in Engine_Calculate_Polygon,  (0) (22/11/2012 - 11:04:00 a.m.).
Blisse-AO DirectX Engine Debug:  Error in Engine_Calculate_Polygon,  (0) (22/11/2012 - 11:04:00 a.m.).
Blisse-AO DirectX Engine Debug:  Error in Engine_Calculate_Polygon,  (0) (22/11/2012 - 11:04:00 a.m.).
Blisse-AO DirectX Engine Debug:  Error in Engine_Calculate_Polygon,  (0) (22/11/2012 - 11:04:00 a.m.).
Blisse-AO DirectX Engine Debug:  Error in Engine_Calculate_Polygon,  (0) (22/11/2012 - 11:04:00 a.m.).
Blisse-AO DirectX Engine Debug:  Error in Engine_Calculate_Polygon,  (0) (22/11/2012 - 11:04:00 a.m.).
Blisse-AO DirectX Engine Debug:  Error in Engine_Calculate_Polygon,  (0) (22/11/2012 - 11:04:00 a.m.).
Blisse-AO DirectX Engine Debug:  Error in Engine_Calculate_Polygon,  (0) (22/11/2012 - 11:04:00 a.m.).
Blisse-AO DirectX Engine Debug:  Error in Engine_Calculate_Polygon,  (0) (22/11/2012 - 11:04:00 a.m.).
Blisse-AO DirectX Engine Debug:  Error in Engine_Calculate_Polygon,  (0) (22/11/2012 - 11:04:00 a.m.).
Blisse-AO DirectX Engine Debug:  Error in Engine_Calculate_Polygon,  (0) (22/11/2012 - 11:04:00 a.m.).
Blisse-AO DirectX Engine Debug:  Error in Engine_Calculate_Polygon,  (0) (22/11/2012 - 11:04:00 a.m.).
Blisse-AO DirectX Engine Debug:  Error in Engine_Calculate_Polygon,  (0) (22/11/2012 - 11:04:00 a.m.).
Blisse-AO DirectX Engine Debug:  Error in Engine_Calculate_Polygon,  (0) (22/11/2012 - 11:04:00 a.m.).
Blisse-AO DirectX Engine Debug:  Error in Engine_Calculate_Polygon,  (0) (22/11/2012 - 11:04:00 a.m.).
Blisse-AO DirectX Engine Debug:  Error in Engine_Calculate_Polygon,  (0) (22/11/2012 - 11:04:00 a.m.).
Blisse-AO DirectX Engine Debug:  Error in Engine_Calculate_Polygon,  (0) (22/11/2012 - 11:04:00 a.m.).
Blisse-AO DirectX Engine Debug:  Error in Engine_Calculate_Polygon,  (0) (22/11/2012 - 11:04:00 a.m.).
Blisse-AO DirectX Engine Debug:  Error in Engine_Calculate_Polygon,  (0) (22/11/2012 - 11:04:00 a.m.).
Blisse-AO DirectX Engine Debug:  Error in Engine_Calculate_Polygon,  (0) (22/11/2012 - 11:04:00 a.m.).
Blisse-AO DirectX Engine Debug:  Error in Engine_Calculate_Polygon,  (0) (22/11/2012 - 11:04:00 a.m.).
Blisse-AO DirectX Engine Debug:  Error in Engine_Calculate_Polygon,  (0) (22/11/2012 - 11:04:00 a.m.).
Blisse-AO DirectX Engine Debug:  Error in Engine_Calculate_Polygon,  (0) (22/11/2012 - 11:04:00 a.m.).
Blisse-AO DirectX Engine Debug:  Error in Engine_Calculate_Polygon,  (0) (22/11/2012 - 11:04:00 a.m.).
Blisse-AO DirectX Engine Debug:  Error in Engine_Calculate_Polygon,  (0) (22/11/2012 - 11:04:00 a.m.).
Blisse-AO DirectX Engine Debug:  Error in Engine_Calculate_Polygon,  (0) (22/11/2012 - 11:04:00 a.m.).
Blisse-AO DirectX Engine Debug:  Error in Engine_Calculate_Polygon,  (0) (22/11/2012 - 11:04:00 a.m.).
Blisse-AO DirectX Engine Debug:  Error in Engine_Calculate_Polygon,  (0) (22/11/2012 - 11:04:00 a.m.).
Blisse-AO DirectX Engine Debug:  Error in Engine_Calculate_Polygon,  (0) (22/11/2012 - 11:04:00 a.m.).
Blisse-AO DirectX Engine Debug:  Error in Engine_Calculate_Polygon,  (0) (22/11/2012 - 11:04:00 a.m.).
Blisse-AO DirectX Engine Debug:  Error in Engine_Calculate_Polygon,  (0) (22/11/2012 - 11:04:00 a.m.).
Blisse-AO DirectX Engine Debug:  Error in Engine_Calculate_Polygon,  (0) (22/11/2012 - 11:04:00 a.m.).
Blisse-AO DirectX Engine Debug:  Error in Engine_Calculate_Polygon,  (0) (22/11/2012 - 11:04:00 a.m.).
Blisse-AO DirectX Engine Debug:  Error in Engine_Calculate_Polygon,  (0) (22/11/2012 - 11:04:00 a.m.).
Blisse-AO DirectX Engine Debug:  Error in Engine_Calculate_Polygon,  (0) (22/11/2012 - 11:04:00 a.m.).
Blisse-AO DirectX Engine Debug:  Error in Engine_Calculate_Polygon,  (0) (22/11/2012 - 11:04:00 a.m.).
Blisse-AO DirectX Engine Debug:  Error in Engine_Calculate_Polygon,  (0) (22/11/2012 - 11:04:00 a.m.).
Blisse-AO DirectX Engine Debug:  Error in Engine_Calculate_Polygon,  (0) (22/11/2012 - 11:04:00 a.m.).
Blisse-AO DirectX Engine Debug:  Error in Engine_Calculate_Polygon,  (0) (22/11/2012 - 11:04:00 a.m.).
Blisse-AO DirectX Engine Debug:  Error in Engine_Calculate_Polygon,  (0) (22/11/2012 - 11:04:00 a.m.).
Blisse-AO DirectX Engine Debug:  Error in Engine_Calculate_Polygon,  (0) (22/11/2012 - 11:04:00 a.m.).
Blisse-AO DirectX Engine Debug:  Error in Engine_Calculate_Polygon,  (0) (22/11/2012 - 11:04:00 a.m.).
Blisse-AO DirectX Engine Debug:  Error in Engine_Calculate_Polygon,  (0) (22/11/2012 - 11:04:00 a.m.).
Blisse-AO DirectX Engine Debug:  Error in Engine_Calculate_Polygon,  (0) (22/11/2012 - 11:04:00 a.m.).
Blisse-AO DirectX Engine Debug:  Error in Engine_Calculate_Polygon,  (0) (22/11/2012 - 11:04:00 a.m.).
Blisse-AO DirectX Engine Debug:  Error in Engine_Calculate_Polygon,  (0) (22/11/2012 - 11:04:00 a.m.).
Blisse-AO DirectX Engine Debug:  Error in Engine_Calculate_Polygon,  (0) (22/11/2012 - 11:04:00 a.m.).
Blisse-AO DirectX Engine Debug:  Error in Engine_Calculate_Polygon,  (0) (22/11/2012 - 11:04:00 a.m.).
Blisse-AO DirectX Engine Debug:  Error in Engine_Calculate_Polygon,  (0) (22/11/2012 - 11:04:00 a.m.).
Blisse-AO DirectX Engine Debug:  Error in Engine_Calculate_Polygon,  (0) (22/11/2012 - 11:04:00 a.m.).
Blisse-AO DirectX Engine Debug:  Error in Engine_Calculate_Polygon,  (0) (22/11/2012 - 11:04:00 a.m.).
Blisse-AO DirectX Engine Debug:  Error in Engine_Calculate_Polygon,  (0) (22/11/2012 - 11:04:00 a.m.).
Blisse-AO DirectX Engine Debug:  Error in Engine_Calculate_Polygon,  (0) (22/11/2012 - 11:04:00 a.m.).
Blisse-AO DirectX Engine Debug:  Error in Engine_Calculate_Polygon,  (0) (22/11/2012 - 11:04:00 a.m.).
Blisse-AO DirectX Engine Debug:  Error in Engine_Calculate_Polygon,  (0) (22/11/2012 - 11:04:00 a.m.).
Blisse-AO DirectX Engine Debug:  Error in Engine_Calculate_Polygon,  (0) (22/11/2012 - 11:04:00 a.m.).
Blisse-AO DirectX Engine Debug:  Error in Engine_Calculate_Polygon,  (0) (22/11/2012 - 11:04:00 a.m.).
Blisse-AO DirectX Engine Debug:  Error in Engine_Calculate_Polygon,  (0) (22/11/2012 - 11:04:00 a.m.).
Blisse-AO DirectX Engine Debug:  Error in Engine_Calculate_Polygon,  (0) (22/11/2012 - 11:04:00 a.m.).
Blisse-AO DirectX Engine Debug:  Error in Engine_Calculate_Polygon,  (0) (22/11/2012 - 11:04:00 a.m.).
Blisse-AO DirectX Engine Debug:  Error in Engine_Calculate_Polygon,  (0) (22/11/2012 - 11:04:00 a.m.).
Blisse-AO DirectX Engine Debug:  Error in Engine_Calculate_Polygon,  (0) (22/11/2012 - 11:04:00 a.m.).
Blisse-AO DirectX Engine Debug:  Error in Engine_Calculate_Polygon,  (0) (22/11/2012 - 11:04:00 a.m.).
Blisse-AO DirectX Engine Debug:  Error in Engine_Calculate_Polygon,  (0) (22/11/2012 - 11:04:00 a.m.).
Blisse-AO DirectX Engine Debug:  Error in Engine_Calculate_Polygon,  (0) (22/11/2012 - 11:04:00 a.m.).
Blisse-AO DirectX Engine Debug:  Error in Engine_Calculate_Polygon,  (0) (22/11/2012 - 11:04:00 a.m.).
Blisse-AO DirectX Engine Debug:  Error in Engine_Calculate_Polygon,  (0) (22/11/2012 - 11:04:00 a.m.).
Blisse-AO DirectX Engine Debug:  Error in Engine_Calculate_Polygon,  (0) (22/11/2012 - 11:04:00 a.m.).
Blisse-AO DirectX Engine Debug:  Error in Engine_Calculate_Polygon,  (0) (22/11/2012 - 11:04:00 a.m.).
Blisse-AO DirectX Engine Debug:  Error in Engine_Calculate_Polygon,  (0) (22/11/2012 - 11:04:00 a.m.).
Blisse-AO DirectX Engine Debug:  Error in Engine_Calculate_Polygon,  (0) (22/11/2012 - 11:04:00 a.m.).
Blisse-AO DirectX Engine Debug:  Error in Engine_Calculate_Polygon,  (0) (22/11/2012 - 11:04:00 a.m.).
Blisse-AO DirectX Engine Debug:  Error in Engine_Calculate_Polygon,  (0) (22/11/2012 - 11:04:00 a.m.).
Blisse-AO DirectX Engine Debug:  Error in Engine_Calculate_Polygon,  (0) (22/11/2012 - 11:04:00 a.m.).
Blisse-AO DirectX Engine Debug:  Error in Engine_Calculate_Polygon,  (0) (22/11/2012 - 11:04:00 a.m.).
Blisse-AO DirectX Engine Debug:  Error in Engine_Calculate_Polygon,  (0) (22/11/2012 - 11:04:00 a.m.).
Blisse-AO DirectX Engine Debug:  Error in Engine_Calculate_Polygon,  (0) (22/11/2012 - 11:04:00 a.m.).
Blisse-AO DirectX Engine Debug:  Error in Engine_Calculate_Polygon,  (0) (22/11/2012 - 11:04:00 a.m.).
Blisse-AO DirectX Engine Debug:  Error in Engine_Calculate_Polygon,  (0) (22/11/2012 - 11:04:00 a.m.).
Blisse-AO DirectX Engine Debug:  Error in Engine_Calculate_Polygon,  (0) (22/11/2012 - 11:04:00 a.m.).
Blisse-AO DirectX Engine Debug:  Error in Engine_Calculate_Polygon,  (0) (22/11/2012 - 11:04:00 a.m.).
Blisse-AO DirectX Engine Debug:  Error in Engine_Calculate_Polygon,  (0) (22/11/2012 - 11:04:00 a.m.).
Blisse-AO DirectX Engine Debug:  Error in Engine_Calculate_Polygon,  (0) (22/11/2012 - 11:04:00 a.m.).
Blisse-AO DirectX Engine Debug:  Error in Engine_Calculate_Polygon,  (0) (22/11/2012 - 11:04:00 a.m.).
Blisse-AO DirectX Engine Debug:  Error in Engine_Calculate_Polygon,  (0) (22/11/2012 - 11:04:00 a.m.).
Blisse-AO DirectX Engine Debug:  Error in Engine_Calculate_Polygon,  (0) (22/11/2012 - 11:04:00 a.m.).
Blisse-AO DirectX Engine Debug:  Error in Engine_Create_Polygon,  (0) (22/11/2012 - 11:04:00 a.m.).
Blisse-AO DirectX Engine Debug:  Error in Engine_Reset_Tile_Vertex,  (0) (22/11/2012 - 11:04:02 a.m.).
Blisse-AO DirectX Engine Debug:  Error in Engine_Create_Elevation,  (0) (22/11/2012 - 11:04:06 a.m.).
Blisse-AO DirectX Engine Debug:  Error in Engine_Reset_Tile_Vertex,  (0) (22/11/2012 - 11:04:08 a.m.).
Blisse-AO DirectX Engine Debug:  Error in Engine_Create_Elevation,  (0) (22/11/2012 - 11:04:13 a.m.).
Blisse-AO DirectX Engine Debug:  Error in TileEngine_Render_GRH, El subndice est fuera del intervalo, (9) (22/11/2012 - 11:05:56 a.m.).

 .:: Blisse-AO 22/11/2012 - 11:09:29 a.m. Cliente Iniciado ::. 
Blisse-AO DirectX Engine Debug:  Error in Engine_Create_Elevation,  (0) (22/11/2012 - 11:10:02 a.m.).

 .:: Blisse-AO 22/11/2012 - 11:15:23 a.m. Cliente Iniciado ::. 
Blisse-AO DirectX Engine Debug:  Error in Engine_Create_Elevation,  (0) (22/11/2012 - 11:15:47 a.m.).

 .:: Blisse-AO 22/11/2012 - 12:33:40 p.m. Cliente Iniciado ::. 
Blisse-AO Protocol Debug:  Unknown Command /AMBIENT (22/11/2012 - 12:38:30 p.m.).

 .:: Blisse-AO 21/12/2012 - 12:23:54 a.m. Cliente Iniciado ::. 
Blisse-AO DirectX Engine Debug:  Error in Engine_Create_Elevation,  (0) (21/12/2012 - 12:25:20 a.m.).
Blisse-AO DirectX Engine Debug:  Error in Engine_Create_Elevation,  (0) (21/12/2012 - 12:25:37 a.m.).
Blisse-AO DirectX Engine Debug:  Error in Engine_Reset_Tile_Vertex,  (0) (21/12/2012 - 12:25:53 a.m.).
Blisse-AO DirectX Engine Debug:  Error in Engine_Reset_Tile_Vertex,  (0) (21/12/2012 - 12:26:28 a.m.).
Blisse-AO DirectX Engine Debug:  Error in Engine_Reset_Tile_Vertex,  (0) (21/12/2012 - 12:29:05 a.m.).

 .:: Blisse-AO 21/12/2012 - 01:09:31 a.m. Cliente Iniciado ::. 
Blisse-AO DirectX Engine Debug:  Error in Engine_Reset_Tile_Vertex,  (0) (21/12/2012 - 01:09:57 a.m.).
Blisse-AO DirectX Engine Debug:  Error in Engine_Reset_Tile_Vertex,  (0) (21/12/2012 - 01:10:11 a.m.).

 .:: Blisse-AO 23/12/2012 - 01:29:43 a.m. Cliente Iniciado ::. 
Blisse-AO Protocol Debug:  Unknown Command / (23/12/2012 - 01:30:50 a.m.).
Blisse-AO Protocol Debug:  Unknown Command /AMBIENT (23/12/2012 - 01:31:30 a.m.).

 .:: Blisse-AO 24/01/2013 - 12:38:09 a.m. Cliente Iniciado ::. 
Blisse-AO DirectX Engine Debug:  Error in Engine_Create_Elevation,  (0) (24/01/2013 - 12:41:25 a.m.).

 .:: Blisse-AO 24/01/2013 - 12:42:27 a.m. Cliente Iniciado ::. 
Blisse-AO DirectX Engine Debug:  Error in Engine_Create_Elevation,  (0) (24/01/2013 - 12:42:45 a.m.).
Blisse-AO DirectX Engine Debug:  Error in Engine_Reset_Tile_Vertex,  (0) (24/01/2013 - 12:42:48 a.m.).
Blisse-AO DirectX Engine Debug:  Error in Engine_Create_Elevation,  (0) (24/01/2013 - 12:42:51 a.m.).

 .:: Blisse-AO 24/01/2013 - 12:13:23 p.m. Cliente Iniciado ::. 
Blisse-AO Protocol Debug:  Unknown Command /CUENTA (24/01/2013 - 12:13:43 p.m.).
Blisse-AO Protocol Debug:  Unknown Command /CUENT (24/01/2013 - 12:13:45 p.m.).

 .:: Blisse-AO 09/02/2013 - 02:34:09 a.m. Cliente Iniciado ::. 
Blisse-AO Protocol Debug:  Unknown Command /AMBIENT (09/02/2013 - 02:34:58 a.m.).

 .:: Blisse-AO 09/02/2013 - 11:04:20 p.m. Cliente Iniciado ::. 
Blisse-AO Protocol Debug:  Unknown Command /AMBIENT (09/02/2013 - 11:04:38 p.m.).

 .:: Blisse-AO 12/03/2013 - 12:10:18 a.m. Cliente Iniciado ::. 
Blisse-AO Protocol Debug:  Unknown Command /TELEO (12/03/2013 - 12:10:43 a.m.).

 .:: Blisse-AO 23/09/2014 - 22:21:33 Cliente Iniciado ::. 
Blisse-AO Protocol Debug:  Unknown Command /EDITORDEAMBIENTE (23/09/2014 - 22:25:26).
Blisse-AO Protocol Debug:  Unknown Command /AMBIENTEDITOR (23/09/2014 - 22:25:29).
Blisse-AO Protocol Debug:  Unknown Command /TP (23/09/2014 - 22:32:45).
